[bwa_aln_core] calculate SA coordinate... 0.87 sec
[bwa_aln_core] write to the disk... 0.00 sec
[bwa_aln_core] 10 sequences have been processed.
[main] Version: 0.7.12-r1039
[main] CMD: bwa aln -o 0 -m 20000000 -N -l 20 -n 4 -k 4 /genome/hg38.fa /var/lib/cwl/stg53169b9d-10e3-486c-bbd1-759e58af642b/casoff10_i4.fastq
[main] Real time: 6.602 sec; CPU: 3.114 sec
	Command being timed: "bwa aln -o 0 -m 20000000 -N -l 20 -n 4 -k 4 /genome/hg38.fa /var/lib/cwl/stg53169b9d-10e3-486c-bbd1-759e58af642b/casoff10_i4.fastq"
	User time (seconds): 0.92
	System time (seconds): 2.19
	Percent of CPU this job got: 47%
	Elapsed (wall clock) time (h:mm:ss or m:ss): 0:06.60
	Average shared text size (kbytes): 0
	Average unshared data size (kbytes): 0
	Average stack size (kbytes): 0
	Average total size (kbytes): 0
	Maximum resident set size (kbytes): 3141280
	Average resident set size (kbytes): 0
	Major (requiring I/O) page faults: 1
	Minor (reclaiming a frame) page faults: 784906
	Voluntary context switches: 2250
	Involuntary context switches: 55
	Swaps: 0
	File system inputs: 629264
	File system outputs: 0
	Socket messages sent: 0
	Socket messages received: 0
	Signals delivered: 0
	Page size (bytes): 4096
	Exit status: 0
