[bwa_aln_core] calculate SA coordinate... 9.42 sec
[bwa_aln_core] write to the disk... 0.00 sec
[bwa_aln_core] 1000 sequences have been processed.
[main] Version: 0.7.12-r1039
[main] CMD: bwa aln -o 0 -m 20000000 -N -l 20 -n 3 -k 3 /genome/hg38.fa /var/lib/cwl/stg95e2228c-7dfd-4e50-8424-a3edb9a59fdd/casoff1000_i3.fastq
[main] Real time: 14.075 sec; CPU: 11.672 sec
	Command being timed: "bwa aln -o 0 -m 20000000 -N -l 20 -n 3 -k 3 /genome/hg38.fa /var/lib/cwl/stg95e2228c-7dfd-4e50-8424-a3edb9a59fdd/casoff1000_i3.fastq"
	User time (seconds): 9.56
	System time (seconds): 2.11
	Percent of CPU this job got: 82%
	Elapsed (wall clock) time (h:mm:ss or m:ss): 0:14.07
	Average shared text size (kbytes): 0
	Average unshared data size (kbytes): 0
	Average stack size (kbytes): 0
	Average total size (kbytes): 0
	Maximum resident set size (kbytes): 3137268
	Average resident set size (kbytes): 0
	Major (requiring I/O) page faults: 1
	Minor (reclaiming a frame) page faults: 783914
	Voluntary context switches: 1932
	Involuntary context switches: 141
	Swaps: 0
	File system inputs: 563976
	File system outputs: 0
	Socket messages sent: 0
	Socket messages received: 0
	Signals delivered: 0
	Page size (bytes): 4096
	Exit status: 0
