[bwa_aln_core] calculate SA coordinate... 8.34 sec
[bwa_aln_core] write to the disk... 0.00 sec
[bwa_aln_core] 100 sequences have been processed.
[main] Version: 0.7.12-r1039
[main] CMD: bwa aln -o 0 -m 20000000 -N -l 20 -n 4 -k 4 /genome/hg38.fa /var/lib/cwl/stg98c72a79-2550-4d11-82a7-73d21d75458c/casoff100_i4.fastq
[main] Real time: 15.323 sec; CPU: 10.627 sec
	Command being timed: "bwa aln -o 0 -m 20000000 -N -l 20 -n 4 -k 4 /genome/hg38.fa /var/lib/cwl/stg98c72a79-2550-4d11-82a7-73d21d75458c/casoff100_i4.fastq"
	User time (seconds): 8.49
	System time (seconds): 2.13
	Percent of CPU this job got: 69%
	Elapsed (wall clock) time (h:mm:ss or m:ss): 0:15.32
	Average shared text size (kbytes): 0
	Average unshared data size (kbytes): 0
	Average stack size (kbytes): 0
	Average total size (kbytes): 0
	Maximum resident set size (kbytes): 3142200
	Average resident set size (kbytes): 0
	Major (requiring I/O) page faults: 1
	Minor (reclaiming a frame) page faults: 785134
	Voluntary context switches: 2898
	Involuntary context switches: 125
	Swaps: 0
	File system inputs: 804416
	File system outputs: 0
	Socket messages sent: 0
	Socket messages received: 0
	Signals delivered: 0
	Page size (bytes): 4096
	Exit status: 0
