[bwa_aln_core] calculate SA coordinate... 0.09 sec
[bwa_aln_core] write to the disk... 0.00 sec
[bwa_aln_core] 1 sequences have been processed.
[main] Version: 0.7.12-r1039
[main] CMD: bwa aln -o 0 -m 20000000 -N -l 20 -n 4 -k 4 /genome/hg38.fa /var/lib/cwl/stg756fe7b3-77d7-4fe9-9f99-04efbd2ecc36/casoff1_i4.fastq
[main] Real time: 4.788 sec; CPU: 2.362 sec
	Command being timed: "bwa aln -o 0 -m 20000000 -N -l 20 -n 4 -k 4 /genome/hg38.fa /var/lib/cwl/stg756fe7b3-77d7-4fe9-9f99-04efbd2ecc36/casoff1_i4.fastq"
	User time (seconds): 0.10
	System time (seconds): 2.25
	Percent of CPU this job got: 49%
	Elapsed (wall clock) time (h:mm:ss or m:ss): 0:04.78
	Average shared text size (kbytes): 0
	Average unshared data size (kbytes): 0
	Average stack size (kbytes): 0
	Average total size (kbytes): 0
	Maximum resident set size (kbytes): 3141240
	Average resident set size (kbytes): 0
	Major (requiring I/O) page faults: 1
	Minor (reclaiming a frame) page faults: 784887
	Voluntary context switches: 1804
	Involuntary context switches: 61
	Swaps: 0
	File system inputs: 550120
	File system outputs: 0
	Socket messages sent: 0
	Socket messages received: 0
	Signals delivered: 0
	Page size (bytes): 4096
	Exit status: 0
