[bwa_aln_core] calculate SA coordinate... 0.00 sec
[bwa_aln_core] write to the disk... 0.00 sec
[bwa_aln_core] 1 sequences have been processed.
[main] Version: 0.7.12-r1039
[main] CMD: bwa aln -o 0 -m 20000000 -N -l 20 -n 3 -k 3 /genome/hg38.fa /var/lib/cwl/stgd5b97e1b-e3e4-4725-aaea-9a559f8ab74d/casoff1_i3.fastq
[main] Real time: 6.245 sec; CPU: 2.268 sec
	Command being timed: "bwa aln -o 0 -m 20000000 -N -l 20 -n 3 -k 3 /genome/hg38.fa /var/lib/cwl/stgd5b97e1b-e3e4-4725-aaea-9a559f8ab74d/casoff1_i3.fastq"
	User time (seconds): 0.00
	System time (seconds): 2.25
	Percent of CPU this job got: 36%
	Elapsed (wall clock) time (h:mm:ss or m:ss): 0:06.24
	Average shared text size (kbytes): 0
	Average unshared data size (kbytes): 0
	Average stack size (kbytes): 0
	Average total size (kbytes): 0
	Maximum resident set size (kbytes): 3136680
	Average resident set size (kbytes): 0
	Major (requiring I/O) page faults: 1
	Minor (reclaiming a frame) page faults: 783736
	Voluntary context switches: 2524
	Involuntary context switches: 50
	Swaps: 0
	File system inputs: 725200
	File system outputs: 0
	Socket messages sent: 0
	Socket messages received: 0
	Signals delivered: 0
	Page size (bytes): 4096
	Exit status: 0
