[bwa_aln_core] calculate SA coordinate... 86.44 sec
[bwa_aln_core] write to the disk... 0.00 sec
[bwa_aln_core] 1000 sequences have been processed.
[main] Version: 0.7.12-r1039
[main] CMD: bwa aln -o 0 -m 20000000 -N -l 20 -n 4 -k 4 /genome/hg38.fa /var/lib/cwl/stg3fa2de33-4ee3-42ad-b4e0-6726ba8cb8f8/casoff1000_i4.fastq
[main] Real time: 94.912 sec; CPU: 88.789 sec
	Command being timed: "bwa aln -o 0 -m 20000000 -N -l 20 -n 4 -k 4 /genome/hg38.fa /var/lib/cwl/stg3fa2de33-4ee3-42ad-b4e0-6726ba8cb8f8/casoff1000_i4.fastq"
	User time (seconds): 86.61
	System time (seconds): 2.17
	Percent of CPU this job got: 93%
	Elapsed (wall clock) time (h:mm:ss or m:ss): 1:34.91
	Average shared text size (kbytes): 0
	Average unshared data size (kbytes): 0
	Average stack size (kbytes): 0
	Average total size (kbytes): 0
	Maximum resident set size (kbytes): 3144572
	Average resident set size (kbytes): 0
	Major (requiring I/O) page faults: 1
	Minor (reclaiming a frame) page faults: 785775
	Voluntary context switches: 3476
	Involuntary context switches: 869
	Swaps: 0
	File system inputs: 938656
	File system outputs: 0
	Socket messages sent: 0
	Socket messages received: 0
	Signals delivered: 0
	Page size (bytes): 4096
	Exit status: 0
