	Command being timed: "java -Xmx8g -jar /FlashFry/flashfry.jar --analysis discover --database /genome/hg38 --fasta /var/lib/cwl/stg5d6f812f-8a1a-4904-80aa-38743a6273d7/flashfry100_i4.fasta --output flashfry100_i4.output --maxMismatch 4"
	User time (seconds): 41.07
	System time (seconds): 1.13
	Percent of CPU this job got: 94%
	Elapsed (wall clock) time (h:mm:ss or m:ss): 0:44.61
	Average shared text size (kbytes): 0
	Average unshared data size (kbytes): 0
	Average stack size (kbytes): 0
	Average total size (kbytes): 0
	Maximum resident set size (kbytes): 210188
	Average resident set size (kbytes): 0
	Major (requiring I/O) page faults: 3
	Minor (reclaiming a frame) page faults: 53097
	Voluntary context switches: 9771
	Involuntary context switches: 7090
	Swaps: 0
	File system inputs: 964936
	File system outputs: 464
	Socket messages sent: 0
	Socket messages received: 0
	Signals delivered: 0
	Page size (bytes): 4096
	Exit status: 0
