	Command being timed: "java -Xmx8g -jar /FlashFry/flashfry.jar --analysis discover --database /genome/hg38 --fasta /var/lib/cwl/stg3a89d9cc-ed80-4b18-8538-097c04130f7c/flashfry1_i4.fasta --output flashfry1_i4.output --maxMismatch 4"
	User time (seconds): 10.90
	System time (seconds): 0.47
	Percent of CPU this job got: 86%
	Elapsed (wall clock) time (h:mm:ss or m:ss): 0:13.18
	Average shared text size (kbytes): 0
	Average unshared data size (kbytes): 0
	Average stack size (kbytes): 0
	Average total size (kbytes): 0
	Maximum resident set size (kbytes): 159368
	Average resident set size (kbytes): 0
	Major (requiring I/O) page faults: 1
	Minor (reclaiming a frame) page faults: 39251
	Voluntary context switches: 6573
	Involuntary context switches: 3977
	Swaps: 0
	File system inputs: 750352
	File system outputs: 16
	Socket messages sent: 0
	Socket messages received: 0
	Signals delivered: 0
	Page size (bytes): 4096
	Exit status: 0
