	Command being timed: "java -Xmx8g -jar /FlashFry/flashfry.jar --analysis discover --database /genome/hg38 --fasta /var/lib/cwl/stg463e6021-2fae-41df-bf9c-3a312ba0fbe1/flashfry10_i3.fasta --output flashfry10_i3.output --maxMismatch 3"
	User time (seconds): 20.77
	System time (seconds): 0.67
	Percent of CPU this job got: 88%
	Elapsed (wall clock) time (h:mm:ss or m:ss): 0:24.27
	Average shared text size (kbytes): 0
	Average unshared data size (kbytes): 0
	Average stack size (kbytes): 0
	Average total size (kbytes): 0
	Maximum resident set size (kbytes): 177388
	Average resident set size (kbytes): 0
	Major (requiring I/O) page faults: 2
	Minor (reclaiming a frame) page faults: 44750
	Voluntary context switches: 8333
	Involuntary context switches: 5008
	Swaps: 0
	File system inputs: 1055936
	File system outputs: 8
	Socket messages sent: 0
	Socket messages received: 0
	Signals delivered: 0
	Page size (bytes): 4096
	Exit status: 0
