[bwa_aln_core] convert to sequence coordinate... 3.40 sec
[bwa_aln_core] refine gapped alignments... 0.64 sec
[bwa_aln_core] print alignments... 0.00 sec
[bwa_aln_core] 10 sequences have been processed.
[main] Version: 0.7.12-r1039
[main] CMD: bwa samse -n 2000 -f samse10_i3.sam /genome/hg38.fa /var/lib/cwl/stg5ccd7e28-b757-4370-92d8-da1a12553916/bwaaln10_i3.stdout /var/lib/cwl/stgcd1949eb-7a57-46e3-997c-b53032ff2361/casoff10_i3.fastq
[main] Real time: 8.431 sec; CPU: 4.048 sec
	Command being timed: "bwa samse -n 2000 -f samse10_i3.sam /genome/hg38.fa /var/lib/cwl/stg5ccd7e28-b757-4370-92d8-da1a12553916/bwaaln10_i3.stdout /var/lib/cwl/stgcd1949eb-7a57-46e3-997c-b53032ff2361/casoff10_i3.fastq"
	User time (seconds): 0.00
	System time (seconds): 4.04
	Percent of CPU this job got: 48%
	Elapsed (wall clock) time (h:mm:ss or m:ss): 0:08.43
	Average shared text size (kbytes): 0
	Average unshared data size (kbytes): 0
	Average stack size (kbytes): 0
	Average total size (kbytes): 0
	Maximum resident set size (kbytes): 4703652
	Average resident set size (kbytes): 0
	Major (requiring I/O) page faults: 0
	Minor (reclaiming a frame) page faults: 1371296
	Voluntary context switches: 2732
	Involuntary context switches: 120
	Swaps: 0
	File system inputs: 760952
	File system outputs: 40
	Socket messages sent: 0
	Socket messages received: 0
	Signals delivered: 0
	Page size (bytes): 4096
	Exit status: 0
