[bwa_aln_core] convert to sequence coordinate... 3.52 sec
[bwa_aln_core] refine gapped alignments... 0.64 sec
[bwa_aln_core] print alignments... 0.01 sec
[bwa_aln_core] 100 sequences have been processed.
[main] Version: 0.7.12-r1039
[main] CMD: bwa samse -n 2000 -f samse100_i4.sam /genome/hg38.fa /var/lib/cwl/stg479e7cd1-fb53-44c4-84f4-a235f3928f97/bwaaln100_i4.stdout /var/lib/cwl/stg8ffab844-36d6-4a7e-8e81-60bc492be680/casoff100_i4.fastq
[main] Real time: 9.571 sec; CPU: 4.177 sec
	Command being timed: "bwa samse -n 2000 -f samse100_i4.sam /genome/hg38.fa /var/lib/cwl/stg479e7cd1-fb53-44c4-84f4-a235f3928f97/bwaaln100_i4.stdout /var/lib/cwl/stg8ffab844-36d6-4a7e-8e81-60bc492be680/casoff100_i4.fastq"
	User time (seconds): 0.04
	System time (seconds): 4.13
	Percent of CPU this job got: 43%
	Elapsed (wall clock) time (h:mm:ss or m:ss): 0:09.57
	Average shared text size (kbytes): 0
	Average unshared data size (kbytes): 0
	Average stack size (kbytes): 0
	Average total size (kbytes): 0
	Maximum resident set size (kbytes): 4703892
	Average resident set size (kbytes): 0
	Major (requiring I/O) page faults: 5
	Minor (reclaiming a frame) page faults: 1371334
	Voluntary context switches: 3421
	Involuntary context switches: 151
	Swaps: 0
	File system inputs: 941416
	File system outputs: 272
	Socket messages sent: 0
	Socket messages received: 0
	Signals delivered: 0
	Page size (bytes): 4096
	Exit status: 0
