[bwa_aln_core] convert to sequence coordinate... 3.87 sec
[bwa_aln_core] refine gapped alignments... 0.67 sec
[bwa_aln_core] print alignments... 0.02 sec
[bwa_aln_core] 1000 sequences have been processed.
[main] Version: 0.7.12-r1039
[main] CMD: bwa samse -n 2000 -f samse1000_i4.sam /genome/hg38.fa /var/lib/cwl/stgf29126ab-cbb3-4b0f-846f-5f90b548ea9f/bwaaln1000_i4.stdout /var/lib/cwl/stg06c3b2f1-ba57-498e-8d86-aed32698efbc/casoff1000_i4.fastq
[main] Real time: 12.733 sec; CPU: 4.574 sec
	Command being timed: "bwa samse -n 2000 -f samse1000_i4.sam /genome/hg38.fa /var/lib/cwl/stgf29126ab-cbb3-4b0f-846f-5f90b548ea9f/bwaaln1000_i4.stdout /var/lib/cwl/stg06c3b2f1-ba57-498e-8d86-aed32698efbc/casoff1000_i4.fastq"
	User time (seconds): 0.40
	System time (seconds): 4.16
	Percent of CPU this job got: 35%
	Elapsed (wall clock) time (h:mm:ss or m:ss): 0:12.73
	Average shared text size (kbytes): 0
	Average unshared data size (kbytes): 0
	Average stack size (kbytes): 0
	Average total size (kbytes): 0
	Maximum resident set size (kbytes): 4705228
	Average resident set size (kbytes): 0
	Major (requiring I/O) page faults: 5
	Minor (reclaiming a frame) page faults: 1371698
	Voluntary context switches: 4841
	Involuntary context switches: 129
	Swaps: 0
	File system inputs: 1340552
	File system outputs: 2512
	Socket messages sent: 0
	Socket messages received: 0
	Signals delivered: 0
	Page size (bytes): 4096
	Exit status: 0
