[bwa_aln_core] convert to sequence coordinate... 3.50 sec
[bwa_aln_core] refine gapped alignments... 0.67 sec
[bwa_aln_core] print alignments... 0.00 sec
[bwa_aln_core] 1000 sequences have been processed.
[main] Version: 0.7.12-r1039
[main] CMD: bwa samse -n 2000 -f samse1000_i3.sam /genome/hg38.fa /var/lib/cwl/stg4f1f079e-2fc7-4a7d-9a1b-e40c243e8017/bwaaln1000_i3.stdout /var/lib/cwl/stg5fb67bdf-d18b-4d9e-87f7-c84c36fd1434/casoff1000_i3.fastq
[main] Real time: 11.716 sec; CPU: 4.181 sec
	Command being timed: "bwa samse -n 2000 -f samse1000_i3.sam /genome/hg38.fa /var/lib/cwl/stg4f1f079e-2fc7-4a7d-9a1b-e40c243e8017/bwaaln1000_i3.stdout /var/lib/cwl/stg5fb67bdf-d18b-4d9e-87f7-c84c36fd1434/casoff1000_i3.fastq"
	User time (seconds): 0.04
	System time (seconds): 4.13
	Percent of CPU this job got: 35%
	Elapsed (wall clock) time (h:mm:ss or m:ss): 0:11.72
	Average shared text size (kbytes): 0
	Average unshared data size (kbytes): 0
	Average stack size (kbytes): 0
	Average total size (kbytes): 0
	Maximum resident set size (kbytes): 4704120
	Average resident set size (kbytes): 0
	Major (requiring I/O) page faults: 1
	Minor (reclaiming a frame) page faults: 1371419
	Voluntary context switches: 4256
	Involuntary context switches: 128
	Swaps: 0
	File system inputs: 1179024
	File system outputs: 424
	Socket messages sent: 0
	Socket messages received: 0
	Signals delivered: 0
	Page size (bytes): 4096
	Exit status: 0
