[bwa_aln_core] convert to sequence coordinate... 3.39 sec
[bwa_aln_core] refine gapped alignments... 0.62 sec
[bwa_aln_core] print alignments... 0.00 sec
[bwa_aln_core] 1 sequences have been processed.
[main] Version: 0.7.12-r1039
[main] CMD: bwa samse -n 2000 -f samse1_i4.sam /genome/hg38.fa /var/lib/cwl/stg3021e2f6-a631-4da4-ba68-e927fd46ab77/bwaaln1_i4.stdout /var/lib/cwl/stg61f2b2f4-cc14-4b31-a7f0-9ce2c8a7e4a3/casoff1_i4.fastq
[main] Real time: 7.021 sec; CPU: 4.020 sec
	Command being timed: "bwa samse -n 2000 -f samse1_i4.sam /genome/hg38.fa /var/lib/cwl/stg3021e2f6-a631-4da4-ba68-e927fd46ab77/bwaaln1_i4.stdout /var/lib/cwl/stg61f2b2f4-cc14-4b31-a7f0-9ce2c8a7e4a3/casoff1_i4.fastq"
	User time (seconds): 0.00
	System time (seconds): 4.01
	Percent of CPU this job got: 57%
	Elapsed (wall clock) time (h:mm:ss or m:ss): 0:07.02
	Average shared text size (kbytes): 0
	Average unshared data size (kbytes): 0
	Average stack size (kbytes): 0
	Average total size (kbytes): 0
	Maximum resident set size (kbytes): 4703732
	Average resident set size (kbytes): 0
	Major (requiring I/O) page faults: 0
	Minor (reclaiming a frame) page faults: 1371295
	Voluntary context switches: 2029
	Involuntary context switches: 94
	Swaps: 0
	File system inputs: 584856
	File system outputs: 40
	Socket messages sent: 0
	Socket messages received: 0
	Signals delivered: 0
	Page size (bytes): 4096
	Exit status: 0
