[bwa_aln_core] convert to sequence coordinate... 3.74 sec
[bwa_aln_core] refine gapped alignments... 0.63 sec
[bwa_aln_core] print alignments... 0.03 sec
[bwa_aln_core] 100 sequences have been processed.
[main] Version: 0.7.12-r1039
[main] CMD: bwa samse -n 2000 -f samse100_i5.sam /genome/hg38.fa /var/lib/cwl/stg85ea518d-3e26-4ef3-ac4b-1340678a2cce/bwaaln100_i5.stdout /var/lib/cwl/stg7b28f282-ff66-492d-89b9-82111c82f874/casoff100_i5.fastq
[main] Real time: 7.519 sec; CPU: 4.406 sec
	Command being timed: "bwa samse -n 2000 -f samse100_i5.sam /genome/hg38.fa /var/lib/cwl/stg85ea518d-3e26-4ef3-ac4b-1340678a2cce/bwaaln100_i5.stdout /var/lib/cwl/stg7b28f282-ff66-492d-89b9-82111c82f874/casoff100_i5.fastq"
	User time (seconds): 0.37
	System time (seconds): 4.03
	Percent of CPU this job got: 58%
	Elapsed (wall clock) time (h:mm:ss or m:ss): 0:07.51
	Average shared text size (kbytes): 0
	Average unshared data size (kbytes): 0
	Average stack size (kbytes): 0
	Average total size (kbytes): 0
	Maximum resident set size (kbytes): 4705012
	Average resident set size (kbytes): 0
	Major (requiring I/O) page faults: 0
	Minor (reclaiming a frame) page faults: 1371615
	Voluntary context switches: 2237
	Involuntary context switches: 97
	Swaps: 0
	File system inputs: 634384
	File system outputs: 2168
	Socket messages sent: 0
	Socket messages received: 0
	Signals delivered: 0
	Page size (bytes): 4096
	Exit status: 0
