[bwa_aln_core] convert to sequence coordinate... 3.41 sec
[bwa_aln_core] refine gapped alignments... 0.65 sec
[bwa_aln_core] print alignments... 0.00 sec
[bwa_aln_core] 100 sequences have been processed.
[main] Version: 0.7.12-r1039
[main] CMD: bwa samse -n 2000 -f samse100_i3.sam /genome/hg38.fa /var/lib/cwl/stgb03ca9a6-93f3-4e5d-8408-83ed876be221/bwaaln100_i3.stdout /var/lib/cwl/stg5ad470d5-51bb-4116-8783-cbdc6b9c344e/casoff100_i3.fastq
[main] Real time: 8.788 sec; CPU: 4.076 sec
	Command being timed: "bwa samse -n 2000 -f samse100_i3.sam /genome/hg38.fa /var/lib/cwl/stgb03ca9a6-93f3-4e5d-8408-83ed876be221/bwaaln100_i3.stdout /var/lib/cwl/stg5ad470d5-51bb-4116-8783-cbdc6b9c344e/casoff100_i3.fastq"
	User time (seconds): 0.00
	System time (seconds): 4.07
	Percent of CPU this job got: 46%
	Elapsed (wall clock) time (h:mm:ss or m:ss): 0:08.79
	Average shared text size (kbytes): 0
	Average unshared data size (kbytes): 0
	Average stack size (kbytes): 0
	Average total size (kbytes): 0
	Maximum resident set size (kbytes): 4703736
	Average resident set size (kbytes): 0
	Major (requiring I/O) page faults: 5
	Minor (reclaiming a frame) page faults: 1371304
	Voluntary context switches: 3099
	Involuntary context switches: 94
	Swaps: 0
	File system inputs: 865032
	File system outputs: 72
	Socket messages sent: 0
	Socket messages received: 0
	Signals delivered: 0
	Page size (bytes): 4096
	Exit status: 0
