[bwa_aln_core] convert to sequence coordinate... 3.40 sec
[bwa_aln_core] refine gapped alignments... 0.64 sec
[bwa_aln_core] print alignments... 0.00 sec
[bwa_aln_core] 1 sequences have been processed.
[main] Version: 0.7.12-r1039
[main] CMD: bwa samse -n 2000 -f samse1_i3.sam /genome/hg38.fa /var/lib/cwl/stga8c603c3-d6a9-4ff3-9148-d6132ab3f415/bwaaln1_i3.stdout /var/lib/cwl/stg9b339578-deb6-4ced-b5c9-bde9af0f4c3c/casoff1_i3.fastq
[main] Real time: 7.824 sec; CPU: 4.049 sec
	Command being timed: "bwa samse -n 2000 -f samse1_i3.sam /genome/hg38.fa /var/lib/cwl/stga8c603c3-d6a9-4ff3-9148-d6132ab3f415/bwaaln1_i3.stdout /var/lib/cwl/stg9b339578-deb6-4ced-b5c9-bde9af0f4c3c/casoff1_i3.fastq"
	User time (seconds): 0.00
	System time (seconds): 4.04
	Percent of CPU this job got: 51%
	Elapsed (wall clock) time (h:mm:ss or m:ss): 0:07.82
	Average shared text size (kbytes): 0
	Average unshared data size (kbytes): 0
	Average stack size (kbytes): 0
	Average total size (kbytes): 0
	Maximum resident set size (kbytes): 4703812
	Average resident set size (kbytes): 0
	Major (requiring I/O) page faults: 0
	Minor (reclaiming a frame) page faults: 1371295
	Voluntary context switches: 2415
	Involuntary context switches: 114
	Swaps: 0
	File system inputs: 689592
	File system outputs: 40
	Socket messages sent: 0
	Socket messages received: 0
	Signals delivered: 0
	Page size (bytes): 4096
	Exit status: 0
