[bwa_aln_core] convert to sequence coordinate... 3.43 sec
[bwa_aln_core] refine gapped alignments... 0.63 sec
[bwa_aln_core] print alignments... 0.00 sec
[bwa_aln_core] 10 sequences have been processed.
[main] Version: 0.7.12-r1039
[main] CMD: bwa samse -n 2000 -f samse10_i4.sam /genome/hg38.fa /var/lib/cwl/stg4157afe9-a9aa-4b89-9fc7-93b88700fcb7/bwaaln10_i4.stdout /var/lib/cwl/stgd6053510-a980-4571-9ebb-d3496bee6e55/casoff10_i4.fastq
[main] Real time: 8.512 sec; CPU: 4.072 sec
	Command being timed: "bwa samse -n 2000 -f samse10_i4.sam /genome/hg38.fa /var/lib/cwl/stg4157afe9-a9aa-4b89-9fc7-93b88700fcb7/bwaaln10_i4.stdout /var/lib/cwl/stgd6053510-a980-4571-9ebb-d3496bee6e55/casoff10_i4.fastq"
	User time (seconds): 0.00
	System time (seconds): 4.06
	Percent of CPU this job got: 47%
	Elapsed (wall clock) time (h:mm:ss or m:ss): 0:08.51
	Average shared text size (kbytes): 0
	Average unshared data size (kbytes): 0
	Average stack size (kbytes): 0
	Average total size (kbytes): 0
	Maximum resident set size (kbytes): 4703704
	Average resident set size (kbytes): 0
	Major (requiring I/O) page faults: 5
	Minor (reclaiming a frame) page faults: 1371295
	Voluntary context switches: 2824
	Involuntary context switches: 94
	Swaps: 0
	File system inputs: 770832
	File system outputs: 48
	Socket messages sent: 0
	Socket messages received: 0
	Signals delivered: 0
	Page size (bytes): 4096
	Exit status: 0
