[bwa_aln_core] calculate SA coordinate... 0.55 sec
[bwa_aln_core] write to the disk... 0.00 sec
[bwa_aln_core] 10 sequences have been processed.
[main] Version: 0.7.12-r1039
[main] CMD: bwa aln -o 0 -m 20000000 -N -l 20 -n 4 -k 4 /genome/hg38.fa /var/lib/cwl/stg735acbd1-cb6a-467d-bf7b-61027f72be4a/casoff10_i4.fastq
[main] Real time: 4.823 sec; CPU: 2.591 sec
	Command being timed: "bwa aln -o 0 -m 20000000 -N -l 20 -n 4 -k 4 /genome/hg38.fa /var/lib/cwl/stg735acbd1-cb6a-467d-bf7b-61027f72be4a/casoff10_i4.fastq"
	User time (seconds): 0.59
	System time (seconds): 1.99
	Percent of CPU this job got: 53%
	Elapsed (wall clock) time (h:mm:ss or m:ss): 0:04.82
	Average shared text size (kbytes): 0
	Average unshared data size (kbytes): 0
	Average stack size (kbytes): 0
	Average total size (kbytes): 0
	Maximum resident set size (kbytes): 3140992
	Average resident set size (kbytes): 0
	Major (requiring I/O) page faults: 1
	Minor (reclaiming a frame) page faults: 784810
	Voluntary context switches: 2001
	Involuntary context switches: 49
	Swaps: 0
	File system inputs: 532904
	File system outputs: 0
	Socket messages sent: 0
	Socket messages received: 0
	Signals delivered: 0
	Page size (bytes): 4096
	Exit status: 0
