[bwa_aln_core] calculate SA coordinate... 4.69 sec
[bwa_aln_core] write to the disk... 0.00 sec
[bwa_aln_core] 10 sequences have been processed.
[main] Version: 0.7.12-r1039
[main] CMD: bwa aln -o 0 -m 20000000 -N -l 20 -n 5 -k 5 /genome/hg38.fa /var/lib/cwl/stg32f148ff-863d-45a1-9e5a-5c49f4abfb77/casoff10_i5.fastq
[main] Real time: 10.339 sec; CPU: 6.742 sec
	Command being timed: "bwa aln -o 0 -m 20000000 -N -l 20 -n 5 -k 5 /genome/hg38.fa /var/lib/cwl/stg32f148ff-863d-45a1-9e5a-5c49f4abfb77/casoff10_i5.fastq"
	User time (seconds): 4.83
	System time (seconds): 1.91
	Percent of CPU this job got: 65%
	Elapsed (wall clock) time (h:mm:ss or m:ss): 0:10.34
	Average shared text size (kbytes): 0
	Average unshared data size (kbytes): 0
	Average stack size (kbytes): 0
	Average total size (kbytes): 0
	Maximum resident set size (kbytes): 3178480
	Average resident set size (kbytes): 0
	Major (requiring I/O) page faults: 1
	Minor (reclaiming a frame) page faults: 794226
	Voluntary context switches: 2559
	Involuntary context switches: 87
	Swaps: 0
	File system inputs: 674816
	File system outputs: 0
	Socket messages sent: 0
	Socket messages received: 0
	Signals delivered: 0
	Page size (bytes): 4096
	Exit status: 0
