[bwa_aln_core] calculate SA coordinate... 45.48 sec
[bwa_aln_core] write to the disk... 0.00 sec
[bwa_aln_core] 100 sequences have been processed.
[main] Version: 0.7.12-r1039
[main] CMD: bwa aln -o 0 -m 20000000 -N -l 20 -n 5 -k 5 /genome/hg38.fa /var/lib/cwl/stg075676d0-7483-4d0e-80d3-1a6304727c5b/casoff100_i5.fastq
[main] Real time: 52.527 sec; CPU: 47.563 sec
	Command being timed: "bwa aln -o 0 -m 20000000 -N -l 20 -n 5 -k 5 /genome/hg38.fa /var/lib/cwl/stg075676d0-7483-4d0e-80d3-1a6304727c5b/casoff100_i5.fastq"
	User time (seconds): 45.62
	System time (seconds): 1.93
	Percent of CPU this job got: 90%
	Elapsed (wall clock) time (h:mm:ss or m:ss): 0:52.52
	Average shared text size (kbytes): 0
	Average unshared data size (kbytes): 0
	Average stack size (kbytes): 0
	Average total size (kbytes): 0
	Maximum resident set size (kbytes): 3184052
	Average resident set size (kbytes): 0
	Major (requiring I/O) page faults: 1
	Minor (reclaiming a frame) page faults: 795604
	Voluntary context switches: 3097
	Involuntary context switches: 538
	Swaps: 0
	File system inputs: 814600
	File system outputs: 0
	Socket messages sent: 0
	Socket messages received: 0
	Signals delivered: 0
	Page size (bytes): 4096
	Exit status: 0
