[bwa_aln_core] calculate SA coordinate... 0.06 sec
[bwa_aln_core] write to the disk... 0.00 sec
[bwa_aln_core] 1 sequences have been processed.
[main] Version: 0.7.12-r1039
[main] CMD: bwa aln -o 0 -m 20000000 -N -l 20 -n 4 -k 4 /genome/hg38.fa /var/lib/cwl/stg6a6afe72-361a-4a61-a464-8f83e5f18936/casoff1_i4.fastq
[main] Real time: 6.421 sec; CPU: 2.132 sec
	Command being timed: "bwa aln -o 0 -m 20000000 -N -l 20 -n 4 -k 4 /genome/hg38.fa /var/lib/cwl/stg6a6afe72-361a-4a61-a464-8f83e5f18936/casoff1_i4.fastq"
	User time (seconds): 0.07
	System time (seconds): 2.05
	Percent of CPU this job got: 33%
	Elapsed (wall clock) time (h:mm:ss or m:ss): 0:06.42
	Average shared text size (kbytes): 0
	Average unshared data size (kbytes): 0
	Average stack size (kbytes): 0
	Average total size (kbytes): 0
	Maximum resident set size (kbytes): 3140468
	Average resident set size (kbytes): 0
	Major (requiring I/O) page faults: 1
	Minor (reclaiming a frame) page faults: 784697
	Voluntary context switches: 2835
	Involuntary context switches: 51
	Swaps: 0
	File system inputs: 747192
	File system outputs: 0
	Socket messages sent: 0
	Socket messages received: 0
	Signals delivered: 0
	Page size (bytes): 4096
	Exit status: 0
