[bwa_aln_core] calculate SA coordinate... 62.79 sec
[bwa_aln_core] write to the disk... 0.00 sec
[bwa_aln_core] 1000 sequences have been processed.
[main] Version: 0.7.12-r1039
[main] CMD: bwa aln -o 0 -m 20000000 -N -l 20 -n 4 -k 4 /genome/hg38.fa /var/lib/cwl/stg8eb88c53-e40f-40b6-8090-984cc070ab95/casoff1000_i4.fastq
[main] Real time: 70.545 sec; CPU: 64.888 sec
	Command being timed: "bwa aln -o 0 -m 20000000 -N -l 20 -n 4 -k 4 /genome/hg38.fa /var/lib/cwl/stg8eb88c53-e40f-40b6-8090-984cc070ab95/casoff1000_i4.fastq"
	User time (seconds): 62.93
	System time (seconds): 1.95
	Percent of CPU this job got: 91%
	Elapsed (wall clock) time (h:mm:ss or m:ss): 1:10.54
	Average shared text size (kbytes): 0
	Average unshared data size (kbytes): 0
	Average stack size (kbytes): 0
	Average total size (kbytes): 0
	Maximum resident set size (kbytes): 3144860
	Average resident set size (kbytes): 0
	Major (requiring I/O) page faults: 1
	Minor (reclaiming a frame) page faults: 785836
	Voluntary context switches: 3378
	Involuntary context switches: 665
	Swaps: 0
	File system inputs: 886832
	File system outputs: 0
	Socket messages sent: 0
	Socket messages received: 0
	Signals delivered: 0
	Page size (bytes): 4096
	Exit status: 0
