Total 2 device(s) found.
Loading input file...
Reading /genome/chroms//chrUn_KI270583v1.fa...
Sending data to devices...
Chunk load started.
2 devices selected to analyze...
Finding pattern in chunk #1...
Comparing patterns in chunk #1...
Reading /genome/chroms//chr2_KI270767v1_alt.fa...
Sending data to devices...
Chunk load started.
2 devices selected to analyze...
Finding pattern in chunk #2...
Comparing patterns in chunk #2...
Reading /genome/chroms//chr8_KI270820v1_alt.fa...
Sending data to devices...
Chunk load started.
2 devices selected to analyze...
Finding pattern in chunk #3...
Comparing patterns in chunk #3...
Reading /genome/chroms//chrUn_KI270755v1.fa...
Sending data to devices...
Chunk load started.
2 devices selected to analyze...
Finding pattern in chunk #4...
Comparing patterns in chunk #4...
Reading /genome/chroms//chr10_KI270824v1_alt.fa...
Sending data to devices...
Chunk load started.
2 devices selected to analyze...
Finding pattern in chunk #5...
Comparing patterns in chunk #5...
Reading /genome/chroms//chr12_KI270833v1_alt.fa...
Sending data to devices...
Chunk load started.
2 devices selected to analyze...
Finding pattern in chunk #6...
Comparing patterns in chunk #6...
Reading /genome/chroms//chr7_KI270808v1_alt.fa...
Sending data to devices...
Chunk load started.
2 devices selected to analyze...
Finding pattern in chunk #7...
Comparing patterns in chunk #7...
Reading /genome/chroms//chr1_KI270710v1_random.fa...
Sending data to devices...
Chunk load started.
2 devices selected to analyze...
Finding pattern in chunk #8...
Comparing patterns in chunk #8...
Reading /genome/chroms//chrUn_KI270744v1.fa...
Sending data to devices...
Chunk load started.
2 devices selected to analyze...
Finding pattern in chunk #9...
Comparing patterns in chunk #9...
Reading /genome/chroms//chr5_KI270791v1_alt.fa...
Sending data to devices...
Chunk load started.
2 devices selected to analyze...
Finding pattern in chunk #10...
Comparing patterns in chunk #10...
Reading /genome/chroms//chrUn_KI270516v1.fa...
Sending data to devices...
Chunk load started.
2 devices selected to analyze...
Finding pattern in chunk #11...
Comparing patterns in chunk #11...
Reading /genome/chroms//chr21_GL383578v2_alt.fa...
Sending data to devices...
Chunk load started.
2 devices selected to analyze...
Finding pattern in chunk #12...
Comparing patterns in chunk #12...
Reading /genome/chroms//chr22_KI270875v1_alt.fa...
Sending data to devices...
Chunk load started.
2 devices selected to analyze...
Finding pattern in chunk #13...
Comparing patterns in chunk #13...
Reading /genome/chroms//chr1_KI270707v1_random.fa...
Sending data to devices...
Chunk load started.
2 devices selected to analyze...
Finding pattern in chunk #14...
Comparing patterns in chunk #14...
Reading /genome/chroms//chr19_KI270889v1_alt.fa...
Sending data to devices...
Chunk load started.
2 devices selected to analyze...
Finding pattern in chunk #15...
Comparing patterns in chunk #15...
Reading /genome/chroms//chr15_KI270848v1_alt.fa...
Sending data to devices...
Chunk load started.
2 devices selected to analyze...
Finding pattern in chunk #16...
Comparing patterns in chunk #16...
Reading /genome/chroms//chrUn_KI270376v1.fa...
Sending data to devices...
Chunk load started.
2 devices selected to analyze...
Finding pattern in chunk #17...
Comparing patterns in chunk #17...
Reading /genome/chroms//chr12_KI270904v1_alt.fa...
Sending data to devices...
Chunk load started.
2 devices selected to analyze...
Finding pattern in chunk #18...
Comparing patterns in chunk #18...
Reading /genome/chroms//chr15_KI270727v1_random.fa...
Sending data to devices...
Chunk load started.
2 devices selected to analyze...
Finding pattern in chunk #19...
Comparing patterns in chunk #19...
Reading /genome/chroms//chr21_KI270873v1_alt.fa...
Sending data to devices...
Chunk load started.
2 devices selected to analyze...
Finding pattern in chunk #20...
Comparing patterns in chunk #20...
Reading /genome/chroms//chr16_GL383557v1_alt.fa...
Sending data to devices...
Chunk load started.
2 devices selected to analyze...
Finding pattern in chunk #21...
Comparing patterns in chunk #21...
Reading /genome/chroms//chr21_GL383581v2_alt.fa...
Sending data to devices...
Chunk load started.
2 devices selected to analyze...
Finding pattern in chunk #22...
Comparing patterns in chunk #22...
Reading /genome/chroms//chrUn_KI270303v1.fa...
Sending data to devices...
Chunk load started.
2 devices selected to analyze...
Finding pattern in chunk #23...
Comparing patterns in chunk #23...
Reading /genome/chroms//chr3.fa...
Sending data to devices...
Chunk load started.
2 devices selected to analyze...
Finding pattern in chunk #24...
Comparing patterns in chunk #24...
Reading /genome/chroms//chr3_KI270777v1_alt.fa...
Sending data to devices...
Chunk load started.
2 devices selected to analyze...
Finding pattern in chunk #25...
Comparing patterns in chunk #25...
Reading /genome/chroms//chr18_GL383570v1_alt.fa...
Sending data to devices...
Chunk load started.
2 devices selected to analyze...
Finding pattern in chunk #26...
Comparing patterns in chunk #26...
Reading /genome/chroms//chrUn_KI270330v1.fa...
Sending data to devices...
Chunk load started.
2 devices selected to analyze...
Finding pattern in chunk #27...
Comparing patterns in chunk #27...
Reading /genome/chroms//chrUn_KI270417v1.fa...
Sending data to devices...
Chunk load started.
2 devices selected to analyze...
Finding pattern in chunk #28...
Comparing patterns in chunk #28...
Reading /genome/chroms//chr22.fa...
Sending data to devices...
Chunk load started.
2 devices selected to analyze...
Finding pattern in chunk #29...
Comparing patterns in chunk #29...
Reading /genome/chroms//chr16_GL383556v1_alt.fa...
Sending data to devices...
Chunk load started.
2 devices selected to analyze...
Finding pattern in chunk #30...
Comparing patterns in chunk #30...
Reading /genome/chroms//chr19_KI270932v1_alt.fa...
Sending data to devices...
Chunk load started.
2 devices selected to analyze...
Finding pattern in chunk #31...
Comparing patterns in chunk #31...
Reading /genome/chroms//chr1_KI270713v1_random.fa...
Sending data to devices...
Chunk load started.
2 devices selected to analyze...
Finding pattern in chunk #32...
Comparing patterns in chunk #32...
Reading /genome/chroms//chr17_GL000258v2_alt.fa...
Sending data to devices...
Chunk load started.
2 devices selected to analyze...
Finding pattern in chunk #33...
Comparing patterns in chunk #33...
Reading /genome/chroms//chr17_JH159146v1_alt.fa...
Sending data to devices...
Chunk load started.
2 devices selected to analyze...
Finding pattern in chunk #34...
Comparing patterns in chunk #34...
Reading /genome/chroms//chr5_GL339449v2_alt.fa...
Sending data to devices...
Chunk load started.
2 devices selected to analyze...
Finding pattern in chunk #35...
Comparing patterns in chunk #35...
Reading /genome/chroms//chr14_GL000009v2_random.fa...
Sending data to devices...
Chunk load started.
2 devices selected to analyze...
Finding pattern in chunk #36...
Comparing patterns in chunk #36...
Reading /genome/chroms//chr14_GL000194v1_random.fa...
Sending data to devices...
Chunk load started.
2 devices selected to analyze...
Finding pattern in chunk #37...
Comparing patterns in chunk #37...
Reading /genome/chroms//chr22_KI270735v1_random.fa...
Sending data to devices...
Chunk load started.
2 devices selected to analyze...
Finding pattern in chunk #38...
Comparing patterns in chunk #38...
Reading /genome/chroms//chr5_KI270794v1_alt.fa...
Sending data to devices...
Chunk load started.
2 devices selected to analyze...
Finding pattern in chunk #39...
Comparing patterns in chunk #39...
Reading /genome/chroms//chr6_GL000256v2_alt.fa...
Sending data to devices...
Chunk load started.
2 devices selected to analyze...
Finding pattern in chunk #40...
Comparing patterns in chunk #40...
Reading /genome/chroms//chr22_KI270879v1_alt.fa...
Sending data to devices...
Chunk load started.
2 devices selected to analyze...
Finding pattern in chunk #41...
Comparing patterns in chunk #41...
Reading /genome/chroms//chr9_KI270718v1_random.fa...
Sending data to devices...
Chunk load started.
2 devices selected to analyze...
Finding pattern in chunk #42...
Comparing patterns in chunk #42...
Reading /genome/chroms//chr17_GL383565v1_alt.fa...
Sending data to devices...
Chunk load started.
2 devices selected to analyze...
Finding pattern in chunk #43...
Comparing patterns in chunk #43...
Reading /genome/chroms//chrUn_KI270588v1.fa...
Sending data to devices...
Chunk load started.
2 devices selected to analyze...
Finding pattern in chunk #44...
Comparing patterns in chunk #44...
Reading /genome/chroms//chr16.fa...
Sending data to devices...
Chunk load started.
2 devices selected to analyze...
Finding pattern in chunk #45...
Comparing patterns in chunk #45...
Reading /genome/chroms//chr16_KI270854v1_alt.fa...
Sending data to devices...
Chunk load started.
2 devices selected to analyze...
Finding pattern in chunk #46...
Comparing patterns in chunk #46...
Reading /genome/chroms//chr3_KI270778v1_alt.fa...
Sending data to devices...
Chunk load started.
2 devices selected to analyze...
Finding pattern in chunk #47...
Comparing patterns in chunk #47...
Reading /genome/chroms//chr1_KI270711v1_random.fa...
Sending data to devices...
Chunk load started.
2 devices selected to analyze...
Finding pattern in chunk #48...
Comparing patterns in chunk #48...
Reading /genome/chroms//chr5_KI270795v1_alt.fa...
Sending data to devices...
Chunk load started.
2 devices selected to analyze...
Finding pattern in chunk #49...
Comparing patterns in chunk #49...
Reading /genome/chroms//chrUn_KI270414v1.fa...
Sending data to devices...
Chunk load started.
2 devices selected to analyze...
Finding pattern in chunk #50...
Comparing patterns in chunk #50...
Reading /genome/chroms//chr21_GL383580v2_alt.fa...
Sending data to devices...
Chunk load started.
2 devices selected to analyze...
Finding pattern in chunk #51...
Comparing patterns in chunk #51...
Reading /genome/chroms//chr2_GL383521v1_alt.fa...
Sending data to devices...
Chunk load started.
2 devices selected to analyze...
Finding pattern in chunk #52...
Comparing patterns in chunk #52...
Reading /genome/chroms//chr6_KI270800v1_alt.fa...
Sending data to devices...
Chunk load started.
2 devices selected to analyze...
Finding pattern in chunk #53...
Comparing patterns in chunk #53...
Reading /genome/chroms//chr18_KI270864v1_alt.fa...
Sending data to devices...
Chunk load started.
2 devices selected to analyze...
Finding pattern in chunk #54...
Comparing patterns in chunk #54...
Reading /genome/chroms//chrUn_KI270757v1.fa...
Sending data to devices...
Chunk load started.
2 devices selected to analyze...
Finding pattern in chunk #55...
Comparing patterns in chunk #55...
Reading /genome/chroms//chr19_KI270890v1_alt.fa...
Sending data to devices...
Chunk load started.
2 devices selected to analyze...
Finding pattern in chunk #56...
Comparing patterns in chunk #56...
Reading /genome/chroms//chr11_KI270830v1_alt.fa...
Sending data to devices...
Chunk load started.
2 devices selected to analyze...
Finding pattern in chunk #57...
Comparing patterns in chunk #57...
Reading /genome/chroms//chr5.fa...
Sending data to devices...
Chunk load started.
2 devices selected to analyze...
Finding pattern in chunk #58...
Comparing patterns in chunk #58...
Reading /genome/chroms//chr14_KI270844v1_alt.fa...
Sending data to devices...
Chunk load started.
2 devices selected to analyze...
Finding pattern in chunk #59...
Comparing patterns in chunk #59...
Reading /genome/chroms//chr3_KI270784v1_alt.fa...
Sending data to devices...
Chunk load started.
2 devices selected to analyze...
Finding pattern in chunk #60...
Comparing patterns in chunk #60...
Reading /genome/chroms//chr8_KI270819v1_alt.fa...
Sending data to devices...
Chunk load started.
2 devices selected to analyze...
Finding pattern in chunk #61...
Comparing patterns in chunk #61...
Reading /genome/chroms//chr17_KI270861v1_alt.fa...
Sending data to devices...
Chunk load started.
2 devices selected to analyze...
Finding pattern in chunk #62...
Comparing patterns in chunk #62...
Reading /genome/chroms//chr19_GL949753v2_alt.fa...
Sending data to devices...
Chunk load started.
2 devices selected to analyze...
Finding pattern in chunk #63...
Comparing patterns in chunk #63...
Reading /genome/chroms//chrUn_KI270334v1.fa...
Sending data to devices...
Chunk load started.
2 devices selected to analyze...
Finding pattern in chunk #64...
Comparing patterns in chunk #64...
Reading /genome/chroms//chrUn_GL000224v1.fa...
Sending data to devices...
Chunk load started.
2 devices selected to analyze...
Finding pattern in chunk #65...
Comparing patterns in chunk #65...
Reading /genome/chroms//chr22_KI270734v1_random.fa...
Sending data to devices...
Chunk load started.
2 devices selected to analyze...
Finding pattern in chunk #66...
Comparing patterns in chunk #66...
Reading /genome/chroms//chrUn_KI270518v1.fa...
Sending data to devices...
Chunk load started.
2 devices selected to analyze...
Finding pattern in chunk #67...
Comparing patterns in chunk #67...
Reading /genome/chroms//chr4_KI270787v1_alt.fa...
Sending data to devices...
Chunk load started.
2 devices selected to analyze...
Finding pattern in chunk #68...
Comparing patterns in chunk #68...
Reading /genome/chroms//chr12_GL383550v2_alt.fa...
Sending data to devices...
Chunk load started.
2 devices selected to analyze...
Finding pattern in chunk #69...
Comparing patterns in chunk #69...
Reading /genome/chroms//chrUn_KI270420v1.fa...
Sending data to devices...
Chunk load started.
2 devices selected to analyze...
Finding pattern in chunk #70...
Comparing patterns in chunk #70...
Reading /genome/chroms//chr13_KI270839v1_alt.fa...
Sending data to devices...
Chunk load started.
2 devices selected to analyze...
Finding pattern in chunk #71...
Comparing patterns in chunk #71...
Reading /genome/chroms//chr18_GL383567v1_alt.fa...
Sending data to devices...
Chunk load started.
2 devices selected to analyze...
Finding pattern in chunk #72...
Comparing patterns in chunk #72...
Reading /genome/chroms//chrUn_KI270750v1.fa...
Sending data to devices...
Chunk load started.
2 devices selected to analyze...
Finding pattern in chunk #73...
Comparing patterns in chunk #73...
Reading /genome/chroms//chrUn_KI270748v1.fa...
Sending data to devices...
Chunk load started.
2 devices selected to analyze...
Finding pattern in chunk #74...
Comparing patterns in chunk #74...
Reading /genome/chroms//chr11_KI270831v1_alt.fa...
Sending data to devices...
Chunk load started.
2 devices selected to analyze...
Finding pattern in chunk #75...
Comparing patterns in chunk #75...
Reading /genome/chroms//chr4_GL000008v2_random.fa...
Sending data to devices...
Chunk load started.
2 devices selected to analyze...
Finding pattern in chunk #76...
Comparing patterns in chunk #76...
Reading /genome/chroms//chrUn_KI270366v1.fa...
Sending data to devices...
Chunk load started.
2 devices selected to analyze...
Finding pattern in chunk #77...
Comparing patterns in chunk #77...
Reading /genome/chroms//chr15.fa...
Sending data to devices...
Chunk load started.
2 devices selected to analyze...
Finding pattern in chunk #78...
Comparing patterns in chunk #78...
Reading /genome/chroms//chrUn_KI270333v1.fa...
Sending data to devices...
Chunk load started.
2 devices selected to analyze...
Finding pattern in chunk #79...
Comparing patterns in chunk #79...
Reading /genome/chroms//chr12_GL383553v2_alt.fa...
Sending data to devices...
Chunk load started.
2 devices selected to analyze...
Finding pattern in chunk #80...
Comparing patterns in chunk #80...
Reading /genome/chroms//chrUn_KI270742v1.fa...
Sending data to devices...
Chunk load started.
2 devices selected to analyze...
Finding pattern in chunk #81...
Comparing patterns in chunk #81...
Reading /genome/chroms//chrUn_KI270548v1.fa...
Sending data to devices...
Chunk load started.
2 devices selected to analyze...
Finding pattern in chunk #82...
Comparing patterns in chunk #82...
Reading /genome/chroms//chrUn_KI270340v1.fa...
Sending data to devices...
Chunk load started.
2 devices selected to analyze...
Finding pattern in chunk #83...
Comparing patterns in chunk #83...
Reading /genome/chroms//chr5_GL383530v1_alt.fa...
Sending data to devices...
Chunk load started.
2 devices selected to analyze...
Finding pattern in chunk #84...
Comparing patterns in chunk #84...
Reading /genome/chroms//chr19_KI270914v1_alt.fa...
Sending data to devices...
Chunk load started.
2 devices selected to analyze...
Finding pattern in chunk #85...
Comparing patterns in chunk #85...
Reading /genome/chroms//chr7_GL383534v2_alt.fa...
Sending data to devices...
Chunk load started.
2 devices selected to analyze...
Finding pattern in chunk #86...
Comparing patterns in chunk #86...
Reading /genome/chroms//chr13_KI270838v1_alt.fa...
Sending data to devices...
Chunk load started.
2 devices selected to analyze...
Finding pattern in chunk #87...
Comparing patterns in chunk #87...
Reading /genome/chroms//chrUn_KI270335v1.fa...
Sending data to devices...
Chunk load started.
2 devices selected to analyze...
Finding pattern in chunk #88...
Comparing patterns in chunk #88...
Reading /genome/chroms//chrUn_KI270390v1.fa...
Sending data to devices...
Chunk load started.
2 devices selected to analyze...
Finding pattern in chunk #89...
Comparing patterns in chunk #89...
Reading /genome/chroms//chr9_GL383539v1_alt.fa...
Sending data to devices...
Chunk load started.
2 devices selected to analyze...
Finding pattern in chunk #90...
Comparing patterns in chunk #90...
Reading /genome/chroms//chr2_GL383522v1_alt.fa...
Sending data to devices...
Chunk load started.
2 devices selected to analyze...
Finding pattern in chunk #91...
Comparing patterns in chunk #91...
Reading /genome/chroms//chr13_KI270843v1_alt.fa...
Sending data to devices...
Chunk load started.
2 devices selected to analyze...
Finding pattern in chunk #92...
Comparing patterns in chunk #92...
Reading /genome/chroms//chr19_KI270888v1_alt.fa...
Sending data to devices...
Chunk load started.
2 devices selected to analyze...
Finding pattern in chunk #93...
Comparing patterns in chunk #93...
Reading /genome/chroms//chr16_KI270856v1_alt.fa...
Sending data to devices...
Chunk load started.
2 devices selected to analyze...
Finding pattern in chunk #94...
Comparing patterns in chunk #94...
Reading /genome/chroms//chr4_GL383527v1_alt.fa...
Sending data to devices...
Chunk load started.
2 devices selected to analyze...
Finding pattern in chunk #95...
Comparing patterns in chunk #95...
Reading /genome/chroms//chr8_KI270815v1_alt.fa...
Sending data to devices...
Chunk load started.
2 devices selected to analyze...
Finding pattern in chunk #96...
Comparing patterns in chunk #96...
Reading /genome/chroms//chr2_GL582966v2_alt.fa...
Sending data to devices...
Chunk load started.
2 devices selected to analyze...
Finding pattern in chunk #97...
Comparing patterns in chunk #97...
Reading /genome/chroms//chrUn_KI270539v1.fa...
Sending data to devices...
Chunk load started.
2 devices selected to analyze...
Finding pattern in chunk #98...
Comparing patterns in chunk #98...
Reading /genome/chroms//chr17_KI270862v1_alt.fa...
Sending data to devices...
Chunk load started.
2 devices selected to analyze...
Finding pattern in chunk #99...
Comparing patterns in chunk #99...
Reading /genome/chroms//chrUn_KI270544v1.fa...
Sending data to devices...
Chunk load started.
2 devices selected to analyze...
Finding pattern in chunk #100...
Comparing patterns in chunk #100...
Reading /genome/chroms//chr2_KI270776v1_alt.fa...
Sending data to devices...
Chunk load started.
2 devices selected to analyze...
Finding pattern in chunk #101...
Comparing patterns in chunk #101...
Reading /genome/chroms//chr7_KI270809v1_alt.fa...
Sending data to devices...
Chunk load started.
2 devices selected to analyze...
Finding pattern in chunk #102...
Comparing patterns in chunk #102...
Reading /genome/chroms//chr3_KI270934v1_alt.fa...
Sending data to devices...
Chunk load started.
2 devices selected to analyze...
Finding pattern in chunk #103...
Comparing patterns in chunk #103...
Reading /genome/chroms//chr14_KI270846v1_alt.fa...
Sending data to devices...
Chunk load started.
2 devices selected to analyze...
Finding pattern in chunk #104...
Comparing patterns in chunk #104...
Reading /genome/chroms//chrUn_KI270591v1.fa...
Sending data to devices...
Chunk load started.
2 devices selected to analyze...
Finding pattern in chunk #105...
Comparing patterns in chunk #105...
Reading /genome/chroms//chrUn_KI270522v1.fa...
Sending data to devices...
Chunk load started.
2 devices selected to analyze...
Finding pattern in chunk #106...
Comparing patterns in chunk #106...
Reading /genome/chroms//chrUn_KI270438v1.fa...
Sending data to devices...
Chunk load started.
2 devices selected to analyze...
Finding pattern in chunk #107...
Comparing patterns in chunk #107...
Reading /genome/chroms//chr8.fa...
Sending data to devices...
Chunk load started.
2 devices selected to analyze...
Finding pattern in chunk #108...
Comparing patterns in chunk #108...
Reading /genome/chroms//chrUn_KI270362v1.fa...
Sending data to devices...
Chunk load started.
2 devices selected to analyze...
Finding pattern in chunk #109...
Comparing patterns in chunk #109...
Reading /genome/chroms//chr4_KI270896v1_alt.fa...
Sending data to devices...
Chunk load started.
2 devices selected to analyze...
Finding pattern in chunk #110...
Comparing patterns in chunk #110...
Reading /genome/chroms//chr17_KI270910v1_alt.fa...
Sending data to devices...
Chunk load started.
2 devices selected to analyze...
Finding pattern in chunk #111...
Comparing patterns in chunk #111...
Reading /genome/chroms//chr11_JH159136v1_alt.fa...
Sending data to devices...
Chunk load started.
2 devices selected to analyze...
Finding pattern in chunk #112...
Comparing patterns in chunk #112...
Reading /genome/chroms//chrUn_KI270411v1.fa...
Sending data to devices...
Chunk load started.
2 devices selected to analyze...
Finding pattern in chunk #113...
Comparing patterns in chunk #113...
Reading /genome/chroms//chr10_GL383545v1_alt.fa...
Sending data to devices...
Chunk load started.
2 devices selected to analyze...
Finding pattern in chunk #114...
Comparing patterns in chunk #114...
Reading /genome/chroms//chr3_GL383526v1_alt.fa...
Sending data to devices...
Chunk load started.
2 devices selected to analyze...
Finding pattern in chunk #115...
Comparing patterns in chunk #115...
Reading /genome/chroms//chrUn_KI270425v1.fa...
Sending data to devices...
Chunk load started.
2 devices selected to analyze...
Finding pattern in chunk #116...
Comparing patterns in chunk #116...
Reading /genome/chroms//chr14.fa...
Sending data to devices...
Chunk load started.
2 devices selected to analyze...
Finding pattern in chunk #117...
Comparing patterns in chunk #117...
Reading /genome/chroms//chr19_KI270923v1_alt.fa...
Sending data to devices...
Chunk load started.
2 devices selected to analyze...
Finding pattern in chunk #118...
Comparing patterns in chunk #118...
Reading /genome/chroms//chr17_GL000205v2_random.fa...
Sending data to devices...
Chunk load started.
2 devices selected to analyze...
Finding pattern in chunk #119...
Comparing patterns in chunk #119...
Reading /genome/chroms//chr3_KI270782v1_alt.fa...
Sending data to devices...
Chunk load started.
2 devices selected to analyze...
Finding pattern in chunk #120...
Comparing patterns in chunk #120...
Reading /genome/chroms//chr19_KI270929v1_alt.fa...
Sending data to devices...
Chunk load started.
2 devices selected to analyze...
Finding pattern in chunk #121...
Comparing patterns in chunk #121...
Reading /genome/chroms//chr9_GL383541v1_alt.fa...
Sending data to devices...
Chunk load started.
2 devices selected to analyze...
Finding pattern in chunk #122...
Comparing patterns in chunk #122...
Reading /genome/chroms//chr2_KI270770v1_alt.fa...
Sending data to devices...
Chunk load started.
2 devices selected to analyze...
Finding pattern in chunk #123...
Comparing patterns in chunk #123...
Reading /genome/chroms//chr1_KI270708v1_random.fa...
Sending data to devices...
Chunk load started.
2 devices selected to analyze...
Finding pattern in chunk #124...
Comparing patterns in chunk #124...
Reading /genome/chroms//chr19_KI270886v1_alt.fa...
Sending data to devices...
Chunk load started.
2 devices selected to analyze...
Finding pattern in chunk #125...
Comparing patterns in chunk #125...
Reading /genome/chroms//chr9_GL383542v1_alt.fa...
Sending data to devices...
Chunk load started.
2 devices selected to analyze...
Finding pattern in chunk #126...
Comparing patterns in chunk #126...
Reading /genome/chroms//chrUn_GL000219v1.fa...
Sending data to devices...
Chunk load started.
2 devices selected to analyze...
Finding pattern in chunk #127...
Comparing patterns in chunk #127...
Reading /genome/chroms//chr19_GL383576v1_alt.fa...
Sending data to devices...
Chunk load started.
2 devices selected to analyze...
Finding pattern in chunk #128...
Comparing patterns in chunk #128...
Reading /genome/chroms//chrUn_KI270517v1.fa...
Sending data to devices...
Chunk load started.
2 devices selected to analyze...
Finding pattern in chunk #129...
Comparing patterns in chunk #129...
Reading /genome/chroms//chrX_KI270913v1_alt.fa...
Sending data to devices...
Chunk load started.
2 devices selected to analyze...
Finding pattern in chunk #130...
Comparing patterns in chunk #130...
Reading /genome/chroms//chr15_KI270906v1_alt.fa...
Sending data to devices...
Chunk load started.
2 devices selected to analyze...
Finding pattern in chunk #131...
Comparing patterns in chunk #131...
Reading /genome/chroms//chr8_KI270816v1_alt.fa...
Sending data to devices...
Chunk load started.
2 devices selected to analyze...
Finding pattern in chunk #132...
Comparing patterns in chunk #132...
Reading /genome/chroms//chr22_KB663609v1_alt.fa...
Sending data to devices...
Chunk load started.
2 devices selected to analyze...
Finding pattern in chunk #133...
Comparing patterns in chunk #133...
Reading /genome/chroms//chr12_GL383551v1_alt.fa...
Sending data to devices...
Chunk load started.
2 devices selected to analyze...
Finding pattern in chunk #134...
Comparing patterns in chunk #134...
Reading /genome/chroms//chr17.fa...
Sending data to devices...
Chunk load started.
2 devices selected to analyze...
Finding pattern in chunk #135...
Comparing patterns in chunk #135...
Reading /genome/chroms//chrUn_KI270752v1.fa...
Sending data to devices...
Chunk load started.
2 devices selected to analyze...
Finding pattern in chunk #136...
Comparing patterns in chunk #136...
Reading /genome/chroms//chr19_KI270866v1_alt.fa...
Sending data to devices...
Chunk load started.
2 devices selected to analyze...
Finding pattern in chunk #137...
Comparing patterns in chunk #137...
Reading /genome/chroms//chrUn_GL000195v1.fa...
Sending data to devices...
Chunk load started.
2 devices selected to analyze...
Finding pattern in chunk #138...
Comparing patterns in chunk #138...
Reading /genome/chroms//chr12_KI270837v1_alt.fa...
Sending data to devices...
Chunk load started.
2 devices selected to analyze...
Finding pattern in chunk #139...
Comparing patterns in chunk #139...
Reading /genome/chroms//chr7_KI270899v1_alt.fa...
Sending data to devices...
Chunk load started.
2 devices selected to analyze...
Finding pattern in chunk #140...
Comparing patterns in chunk #140...
Reading /genome/chroms//chr19_GL949749v2_alt.fa...
Sending data to devices...
Chunk load started.
2 devices selected to analyze...
Finding pattern in chunk #141...
Comparing patterns in chunk #141...
Reading /genome/chroms//chrUn_KI270302v1.fa...
Sending data to devices...
Chunk load started.
2 devices selected to analyze...
Finding pattern in chunk #142...
Comparing patterns in chunk #142...
Reading /genome/chroms//chr11_GL383547v1_alt.fa...
Sending data to devices...
Chunk load started.
2 devices selected to analyze...
Finding pattern in chunk #143...
Comparing patterns in chunk #143...
Reading /genome/chroms//chr16_KI270855v1_alt.fa...
Sending data to devices...
Chunk load started.
2 devices selected to analyze...
Finding pattern in chunk #144...
Comparing patterns in chunk #144...
Reading /genome/chroms//chrUn_KI270378v1.fa...
Sending data to devices...
Chunk load started.
2 devices selected to analyze...
Finding pattern in chunk #145...
Comparing patterns in chunk #145...
Reading /genome/chroms//chr6_GL000250v2_alt.fa...
Sending data to devices...
Chunk load started.
2 devices selected to analyze...
Finding pattern in chunk #146...
Comparing patterns in chunk #146...
Reading /genome/chroms//chr19_GL949750v2_alt.fa...
Sending data to devices...
Chunk load started.
2 devices selected to analyze...
Finding pattern in chunk #147...
Comparing patterns in chunk #147...
Reading /genome/chroms//chrUn_KI270394v1.fa...
Sending data to devices...
Chunk load started.
2 devices selected to analyze...
Finding pattern in chunk #148...
Comparing patterns in chunk #148...
Reading /genome/chroms//chr12_GL877875v1_alt.fa...
Sending data to devices...
Chunk load started.
2 devices selected to analyze...
Finding pattern in chunk #149...
Comparing patterns in chunk #149...
Reading /genome/chroms//chr8_KI270900v1_alt.fa...
Sending data to devices...
Chunk load started.
2 devices selected to analyze...
Finding pattern in chunk #150...
Comparing patterns in chunk #150...
Reading /genome/chroms//chr1_GL383518v1_alt.fa...
Sending data to devices...
Chunk load started.
2 devices selected to analyze...
Finding pattern in chunk #151...
Comparing patterns in chunk #151...
Reading /genome/chroms//chr21_GL383579v2_alt.fa...
Sending data to devices...
Chunk load started.
2 devices selected to analyze...
Finding pattern in chunk #152...
Comparing patterns in chunk #152...
Reading /genome/chroms//chrX_KI270881v1_alt.fa...
Sending data to devices...
Chunk load started.
2 devices selected to analyze...
Finding pattern in chunk #153...
Comparing patterns in chunk #153...
Reading /genome/chroms//chrUn_KI270317v1.fa...
Sending data to devices...
Chunk load started.
2 devices selected to analyze...
Finding pattern in chunk #154...
Comparing patterns in chunk #154...
Reading /genome/chroms//chr11_KI270927v1_alt.fa...
Sending data to devices...
Chunk load started.
2 devices selected to analyze...
Finding pattern in chunk #155...
Comparing patterns in chunk #155...
Reading /genome/chroms//chrUn_KI270743v1.fa...
Sending data to devices...
Chunk load started.
2 devices selected to analyze...
Finding pattern in chunk #156...
Comparing patterns in chunk #156...
Reading /genome/chroms//chrUn_KI270305v1.fa...
Sending data to devices...
Chunk load started.
2 devices selected to analyze...
Finding pattern in chunk #157...
Comparing patterns in chunk #157...
Reading /genome/chroms//chr9.fa...
Sending data to devices...
Chunk load started.
2 devices selected to analyze...
Finding pattern in chunk #158...
Comparing patterns in chunk #158...
Reading /genome/chroms//chr6_KI270802v1_alt.fa...
Sending data to devices...
Chunk load started.
2 devices selected to analyze...
Finding pattern in chunk #159...
Comparing patterns in chunk #159...
Reading /genome/chroms//chrUn_KI270530v1.fa...
Sending data to devices...
Chunk load started.
2 devices selected to analyze...
Finding pattern in chunk #160...
Comparing patterns in chunk #160...
Reading /genome/chroms//chr18_KI270863v1_alt.fa...
Sending data to devices...
Chunk load started.
2 devices selected to analyze...
Finding pattern in chunk #161...
Comparing patterns in chunk #161...
Reading /genome/chroms//chrUn_GL000216v2.fa...
Sending data to devices...
Chunk load started.
2 devices selected to analyze...
Finding pattern in chunk #162...
Comparing patterns in chunk #162...
Reading /genome/chroms//chrUn_KI270468v1.fa...
Sending data to devices...
Chunk load started.
2 devices selected to analyze...
Finding pattern in chunk #163...
Comparing patterns in chunk #163...
Reading /genome/chroms//chr15_GL383554v1_alt.fa...
Sending data to devices...
Chunk load started.
2 devices selected to analyze...
Finding pattern in chunk #164...
Comparing patterns in chunk #164...
Reading /genome/chroms//chr5_GL383531v1_alt.fa...
Sending data to devices...
Chunk load started.
2 devices selected to analyze...
Finding pattern in chunk #165...
Comparing patterns in chunk #165...
Reading /genome/chroms//chr5_KI270792v1_alt.fa...
Sending data to devices...
Chunk load started.
2 devices selected to analyze...
Finding pattern in chunk #166...
Comparing patterns in chunk #166...
Reading /genome/chroms//chr19_KI270891v1_alt.fa...
Sending data to devices...
Chunk load started.
2 devices selected to analyze...
Finding pattern in chunk #167...
Comparing patterns in chunk #167...
Reading /genome/chroms//chr2_KI270715v1_random.fa...
Sending data to devices...
Chunk load started.
2 devices selected to analyze...
Finding pattern in chunk #168...
Comparing patterns in chunk #168...
Reading /genome/chroms//chr1_GL383520v2_alt.fa...
Sending data to devices...
Chunk load started.
2 devices selected to analyze...
Finding pattern in chunk #169...
Comparing patterns in chunk #169...
Reading /genome/chroms//chr19.fa...
Sending data to devices...
Chunk load started.
2 devices selected to analyze...
Finding pattern in chunk #170...
Comparing patterns in chunk #170...
Reading /genome/chroms//chr8_KI270814v1_alt.fa...
Sending data to devices...
Chunk load started.
2 devices selected to analyze...
Finding pattern in chunk #171...
Comparing patterns in chunk #171...
Reading /genome/chroms//chr6_KI270799v1_alt.fa...
Sending data to devices...
Chunk load started.
2 devices selected to analyze...
Finding pattern in chunk #172...
Comparing patterns in chunk #172...
Reading /genome/chroms//chr2_KI270773v1_alt.fa...
Sending data to devices...
Chunk load started.
2 devices selected to analyze...
Finding pattern in chunk #173...
Comparing patterns in chunk #173...
Reading /genome/chroms//chr6_GL000252v2_alt.fa...
Sending data to devices...
Chunk load started.
2 devices selected to analyze...
Finding pattern in chunk #174...
Comparing patterns in chunk #174...
Reading /genome/chroms//chrUn_KI270412v1.fa...
Sending data to devices...
Chunk load started.
2 devices selected to analyze...
Finding pattern in chunk #175...
Comparing patterns in chunk #175...
Reading /genome/chroms//chr22_KI270731v1_random.fa...
Sending data to devices...
Chunk load started.
2 devices selected to analyze...
Finding pattern in chunk #176...
Comparing patterns in chunk #176...
Reading /genome/chroms//chrUn_KI270466v1.fa...
Sending data to devices...
Chunk load started.
2 devices selected to analyze...
Finding pattern in chunk #177...
Comparing patterns in chunk #177...
Reading /genome/chroms//chr5_KI270793v1_alt.fa...
Sending data to devices...
Chunk load started.
2 devices selected to analyze...
Finding pattern in chunk #178...
Comparing patterns in chunk #178...
Reading /genome/chroms//chr19_KI270931v1_alt.fa...
Sending data to devices...
Chunk load started.
2 devices selected to analyze...
Finding pattern in chunk #179...
Comparing patterns in chunk #179...
Reading /genome/chroms//chr6_KB021644v2_alt.fa...
Sending data to devices...
Chunk load started.
2 devices selected to analyze...
Finding pattern in chunk #180...
Comparing patterns in chunk #180...
Reading /genome/chroms//chrUn_KI270448v1.fa...
Sending data to devices...
Chunk load started.
2 devices selected to analyze...
Finding pattern in chunk #181...
Comparing patterns in chunk #181...
Reading /genome/chroms//chrUn_KI270379v1.fa...
Sending data to devices...
Chunk load started.
2 devices selected to analyze...
Finding pattern in chunk #182...
Comparing patterns in chunk #182...
Reading /genome/chroms//chrUn_KI270512v1.fa...
Sending data to devices...
Chunk load started.
2 devices selected to analyze...
Finding pattern in chunk #183...
Comparing patterns in chunk #183...
Reading /genome/chroms//chr22_KI270733v1_random.fa...
Sending data to devices...
Chunk load started.
2 devices selected to analyze...
Finding pattern in chunk #184...
Comparing patterns in chunk #184...
Reading /genome/chroms//chr3_GL000221v1_random.fa...
Sending data to devices...
Chunk load started.
2 devices selected to analyze...
Finding pattern in chunk #185...
Comparing patterns in chunk #185...
Reading /genome/chroms//chrUn_KI270329v1.fa...
Sending data to devices...
Chunk load started.
2 devices selected to analyze...
Finding pattern in chunk #186...
Comparing patterns in chunk #186...
Reading /genome/chroms//chr19_KI270868v1_alt.fa...
Sending data to devices...
Chunk load started.
2 devices selected to analyze...
Finding pattern in chunk #187...
Comparing patterns in chunk #187...
Reading /genome/chroms//chrUn_KI270391v1.fa...
Sending data to devices...
Chunk load started.
2 devices selected to analyze...
Finding pattern in chunk #188...
Comparing patterns in chunk #188...
Reading /genome/chroms//chr3_KI270779v1_alt.fa...
Sending data to devices...
Chunk load started.
2 devices selected to analyze...
Finding pattern in chunk #189...
Comparing patterns in chunk #189...
Reading /genome/chroms//chr6_KI270801v1_alt.fa...
Sending data to devices...
Chunk load started.
2 devices selected to analyze...
Finding pattern in chunk #190...
Comparing patterns in chunk #190...
Reading /genome/chroms//chrUn_GL000213v1.fa...
Sending data to devices...
Chunk load started.
2 devices selected to analyze...
Finding pattern in chunk #191...
Comparing patterns in chunk #191...
Reading /genome/chroms//chrUn_KI270381v1.fa...
Sending data to devices...
Chunk load started.
2 devices selected to analyze...
Finding pattern in chunk #192...
Comparing patterns in chunk #192...
Reading /genome/chroms//chr13.fa...
Sending data to devices...
Chunk load started.
2 devices selected to analyze...
Finding pattern in chunk #193...
Comparing patterns in chunk #193...
Reading /genome/chroms//chr21_KI270874v1_alt.fa...
Sending data to devices...
Chunk load started.
2 devices selected to analyze...
Finding pattern in chunk #194...
Comparing patterns in chunk #194...
Reading /genome/chroms//chr2_KI270775v1_alt.fa...
Sending data to devices...
Chunk load started.
2 devices selected to analyze...
Finding pattern in chunk #195...
Comparing patterns in chunk #195...
Reading /genome/chroms//chr18.fa...
Sending data to devices...
Chunk load started.
2 devices selected to analyze...
Finding pattern in chunk #196...
Comparing patterns in chunk #196...
Reading /genome/chroms//chr7_KI270805v1_alt.fa...
Sending data to devices...
Chunk load started.
2 devices selected to analyze...
Finding pattern in chunk #197...
Comparing patterns in chunk #197...
Reading /genome/chroms//chr5_KI270897v1_alt.fa...
Sending data to devices...
Chunk load started.
2 devices selected to analyze...
Finding pattern in chunk #198...
Comparing patterns in chunk #198...
Reading /genome/chroms//chr3_KI270935v1_alt.fa...
Sending data to devices...
Chunk load started.
2 devices selected to analyze...
Finding pattern in chunk #199...
Comparing patterns in chunk #199...
Reading /genome/chroms//chr6.fa...
Sending data to devices...
Chunk load started.
2 devices selected to analyze...
Finding pattern in chunk #200...
Comparing patterns in chunk #200...
Reading /genome/chroms//chr17_GL383566v1_alt.fa...
Sending data to devices...
Chunk load started.
2 devices selected to analyze...
Finding pattern in chunk #201...
Comparing patterns in chunk #201...
Reading /genome/chroms//chr17_GL383564v2_alt.fa...
Sending data to devices...
Chunk load started.
2 devices selected to analyze...
Finding pattern in chunk #202...
Comparing patterns in chunk #202...
Reading /genome/chroms//chr7_KI270804v1_alt.fa...
Sending data to devices...
Chunk load started.
2 devices selected to analyze...
Finding pattern in chunk #203...
Comparing patterns in chunk #203...
Reading /genome/chroms//chr20_KI270869v1_alt.fa...
Sending data to devices...
Chunk load started.
2 devices selected to analyze...
Finding pattern in chunk #204...
Comparing patterns in chunk #204...
Reading /genome/chroms//chr20.fa...
Sending data to devices...
Chunk load started.
2 devices selected to analyze...
Finding pattern in chunk #205...
Comparing patterns in chunk #205...
Reading /genome/chroms//chrUn_KI270384v1.fa...
Sending data to devices...
Chunk load started.
2 devices selected to analyze...
Finding pattern in chunk #206...
Comparing patterns in chunk #206...
Reading /genome/chroms//chr17_KI270909v1_alt.fa...
Sending data to devices...
Chunk load started.
2 devices selected to analyze...
Finding pattern in chunk #207...
Comparing patterns in chunk #207...
Reading /genome/chroms//chr12_KI270835v1_alt.fa...
Sending data to devices...
Chunk load started.
2 devices selected to analyze...
Finding pattern in chunk #208...
Comparing patterns in chunk #208...
Reading /genome/chroms//chr22_KI270739v1_random.fa...
Sending data to devices...
Chunk load started.
2 devices selected to analyze...
Finding pattern in chunk #209...
Comparing patterns in chunk #209...
Reading /genome/chroms//chr19_KI270916v1_alt.fa...
Sending data to devices...
Chunk load started.
2 devices selected to analyze...
Finding pattern in chunk #210...
Comparing patterns in chunk #210...
Reading /genome/chroms//chr22_KI270736v1_random.fa...
Sending data to devices...
Chunk load started.
2 devices selected to analyze...
Finding pattern in chunk #211...
Comparing patterns in chunk #211...
Reading /genome/chroms//chr6_GL383533v1_alt.fa...
Sending data to devices...
Chunk load started.
2 devices selected to analyze...
Finding pattern in chunk #212...
Comparing patterns in chunk #212...
Reading /genome/chroms//chr7_KI270807v1_alt.fa...
Sending data to devices...
Chunk load started.
2 devices selected to analyze...
Finding pattern in chunk #213...
Comparing patterns in chunk #213...
Reading /genome/chroms//chr1_KI270760v1_alt.fa...
Sending data to devices...
Chunk load started.
2 devices selected to analyze...
Finding pattern in chunk #214...
Comparing patterns in chunk #214...
Reading /genome/chroms//chr22_KI270738v1_random.fa...
Sending data to devices...
Chunk load started.
2 devices selected to analyze...
Finding pattern in chunk #215...
Comparing patterns in chunk #215...
Reading /genome/chroms//chr15_KI270851v1_alt.fa...
Sending data to devices...
Chunk load started.
2 devices selected to analyze...
Finding pattern in chunk #216...
Comparing patterns in chunk #216...
Reading /genome/chroms//chr19_GL383574v1_alt.fa...
Sending data to devices...
Chunk load started.
2 devices selected to analyze...
Finding pattern in chunk #217...
Comparing patterns in chunk #217...
Reading /genome/chroms//chr19_KI270887v1_alt.fa...
Sending data to devices...
Chunk load started.
2 devices selected to analyze...
Finding pattern in chunk #218...
Comparing patterns in chunk #218...
Reading /genome/chroms//chr18_KI270911v1_alt.fa...
Sending data to devices...
Chunk load started.
2 devices selected to analyze...
Finding pattern in chunk #219...
Comparing patterns in chunk #219...
Reading /genome/chroms//chr19_KI270883v1_alt.fa...
Sending data to devices...
Chunk load started.
2 devices selected to analyze...
Finding pattern in chunk #220...
Comparing patterns in chunk #220...
Reading /genome/chroms//chr19_KI270917v1_alt.fa...
Sending data to devices...
Chunk load started.
2 devices selected to analyze...
Finding pattern in chunk #221...
Comparing patterns in chunk #221...
Reading /genome/chroms//chrUn_KI270467v1.fa...
Sending data to devices...
Chunk load started.
2 devices selected to analyze...
Finding pattern in chunk #222...
Comparing patterns in chunk #222...
Reading /genome/chroms//chr2_KI270774v1_alt.fa...
Sending data to devices...
Chunk load started.
2 devices selected to analyze...
Finding pattern in chunk #223...
Comparing patterns in chunk #223...
Reading /genome/chroms//chr2_KI270772v1_alt.fa...
Sending data to devices...
Chunk load started.
2 devices selected to analyze...
Finding pattern in chunk #224...
Comparing patterns in chunk #224...
Reading /genome/chroms//chr19_KI270930v1_alt.fa...
Sending data to devices...
Chunk load started.
2 devices selected to analyze...
Finding pattern in chunk #225...
Comparing patterns in chunk #225...
Reading /genome/chroms//chrUn_KI270442v1.fa...
Sending data to devices...
Chunk load started.
2 devices selected to analyze...
Finding pattern in chunk #226...
Comparing patterns in chunk #226...
Reading /genome/chroms//chrUn_KI270747v1.fa...
Sending data to devices...
Chunk load started.
2 devices selected to analyze...
Finding pattern in chunk #227...
Comparing patterns in chunk #227...
Reading /genome/chroms//chr9_KI270823v1_alt.fa...
Sending data to devices...
Chunk load started.
2 devices selected to analyze...
Finding pattern in chunk #228...
Comparing patterns in chunk #228...
Reading /genome/chroms//chr14_KI270722v1_random.fa...
Sending data to devices...
Chunk load started.
2 devices selected to analyze...
Finding pattern in chunk #229...
Comparing patterns in chunk #229...
Reading /genome/chroms//chr7_KI270803v1_alt.fa...
Sending data to devices...
Chunk load started.
2 devices selected to analyze...
Finding pattern in chunk #230...
Comparing patterns in chunk #230...
Reading /genome/chroms//chr8_KI270822v1_alt.fa...
Sending data to devices...
Chunk load started.
2 devices selected to analyze...
Finding pattern in chunk #231...
Comparing patterns in chunk #231...
Reading /genome/chroms//chr17_KI270729v1_random.fa...
Sending data to devices...
Chunk load started.
2 devices selected to analyze...
Finding pattern in chunk #232...
Comparing patterns in chunk #232...
Reading /genome/chroms//chrUn_KI270509v1.fa...
Sending data to devices...
Chunk load started.
2 devices selected to analyze...
Finding pattern in chunk #233...
Comparing patterns in chunk #233...
Reading /genome/chroms//chr3_KI270924v1_alt.fa...
Sending data to devices...
Chunk load started.
2 devices selected to analyze...
Finding pattern in chunk #234...
Comparing patterns in chunk #234...
Reading /genome/chroms//chr2_KI270716v1_random.fa...
Sending data to devices...
Chunk load started.
2 devices selected to analyze...
Finding pattern in chunk #235...
Comparing patterns in chunk #235...
Reading /genome/chroms//chr6_KI270797v1_alt.fa...
Sending data to devices...
Chunk load started.
2 devices selected to analyze...
Finding pattern in chunk #236...
Comparing patterns in chunk #236...
Reading /genome/chroms//chr3_KI270936v1_alt.fa...
Sending data to devices...
Chunk load started.
2 devices selected to analyze...
Finding pattern in chunk #237...
Comparing patterns in chunk #237...
Reading /genome/chroms//chr12_GL383549v1_alt.fa...
Sending data to devices...
Chunk load started.
2 devices selected to analyze...
Finding pattern in chunk #238...
Comparing patterns in chunk #238...
Reading /genome/chroms//chr17_KI270860v1_alt.fa...
Sending data to devices...
Chunk load started.
2 devices selected to analyze...
Finding pattern in chunk #239...
Comparing patterns in chunk #239...
Reading /genome/chroms//chr1_GL383519v1_alt.fa...
Sending data to devices...
Chunk load started.
2 devices selected to analyze...
Finding pattern in chunk #240...
Comparing patterns in chunk #240...
Reading /genome/chroms//chrUn_KI270387v1.fa...
Sending data to devices...
Chunk load started.
2 devices selected to analyze...
Finding pattern in chunk #241...
Comparing patterns in chunk #241...
Reading /genome/chroms//chr11_KI270721v1_random.fa...
Sending data to devices...
Chunk load started.
2 devices selected to analyze...
Finding pattern in chunk #242...
Comparing patterns in chunk #242...
Reading /genome/chroms//chr19_KI270915v1_alt.fa...
Sending data to devices...
Chunk load started.
2 devices selected to analyze...
Finding pattern in chunk #243...
Comparing patterns in chunk #243...
Reading /genome/chroms//chrUn_KI270363v1.fa...
Sending data to devices...
Chunk load started.
2 devices selected to analyze...
Finding pattern in chunk #244...
Comparing patterns in chunk #244...
Reading /genome/chroms//chr12_KI270836v1_alt.fa...
Sending data to devices...
Chunk load started.
2 devices selected to analyze...
Finding pattern in chunk #245...
Comparing patterns in chunk #245...
Reading /genome/chroms//chr19_GL000209v2_alt.fa...
Sending data to devices...
Chunk load started.
2 devices selected to analyze...
Finding pattern in chunk #246...
Comparing patterns in chunk #246...
Reading /genome/chroms//chrY_KI270740v1_random.fa...
Sending data to devices...
Chunk load started.
2 devices selected to analyze...
Finding pattern in chunk #247...
Comparing patterns in chunk #247...
Reading /genome/chroms//chr11_JH159137v1_alt.fa...
Sending data to devices...
Chunk load started.
2 devices selected to analyze...
Finding pattern in chunk #248...
Comparing patterns in chunk #248...
Reading /genome/chroms//chr3_JH636055v2_alt.fa...
Sending data to devices...
Chunk load started.
2 devices selected to analyze...
Finding pattern in chunk #249...
Comparing patterns in chunk #249...
Reading /genome/chroms//chr6_KI270798v1_alt.fa...
Sending data to devices...
Chunk load started.
2 devices selected to analyze...
Finding pattern in chunk #250...
Comparing patterns in chunk #250...
Reading /genome/chroms//chrUn_KI270322v1.fa...
Sending data to devices...
Chunk load started.
2 devices selected to analyze...
Finding pattern in chunk #251...
Comparing patterns in chunk #251...
Reading /genome/chroms//chr1_KI270763v1_alt.fa...
Sending data to devices...
Chunk load started.
2 devices selected to analyze...
Finding pattern in chunk #252...
Comparing patterns in chunk #252...
Reading /genome/chroms//chr4.fa...
Sending data to devices...
Chunk load started.
2 devices selected to analyze...
Finding pattern in chunk #253...
Comparing patterns in chunk #253...
Reading /genome/chroms//chrUn_KI270393v1.fa...
Sending data to devices...
Chunk load started.
2 devices selected to analyze...
Finding pattern in chunk #254...
Comparing patterns in chunk #254...
Reading /genome/chroms//chrUn_KI270419v1.fa...
Sending data to devices...
Chunk load started.
2 devices selected to analyze...
Finding pattern in chunk #255...
Comparing patterns in chunk #255...
Reading /genome/chroms//chr19_GL949747v2_alt.fa...
Sending data to devices...
Chunk load started.
2 devices selected to analyze...
Finding pattern in chunk #256...
Comparing patterns in chunk #256...
Reading /genome/chroms//chr3_KI270781v1_alt.fa...
Sending data to devices...
Chunk load started.
2 devices selected to analyze...
Finding pattern in chunk #257...
Comparing patterns in chunk #257...
Reading /genome/chroms//chrUn_KI270589v1.fa...
Sending data to devices...
Chunk load started.
2 devices selected to analyze...
Finding pattern in chunk #258...
Comparing patterns in chunk #258...
Reading /genome/chroms//chrUn_KI270519v1.fa...
Sending data to devices...
Chunk load started.
2 devices selected to analyze...
Finding pattern in chunk #259...
Comparing patterns in chunk #259...
Reading /genome/chroms//chr16_KI270853v1_alt.fa...
Sending data to devices...
Chunk load started.
2 devices selected to analyze...
Finding pattern in chunk #260...
Comparing patterns in chunk #260...
Reading /genome/chroms//chrUn_KI270754v1.fa...
Sending data to devices...
Chunk load started.
2 devices selected to analyze...
Finding pattern in chunk #261...
Comparing patterns in chunk #261...
Reading /genome/chroms//chrUn_KI270337v1.fa...
Sending data to devices...
Chunk load started.
2 devices selected to analyze...
Finding pattern in chunk #262...
Comparing patterns in chunk #262...
Reading /genome/chroms//chr22_KI270737v1_random.fa...
Sending data to devices...
Chunk load started.
2 devices selected to analyze...
Finding pattern in chunk #263...
Comparing patterns in chunk #263...
Reading /genome/chroms//chr14_KI270724v1_random.fa...
Sending data to devices...
Chunk load started.
2 devices selected to analyze...
Finding pattern in chunk #264...
Comparing patterns in chunk #264...
Reading /genome/chroms//chr20_KI270871v1_alt.fa...
Sending data to devices...
Chunk load started.
2 devices selected to analyze...
Finding pattern in chunk #265...
Comparing patterns in chunk #265...
Reading /genome/chroms//chr4_KI270789v1_alt.fa...
Sending data to devices...
Chunk load started.
2 devices selected to analyze...
Finding pattern in chunk #266...
Comparing patterns in chunk #266...
Reading /genome/chroms//chr3_KI270937v1_alt.fa...
Sending data to devices...
Chunk load started.
2 devices selected to analyze...
Finding pattern in chunk #267...
Comparing patterns in chunk #267...
Reading /genome/chroms//chr1_KI270706v1_random.fa...
Sending data to devices...
Chunk load started.
2 devices selected to analyze...
Finding pattern in chunk #268...
Comparing patterns in chunk #268...
Reading /genome/chroms//chr15_KI270905v1_alt.fa...
Sending data to devices...
Chunk load started.
2 devices selected to analyze...
Finding pattern in chunk #269...
Comparing patterns in chunk #269...
Reading /genome/chroms//chr19_GL949748v2_alt.fa...
Sending data to devices...
Chunk load started.
2 devices selected to analyze...
Finding pattern in chunk #270...
Comparing patterns in chunk #270...
Reading /genome/chroms//chr19_KI270882v1_alt.fa...
Sending data to devices...
Chunk load started.
2 devices selected to analyze...
Finding pattern in chunk #271...
Comparing patterns in chunk #271...
Reading /genome/chroms//chr10_GL383546v1_alt.fa...
Sending data to devices...
Chunk load started.
2 devices selected to analyze...
Finding pattern in chunk #272...
Comparing patterns in chunk #272...
Reading /genome/chroms//chr13_KI270842v1_alt.fa...
Sending data to devices...
Chunk load started.
2 devices selected to analyze...
Finding pattern in chunk #273...
Comparing patterns in chunk #273...
Reading /genome/chroms//chr12_GL877876v1_alt.fa...
Sending data to devices...
Chunk load started.
2 devices selected to analyze...
Finding pattern in chunk #274...
Comparing patterns in chunk #274...
Reading /genome/chroms//chr13_KI270841v1_alt.fa...
Sending data to devices...
Chunk load started.
2 devices selected to analyze...
Finding pattern in chunk #275...
Comparing patterns in chunk #275...
Reading /genome/chroms//chrUn_KI270465v1.fa...
Sending data to devices...
Chunk load started.
2 devices selected to analyze...
Finding pattern in chunk #276...
Comparing patterns in chunk #276...
Reading /genome/chroms//chr5_GL949742v1_alt.fa...
Sending data to devices...
Chunk load started.
2 devices selected to analyze...
Finding pattern in chunk #277...
Comparing patterns in chunk #277...
Reading /genome/chroms//chrUn_KI270386v1.fa...
Sending data to devices...
Chunk load started.
2 devices selected to analyze...
Finding pattern in chunk #278...
Comparing patterns in chunk #278...
Reading /genome/chroms//chrUn_KI270529v1.fa...
Sending data to devices...
Chunk load started.
2 devices selected to analyze...
Finding pattern in chunk #279...
Comparing patterns in chunk #279...
Reading /genome/chroms//chr16_KI270728v1_random.fa...
Sending data to devices...
Chunk load started.
2 devices selected to analyze...
Finding pattern in chunk #280...
Comparing patterns in chunk #280...
Reading /genome/chroms//chr8_KI270818v1_alt.fa...
Sending data to devices...
Chunk load started.
2 devices selected to analyze...
Finding pattern in chunk #281...
Comparing patterns in chunk #281...
Reading /genome/chroms//chr22_GL383583v2_alt.fa...
Sending data to devices...
Chunk load started.
2 devices selected to analyze...
Finding pattern in chunk #282...
Comparing patterns in chunk #282...
Reading /genome/chroms//chrUn_GL000220v1.fa...
Sending data to devices...
Chunk load started.
2 devices selected to analyze...
Finding pattern in chunk #283...
Comparing patterns in chunk #283...
Reading /genome/chroms//chrUn_KI270581v1.fa...
Sending data to devices...
Chunk load started.
2 devices selected to analyze...
Finding pattern in chunk #284...
Comparing patterns in chunk #284...
Reading /genome/chroms//chrX.fa...
Sending data to devices...
Chunk load started.
2 devices selected to analyze...
Finding pattern in chunk #285...
Comparing patterns in chunk #285...
Reading /genome/chroms//chr4_KI270786v1_alt.fa...
Sending data to devices...
Chunk load started.
2 devices selected to analyze...
Finding pattern in chunk #286...
Comparing patterns in chunk #286...
Reading /genome/chroms//chrUn_KI270587v1.fa...
Sending data to devices...
Chunk load started.
2 devices selected to analyze...
Finding pattern in chunk #287...
Comparing patterns in chunk #287...
Reading /genome/chroms//chr19_KI270919v1_alt.fa...
Sending data to devices...
Chunk load started.
2 devices selected to analyze...
Finding pattern in chunk #288...
Comparing patterns in chunk #288...
Reading /genome/chroms//chr15_GL383555v2_alt.fa...
Sending data to devices...
Chunk load started.
2 devices selected to analyze...
Finding pattern in chunk #289...
Comparing patterns in chunk #289...
Reading /genome/chroms//chr6_GL000255v2_alt.fa...
Sending data to devices...
Chunk load started.
2 devices selected to analyze...
Finding pattern in chunk #290...
Comparing patterns in chunk #290...
Reading /genome/chroms//chr1_KI270892v1_alt.fa...
Sending data to devices...
Chunk load started.
2 devices selected to analyze...
Finding pattern in chunk #291...
Comparing patterns in chunk #291...
Reading /genome/chroms//chrUn_KI270310v1.fa...
Sending data to devices...
Chunk load started.
2 devices selected to analyze...
Finding pattern in chunk #292...
Comparing patterns in chunk #292...
Reading /genome/chroms//chr1_KI270761v1_alt.fa...
Sending data to devices...
Chunk load started.
2 devices selected to analyze...
Finding pattern in chunk #293...
Comparing patterns in chunk #293...
Reading /genome/chroms//chrUn_GL000214v1.fa...
Sending data to devices...
Chunk load started.
2 devices selected to analyze...
Finding pattern in chunk #294...
Comparing patterns in chunk #294...
Reading /genome/chroms//chr4_GL000257v2_alt.fa...
Sending data to devices...
Chunk load started.
2 devices selected to analyze...
Finding pattern in chunk #295...
Comparing patterns in chunk #295...
Reading /genome/chroms//chrUn_KI270336v1.fa...
Sending data to devices...
Chunk load started.
2 devices selected to analyze...
Finding pattern in chunk #296...
Comparing patterns in chunk #296...
Reading /genome/chroms//chr19_KI270884v1_alt.fa...
Sending data to devices...
Chunk load started.
2 devices selected to analyze...
Finding pattern in chunk #297...
Comparing patterns in chunk #297...
Reading /genome/chroms//chr8_KI270821v1_alt.fa...
Sending data to devices...
Chunk load started.
2 devices selected to analyze...
Finding pattern in chunk #298...
Comparing patterns in chunk #298...
Reading /genome/chroms//chrUn_KI270521v1.fa...
Sending data to devices...
Chunk load started.
2 devices selected to analyze...
Finding pattern in chunk #299...
Comparing patterns in chunk #299...
Reading /genome/chroms//chr6_KI270758v1_alt.fa...
Sending data to devices...
Chunk load started.
2 devices selected to analyze...
Finding pattern in chunk #300...
Comparing patterns in chunk #300...
Reading /genome/chroms//chr11_KI270832v1_alt.fa...
Sending data to devices...
Chunk load started.
2 devices selected to analyze...
Finding pattern in chunk #301...
Comparing patterns in chunk #301...
Reading /genome/chroms//chr9_GL383540v1_alt.fa...
Sending data to devices...
Chunk load started.
2 devices selected to analyze...
Finding pattern in chunk #302...
Comparing patterns in chunk #302...
Reading /genome/chroms//chr2_KI270769v1_alt.fa...
Sending data to devices...
Chunk load started.
2 devices selected to analyze...
Finding pattern in chunk #303...
Comparing patterns in chunk #303...
Reading /genome/chroms//chr22_KI270732v1_random.fa...
Sending data to devices...
Chunk load started.
2 devices selected to analyze...
Finding pattern in chunk #304...
Comparing patterns in chunk #304...
Reading /genome/chroms//chr8_KI270901v1_alt.fa...
Sending data to devices...
Chunk load started.
2 devices selected to analyze...
Finding pattern in chunk #305...
Comparing patterns in chunk #305...
Reading /genome/chroms//chrUn_KI270508v1.fa...
Sending data to devices...
Chunk load started.
2 devices selected to analyze...
Finding pattern in chunk #306...
Comparing patterns in chunk #306...
Reading /genome/chroms//chr6_GL000251v2_alt.fa...
Sending data to devices...
Chunk load started.
2 devices selected to analyze...
Finding pattern in chunk #307...
Comparing patterns in chunk #307...
Reading /genome/chroms//chr17_KI270907v1_alt.fa...
Sending data to devices...
Chunk load started.
2 devices selected to analyze...
Finding pattern in chunk #308...
Comparing patterns in chunk #308...
Reading /genome/chroms//chrUn_GL000226v1.fa...
Sending data to devices...
Chunk load started.
2 devices selected to analyze...
Finding pattern in chunk #309...
Comparing patterns in chunk #309...
Reading /genome/chroms//chr8_KI270810v1_alt.fa...
Sending data to devices...
Chunk load started.
2 devices selected to analyze...
Finding pattern in chunk #310...
Comparing patterns in chunk #310...
Reading /genome/chroms//chr2_KI270894v1_alt.fa...
Sending data to devices...
Chunk load started.
2 devices selected to analyze...
Finding pattern in chunk #311...
Comparing patterns in chunk #311...
Reading /genome/chroms//chrUn_KI270580v1.fa...
Sending data to devices...
Chunk load started.
2 devices selected to analyze...
Finding pattern in chunk #312...
Comparing patterns in chunk #312...
Reading /genome/chroms//chr22_KI270877v1_alt.fa...
Sending data to devices...
Chunk load started.
2 devices selected to analyze...
Finding pattern in chunk #313...
Comparing patterns in chunk #313...
Reading /genome/chroms//chr17_KI270857v1_alt.fa...
Sending data to devices...
Chunk load started.
2 devices selected to analyze...
Finding pattern in chunk #314...
Comparing patterns in chunk #314...
Reading /genome/chroms//chr17_JH159147v1_alt.fa...
Sending data to devices...
Chunk load started.
2 devices selected to analyze...
Finding pattern in chunk #315...
Comparing patterns in chunk #315...
Reading /genome/chroms//chr20_KI270870v1_alt.fa...
Sending data to devices...
Chunk load started.
2 devices selected to analyze...
Finding pattern in chunk #316...
Comparing patterns in chunk #316...
Reading /genome/chroms//chr2_KI270771v1_alt.fa...
Sending data to devices...
Chunk load started.
2 devices selected to analyze...
Finding pattern in chunk #317...
Comparing patterns in chunk #317...
Reading /genome/chroms//chr1_KI270759v1_alt.fa...
Sending data to devices...
Chunk load started.
2 devices selected to analyze...
Finding pattern in chunk #318...
Comparing patterns in chunk #318...
Reading /genome/chroms//chrM.fa...
Sending data to devices...
Chunk load started.
2 devices selected to analyze...
Finding pattern in chunk #319...
Comparing patterns in chunk #319...
Reading /genome/chroms//chr2_KI270893v1_alt.fa...
Sending data to devices...
Chunk load started.
2 devices selected to analyze...
Finding pattern in chunk #320...
Comparing patterns in chunk #320...
Reading /genome/chroms//chr22_KI270928v1_alt.fa...
Sending data to devices...
Chunk load started.
2 devices selected to analyze...
Finding pattern in chunk #321...
Comparing patterns in chunk #321...
Reading /genome/chroms//chr19_KI270938v1_alt.fa...
Sending data to devices...
Chunk load started.
2 devices selected to analyze...
Finding pattern in chunk #322...
Comparing patterns in chunk #322...
Reading /genome/chroms//chr19_GL949752v1_alt.fa...
Sending data to devices...
Chunk load started.
2 devices selected to analyze...
Finding pattern in chunk #323...
Comparing patterns in chunk #323...
Reading /genome/chroms//chr1_KI270765v1_alt.fa...
Sending data to devices...
Chunk load started.
2 devices selected to analyze...
Finding pattern in chunk #324...
Comparing patterns in chunk #324...
Reading /genome/chroms//chrUn_KI270582v1.fa...
Sending data to devices...
Chunk load started.
2 devices selected to analyze...
Finding pattern in chunk #325...
Comparing patterns in chunk #325...
Reading /genome/chroms//chrUn_KI270538v1.fa...
Sending data to devices...
Chunk load started.
2 devices selected to analyze...
Finding pattern in chunk #326...
Comparing patterns in chunk #326...
Reading /genome/chroms//chr19_GL949751v2_alt.fa...
Sending data to devices...
Chunk load started.
2 devices selected to analyze...
Finding pattern in chunk #327...
Comparing patterns in chunk #327...
Reading /genome/chroms//chr4_KI270925v1_alt.fa...
Sending data to devices...
Chunk load started.
2 devices selected to analyze...
Finding pattern in chunk #328...
Comparing patterns in chunk #328...
Reading /genome/chroms//chrUn_KI270311v1.fa...
Sending data to devices...
Chunk load started.
2 devices selected to analyze...
Finding pattern in chunk #329...
Comparing patterns in chunk #329...
Reading /genome/chroms//chr18_GL383569v1_alt.fa...
Sending data to devices...
Chunk load started.
2 devices selected to analyze...
Finding pattern in chunk #330...
Comparing patterns in chunk #330...
Reading /genome/chroms//chr5_GL383532v1_alt.fa...
Sending data to devices...
Chunk load started.
2 devices selected to analyze...
Finding pattern in chunk #331...
Comparing patterns in chunk #331...
Reading /genome/chroms//chr17_KI270858v1_alt.fa...
Sending data to devices...
Chunk load started.
2 devices selected to analyze...
Finding pattern in chunk #332...
Comparing patterns in chunk #332...
Reading /genome/chroms//chrUn_KI270511v1.fa...
Sending data to devices...
Chunk load started.
2 devices selected to analyze...
Finding pattern in chunk #333...
Comparing patterns in chunk #333...
Reading /genome/chroms//chr20_GL383577v2_alt.fa...
Sending data to devices...
Chunk load started.
2 devices selected to analyze...
Finding pattern in chunk #334...
Comparing patterns in chunk #334...
Reading /genome/chroms//chr12.fa...
Sending data to devices...
Chunk load started.
2 devices selected to analyze...
Finding pattern in chunk #335...
Comparing patterns in chunk #335...
Reading /genome/chroms//chr18_KI270912v1_alt.fa...
Sending data to devices...
Chunk load started.
2 devices selected to analyze...
Finding pattern in chunk #336...
Comparing patterns in chunk #336...
Reading /genome/chroms//chrUn_KI270435v1.fa...
Sending data to devices...
Chunk load started.
2 devices selected to analyze...
Finding pattern in chunk #337...
Comparing patterns in chunk #337...
Reading /genome/chroms//chr1_KI270712v1_random.fa...
Sending data to devices...
Chunk load started.
2 devices selected to analyze...
Finding pattern in chunk #338...
Comparing patterns in chunk #338...
Reading /genome/chroms//chr1_KI270714v1_random.fa...
Sending data to devices...
Chunk load started.
2 devices selected to analyze...
Finding pattern in chunk #339...
Comparing patterns in chunk #339...
Reading /genome/chroms//chr18_GL383568v1_alt.fa...
Sending data to devices...
Chunk load started.
2 devices selected to analyze...
Finding pattern in chunk #340...
Comparing patterns in chunk #340...
Reading /genome/chroms//chrUn_KI270396v1.fa...
Sending data to devices...
Chunk load started.
2 devices selected to analyze...
Finding pattern in chunk #341...
Comparing patterns in chunk #341...
Reading /genome/chroms//chr17_KI270859v1_alt.fa...
Sending data to devices...
Chunk load started.
2 devices selected to analyze...
Finding pattern in chunk #342...
Comparing patterns in chunk #342...
Reading /genome/chroms//chrUn_KI270590v1.fa...
Sending data to devices...
Chunk load started.
2 devices selected to analyze...
Finding pattern in chunk #343...
Comparing patterns in chunk #343...
Reading /genome/chroms//chr18_GL383572v1_alt.fa...
Sending data to devices...
Chunk load started.
2 devices selected to analyze...
Finding pattern in chunk #344...
Comparing patterns in chunk #344...
Reading /genome/chroms//chr14_GL000225v1_random.fa...
Sending data to devices...
Chunk load started.
2 devices selected to analyze...
Finding pattern in chunk #345...
Comparing patterns in chunk #345...
Reading /genome/chroms//chr21.fa...
Sending data to devices...
Chunk load started.
2 devices selected to analyze...
Finding pattern in chunk #346...
Comparing patterns in chunk #346...
Reading /genome/chroms//chr17_KI270908v1_alt.fa...
Sending data to devices...
Chunk load started.
2 devices selected to analyze...
Finding pattern in chunk #347...
Comparing patterns in chunk #347...
Reading /genome/chroms//chr3_KI270780v1_alt.fa...
Sending data to devices...
Chunk load started.
2 devices selected to analyze...
Finding pattern in chunk #348...
Comparing patterns in chunk #348...
Reading /genome/chroms//chr1_KI270709v1_random.fa...
Sending data to devices...
Chunk load started.
2 devices selected to analyze...
Finding pattern in chunk #349...
Comparing patterns in chunk #349...
Reading /genome/chroms//chrUn_KI270579v1.fa...
Sending data to devices...
Chunk load started.
2 devices selected to analyze...
Finding pattern in chunk #350...
Comparing patterns in chunk #350...
Reading /genome/chroms//chrUn_KI270395v1.fa...
Sending data to devices...
Chunk load started.
2 devices selected to analyze...
Finding pattern in chunk #351...
Comparing patterns in chunk #351...
Reading /genome/chroms//chrUn_KI270312v1.fa...
Sending data to devices...
Chunk load started.
2 devices selected to analyze...
Finding pattern in chunk #352...
Comparing patterns in chunk #352...
Reading /genome/chroms//chrUn_KI270316v1.fa...
Sending data to devices...
Chunk load started.
2 devices selected to analyze...
Finding pattern in chunk #353...
Comparing patterns in chunk #353...
Reading /genome/chroms//chrUn_KI270422v1.fa...
Sending data to devices...
Chunk load started.
2 devices selected to analyze...
Finding pattern in chunk #354...
Comparing patterns in chunk #354...
Reading /genome/chroms//chrUn_KI270374v1.fa...
Sending data to devices...
Chunk load started.
2 devices selected to analyze...
Finding pattern in chunk #355...
Comparing patterns in chunk #355...
Reading /genome/chroms//chr1.fa...
Sending data to devices...
Chunk load started.
2 devices selected to analyze...
Finding pattern in chunk #356...
Comparing patterns in chunk #356...
Reading /genome/chroms//chr19_GL949746v1_alt.fa...
Sending data to devices...
Chunk load started.
2 devices selected to analyze...
Finding pattern in chunk #357...
Comparing patterns in chunk #357...
Reading /genome/chroms//chrUn_KI270382v1.fa...
Sending data to devices...
Chunk load started.
2 devices selected to analyze...
Finding pattern in chunk #358...
Comparing patterns in chunk #358...
Reading /genome/chroms//chrUn_KI270745v1.fa...
Sending data to devices...
Chunk load started.
2 devices selected to analyze...
Finding pattern in chunk #359...
Comparing patterns in chunk #359...
Reading /genome/chroms//chr8_KI270813v1_alt.fa...
Sending data to devices...
Chunk load started.
2 devices selected to analyze...
Finding pattern in chunk #360...
Comparing patterns in chunk #360...
Reading /genome/chroms//chrUn_KI270593v1.fa...
Sending data to devices...
Chunk load started.
2 devices selected to analyze...
Finding pattern in chunk #361...
Comparing patterns in chunk #361...
Reading /genome/chroms//chr14_KI270725v1_random.fa...
Sending data to devices...
Chunk load started.
2 devices selected to analyze...
Finding pattern in chunk #362...
Comparing patterns in chunk #362...
Reading /genome/chroms//chrUn_KI270751v1.fa...
Sending data to devices...
Chunk load started.
2 devices selected to analyze...
Finding pattern in chunk #363...
Comparing patterns in chunk #363...
Reading /genome/chroms//chr5_KI270898v1_alt.fa...
Sending data to devices...
Chunk load started.
2 devices selected to analyze...
Finding pattern in chunk #364...
Comparing patterns in chunk #364...
Reading /genome/chroms//chrUn_KI270372v1.fa...
Sending data to devices...
Chunk load started.
2 devices selected to analyze...
Finding pattern in chunk #365...
Comparing patterns in chunk #365...
Reading /genome/chroms//chr2.fa...
Sending data to devices...
Chunk load started.
2 devices selected to analyze...
Finding pattern in chunk #366...
Comparing patterns in chunk #366...
Reading /genome/chroms//chr6_GL000254v2_alt.fa...
Sending data to devices...
Chunk load started.
2 devices selected to analyze...
Finding pattern in chunk #367...
Comparing patterns in chunk #367...
Reading /genome/chroms//chr11_KI270829v1_alt.fa...
Sending data to devices...
Chunk load started.
2 devices selected to analyze...
Finding pattern in chunk #368...
Comparing patterns in chunk #368...
Reading /genome/chroms//chr15_KI270852v1_alt.fa...
Sending data to devices...
Chunk load started.
2 devices selected to analyze...
Finding pattern in chunk #369...
Comparing patterns in chunk #369...
Reading /genome/chroms//chr9_KI270720v1_random.fa...
Sending data to devices...
Chunk load started.
2 devices selected to analyze...
Finding pattern in chunk #370...
Comparing patterns in chunk #370...
Reading /genome/chroms//chr14_KI270726v1_random.fa...
Sending data to devices...
Chunk load started.
2 devices selected to analyze...
Finding pattern in chunk #371...
Comparing patterns in chunk #371...
Reading /genome/chroms//chr22_KI270876v1_alt.fa...
Sending data to devices...
Chunk load started.
2 devices selected to analyze...
Finding pattern in chunk #372...
Comparing patterns in chunk #372...
Reading /genome/chroms//chr1_KI270762v1_alt.fa...
Sending data to devices...
Chunk load started.
2 devices selected to analyze...
Finding pattern in chunk #373...
Comparing patterns in chunk #373...
Reading /genome/chroms//chr19_KI270921v1_alt.fa...
Sending data to devices...
Chunk load started.
2 devices selected to analyze...
Finding pattern in chunk #374...
Comparing patterns in chunk #374...
Reading /genome/chroms//chr17_JH159148v1_alt.fa...
Sending data to devices...
Chunk load started.
2 devices selected to analyze...
Finding pattern in chunk #375...
Comparing patterns in chunk #375...
Reading /genome/chroms//chrUn_KI270389v1.fa...
Sending data to devices...
Chunk load started.
2 devices selected to analyze...
Finding pattern in chunk #376...
Comparing patterns in chunk #376...
Reading /genome/chroms//chr17_GL383563v3_alt.fa...
Sending data to devices...
Chunk load started.
2 devices selected to analyze...
Finding pattern in chunk #377...
Comparing patterns in chunk #377...
Reading /genome/chroms//chr7.fa...
Sending data to devices...
Chunk load started.
2 devices selected to analyze...
Finding pattern in chunk #378...
Comparing patterns in chunk #378...
Reading /genome/chroms//chr19_KI270933v1_alt.fa...
Sending data to devices...
Chunk load started.
2 devices selected to analyze...
Finding pattern in chunk #379...
Comparing patterns in chunk #379...
Reading /genome/chroms//chrUn_KI270584v1.fa...
Sending data to devices...
Chunk load started.
2 devices selected to analyze...
Finding pattern in chunk #380...
Comparing patterns in chunk #380...
Reading /genome/chroms//chrUn_KI270383v1.fa...
Sending data to devices...
Chunk load started.
2 devices selected to analyze...
Finding pattern in chunk #381...
Comparing patterns in chunk #381...
Reading /genome/chroms//chr11_KI270826v1_alt.fa...
Sending data to devices...
Chunk load started.
2 devices selected to analyze...
Finding pattern in chunk #382...
Comparing patterns in chunk #382...
Reading /genome/chroms//chr19_KI270918v1_alt.fa...
Sending data to devices...
Chunk load started.
2 devices selected to analyze...
Finding pattern in chunk #383...
Comparing patterns in chunk #383...
Reading /genome/chroms//chr19_KI270922v1_alt.fa...
Sending data to devices...
Chunk load started.
2 devices selected to analyze...
Finding pattern in chunk #384...
Comparing patterns in chunk #384...
Reading /genome/chroms//chr4_KI270790v1_alt.fa...
Sending data to devices...
Chunk load started.
2 devices selected to analyze...
Finding pattern in chunk #385...
Comparing patterns in chunk #385...
Reading /genome/chroms//chr15_KI270849v1_alt.fa...
Sending data to devices...
Chunk load started.
2 devices selected to analyze...
Finding pattern in chunk #386...
Comparing patterns in chunk #386...
Reading /genome/chroms//chrUn_KI270753v1.fa...
Sending data to devices...
Chunk load started.
2 devices selected to analyze...
Finding pattern in chunk #387...
Comparing patterns in chunk #387...
Reading /genome/chroms//chr8_KI270812v1_alt.fa...
Sending data to devices...
Chunk load started.
2 devices selected to analyze...
Finding pattern in chunk #388...
Comparing patterns in chunk #388...
Reading /genome/chroms//chr22_GL383582v2_alt.fa...
Sending data to devices...
Chunk load started.
2 devices selected to analyze...
Finding pattern in chunk #389...
Comparing patterns in chunk #389...
Reading /genome/chroms//chrUn_KI270528v1.fa...
Sending data to devices...
Chunk load started.
2 devices selected to analyze...
Finding pattern in chunk #390...
Comparing patterns in chunk #390...
Reading /genome/chroms//chr14_KI270847v1_alt.fa...
Sending data to devices...
Chunk load started.
2 devices selected to analyze...
Finding pattern in chunk #391...
Comparing patterns in chunk #391...
Reading /genome/chroms//chrUn_KI270429v1.fa...
Sending data to devices...
Chunk load started.
2 devices selected to analyze...
Finding pattern in chunk #392...
Comparing patterns in chunk #392...
Reading /genome/chroms//chrUn_KI270315v1.fa...
Sending data to devices...
Chunk load started.
2 devices selected to analyze...
Finding pattern in chunk #393...
Comparing patterns in chunk #393...
Reading /genome/chroms//chr9_KI270717v1_random.fa...
Sending data to devices...
Chunk load started.
2 devices selected to analyze...
Finding pattern in chunk #394...
Comparing patterns in chunk #394...
Reading /genome/chroms//chrX_KI270880v1_alt.fa...
Sending data to devices...
Chunk load started.
2 devices selected to analyze...
Finding pattern in chunk #395...
Comparing patterns in chunk #395...
Reading /genome/chroms//chr19_KI270867v1_alt.fa...
Sending data to devices...
Chunk load started.
2 devices selected to analyze...
Finding pattern in chunk #396...
Comparing patterns in chunk #396...
Reading /genome/chroms//chrUn_KI270373v1.fa...
Sending data to devices...
Chunk load started.
2 devices selected to analyze...
Finding pattern in chunk #397...
Comparing patterns in chunk #397...
Reading /genome/chroms//chr21_KI270872v1_alt.fa...
Sending data to devices...
Chunk load started.
2 devices selected to analyze...
Finding pattern in chunk #398...
Comparing patterns in chunk #398...
Reading /genome/chroms//chrY.fa...
Sending data to devices...
Chunk load started.
2 devices selected to analyze...
Finding pattern in chunk #399...
Comparing patterns in chunk #399...
Reading /genome/chroms//chrUn_KI270507v1.fa...
Sending data to devices...
Chunk load started.
2 devices selected to analyze...
Finding pattern in chunk #400...
Comparing patterns in chunk #400...
Reading /genome/chroms//chrUn_KI270746v1.fa...
Sending data to devices...
Chunk load started.
2 devices selected to analyze...
Finding pattern in chunk #401...
Comparing patterns in chunk #401...
Reading /genome/chroms//chr9_KI270719v1_random.fa...
Sending data to devices...
Chunk load started.
2 devices selected to analyze...
Finding pattern in chunk #402...
Comparing patterns in chunk #402...
Reading /genome/chroms//chrUn_KI270338v1.fa...
Sending data to devices...
Chunk load started.
2 devices selected to analyze...
Finding pattern in chunk #403...
Comparing patterns in chunk #403...
Reading /genome/chroms//chr6_GL000253v2_alt.fa...
Sending data to devices...
Chunk load started.
2 devices selected to analyze...
Finding pattern in chunk #404...
Comparing patterns in chunk #404...
Reading /genome/chroms//chr19_GL383573v1_alt.fa...
Sending data to devices...
Chunk load started.
2 devices selected to analyze...
Finding pattern in chunk #405...
Comparing patterns in chunk #405...
Reading /genome/chroms//chrUn_KI270749v1.fa...
Sending data to devices...
Chunk load started.
2 devices selected to analyze...
Finding pattern in chunk #406...
Comparing patterns in chunk #406...
Reading /genome/chroms//chr14_KI270723v1_random.fa...
Sending data to devices...
Chunk load started.
2 devices selected to analyze...
Finding pattern in chunk #407...
Comparing patterns in chunk #407...
Reading /genome/chroms//chr5_KI270796v1_alt.fa...
Sending data to devices...
Chunk load started.
2 devices selected to analyze...
Finding pattern in chunk #408...
Comparing patterns in chunk #408...
Reading /genome/chroms//chr12_GL383552v1_alt.fa...
Sending data to devices...
Chunk load started.
2 devices selected to analyze...
Finding pattern in chunk #409...
Comparing patterns in chunk #409...
Reading /genome/chroms//chr12_KI270834v1_alt.fa...
Sending data to devices...
Chunk load started.
2 devices selected to analyze...
Finding pattern in chunk #410...
Comparing patterns in chunk #410...
Reading /genome/chroms//chr7_KI270806v1_alt.fa...
Sending data to devices...
Chunk load started.
2 devices selected to analyze...
Finding pattern in chunk #411...
Comparing patterns in chunk #411...
Reading /genome/chroms//chr3_KI270895v1_alt.fa...
Sending data to devices...
Chunk load started.
2 devices selected to analyze...
Finding pattern in chunk #412...
Comparing patterns in chunk #412...
Reading /genome/chroms//chr22_KI270878v1_alt.fa...
Sending data to devices...
Chunk load started.
2 devices selected to analyze...
Finding pattern in chunk #413...
Comparing patterns in chunk #413...
Reading /genome/chroms//chr4_GL383528v1_alt.fa...
Sending data to devices...
Chunk load started.
2 devices selected to analyze...
Finding pattern in chunk #414...
Comparing patterns in chunk #414...
Reading /genome/chroms//chrUn_KI270515v1.fa...
Sending data to devices...
Chunk load started.
2 devices selected to analyze...
Finding pattern in chunk #415...
Comparing patterns in chunk #415...
Reading /genome/chroms//chr18_GL383571v1_alt.fa...
Sending data to devices...
Chunk load started.
2 devices selected to analyze...
Finding pattern in chunk #416...
Comparing patterns in chunk #416...
Reading /genome/chroms//chr10_KI270825v1_alt.fa...
Sending data to devices...
Chunk load started.
2 devices selected to analyze...
Finding pattern in chunk #417...
Comparing patterns in chunk #417...
Reading /genome/chroms//chrUn_KI270392v1.fa...
Sending data to devices...
Chunk load started.
2 devices selected to analyze...
Finding pattern in chunk #418...
Comparing patterns in chunk #418...
Reading /genome/chroms//chr11_KI270902v1_alt.fa...
Sending data to devices...
Chunk load started.
2 devices selected to analyze...
Finding pattern in chunk #419...
Comparing patterns in chunk #419...
Reading /genome/chroms//chrUn_KI270423v1.fa...
Sending data to devices...
Chunk load started.
2 devices selected to analyze...
Finding pattern in chunk #420...
Comparing patterns in chunk #420...
Reading /genome/chroms//chr4_KI270788v1_alt.fa...
Sending data to devices...
Chunk load started.
2 devices selected to analyze...
Finding pattern in chunk #421...
Comparing patterns in chunk #421...
Reading /genome/chroms//chr11_KI270903v1_alt.fa...
Sending data to devices...
Chunk load started.
2 devices selected to analyze...
Finding pattern in chunk #422...
Comparing patterns in chunk #422...
Reading /genome/chroms//chr19_KI270865v1_alt.fa...
Sending data to devices...
Chunk load started.
2 devices selected to analyze...
Finding pattern in chunk #423...
Comparing patterns in chunk #423...
Reading /genome/chroms//chr5_GL000208v1_random.fa...
Sending data to devices...
Chunk load started.
2 devices selected to analyze...
Finding pattern in chunk #424...
Comparing patterns in chunk #424...
Reading /genome/chroms//chr10.fa...
Sending data to devices...
Chunk load started.
2 devices selected to analyze...
Finding pattern in chunk #425...
Comparing patterns in chunk #425...
Reading /genome/chroms//chr14_KI270845v1_alt.fa...
Sending data to devices...
Chunk load started.
2 devices selected to analyze...
Finding pattern in chunk #426...
Comparing patterns in chunk #426...
Reading /genome/chroms//chrUn_KI270371v1.fa...
Sending data to devices...
Chunk load started.
2 devices selected to analyze...
Finding pattern in chunk #427...
Comparing patterns in chunk #427...
Reading /genome/chroms//chr4_KI270785v1_alt.fa...
Sending data to devices...
Chunk load started.
2 devices selected to analyze...
Finding pattern in chunk #428...
Comparing patterns in chunk #428...
Reading /genome/chroms//chrUn_KI270510v1.fa...
Sending data to devices...
Chunk load started.
2 devices selected to analyze...
Finding pattern in chunk #429...
Comparing patterns in chunk #429...
Reading /genome/chroms//chr1_KI270764v1_alt.fa...
Sending data to devices...
Chunk load started.
2 devices selected to analyze...
Finding pattern in chunk #430...
Comparing patterns in chunk #430...
Reading /genome/chroms//chr2_KI270768v1_alt.fa...
Sending data to devices...
Chunk load started.
2 devices selected to analyze...
Finding pattern in chunk #431...
Comparing patterns in chunk #431...
Reading /genome/chroms//chr8_KI270926v1_alt.fa...
Sending data to devices...
Chunk load started.
2 devices selected to analyze...
Finding pattern in chunk #432...
Comparing patterns in chunk #432...
Reading /genome/chroms//chrUn_KI270424v1.fa...
Sending data to devices...
Chunk load started.
2 devices selected to analyze...
Finding pattern in chunk #433...
Comparing patterns in chunk #433...
Reading /genome/chroms//chrUn_KI270385v1.fa...
Sending data to devices...
Chunk load started.
2 devices selected to analyze...
Finding pattern in chunk #434...
Comparing patterns in chunk #434...
Reading /genome/chroms//chrUn_KI270756v1.fa...
Sending data to devices...
Chunk load started.
2 devices selected to analyze...
Finding pattern in chunk #435...
Comparing patterns in chunk #435...
Reading /genome/chroms//chr11_KI270827v1_alt.fa...
Sending data to devices...
Chunk load started.
2 devices selected to analyze...
Finding pattern in chunk #436...
Comparing patterns in chunk #436...
Reading /genome/chroms//chr8_KI270811v1_alt.fa...
Sending data to devices...
Chunk load started.
2 devices selected to analyze...
Finding pattern in chunk #437...
Comparing patterns in chunk #437...
Reading /genome/chroms//chrUn_KI270364v1.fa...
Sending data to devices...
Chunk load started.
2 devices selected to analyze...
Finding pattern in chunk #438...
Comparing patterns in chunk #438...
Reading /genome/chroms//chr19_KI270920v1_alt.fa...
Sending data to devices...
Chunk load started.
2 devices selected to analyze...
Finding pattern in chunk #439...
Comparing patterns in chunk #439...
Reading /genome/chroms//chr17_KI270730v1_random.fa...
Sending data to devices...
Chunk load started.
2 devices selected to analyze...
Finding pattern in chunk #440...
Comparing patterns in chunk #440...
Reading /genome/chroms//chrUn_KI270741v1.fa...
Sending data to devices...
Chunk load started.
2 devices selected to analyze...
Finding pattern in chunk #441...
Comparing patterns in chunk #441...
Reading /genome/chroms//chr11.fa...
Sending data to devices...
Chunk load started.
2 devices selected to analyze...
Finding pattern in chunk #442...
Comparing patterns in chunk #442...
Reading /genome/chroms//chr19_KI270885v1_alt.fa...
Sending data to devices...
Chunk load started.
2 devices selected to analyze...
Finding pattern in chunk #443...
Comparing patterns in chunk #443...
Reading /genome/chroms//chr8_KI270817v1_alt.fa...
Sending data to devices...
Chunk load started.
2 devices selected to analyze...
Finding pattern in chunk #444...
Comparing patterns in chunk #444...
Reading /genome/chroms//chrUn_KI270304v1.fa...
Sending data to devices...
Chunk load started.
2 devices selected to analyze...
Finding pattern in chunk #445...
Comparing patterns in chunk #445...
Reading /genome/chroms//chr1_KI270766v1_alt.fa...
Sending data to devices...
Chunk load started.
2 devices selected to analyze...
Finding pattern in chunk #446...
Comparing patterns in chunk #446...
Reading /genome/chroms//chrUn_KI270388v1.fa...
Sending data to devices...
Chunk load started.
2 devices selected to analyze...
Finding pattern in chunk #447...
Comparing patterns in chunk #447...
Reading /genome/chroms//chr19_GL383575v2_alt.fa...
Sending data to devices...
Chunk load started.
2 devices selected to analyze...
Finding pattern in chunk #448...
Comparing patterns in chunk #448...
Reading /genome/chroms//chr3_KI270783v1_alt.fa...
Sending data to devices...
Chunk load started.
2 devices selected to analyze...
Finding pattern in chunk #449...
Comparing patterns in chunk #449...
Reading /genome/chroms//chrUn_KI270320v1.fa...
Sending data to devices...
Chunk load started.
2 devices selected to analyze...
Finding pattern in chunk #450...
Comparing patterns in chunk #450...
Reading /genome/chroms//chrUn_KI270418v1.fa...
Sending data to devices...
Chunk load started.
2 devices selected to analyze...
Finding pattern in chunk #451...
Comparing patterns in chunk #451...
Reading /genome/chroms//chr13_KI270840v1_alt.fa...
Sending data to devices...
Chunk load started.
2 devices selected to analyze...
Finding pattern in chunk #452...
Comparing patterns in chunk #452...
Reading /genome/chroms//chrUn_GL000218v1.fa...
Sending data to devices...
Chunk load started.
2 devices selected to analyze...
Finding pattern in chunk #453...
Comparing patterns in chunk #453...
Reading /genome/chroms//chrUn_KI270375v1.fa...
Sending data to devices...
Chunk load started.
2 devices selected to analyze...
Finding pattern in chunk #454...
Comparing patterns in chunk #454...
Reading /genome/chroms//chr15_KI270850v1_alt.fa...
Sending data to devices...
Chunk load started.
2 devices selected to analyze...
Finding pattern in chunk #455...
Comparing patterns in chunk #455...
3399.6 seconds elapsed.
	Command being timed: "/cas-off/cas-off /var/lib/cwl/stgf969738d-773d-45b2-8b04-e0783d4bbd12/casoff100_i5.input C casoff100_i5.output"
	User time (seconds): 3130.02
	System time (seconds): 266.79
	Percent of CPU this job got: 99%
	Elapsed (wall clock) time (h:mm:ss or m:ss): 56:39.63
	Average shared text size (kbytes): 0
	Average unshared data size (kbytes): 0
	Average stack size (kbytes): 0
	Average total size (kbytes): 0
	Maximum resident set size (kbytes): 739168
	Average resident set size (kbytes): 0
	Major (requiring I/O) page faults: 211
	Minor (reclaiming a frame) page faults: 1697458
	Voluntary context switches: 123635
	Involuntary context switches: 542021
	Swaps: 0
	File system inputs: 1006640
	File system outputs: 5552
	Socket messages sent: 0
	Socket messages received: 0
	Signals delivered: 0
	Page size (bytes): 4096
	Exit status: 0
