	Command being timed: "java -Xmx8g -jar /FlashFry/flashfry.jar --analysis discover --database /genome/hg38 --fasta /var/lib/cwl/stg7733b32e-a657-41d8-82c5-0eac2fcd8f95/flashfry100_i5.fasta --output flashfry100_i5.output --maxMismatch 5"
	User time (seconds): 48.57
	System time (seconds): 1.00
	Percent of CPU this job got: 96%
	Elapsed (wall clock) time (h:mm:ss or m:ss): 0:51.58
	Average shared text size (kbytes): 0
	Average unshared data size (kbytes): 0
	Average stack size (kbytes): 0
	Average total size (kbytes): 0
	Maximum resident set size (kbytes): 203308
	Average resident set size (kbytes): 0
	Major (requiring I/O) page faults: 2
	Minor (reclaiming a frame) page faults: 51419
	Voluntary context switches: 10304
	Involuntary context switches: 7678
	Swaps: 0
	File system inputs: 1084632
	File system outputs: 4504
	Socket messages sent: 0
	Socket messages received: 0
	Signals delivered: 0
	Page size (bytes): 4096
	Exit status: 0
