	Command being timed: "java -Xmx8g -jar /FlashFry/flashfry.jar --analysis discover --database /genome/hg38 --fasta /var/lib/cwl/stg66d1e481-5464-43eb-95f9-a9bc73316aca/flashfry10_i5.fasta --output flashfry10_i5.output --maxMismatch 5"
	User time (seconds): 36.29
	System time (seconds): 1.03
	Percent of CPU this job got: 95%
	Elapsed (wall clock) time (h:mm:ss or m:ss): 0:39.21
	Average shared text size (kbytes): 0
	Average unshared data size (kbytes): 0
	Average stack size (kbytes): 0
	Average total size (kbytes): 0
	Maximum resident set size (kbytes): 183964
	Average resident set size (kbytes): 0
	Major (requiring I/O) page faults: 3
	Minor (reclaiming a frame) page faults: 46742
	Voluntary context switches: 9211
	Involuntary context switches: 6538
	Swaps: 0
	File system inputs: 956976
	File system outputs: 456
	Socket messages sent: 0
	Socket messages received: 0
	Signals delivered: 0
	Page size (bytes): 4096
	Exit status: 0
