	Command being timed: "java -Xmx8g -jar /FlashFry/flashfry.jar --analysis discover --database /genome/hg38 --fasta /var/lib/cwl/stg24195e8b-40cd-4585-9400-d7337d79018c/flashfry100_i3.fasta --output flashfry100_i3.output --maxMismatch 3"
	User time (seconds): 34.48
	System time (seconds): 0.98
	Percent of CPU this job got: 95%
	Elapsed (wall clock) time (h:mm:ss or m:ss): 0:37.02
	Average shared text size (kbytes): 0
	Average unshared data size (kbytes): 0
	Average stack size (kbytes): 0
	Average total size (kbytes): 0
	Maximum resident set size (kbytes): 189604
	Average resident set size (kbytes): 0
	Major (requiring I/O) page faults: 5
	Minor (reclaiming a frame) page faults: 47975
	Voluntary context switches: 8805
	Involuntary context switches: 6612
	Swaps: 0
	File system inputs: 733192
	File system outputs: 48
	Socket messages sent: 0
	Socket messages received: 0
	Signals delivered: 0
	Page size (bytes): 4096
	Exit status: 0
