	Command being timed: "java -Xmx8g -jar /FlashFry/flashfry.jar --analysis discover --database /genome/hg38 --fasta /var/lib/cwl/stg624b6765-fe60-4ece-9bdf-895402dd36c8/flashfry10_i4.fasta --output flashfry10_i4.output --maxMismatch 4"
	User time (seconds): 33.82
	System time (seconds): 0.98
	Percent of CPU this job got: 94%
	Elapsed (wall clock) time (h:mm:ss or m:ss): 0:36.80
	Average shared text size (kbytes): 0
	Average unshared data size (kbytes): 0
	Average stack size (kbytes): 0
	Average total size (kbytes): 0
	Maximum resident set size (kbytes): 182100
	Average resident set size (kbytes): 0
	Major (requiring I/O) page faults: 1
	Minor (reclaiming a frame) page faults: 47839
	Voluntary context switches: 9236
	Involuntary context switches: 6200
	Swaps: 0
	File system inputs: 1390272
	File system outputs: 32
	Socket messages sent: 0
	Socket messages received: 0
	Signals delivered: 0
	Page size (bytes): 4096
	Exit status: 0
