	Command being timed: "java -Xmx8g -jar /FlashFry/flashfry.jar --analysis discover --database /genome/hg38 --fasta /var/lib/cwl/stgc4ab5332-6631-4d22-99ed-a9842a9d0cdc/flashfry1_i3.fasta --output flashfry1_i3.output --maxMismatch 3"
	User time (seconds): 5.25
	System time (seconds): 0.21
	Percent of CPU this job got: 99%
	Elapsed (wall clock) time (h:mm:ss or m:ss): 0:05.48
	Average shared text size (kbytes): 0
	Average unshared data size (kbytes): 0
	Average stack size (kbytes): 0
	Average total size (kbytes): 0
	Maximum resident set size (kbytes): 169880
	Average resident set size (kbytes): 0
	Major (requiring I/O) page faults: 0
	Minor (reclaiming a frame) page faults: 42959
	Voluntary context switches: 3777
	Involuntary context switches: 3152
	Swaps: 0
	File system inputs: 8
	File system outputs: 8
	Socket messages sent: 0
	Socket messages received: 0
	Signals delivered: 0
	Page size (bytes): 4096
	Exit status: 0
