	Command being timed: "java -Xmx8g -jar /FlashFry/flashfry.jar --analysis discover --database /genome/hg38 --fasta /var/lib/cwl/stg29ea9e43-e9cc-4a49-8f25-5a434875e294/flashfry100_i4.fasta --output flashfry100_i4.output --maxMismatch 4"
	User time (seconds): 40.62
	System time (seconds): 0.91
	Percent of CPU this job got: 95%
	Elapsed (wall clock) time (h:mm:ss or m:ss): 0:43.32
	Average shared text size (kbytes): 0
	Average unshared data size (kbytes): 0
	Average stack size (kbytes): 0
	Average total size (kbytes): 0
	Maximum resident set size (kbytes): 202344
	Average resident set size (kbytes): 0
	Major (requiring I/O) page faults: 3
	Minor (reclaiming a frame) page faults: 51112
	Voluntary context switches: 9749
	Involuntary context switches: 7361
	Swaps: 0
	File system inputs: 1021024
	File system outputs: 528
	Socket messages sent: 0
	Socket messages received: 0
	Signals delivered: 0
	Page size (bytes): 4096
	Exit status: 0
