	Command being timed: "java -Xmx8g -jar /FlashFry/flashfry.jar --analysis discover --database /genome/hg38 --fasta /var/lib/cwl/stg0311ce71-c71b-4e12-be65-5f6b6c4137a8/flashfry1000_i3.fasta --output flashfry1000_i3.output --maxMismatch 3"
	User time (seconds): 43.47
	System time (seconds): 0.94
	Percent of CPU this job got: 95%
	Elapsed (wall clock) time (h:mm:ss or m:ss): 0:46.36
	Average shared text size (kbytes): 0
	Average unshared data size (kbytes): 0
	Average stack size (kbytes): 0
	Average total size (kbytes): 0
	Maximum resident set size (kbytes): 198508
	Average resident set size (kbytes): 0
	Major (requiring I/O) page faults: 3
	Minor (reclaiming a frame) page faults: 50190
	Voluntary context switches: 10122
	Involuntary context switches: 7609
	Swaps: 0
	File system inputs: 1137256
	File system outputs: 528
	Socket messages sent: 0
	Socket messages received: 0
	Signals delivered: 0
	Page size (bytes): 4096
	Exit status: 0
