	Command being timed: "java -Xmx8g -jar /FlashFry/flashfry.jar --analysis discover --database /genome/hg38 --fasta /var/lib/cwl/stg4f94660f-f931-467b-96a7-6cb9879e36b9/flashfry1_i4.fasta --output flashfry1_i4.output --maxMismatch 4"
	User time (seconds): 10.04
	System time (seconds): 0.37
	Percent of CPU this job got: 92%
	Elapsed (wall clock) time (h:mm:ss or m:ss): 0:11.24
	Average shared text size (kbytes): 0
	Average unshared data size (kbytes): 0
	Average stack size (kbytes): 0
	Average total size (kbytes): 0
	Maximum resident set size (kbytes): 171792
	Average resident set size (kbytes): 0
	Major (requiring I/O) page faults: 0
	Minor (reclaiming a frame) page faults: 43293
	Voluntary context switches: 5651
	Involuntary context switches: 3793
	Swaps: 0
	File system inputs: 441728
	File system outputs: 8
	Socket messages sent: 0
	Socket messages received: 0
	Signals delivered: 0
	Page size (bytes): 4096
	Exit status: 0
