[bwa_aln_core] convert to sequence coordinate... 3.13 sec
[bwa_aln_core] refine gapped alignments... 0.58 sec
[bwa_aln_core] print alignments... 0.00 sec
[bwa_aln_core] 100 sequences have been processed.
[main] Version: 0.7.12-r1039
[main] CMD: bwa samse -n 2000 -f samse100_i3.sam /genome/hg38.fa /var/lib/cwl/stg38b63607-a8d7-41d7-a64b-ba5337704e58/bwaaln100_i3.stdout /var/lib/cwl/stg05d9d248-b48f-4e54-8676-276bdfbc9377/casoff100_i3.fastq
[main] Real time: 10.326 sec; CPU: 3.717 sec
	Command being timed: "bwa samse -n 2000 -f samse100_i3.sam /genome/hg38.fa /var/lib/cwl/stg38b63607-a8d7-41d7-a64b-ba5337704e58/bwaaln100_i3.stdout /var/lib/cwl/stg05d9d248-b48f-4e54-8676-276bdfbc9377/casoff100_i3.fastq"
	User time (seconds): 0.00
	System time (seconds): 3.71
	Percent of CPU this job got: 35%
	Elapsed (wall clock) time (h:mm:ss or m:ss): 0:10.32
	Average shared text size (kbytes): 0
	Average unshared data size (kbytes): 0
	Average stack size (kbytes): 0
	Average total size (kbytes): 0
	Maximum resident set size (kbytes): 4703612
	Average resident set size (kbytes): 0
	Major (requiring I/O) page faults: 4
	Minor (reclaiming a frame) page faults: 1371305
	Voluntary context switches: 4015
	Involuntary context switches: 81
	Swaps: 0
	File system inputs: 1043520
	File system outputs: 72
	Socket messages sent: 0
	Socket messages received: 0
	Signals delivered: 0
	Page size (bytes): 4096
	Exit status: 0
