[bwa_aln_core] convert to sequence coordinate... 3.37 sec
[bwa_aln_core] refine gapped alignments... 0.56 sec
[bwa_aln_core] print alignments... 0.03 sec
[bwa_aln_core] 100 sequences have been processed.
[main] Version: 0.7.12-r1039
[main] CMD: bwa samse -n 2000 -f samse100_i5.sam /genome/hg38.fa /var/lib/cwl/stg3aec178a-a7f7-4097-b317-78aa98b6c615/bwaaln100_i5.stdout /var/lib/cwl/stgdbf7a057-46d9-4182-934e-a24aa6fb26b0/casoff100_i5.fastq
[main] Real time: 8.968 sec; CPU: 3.971 sec
	Command being timed: "bwa samse -n 2000 -f samse100_i5.sam /genome/hg38.fa /var/lib/cwl/stg3aec178a-a7f7-4097-b317-78aa98b6c615/bwaaln100_i5.stdout /var/lib/cwl/stgdbf7a057-46d9-4182-934e-a24aa6fb26b0/casoff100_i5.fastq"
	User time (seconds): 0.29
	System time (seconds): 3.67
	Percent of CPU this job got: 44%
	Elapsed (wall clock) time (h:mm:ss or m:ss): 0:08.97
	Average shared text size (kbytes): 0
	Average unshared data size (kbytes): 0
	Average stack size (kbytes): 0
	Average total size (kbytes): 0
	Maximum resident set size (kbytes): 4705160
	Average resident set size (kbytes): 0
	Major (requiring I/O) page faults: 7
	Minor (reclaiming a frame) page faults: 1371670
	Voluntary context switches: 3621
	Involuntary context switches: 86
	Swaps: 0
	File system inputs: 956112
	File system outputs: 2536
	Socket messages sent: 0
	Socket messages received: 0
	Signals delivered: 0
	Page size (bytes): 4096
	Exit status: 0
