[bwa_aln_core] convert to sequence coordinate... 3.07 sec
[bwa_aln_core] refine gapped alignments... 0.55 sec
[bwa_aln_core] print alignments... 0.00 sec
[bwa_aln_core] 1 sequences have been processed.
[main] Version: 0.7.12-r1039
[main] CMD: bwa samse -n 2000 -f samse1_i5.sam /genome/hg38.fa /var/lib/cwl/stga24ad581-e2a9-4346-b2fe-25f79f92a625/bwaaln1_i5.stdout /var/lib/cwl/stg360137d0-4b89-4a70-b4dd-5dd4914c729a/casoff1_i5.fastq
[main] Real time: 6.915 sec; CPU: 3.629 sec
	Command being timed: "bwa samse -n 2000 -f samse1_i5.sam /genome/hg38.fa /var/lib/cwl/stga24ad581-e2a9-4346-b2fe-25f79f92a625/bwaaln1_i5.stdout /var/lib/cwl/stg360137d0-4b89-4a70-b4dd-5dd4914c729a/casoff1_i5.fastq"
	User time (seconds): 0.01
	System time (seconds): 3.61
	Percent of CPU this job got: 52%
	Elapsed (wall clock) time (h:mm:ss or m:ss): 0:06.91
	Average shared text size (kbytes): 0
	Average unshared data size (kbytes): 0
	Average stack size (kbytes): 0
	Average total size (kbytes): 0
	Maximum resident set size (kbytes): 4703532
	Average resident set size (kbytes): 0
	Major (requiring I/O) page faults: 1
	Minor (reclaiming a frame) page faults: 1371294
	Voluntary context switches: 2298
	Involuntary context switches: 72
	Swaps: 0
	File system inputs: 595224
	File system outputs: 48
	Socket messages sent: 0
	Socket messages received: 0
	Signals delivered: 0
	Page size (bytes): 4096
	Exit status: 0
