[bwa_aln_core] convert to sequence coordinate... 3.14 sec
[bwa_aln_core] refine gapped alignments... 0.60 sec
[bwa_aln_core] print alignments... 0.00 sec
[bwa_aln_core] 1 sequences have been processed.
[main] Version: 0.7.12-r1039
[main] CMD: bwa samse -n 2000 -f samse1_i3.sam /genome/hg38.fa /var/lib/cwl/stg0e25aa3c-d4d9-4da7-bb4b-82106db88543/bwaaln1_i3.stdout /var/lib/cwl/stg0cc0b953-03ac-4af3-89d3-55e0a6230b5d/casoff1_i3.fastq
[main] Real time: 12.721 sec; CPU: 3.750 sec
	Command being timed: "bwa samse -n 2000 -f samse1_i3.sam /genome/hg38.fa /var/lib/cwl/stg0e25aa3c-d4d9-4da7-bb4b-82106db88543/bwaaln1_i3.stdout /var/lib/cwl/stg0cc0b953-03ac-4af3-89d3-55e0a6230b5d/casoff1_i3.fastq"
	User time (seconds): 0.00
	System time (seconds): 3.74
	Percent of CPU this job got: 29%
	Elapsed (wall clock) time (h:mm:ss or m:ss): 0:12.72
	Average shared text size (kbytes): 0
	Average unshared data size (kbytes): 0
	Average stack size (kbytes): 0
	Average total size (kbytes): 0
	Maximum resident set size (kbytes): 4703756
	Average resident set size (kbytes): 0
	Major (requiring I/O) page faults: 1
	Minor (reclaiming a frame) page faults: 1371293
	Voluntary context switches: 5004
	Involuntary context switches: 80
	Swaps: 0
	File system inputs: 1306296
	File system outputs: 40
	Socket messages sent: 0
	Socket messages received: 0
	Signals delivered: 0
	Page size (bytes): 4096
	Exit status: 0
