[bwa_aln_core] convert to sequence coordinate... 3.10 sec
[bwa_aln_core] refine gapped alignments... 0.58 sec
[bwa_aln_core] print alignments... 0.00 sec
[bwa_aln_core] 10 sequences have been processed.
[main] Version: 0.7.12-r1039
[main] CMD: bwa samse -n 2000 -f samse10_i4.sam /genome/hg38.fa /var/lib/cwl/stg5bef025c-c95d-4f29-b1e9-893c8cd4c9be/bwaaln10_i4.stdout /var/lib/cwl/stgacb32152-b0f5-481d-80d5-bbd6b40b7192/casoff10_i4.fastq
[main] Real time: 10.298 sec; CPU: 3.691 sec
	Command being timed: "bwa samse -n 2000 -f samse10_i4.sam /genome/hg38.fa /var/lib/cwl/stg5bef025c-c95d-4f29-b1e9-893c8cd4c9be/bwaaln10_i4.stdout /var/lib/cwl/stgacb32152-b0f5-481d-80d5-bbd6b40b7192/casoff10_i4.fastq"
	User time (seconds): 0.00
	System time (seconds): 3.68
	Percent of CPU this job got: 35%
	Elapsed (wall clock) time (h:mm:ss or m:ss): 0:10.30
	Average shared text size (kbytes): 0
	Average unshared data size (kbytes): 0
	Average stack size (kbytes): 0
	Average total size (kbytes): 0
	Maximum resident set size (kbytes): 4703676
	Average resident set size (kbytes): 0
	Major (requiring I/O) page faults: 5
	Minor (reclaiming a frame) page faults: 1371295
	Voluntary context switches: 3921
	Involuntary context switches: 93
	Swaps: 0
	File system inputs: 1019768
	File system outputs: 48
	Socket messages sent: 0
	Socket messages received: 0
	Signals delivered: 0
	Page size (bytes): 4096
	Exit status: 0
