[bwa_aln_core] convert to sequence coordinate... 3.06 sec
[bwa_aln_core] refine gapped alignments... 0.55 sec
[bwa_aln_core] print alignments... 0.00 sec
[bwa_aln_core] 1 sequences have been processed.
[main] Version: 0.7.12-r1039
[main] CMD: bwa samse -n 2000 -f samse1_i4.sam /genome/hg38.fa /var/lib/cwl/stgeb7c084f-b7bb-45b2-a811-1f4b828df33d/bwaaln1_i4.stdout /var/lib/cwl/stg0a75b9d1-34d0-45cf-bb48-dc3f0458436f/casoff1_i4.fastq
[main] Real time: 7.507 sec; CPU: 3.623 sec
	Command being timed: "bwa samse -n 2000 -f samse1_i4.sam /genome/hg38.fa /var/lib/cwl/stgeb7c084f-b7bb-45b2-a811-1f4b828df33d/bwaaln1_i4.stdout /var/lib/cwl/stg0a75b9d1-34d0-45cf-bb48-dc3f0458436f/casoff1_i4.fastq"
	User time (seconds): 0.00
	System time (seconds): 3.61
	Percent of CPU this job got: 48%
	Elapsed (wall clock) time (h:mm:ss or m:ss): 0:07.50
	Average shared text size (kbytes): 0
	Average unshared data size (kbytes): 0
	Average stack size (kbytes): 0
	Average total size (kbytes): 0
	Maximum resident set size (kbytes): 4703652
	Average resident set size (kbytes): 0
	Major (requiring I/O) page faults: 0
	Minor (reclaiming a frame) page faults: 1371294
	Voluntary context switches: 2522
	Involuntary context switches: 90
	Swaps: 0
	File system inputs: 648104
	File system outputs: 40
	Socket messages sent: 0
	Socket messages received: 0
	Signals delivered: 0
	Page size (bytes): 4096
	Exit status: 0
