[bwa_aln_core] convert to sequence coordinate... 3.44 sec
[bwa_aln_core] refine gapped alignments... 0.58 sec
[bwa_aln_core] print alignments... 0.02 sec
[bwa_aln_core] 1000 sequences have been processed.
[main] Version: 0.7.12-r1039
[main] CMD: bwa samse -n 2000 -f samse1000_i4.sam /genome/hg38.fa /var/lib/cwl/stgfc0f15c3-ab4c-48d5-8389-f8680c3af1f5/bwaaln1000_i4.stdout /var/lib/cwl/stg670798a6-9272-46c1-8045-48dc1728d743/casoff1000_i4.fastq
[main] Real time: 14.165 sec; CPU: 4.050 sec
	Command being timed: "bwa samse -n 2000 -f samse1000_i4.sam /genome/hg38.fa /var/lib/cwl/stgfc0f15c3-ab4c-48d5-8389-f8680c3af1f5/bwaaln1000_i4.stdout /var/lib/cwl/stg670798a6-9272-46c1-8045-48dc1728d743/casoff1000_i4.fastq"
	User time (seconds): 0.30
	System time (seconds): 3.74
	Percent of CPU this job got: 28%
	Elapsed (wall clock) time (h:mm:ss or m:ss): 0:14.16
	Average shared text size (kbytes): 0
	Average unshared data size (kbytes): 0
	Average stack size (kbytes): 0
	Average total size (kbytes): 0
	Maximum resident set size (kbytes): 4705200
	Average resident set size (kbytes): 0
	Major (requiring I/O) page faults: 0
	Minor (reclaiming a frame) page faults: 1371703
	Voluntary context switches: 5290
	Involuntary context switches: 113
	Swaps: 0
	File system inputs: 1369336
	File system outputs: 2512
	Socket messages sent: 0
	Socket messages received: 0
	Signals delivered: 0
	Page size (bytes): 4096
	Exit status: 0
