[bwa_aln_core] convert to sequence coordinate... 3.10 sec
[bwa_aln_core] refine gapped alignments... 0.56 sec
[bwa_aln_core] print alignments... 0.00 sec
[bwa_aln_core] 10 sequences have been processed.
[main] Version: 0.7.12-r1039
[main] CMD: bwa samse -n 2000 -f samse10_i3.sam /genome/hg38.fa /var/lib/cwl/stgae27b539-9af4-4029-aff7-7aaf48eb178f/bwaaln10_i3.stdout /var/lib/cwl/stg56a0ac54-69c6-4b3a-a2a5-ef51b5b34ce0/casoff10_i3.fastq
[main] Real time: 7.643 sec; CPU: 3.667 sec
	Command being timed: "bwa samse -n 2000 -f samse10_i3.sam /genome/hg38.fa /var/lib/cwl/stgae27b539-9af4-4029-aff7-7aaf48eb178f/bwaaln10_i3.stdout /var/lib/cwl/stg56a0ac54-69c6-4b3a-a2a5-ef51b5b34ce0/casoff10_i3.fastq"
	User time (seconds): 0.00
	System time (seconds): 3.66
	Percent of CPU this job got: 47%
	Elapsed (wall clock) time (h:mm:ss or m:ss): 0:07.64
	Average shared text size (kbytes): 0
	Average unshared data size (kbytes): 0
	Average stack size (kbytes): 0
	Average total size (kbytes): 0
	Maximum resident set size (kbytes): 4703644
	Average resident set size (kbytes): 0
	Major (requiring I/O) page faults: 0
	Minor (reclaiming a frame) page faults: 1371297
	Voluntary context switches: 2680
	Involuntary context switches: 78
	Swaps: 0
	File system inputs: 691296
	File system outputs: 40
	Socket messages sent: 0
	Socket messages received: 0
	Signals delivered: 0
	Page size (bytes): 4096
	Exit status: 0
