[bwa_aln_core] convert to sequence coordinate... 3.08 sec
[bwa_aln_core] refine gapped alignments... 0.55 sec
[bwa_aln_core] print alignments... 0.01 sec
[bwa_aln_core] 10 sequences have been processed.
[main] Version: 0.7.12-r1039
[main] CMD: bwa samse -n 2000 -f samse10_i5.sam /genome/hg38.fa /var/lib/cwl/stgb7ef6de9-1ccc-4a92-b53c-ee2cd6b5dde0/bwaaln10_i5.stdout /var/lib/cwl/stg54f74d13-adee-41ef-9f56-e646e82fcbed/casoff10_i5.fastq
[main] Real time: 6.486 sec; CPU: 3.646 sec
	Command being timed: "bwa samse -n 2000 -f samse10_i5.sam /genome/hg38.fa /var/lib/cwl/stgb7ef6de9-1ccc-4a92-b53c-ee2cd6b5dde0/bwaaln10_i5.stdout /var/lib/cwl/stg54f74d13-adee-41ef-9f56-e646e82fcbed/casoff10_i5.fastq"
	User time (seconds): 0.03
	System time (seconds): 3.61
	Percent of CPU this job got: 56%
	Elapsed (wall clock) time (h:mm:ss or m:ss): 0:06.48
	Average shared text size (kbytes): 0
	Average unshared data size (kbytes): 0
	Average stack size (kbytes): 0
	Average total size (kbytes): 0
	Maximum resident set size (kbytes): 4703792
	Average resident set size (kbytes): 0
	Major (requiring I/O) page faults: 0
	Minor (reclaiming a frame) page faults: 1371335
	Voluntary context switches: 2179
	Involuntary context switches: 106
	Swaps: 0
	File system inputs: 564864
	File system outputs: 240
	Socket messages sent: 0
	Socket messages received: 0
	Signals delivered: 0
	Page size (bytes): 4096
	Exit status: 0
