[bwa_aln_core] convert to sequence coordinate... 5.51 sec
[bwa_aln_core] refine gapped alignments... 0.64 sec
[bwa_aln_core] print alignments... 0.22 sec
[bwa_aln_core] 1000 sequences have been processed.
[main] Version: 0.7.12-r1039
[main] CMD: bwa samse -n 2000 -f samse1000_i5.sam /genome/hg38.fa /var/lib/cwl/stg98c1ebc8-29a0-4fe4-b861-a94de2fe05be/bwaaln1000_i5.stdout /var/lib/cwl/stg910e2485-7a1d-4317-a983-735f58b475f1/casoff1000_i5.fastq
[main] Real time: 24.695 sec; CPU: 6.382 sec
	Command being timed: "bwa samse -n 2000 -f samse1000_i5.sam /genome/hg38.fa /var/lib/cwl/stg98c1ebc8-29a0-4fe4-b861-a94de2fe05be/bwaaln1000_i5.stdout /var/lib/cwl/stg910e2485-7a1d-4317-a983-735f58b475f1/casoff1000_i5.fastq"
	User time (seconds): 2.80
	System time (seconds): 3.58
	Percent of CPU this job got: 25%
	Elapsed (wall clock) time (h:mm:ss or m:ss): 0:24.69
	Average shared text size (kbytes): 0
	Average unshared data size (kbytes): 0
	Average stack size (kbytes): 0
	Average total size (kbytes): 0
	Maximum resident set size (kbytes): 4716140
	Average resident set size (kbytes): 0
	Major (requiring I/O) page faults: 1
	Minor (reclaiming a frame) page faults: 1374511
	Voluntary context switches: 8892
	Involuntary context switches: 151
	Swaps: 0
	File system inputs: 2294000
	File system outputs: 22528
	Socket messages sent: 0
	Socket messages received: 0
	Signals delivered: 0
	Page size (bytes): 4096
	Exit status: 0
