[bwa_aln_core] calculate SA coordinate... 6.59 sec
[bwa_aln_core] write to the disk... 0.00 sec
[bwa_aln_core] 100 sequences have been processed.
[main] Version: 0.7.12-r1039
[main] CMD: bwa aln -o 0 -m 20000000 -N -l 20 -n 4 -k 4 /genome/hg38.fa /var/lib/cwl/stga4e92704-cc3a-4110-8dde-54e43df1a527/casoff100_i4.fastq
[main] Real time: 13.874 sec; CPU: 8.589 sec
	Command being timed: "bwa aln -o 0 -m 20000000 -N -l 20 -n 4 -k 4 /genome/hg38.fa /var/lib/cwl/stga4e92704-cc3a-4110-8dde-54e43df1a527/casoff100_i4.fastq"
	User time (seconds): 6.72
	System time (seconds): 1.85
	Percent of CPU this job got: 61%
	Elapsed (wall clock) time (h:mm:ss or m:ss): 0:13.87
	Average shared text size (kbytes): 0
	Average unshared data size (kbytes): 0
	Average stack size (kbytes): 0
	Average total size (kbytes): 0
	Maximum resident set size (kbytes): 3143040
	Average resident set size (kbytes): 0
	Major (requiring I/O) page faults: 1
	Minor (reclaiming a frame) page faults: 785325
	Voluntary context switches: 3109
	Involuntary context switches: 126
	Swaps: 0
	File system inputs: 841816
	File system outputs: 0
	Socket messages sent: 0
	Socket messages received: 0
	Signals delivered: 0
	Page size (bytes): 4096
	Exit status: 0
