[bwa_aln_core] calculate SA coordinate... 0.45 sec
[bwa_aln_core] write to the disk... 0.00 sec
[bwa_aln_core] 1 sequences have been processed.
[main] Version: 0.7.12-r1039
[main] CMD: bwa aln -o 0 -m 20000000 -N -l 20 -n 5 -k 5 /genome/hg38.fa /var/lib/cwl/stg2f09701c-0890-4408-9ea5-03cf7fa19446/casoff1_i5.fastq
[main] Real time: 4.851 sec; CPU: 2.438 sec
	Command being timed: "bwa aln -o 0 -m 20000000 -N -l 20 -n 5 -k 5 /genome/hg38.fa /var/lib/cwl/stg2f09701c-0890-4408-9ea5-03cf7fa19446/casoff1_i5.fastq"
	User time (seconds): 0.47
	System time (seconds): 1.95
	Percent of CPU this job got: 50%
	Elapsed (wall clock) time (h:mm:ss or m:ss): 0:04.85
	Average shared text size (kbytes): 0
	Average unshared data size (kbytes): 0
	Average stack size (kbytes): 0
	Average total size (kbytes): 0
	Maximum resident set size (kbytes): 3164168
	Average resident set size (kbytes): 0
	Major (requiring I/O) page faults: 1
	Minor (reclaiming a frame) page faults: 790617
	Voluntary context switches: 1916
	Involuntary context switches: 44
	Swaps: 0
	File system inputs: 524224
	File system outputs: 0
	Socket messages sent: 0
	Socket messages received: 0
	Signals delivered: 0
	Page size (bytes): 4096
	Exit status: 0
