[bwa_aln_core] calculate SA coordinate... 63.70 sec
[bwa_aln_core] write to the disk... 0.01 sec
[bwa_aln_core] 1000 sequences have been processed.
[main] Version: 0.7.12-r1039
[main] CMD: bwa aln -o 0 -m 20000000 -N -l 20 -n 4 -k 4 /genome/hg38.fa /var/lib/cwl/stgc09a4995-89b8-4252-a2ad-8b0f4e2efbd5/casoff1000_i4.fastq
[main] Real time: 70.771 sec; CPU: 65.716 sec
	Command being timed: "bwa aln -o 0 -m 20000000 -N -l 20 -n 4 -k 4 /genome/hg38.fa /var/lib/cwl/stgc09a4995-89b8-4252-a2ad-8b0f4e2efbd5/casoff1000_i4.fastq"
	User time (seconds): 63.84
	System time (seconds): 1.86
	Percent of CPU this job got: 92%
	Elapsed (wall clock) time (h:mm:ss or m:ss): 1:10.77
	Average shared text size (kbytes): 0
	Average unshared data size (kbytes): 0
	Average stack size (kbytes): 0
	Average total size (kbytes): 0
	Maximum resident set size (kbytes): 3145404
	Average resident set size (kbytes): 0
	Major (requiring I/O) page faults: 1
	Minor (reclaiming a frame) page faults: 785949
	Voluntary context switches: 3047
	Involuntary context switches: 710
	Swaps: 0
	File system inputs: 817200
	File system outputs: 0
	Socket messages sent: 0
	Socket messages received: 0
	Signals delivered: 0
	Page size (bytes): 4096
	Exit status: 0
