[bwa_aln_core] calculate SA coordinate... 0.60 sec
[bwa_aln_core] write to the disk... 0.00 sec
[bwa_aln_core] 10 sequences have been processed.
[main] Version: 0.7.12-r1039
[main] CMD: bwa aln -o 0 -m 20000000 -N -l 20 -n 4 -k 4 /genome/hg38.fa /var/lib/cwl/stg2b46cd8b-a687-47d6-b4a6-872e44726fb4/casoff10_i4.fastq
[main] Real time: 5.624 sec; CPU: 2.590 sec
	Command being timed: "bwa aln -o 0 -m 20000000 -N -l 20 -n 4 -k 4 /genome/hg38.fa /var/lib/cwl/stg2b46cd8b-a687-47d6-b4a6-872e44726fb4/casoff10_i4.fastq"
	User time (seconds): 0.64
	System time (seconds): 1.94
	Percent of CPU this job got: 46%
	Elapsed (wall clock) time (h:mm:ss or m:ss): 0:05.62
	Average shared text size (kbytes): 0
	Average unshared data size (kbytes): 0
	Average stack size (kbytes): 0
	Average total size (kbytes): 0
	Maximum resident set size (kbytes): 3141244
	Average resident set size (kbytes): 0
	Major (requiring I/O) page faults: 1
	Minor (reclaiming a frame) page faults: 784931
	Voluntary context switches: 2182
	Involuntary context switches: 46
	Swaps: 0
	File system inputs: 598992
	File system outputs: 0
	Socket messages sent: 0
	Socket messages received: 0
	Signals delivered: 0
	Page size (bytes): 4096
	Exit status: 0
