[bwa_aln_core] calculate SA coordinate... 48.54 sec
[bwa_aln_core] write to the disk... 0.00 sec
[bwa_aln_core] 100 sequences have been processed.
[main] Version: 0.7.12-r1039
[main] CMD: bwa aln -o 0 -m 20000000 -N -l 20 -n 5 -k 5 /genome/hg38.fa /var/lib/cwl/stg1c4173c4-ee42-41d6-8d7b-5f1c5a8f9ed2/casoff100_i5.fastq
[main] Real time: 54.937 sec; CPU: 50.522 sec
	Command being timed: "bwa aln -o 0 -m 20000000 -N -l 20 -n 5 -k 5 /genome/hg38.fa /var/lib/cwl/stg1c4173c4-ee42-41d6-8d7b-5f1c5a8f9ed2/casoff100_i5.fastq"
	User time (seconds): 48.68
	System time (seconds): 1.83
	Percent of CPU this job got: 91%
	Elapsed (wall clock) time (h:mm:ss or m:ss): 0:54.93
	Average shared text size (kbytes): 0
	Average unshared data size (kbytes): 0
	Average stack size (kbytes): 0
	Average total size (kbytes): 0
	Maximum resident set size (kbytes): 3182332
	Average resident set size (kbytes): 0
	Major (requiring I/O) page faults: 1
	Minor (reclaiming a frame) page faults: 795182
	Voluntary context switches: 2792
	Involuntary context switches: 591
	Swaps: 0
	File system inputs: 739712
	File system outputs: 0
	Socket messages sent: 0
	Socket messages received: 0
	Signals delivered: 0
	Page size (bytes): 4096
	Exit status: 0
