[bwa_aln_core] calculate SA coordinate... 0.01 sec
[bwa_aln_core] write to the disk... 0.00 sec
[bwa_aln_core] 1 sequences have been processed.
[main] Version: 0.7.12-r1039
[main] CMD: bwa aln -o 0 -m 20000000 -N -l 20 -n 3 -k 3 /genome/hg38.fa /var/lib/cwl/stg3fa14d7b-5c37-4e5a-9213-fb354bed4260/casoff1_i3.fastq
[main] Real time: 6.035 sec; CPU: 1.998 sec
	Command being timed: "bwa aln -o 0 -m 20000000 -N -l 20 -n 3 -k 3 /genome/hg38.fa /var/lib/cwl/stg3fa14d7b-5c37-4e5a-9213-fb354bed4260/casoff1_i3.fastq"
	User time (seconds): 0.01
	System time (seconds): 1.98
	Percent of CPU this job got: 33%
	Elapsed (wall clock) time (h:mm:ss or m:ss): 0:06.03
	Average shared text size (kbytes): 0
	Average unshared data size (kbytes): 0
	Average stack size (kbytes): 0
	Average total size (kbytes): 0
	Maximum resident set size (kbytes): 3136968
	Average resident set size (kbytes): 0
	Major (requiring I/O) page faults: 1
	Minor (reclaiming a frame) page faults: 783788
	Voluntary context switches: 2648
	Involuntary context switches: 48
	Swaps: 0
	File system inputs: 708552
	File system outputs: 0
	Socket messages sent: 0
	Socket messages received: 0
	Signals delivered: 0
	Page size (bytes): 4096
	Exit status: 0
