[bwa_aln_core] calculate SA coordinate... 5.25 sec
[bwa_aln_core] write to the disk... 0.00 sec
[bwa_aln_core] 10 sequences have been processed.
[main] Version: 0.7.12-r1039
[main] CMD: bwa aln -o 0 -m 20000000 -N -l 20 -n 5 -k 5 /genome/hg38.fa /var/lib/cwl/stgb98060ba-32fd-410f-93c8-10225bf30114/casoff10_i5.fastq
[main] Real time: 9.139 sec; CPU: 7.204 sec
	Command being timed: "bwa aln -o 0 -m 20000000 -N -l 20 -n 5 -k 5 /genome/hg38.fa /var/lib/cwl/stgb98060ba-32fd-410f-93c8-10225bf30114/casoff10_i5.fastq"
	User time (seconds): 5.33
	System time (seconds): 1.86
	Percent of CPU this job got: 78%
	Elapsed (wall clock) time (h:mm:ss or m:ss): 0:09.14
	Average shared text size (kbytes): 0
	Average unshared data size (kbytes): 0
	Average stack size (kbytes): 0
	Average total size (kbytes): 0
	Maximum resident set size (kbytes): 3177860
	Average resident set size (kbytes): 0
	Major (requiring I/O) page faults: 1
	Minor (reclaiming a frame) page faults: 794044
	Voluntary context switches: 1771
	Involuntary context switches: 101
	Swaps: 0
	File system inputs: 491584
	File system outputs: 0
	Socket messages sent: 0
	Socket messages received: 0
	Signals delivered: 0
	Page size (bytes): 4096
	Exit status: 0
