	Command being timed: "java -Xmx8g -jar /FlashFry/flashfry.jar --analysis discover --database /genome/hg38 --fasta /var/lib/cwl/stgcd96f73e-a750-4cae-b7b4-8bcf5e3f1d17/flashfry1_i3.fasta --output flashfry1_i3.output --maxMismatch 3"
	User time (seconds): 5.75
	System time (seconds): 0.20
	Percent of CPU this job got: 95%
	Elapsed (wall clock) time (h:mm:ss or m:ss): 0:06.23
	Average shared text size (kbytes): 0
	Average unshared data size (kbytes): 0
	Average stack size (kbytes): 0
	Average total size (kbytes): 0
	Maximum resident set size (kbytes): 160404
	Average resident set size (kbytes): 0
	Major (requiring I/O) page faults: 1
	Minor (reclaiming a frame) page faults: 40310
	Voluntary context switches: 4327
	Involuntary context switches: 3316
	Swaps: 0
	File system inputs: 83344
	File system outputs: 8
	Socket messages sent: 0
	Socket messages received: 0
	Signals delivered: 0
	Page size (bytes): 4096
	Exit status: 0
