	Command being timed: "java -Xmx8g -jar /FlashFry/flashfry.jar --analysis discover --database /genome/hg38 --fasta /var/lib/cwl/stg249f0e51-84be-4c36-8720-cf076c9a98b7/flashfry10_i5.fasta --output flashfry10_i5.output --maxMismatch 5"
	User time (seconds): 37.62
	System time (seconds): 0.99
	Percent of CPU this job got: 95%
	Elapsed (wall clock) time (h:mm:ss or m:ss): 0:40.56
	Average shared text size (kbytes): 0
	Average unshared data size (kbytes): 0
	Average stack size (kbytes): 0
	Average total size (kbytes): 0
	Maximum resident set size (kbytes): 208688
	Average resident set size (kbytes): 0
	Major (requiring I/O) page faults: 1
	Minor (reclaiming a frame) page faults: 52703
	Voluntary context switches: 9198
	Involuntary context switches: 7051
	Swaps: 0
	File system inputs: 840384
	File system outputs: 496
	Socket messages sent: 0
	Socket messages received: 0
	Signals delivered: 0
	Page size (bytes): 4096
	Exit status: 0
