	Command being timed: "java -Xmx8g -jar /FlashFry/flashfry.jar --analysis discover --database /genome/hg38 --fasta /var/lib/cwl/stg3468a722-2df2-4aba-8c18-2e28f95b6fdf/flashfry1_i5.fasta --output flashfry1_i5.output --maxMismatch 5"
	User time (seconds): 20.37
	System time (seconds): 0.68
	Percent of CPU this job got: 88%
	Elapsed (wall clock) time (h:mm:ss or m:ss): 0:23.82
	Average shared text size (kbytes): 0
	Average unshared data size (kbytes): 0
	Average stack size (kbytes): 0
	Average total size (kbytes): 0
	Maximum resident set size (kbytes): 180908
	Average resident set size (kbytes): 0
	Major (requiring I/O) page faults: 8
	Minor (reclaiming a frame) page faults: 45633
	Voluntary context switches: 8998
	Involuntary context switches: 5120
	Swaps: 0
	File system inputs: 1399144
	File system outputs: 48
	Socket messages sent: 0
	Socket messages received: 0
	Signals delivered: 0
	Page size (bytes): 4096
	Exit status: 0
