	Command being timed: "java -Xmx8g -jar /FlashFry/flashfry.jar --analysis discover --database /genome/hg38 --fasta /var/lib/cwl/stg2f120752-c609-4649-b68e-719ca0200296/flashfry1000_i5.fasta --output flashfry1000_i5.output --maxMismatch 5"
	User time (seconds): 103.66
	System time (seconds): 1.21
	Percent of CPU this job got: 93%
	Elapsed (wall clock) time (h:mm:ss or m:ss): 1:52.45
	Average shared text size (kbytes): 0
	Average unshared data size (kbytes): 0
	Average stack size (kbytes): 0
	Average total size (kbytes): 0
	Maximum resident set size (kbytes): 283228
	Average resident set size (kbytes): 0
	Major (requiring I/O) page faults: 92
	Minor (reclaiming a frame) page faults: 73227
	Voluntary context switches: 16557
	Involuntary context switches: 9650
	Swaps: 0
	File system inputs: 2816184
	File system outputs: 43480
	Socket messages sent: 0
	Socket messages received: 0
	Signals delivered: 0
	Page size (bytes): 4096
	Exit status: 0
