	Command being timed: "java -Xmx8g -jar /FlashFry/flashfry.jar --analysis discover --database /genome/hg38 --fasta /var/lib/cwl/stg6cb70d9b-7a74-48e6-80d1-4b2562884868/flashfry100_i4.fasta --output flashfry100_i4.output --maxMismatch 4"
	User time (seconds): 40.47
	System time (seconds): 0.89
	Percent of CPU this job got: 94%
	Elapsed (wall clock) time (h:mm:ss or m:ss): 0:43.95
	Average shared text size (kbytes): 0
	Average unshared data size (kbytes): 0
	Average stack size (kbytes): 0
	Average total size (kbytes): 0
	Maximum resident set size (kbytes): 209576
	Average resident set size (kbytes): 0
	Major (requiring I/O) page faults: 1
	Minor (reclaiming a frame) page faults: 52938
	Voluntary context switches: 10303
	Involuntary context switches: 7208
	Swaps: 0
	File system inputs: 1186176
	File system outputs: 600
	Socket messages sent: 0
	Socket messages received: 0
	Signals delivered: 0
	Page size (bytes): 4096
	Exit status: 0
