	Command being timed: "java -Xmx8g -jar /FlashFry/flashfry.jar --analysis discover --database /genome/hg38 --fasta /var/lib/cwl/stgd22a3d59-6576-44b4-bba8-1ca17d1c4736/flashfry10_i4.fasta --output flashfry10_i4.output --maxMismatch 4"
	User time (seconds): 32.53
	System time (seconds): 0.96
	Percent of CPU this job got: 91%
	Elapsed (wall clock) time (h:mm:ss or m:ss): 0:36.47
	Average shared text size (kbytes): 0
	Average unshared data size (kbytes): 0
	Average stack size (kbytes): 0
	Average total size (kbytes): 0
	Maximum resident set size (kbytes): 198024
	Average resident set size (kbytes): 0
	Major (requiring I/O) page faults: 3
	Minor (reclaiming a frame) page faults: 50955
	Voluntary context switches: 10153
	Involuntary context switches: 6418
	Swaps: 0
	File system inputs: 1539616
	File system outputs: 40
	Socket messages sent: 0
	Socket messages received: 0
	Signals delivered: 0
	Page size (bytes): 4096
	Exit status: 0
