[bwa_aln_core] convert to sequence coordinate... 3.02 sec
[bwa_aln_core] refine gapped alignments... 0.54 sec
[bwa_aln_core] print alignments... 0.01 sec
[bwa_aln_core] 100 sequences have been processed.
[main] Version: 0.7.12-r1039
[main] CMD: bwa samse -n 2000 -f samse100_i4.sam /genome/hg38.fa /var/lib/cwl/stgf416eb0a-ae80-4065-ab4c-f92bdb27a979/bwaaln100_i4.stdout /var/lib/cwl/stgaae59275-006f-4ffe-b8b3-d4072278d706/casoff100_i4.fastq
[main] Real time: 8.720 sec; CPU: 3.581 sec
	Command being timed: "bwa samse -n 2000 -f samse100_i4.sam /genome/hg38.fa /var/lib/cwl/stgf416eb0a-ae80-4065-ab4c-f92bdb27a979/bwaaln100_i4.stdout /var/lib/cwl/stgaae59275-006f-4ffe-b8b3-d4072278d706/casoff100_i4.fastq"
	User time (seconds): 0.03
	System time (seconds): 3.54
	Percent of CPU this job got: 41%
	Elapsed (wall clock) time (h:mm:ss or m:ss): 0:08.72
	Average shared text size (kbytes): 0
	Average unshared data size (kbytes): 0
	Average stack size (kbytes): 0
	Average total size (kbytes): 0
	Maximum resident set size (kbytes): 4703856
	Average resident set size (kbytes): 0
	Major (requiring I/O) page faults: 0
	Minor (reclaiming a frame) page faults: 1371348
	Voluntary context switches: 3101
	Involuntary context switches: 99
	Swaps: 0
	File system inputs: 818296
	File system outputs: 352
	Socket messages sent: 0
	Socket messages received: 0
	Signals delivered: 0
	Page size (bytes): 4096
	Exit status: 0
