[bwa_aln_core] convert to sequence coordinate... 3.22 sec
[bwa_aln_core] refine gapped alignments... 0.55 sec
[bwa_aln_core] print alignments... 0.02 sec
[bwa_aln_core] 100 sequences have been processed.
[main] Version: 0.7.12-r1039
[main] CMD: bwa samse -n 2000 -f samse100_i5.sam /genome/hg38.fa /var/lib/cwl/stge259d422-236d-4e89-b343-528b87bd4b29/bwaaln100_i5.stdout /var/lib/cwl/stg60477fb5-b211-4df0-89fa-b196d9c40fdc/casoff100_i5.fastq
[main] Real time: 9.671 sec; CPU: 3.802 sec
	Command being timed: "bwa samse -n 2000 -f samse100_i5.sam /genome/hg38.fa /var/lib/cwl/stge259d422-236d-4e89-b343-528b87bd4b29/bwaaln100_i5.stdout /var/lib/cwl/stg60477fb5-b211-4df0-89fa-b196d9c40fdc/casoff100_i5.fastq"
	User time (seconds): 0.27
	System time (seconds): 3.52
	Percent of CPU this job got: 39%
	Elapsed (wall clock) time (h:mm:ss or m:ss): 0:09.67
	Average shared text size (kbytes): 0
	Average unshared data size (kbytes): 0
	Average stack size (kbytes): 0
	Average total size (kbytes): 0
	Maximum resident set size (kbytes): 4704844
	Average resident set size (kbytes): 0
	Major (requiring I/O) page faults: 0
	Minor (reclaiming a frame) page faults: 1371613
	Voluntary context switches: 3447
	Involuntary context switches: 90
	Swaps: 0
	File system inputs: 905728
	File system outputs: 2176
	Socket messages sent: 0
	Socket messages received: 0
	Signals delivered: 0
	Page size (bytes): 4096
	Exit status: 0
