[bwa_aln_core] convert to sequence coordinate... 2.97 sec
[bwa_aln_core] refine gapped alignments... 0.53 sec
[bwa_aln_core] print alignments... 0.00 sec
[bwa_aln_core] 10 sequences have been processed.
[main] Version: 0.7.12-r1039
[main] CMD: bwa samse -n 2000 -f samse10_i3.sam /genome/hg38.fa /var/lib/cwl/stgd56f7110-da28-4dea-a433-125b8887c24f/bwaaln10_i3.stdout /var/lib/cwl/stgeca0b5de-810b-4ad3-aadb-b9efaf0ce159/casoff10_i3.fastq
[main] Real time: 6.899 sec; CPU: 3.513 sec
	Command being timed: "bwa samse -n 2000 -f samse10_i3.sam /genome/hg38.fa /var/lib/cwl/stgd56f7110-da28-4dea-a433-125b8887c24f/bwaaln10_i3.stdout /var/lib/cwl/stgeca0b5de-810b-4ad3-aadb-b9efaf0ce159/casoff10_i3.fastq"
	User time (seconds): 0.00
	System time (seconds): 3.50
	Percent of CPU this job got: 50%
	Elapsed (wall clock) time (h:mm:ss or m:ss): 0:06.89
	Average shared text size (kbytes): 0
	Average unshared data size (kbytes): 0
	Average stack size (kbytes): 0
	Average total size (kbytes): 0
	Maximum resident set size (kbytes): 4703716
	Average resident set size (kbytes): 0
	Major (requiring I/O) page faults: 0
	Minor (reclaiming a frame) page faults: 1371295
	Voluntary context switches: 2270
	Involuntary context switches: 87
	Swaps: 0
	File system inputs: 610312
	File system outputs: 40
	Socket messages sent: 0
	Socket messages received: 0
	Signals delivered: 0
	Page size (bytes): 4096
	Exit status: 0
