[bwa_aln_core] convert to sequence coordinate... 3.02 sec
[bwa_aln_core] refine gapped alignments... 0.55 sec
[bwa_aln_core] print alignments... 0.00 sec
[bwa_aln_core] 10 sequences have been processed.
[main] Version: 0.7.12-r1039
[main] CMD: bwa samse -n 2000 -f samse10_i5.sam /genome/hg38.fa /var/lib/cwl/stgbd358ef0-728a-461c-a7e6-c2006110457e/bwaaln10_i5.stdout /var/lib/cwl/stg7a284439-0150-4d64-b993-4bc6212adda0/casoff10_i5.fastq
[main] Real time: 7.640 sec; CPU: 3.578 sec
	Command being timed: "bwa samse -n 2000 -f samse10_i5.sam /genome/hg38.fa /var/lib/cwl/stgbd358ef0-728a-461c-a7e6-c2006110457e/bwaaln10_i5.stdout /var/lib/cwl/stg7a284439-0150-4d64-b993-4bc6212adda0/casoff10_i5.fastq"
	User time (seconds): 0.03
	System time (seconds): 3.54
	Percent of CPU this job got: 46%
	Elapsed (wall clock) time (h:mm:ss or m:ss): 0:07.64
	Average shared text size (kbytes): 0
	Average unshared data size (kbytes): 0
	Average stack size (kbytes): 0
	Average total size (kbytes): 0
	Maximum resident set size (kbytes): 4703916
	Average resident set size (kbytes): 0
	Major (requiring I/O) page faults: 5
	Minor (reclaiming a frame) page faults: 1371341
	Voluntary context switches: 2890
	Involuntary context switches: 85
	Swaps: 0
	File system inputs: 778016
	File system outputs: 304
	Socket messages sent: 0
	Socket messages received: 0
	Signals delivered: 0
	Page size (bytes): 4096
	Exit status: 0
