[bwa_aln_core] convert to sequence coordinate... 5.68 sec
[bwa_aln_core] refine gapped alignments... 0.57 sec
[bwa_aln_core] print alignments... 0.22 sec
[bwa_aln_core] 1000 sequences have been processed.
[main] Version: 0.7.12-r1039
[main] CMD: bwa samse -n 2000 -f samse1000_i5.sam /genome/hg38.fa /var/lib/cwl/stge9f018aa-b356-4e6f-a4b6-6cee95eea8bb/bwaaln1000_i5.stdout /var/lib/cwl/stgfb8e727c-8034-433d-bd54-08dff700eb5e/casoff1000_i5.fastq
[main] Real time: 31.021 sec; CPU: 6.487 sec
	Command being timed: "bwa samse -n 2000 -f samse1000_i5.sam /genome/hg38.fa /var/lib/cwl/stge9f018aa-b356-4e6f-a4b6-6cee95eea8bb/bwaaln1000_i5.stdout /var/lib/cwl/stgfb8e727c-8034-433d-bd54-08dff700eb5e/casoff1000_i5.fastq"
	User time (seconds): 3.20
	System time (seconds): 3.27
	Percent of CPU this job got: 20%
	Elapsed (wall clock) time (h:mm:ss or m:ss): 0:31.02
	Average shared text size (kbytes): 0
	Average unshared data size (kbytes): 0
	Average stack size (kbytes): 0
	Average total size (kbytes): 0
	Maximum resident set size (kbytes): 4715772
	Average resident set size (kbytes): 0
	Major (requiring I/O) page faults: 0
	Minor (reclaiming a frame) page faults: 1374439
	Voluntary context switches: 11116
	Involuntary context switches: 174
	Swaps: 0
	File system inputs: 2922456
	File system outputs: 22000
	Socket messages sent: 0
	Socket messages received: 0
	Signals delivered: 0
	Page size (bytes): 4096
	Exit status: 0
