[bwa_aln_core] convert to sequence coordinate... 2.98 sec
[bwa_aln_core] refine gapped alignments... 0.54 sec
[bwa_aln_core] print alignments... 0.00 sec
[bwa_aln_core] 100 sequences have been processed.
[main] Version: 0.7.12-r1039
[main] CMD: bwa samse -n 2000 -f samse100_i3.sam /genome/hg38.fa /var/lib/cwl/stg0f88d405-138c-4b1e-b38a-61ed24fa71d0/bwaaln100_i3.stdout /var/lib/cwl/stgcd14983a-c181-4c4d-ad31-b10ecf6eeeb1/casoff100_i3.fastq
[main] Real time: 8.403 sec; CPU: 3.528 sec
	Command being timed: "bwa samse -n 2000 -f samse100_i3.sam /genome/hg38.fa /var/lib/cwl/stg0f88d405-138c-4b1e-b38a-61ed24fa71d0/bwaaln100_i3.stdout /var/lib/cwl/stgcd14983a-c181-4c4d-ad31-b10ecf6eeeb1/casoff100_i3.fastq"
	User time (seconds): 0.00
	System time (seconds): 3.52
	Percent of CPU this job got: 41%
	Elapsed (wall clock) time (h:mm:ss or m:ss): 0:08.40
	Average shared text size (kbytes): 0
	Average unshared data size (kbytes): 0
	Average stack size (kbytes): 0
	Average total size (kbytes): 0
	Maximum resident set size (kbytes): 4703676
	Average resident set size (kbytes): 0
	Major (requiring I/O) page faults: 1
	Minor (reclaiming a frame) page faults: 1371307
	Voluntary context switches: 3171
	Involuntary context switches: 94
	Swaps: 0
	File system inputs: 845712
	File system outputs: 72
	Socket messages sent: 0
	Socket messages received: 0
	Signals delivered: 0
	Page size (bytes): 4096
	Exit status: 0
