[bwa_aln_core] convert to sequence coordinate... 2.97 sec
[bwa_aln_core] refine gapped alignments... 0.54 sec
[bwa_aln_core] print alignments... 0.00 sec
[bwa_aln_core] 1 sequences have been processed.
[main] Version: 0.7.12-r1039
[main] CMD: bwa samse -n 2000 -f samse1_i5.sam /genome/hg38.fa /var/lib/cwl/stg735ffd96-3e4e-4332-a05c-03005500c511/bwaaln1_i5.stdout /var/lib/cwl/stge20c5015-de6a-4899-95c8-df66341a26eb/casoff1_i5.fastq
[main] Real time: 7.154 sec; CPU: 3.520 sec
	Command being timed: "bwa samse -n 2000 -f samse1_i5.sam /genome/hg38.fa /var/lib/cwl/stg735ffd96-3e4e-4332-a05c-03005500c511/bwaaln1_i5.stdout /var/lib/cwl/stge20c5015-de6a-4899-95c8-df66341a26eb/casoff1_i5.fastq"
	User time (seconds): 0.00
	System time (seconds): 3.51
	Percent of CPU this job got: 49%
	Elapsed (wall clock) time (h:mm:ss or m:ss): 0:07.15
	Average shared text size (kbytes): 0
	Average unshared data size (kbytes): 0
	Average stack size (kbytes): 0
	Average total size (kbytes): 0
	Maximum resident set size (kbytes): 4703504
	Average resident set size (kbytes): 0
	Major (requiring I/O) page faults: 0
	Minor (reclaiming a frame) page faults: 1371299
	Voluntary context switches: 2378
	Involuntary context switches: 75
	Swaps: 0
	File system inputs: 639056
	File system outputs: 56
	Socket messages sent: 0
	Socket messages received: 0
	Signals delivered: 0
	Page size (bytes): 4096
	Exit status: 0
