[bwa_aln_core] convert to sequence coordinate... 2.96 sec
[bwa_aln_core] refine gapped alignments... 0.55 sec
[bwa_aln_core] print alignments... 0.00 sec
[bwa_aln_core] 1 sequences have been processed.
[main] Version: 0.7.12-r1039
[main] CMD: bwa samse -n 2000 -f samse1_i4.sam /genome/hg38.fa /var/lib/cwl/stg5451ecaa-d091-4083-823d-12ef5e44854a/bwaaln1_i4.stdout /var/lib/cwl/stg65c3225c-ecf9-4b52-9ce4-a2f9cd80dc05/casoff1_i4.fastq
[main] Real time: 7.225 sec; CPU: 3.518 sec
	Command being timed: "bwa samse -n 2000 -f samse1_i4.sam /genome/hg38.fa /var/lib/cwl/stg5451ecaa-d091-4083-823d-12ef5e44854a/bwaaln1_i4.stdout /var/lib/cwl/stg65c3225c-ecf9-4b52-9ce4-a2f9cd80dc05/casoff1_i4.fastq"
	User time (seconds): 0.00
	System time (seconds): 3.51
	Percent of CPU this job got: 48%
	Elapsed (wall clock) time (h:mm:ss or m:ss): 0:07.22
	Average shared text size (kbytes): 0
	Average unshared data size (kbytes): 0
	Average stack size (kbytes): 0
	Average total size (kbytes): 0
	Maximum resident set size (kbytes): 4703700
	Average resident set size (kbytes): 0
	Major (requiring I/O) page faults: 0
	Minor (reclaiming a frame) page faults: 1371293
	Voluntary context switches: 2435
	Involuntary context switches: 114
	Swaps: 0
	File system inputs: 646288
	File system outputs: 40
	Socket messages sent: 0
	Socket messages received: 0
	Signals delivered: 0
	Page size (bytes): 4096
	Exit status: 0
