[bwa_aln_core] convert to sequence coordinate... 3.00 sec
[bwa_aln_core] refine gapped alignments... 0.54 sec
[bwa_aln_core] print alignments... 0.00 sec
[bwa_aln_core] 1 sequences have been processed.
[main] Version: 0.7.12-r1039
[main] CMD: bwa samse -n 2000 -f samse1_i3.sam /genome/hg38.fa /var/lib/cwl/stg841d5a60-65aa-4e58-8de6-1f1698d77a1f/bwaaln1_i3.stdout /var/lib/cwl/stge52d557d-2202-4f86-b3be-75da9a1cec23/casoff1_i3.fastq
[main] Real time: 9.341 sec; CPU: 3.549 sec
	Command being timed: "bwa samse -n 2000 -f samse1_i3.sam /genome/hg38.fa /var/lib/cwl/stg841d5a60-65aa-4e58-8de6-1f1698d77a1f/bwaaln1_i3.stdout /var/lib/cwl/stge52d557d-2202-4f86-b3be-75da9a1cec23/casoff1_i3.fastq"
	User time (seconds): 0.00
	System time (seconds): 3.54
	Percent of CPU this job got: 37%
	Elapsed (wall clock) time (h:mm:ss or m:ss): 0:09.34
	Average shared text size (kbytes): 0
	Average unshared data size (kbytes): 0
	Average stack size (kbytes): 0
	Average total size (kbytes): 0
	Maximum resident set size (kbytes): 4703516
	Average resident set size (kbytes): 0
	Major (requiring I/O) page faults: 4
	Minor (reclaiming a frame) page faults: 1371287
	Voluntary context switches: 3378
	Involuntary context switches: 95
	Swaps: 0
	File system inputs: 903360
	File system outputs: 40
	Socket messages sent: 0
	Socket messages received: 0
	Signals delivered: 0
	Page size (bytes): 4096
	Exit status: 0
