[bwa_aln_core] calculate SA coordinate... 5.22 sec
[bwa_aln_core] write to the disk... 0.00 sec
[bwa_aln_core] 10 sequences have been processed.
[main] Version: 0.7.12-r1039
[main] CMD: bwa aln -o 0 -m 20000000 -N -l 20 -n 5 -k 5 /genome/hg38.fa /var/lib/cwl/stg10574657-eb20-48c1-a502-9f2ac84ee313/casoff10_i5.fastq
[main] Real time: 7.292 sec; CPU: 7.111 sec
	Command being timed: "bwa aln -o 0 -m 20000000 -N -l 20 -n 5 -k 5 /genome/hg38.fa /var/lib/cwl/stg10574657-eb20-48c1-a502-9f2ac84ee313/casoff10_i5.fastq"
	User time (seconds): 5.23
	System time (seconds): 1.87
	Percent of CPU this job got: 97%
	Elapsed (wall clock) time (h:mm:ss or m:ss): 0:07.29
	Average shared text size (kbytes): 0
	Average unshared data size (kbytes): 0
	Average stack size (kbytes): 0
	Average total size (kbytes): 0
	Maximum resident set size (kbytes): 3183668
	Average resident set size (kbytes): 0
	Major (requiring I/O) page faults: 1
	Minor (reclaiming a frame) page faults: 795502
	Voluntary context switches: 305
	Involuntary context switches: 80
	Swaps: 0
	File system inputs: 80704
	File system outputs: 0
	Socket messages sent: 0
	Socket messages received: 0
	Signals delivered: 0
	Page size (bytes): 4096
	Exit status: 0
