[bwa_aln_core] calculate SA coordinate... 47.45 sec
[bwa_aln_core] write to the disk... 0.00 sec
[bwa_aln_core] 100 sequences have been processed.
[main] Version: 0.7.12-r1039
[main] CMD: bwa aln -o 0 -m 20000000 -N -l 20 -n 5 -k 5 /genome/hg38.fa /var/lib/cwl/stg98c9f479-b97b-4dd1-9874-d9b3ca2f587e/casoff100_i5.fastq
[main] Real time: 49.375 sec; CPU: 49.346 sec
	Command being timed: "bwa aln -o 0 -m 20000000 -N -l 20 -n 5 -k 5 /genome/hg38.fa /var/lib/cwl/stg98c9f479-b97b-4dd1-9874-d9b3ca2f587e/casoff100_i5.fastq"
	User time (seconds): 47.42
	System time (seconds): 1.91
	Percent of CPU this job got: 99%
	Elapsed (wall clock) time (h:mm:ss or m:ss): 0:49.37
	Average shared text size (kbytes): 0
	Average unshared data size (kbytes): 0
	Average stack size (kbytes): 0
	Average total size (kbytes): 0
	Maximum resident set size (kbytes): 3185944
	Average resident set size (kbytes): 0
	Major (requiring I/O) page faults: 1
	Minor (reclaiming a frame) page faults: 796066
	Voluntary context switches: 37
	Involuntary context switches: 503
	Swaps: 0
	File system inputs: 5720
	File system outputs: 0
	Socket messages sent: 0
	Socket messages received: 0
	Signals delivered: 0
	Page size (bytes): 4096
	Exit status: 0
