[bwa_aln_core] calculate SA coordinate... 48023.51 sec
[bwa_aln_core] write to the disk... 0.72 sec
[bwa_aln_core] 100000 sequences have been processed.
[main] Version: 0.7.12-r1039
[main] CMD: bwa aln -o 0 -m 20000000 -N -l 20 -n 5 -k 5 /genome/hg38.fa /var/lib/cwl/stg0ad55e32-8a69-4040-aaa1-f496ba07fc9b/casoff100000_i5.fastq
[main] Real time: 48063.413 sec; CPU: 48026.680 sec
	Command being timed: "bwa aln -o 0 -m 20000000 -N -l 20 -n 5 -k 5 /genome/hg38.fa /var/lib/cwl/stg0ad55e32-8a69-4040-aaa1-f496ba07fc9b/casoff100000_i5.fastq"
	User time (seconds): 48022.74
	System time (seconds): 3.93
	Percent of CPU this job got: 99%
	Elapsed (wall clock) time (h:mm:ss or m:ss): 13:21:03
	Average shared text size (kbytes): 0
	Average unshared data size (kbytes): 0
	Average stack size (kbytes): 0
	Average total size (kbytes): 0
	Maximum resident set size (kbytes): 4873520
	Average resident set size (kbytes): 0
	Major (requiring I/O) page faults: 5
	Minor (reclaiming a frame) page faults: 1219697
	Voluntary context switches: 48771
	Involuntary context switches: 462350
	Swaps: 0
	File system inputs: 3582344
	File system outputs: 0
	Socket messages sent: 0
	Socket messages received: 0
	Signals delivered: 0
	Page size (bytes): 4096
	Exit status: 0
