[bwa_aln_core] calculate SA coordinate... 483.78 sec
[bwa_aln_core] write to the disk... 0.00 sec
[bwa_aln_core] 1000 sequences have been processed.
[main] Version: 0.7.12-r1039
[main] CMD: bwa aln -o 0 -m 20000000 -N -l 20 -n 5 -k 5 /genome/hg38.fa /var/lib/cwl/stg9c2bb5d5-3847-40e9-b6ff-3afe9c3f9d19/casoff1000_i5.fastq
[main] Real time: 485.742 sec; CPU: 485.672 sec
	Command being timed: "bwa aln -o 0 -m 20000000 -N -l 20 -n 5 -k 5 /genome/hg38.fa /var/lib/cwl/stg9c2bb5d5-3847-40e9-b6ff-3afe9c3f9d19/casoff1000_i5.fastq"
	User time (seconds): 483.72
	System time (seconds): 1.94
	Percent of CPU this job got: 99%
	Elapsed (wall clock) time (h:mm:ss or m:ss): 8:05.74
	Average shared text size (kbytes): 0
	Average unshared data size (kbytes): 0
	Average stack size (kbytes): 0
	Average total size (kbytes): 0
	Maximum resident set size (kbytes): 3215252
	Average resident set size (kbytes): 0
	Major (requiring I/O) page faults: 0
	Minor (reclaiming a frame) page faults: 803463
	Voluntary context switches: 164
	Involuntary context switches: 5037
	Swaps: 0
	File system inputs: 0
	File system outputs: 0
	Socket messages sent: 0
	Socket messages received: 0
	Signals delivered: 0
	Page size (bytes): 4096
	Exit status: 0
