[bwa_aln_core] calculate SA coordinate... 0.56 sec
[bwa_aln_core] write to the disk... 0.00 sec
[bwa_aln_core] 10 sequences have been processed.
[main] Version: 0.7.12-r1039
[main] CMD: bwa aln -o 0 -m 20000000 -N -l 20 -n 4 -k 4 /genome/hg38.fa /var/lib/cwl/stgf0a1df6d-9ca6-4ae4-8c6e-9a65cd8aa7d4/casoff10_i4.fastq
[main] Real time: 2.774 sec; CPU: 2.469 sec
	Command being timed: "bwa aln -o 0 -m 20000000 -N -l 20 -n 4 -k 4 /genome/hg38.fa /var/lib/cwl/stgf0a1df6d-9ca6-4ae4-8c6e-9a65cd8aa7d4/casoff10_i4.fastq"
	User time (seconds): 0.57
	System time (seconds): 1.89
	Percent of CPU this job got: 88%
	Elapsed (wall clock) time (h:mm:ss or m:ss): 0:02.77
	Average shared text size (kbytes): 0
	Average unshared data size (kbytes): 0
	Average stack size (kbytes): 0
	Average total size (kbytes): 0
	Maximum resident set size (kbytes): 3141268
	Average resident set size (kbytes): 0
	Major (requiring I/O) page faults: 1
	Minor (reclaiming a frame) page faults: 784891
	Voluntary context switches: 486
	Involuntary context switches: 32
	Swaps: 0
	File system inputs: 137720
	File system outputs: 0
	Socket messages sent: 0
	Socket messages received: 0
	Signals delivered: 0
	Page size (bytes): 4096
	Exit status: 0
