[bwa_aln_core] calculate SA coordinate... 4845.54 sec
[bwa_aln_core] write to the disk... 0.08 sec
[bwa_aln_core] 10000 sequences have been processed.
[main] Version: 0.7.12-r1039
[main] CMD: bwa aln -o 0 -m 20000000 -N -l 20 -n 5 -k 5 /genome/hg38.fa /var/lib/cwl/stgbe2b6aa9-cebd-4d1b-8117-8dc91b9322e4/casoff10000_i5.fastq
[main] Real time: 4848.143 sec; CPU: 4847.533 sec
	Command being timed: "bwa aln -o 0 -m 20000000 -N -l 20 -n 5 -k 5 /genome/hg38.fa /var/lib/cwl/stgbe2b6aa9-cebd-4d1b-8117-8dc91b9322e4/casoff10000_i5.fastq"
	User time (seconds): 4845.32
	System time (seconds): 2.21
	Percent of CPU this job got: 99%
	Elapsed (wall clock) time (h:mm:ss or m:ss): 1:20:48
	Average shared text size (kbytes): 0
	Average unshared data size (kbytes): 0
	Average stack size (kbytes): 0
	Average total size (kbytes): 0
	Maximum resident set size (kbytes): 3369200
	Average resident set size (kbytes): 0
	Major (requiring I/O) page faults: 1
	Minor (reclaiming a frame) page faults: 842073
	Voluntary context switches: 2956
	Involuntary context switches: 47506
	Swaps: 0
	File system inputs: 12560
	File system outputs: 0
	Socket messages sent: 0
	Socket messages received: 0
	Signals delivered: 0
	Page size (bytes): 4096
	Exit status: 0
