	Command being timed: "java -Xmx8g -jar /FlashFry/flashfry.jar --analysis discover --database /genome/hg38 --fasta /var/lib/cwl/stgca09b64e-0f3d-4d9e-af63-35cc057a8b83/flashfry100000_i3.fasta --output flashfry100000_i3.output --maxMismatch 3"
	User time (seconds): 493.35
	System time (seconds): 1.52
	Percent of CPU this job got: 99%
	Elapsed (wall clock) time (h:mm:ss or m:ss): 8:15.29
	Average shared text size (kbytes): 0
	Average unshared data size (kbytes): 0
	Average stack size (kbytes): 0
	Average total size (kbytes): 0
	Maximum resident set size (kbytes): 1042920
	Average resident set size (kbytes): 0
	Major (requiring I/O) page faults: 1
	Minor (reclaiming a frame) page faults: 261652
	Voluntary context switches: 20936
	Involuntary context switches: 25485
	Swaps: 0
	File system inputs: 96832
	File system outputs: 52320
	Socket messages sent: 0
	Socket messages received: 0
	Signals delivered: 0
	Page size (bytes): 4096
	Exit status: 0
