	Command being timed: "java -Xmx8g -jar /FlashFry/flashfry.jar --analysis discover --database /genome/hg38 --fasta /var/lib/cwl/stgd03c5eb8-959c-46e7-a12a-4262baf04812/flashfry1_i5.fasta --output flashfry1_i5.output --maxMismatch 5"
	User time (seconds): 21.77
	System time (seconds): 0.78
	Percent of CPU this job got: 90%
	Elapsed (wall clock) time (h:mm:ss or m:ss): 0:25.01
	Average shared text size (kbytes): 0
	Average unshared data size (kbytes): 0
	Average stack size (kbytes): 0
	Average total size (kbytes): 0
	Maximum resident set size (kbytes): 183936
	Average resident set size (kbytes): 0
	Major (requiring I/O) page faults: 0
	Minor (reclaiming a frame) page faults: 46379
	Voluntary context switches: 10018
	Involuntary context switches: 5239
	Swaps: 0
	File system inputs: 2310864
	File system outputs: 24
	Socket messages sent: 0
	Socket messages received: 0
	Signals delivered: 0
	Page size (bytes): 4096
	Exit status: 0
