	Command being timed: "java -Xmx8g -jar /FlashFry/flashfry.jar --analysis discover --database /genome/hg38 --fasta /var/lib/cwl/stg6359a14c-60a3-4e71-af9e-32459b1cad28/flashfry1000_i5.fasta --output flashfry1000_i5.output --maxMismatch 5"
	User time (seconds): 102.49
	System time (seconds): 0.97
	Percent of CPU this job got: 99%
	Elapsed (wall clock) time (h:mm:ss or m:ss): 1:43.48
	Average shared text size (kbytes): 0
	Average unshared data size (kbytes): 0
	Average stack size (kbytes): 0
	Average total size (kbytes): 0
	Maximum resident set size (kbytes): 283248
	Average resident set size (kbytes): 0
	Major (requiring I/O) page faults: 0
	Minor (reclaiming a frame) page faults: 73497
	Voluntary context switches: 9741
	Involuntary context switches: 9219
	Swaps: 0
	File system inputs: 0
	File system outputs: 44336
	Socket messages sent: 0
	Socket messages received: 0
	Signals delivered: 0
	Page size (bytes): 4096
	Exit status: 0
