	Command being timed: "java -Xmx8g -jar /FlashFry/flashfry.jar --analysis discover --database /genome/hg38 --fasta /var/lib/cwl/stg55574a35-817b-499b-aae1-0fedfa26996a/flashfry10_i4.fasta --output flashfry10_i4.output --maxMismatch 4"
	User time (seconds): 32.69
	System time (seconds): 0.93
	Percent of CPU this job got: 98%
	Elapsed (wall clock) time (h:mm:ss or m:ss): 0:34.25
	Average shared text size (kbytes): 0
	Average unshared data size (kbytes): 0
	Average stack size (kbytes): 0
	Average total size (kbytes): 0
	Maximum resident set size (kbytes): 190312
	Average resident set size (kbytes): 0
	Major (requiring I/O) page faults: 1
	Minor (reclaiming a frame) page faults: 48748
	Voluntary context switches: 7689
	Involuntary context switches: 6279
	Swaps: 0
	File system inputs: 977880
	File system outputs: 32
	Socket messages sent: 0
	Socket messages received: 0
	Signals delivered: 0
	Page size (bytes): 4096
	Exit status: 0
