	Command being timed: "java -Xmx8g -jar /FlashFry/flashfry.jar --analysis discover --database /genome/hg38 --fasta /var/lib/cwl/stgd4ca0892-63fa-4d5a-a919-2b32b5853893/flashfry100000_i4.fasta --output flashfry100000_i4.output --maxMismatch 4"
	User time (seconds): 1817.07
	System time (seconds): 2.83
	Percent of CPU this job got: 99%
	Elapsed (wall clock) time (h:mm:ss or m:ss): 30:20.19
	Average shared text size (kbytes): 0
	Average unshared data size (kbytes): 0
	Average stack size (kbytes): 0
	Average total size (kbytes): 0
	Maximum resident set size (kbytes): 3468236
	Average resident set size (kbytes): 0
	Major (requiring I/O) page faults: 2
	Minor (reclaiming a frame) page faults: 868008
	Voluntary context switches: 49237
	Involuntary context switches: 66778
	Swaps: 0
	File system inputs: 48816
	File system outputs: 507920
	Socket messages sent: 0
	Socket messages received: 0
	Signals delivered: 0
	Page size (bytes): 4096
	Exit status: 0
