	Command being timed: "java -Xmx8g -jar /FlashFry/flashfry.jar --analysis discover --database /genome/hg38 --fasta /var/lib/cwl/stgb3c276e2-2cc8-4b8a-8abf-d5ff1d2afcc1/flashfry10000_i4.fasta --output flashfry10000_i4.output --maxMismatch 4"
	User time (seconds): 213.98
	System time (seconds): 1.11
	Percent of CPU this job got: 99%
	Elapsed (wall clock) time (h:mm:ss or m:ss): 3:35.15
	Average shared text size (kbytes): 0
	Average unshared data size (kbytes): 0
	Average stack size (kbytes): 0
	Average total size (kbytes): 0
	Maximum resident set size (kbytes): 467648
	Average resident set size (kbytes): 0
	Major (requiring I/O) page faults: 0
	Minor (reclaiming a frame) page faults: 119638
	Voluntary context switches: 11544
	Involuntary context switches: 13079
	Swaps: 0
	File system inputs: 5792
	File system outputs: 51216
	Socket messages sent: 0
	Socket messages received: 0
	Signals delivered: 0
	Page size (bytes): 4096
	Exit status: 0
