	Command being timed: "java -Xmx8g -jar /FlashFry/flashfry.jar --analysis discover --database /genome/hg38 --fasta /var/lib/cwl/stg1bfae236-2fce-40a4-8aa1-565b4a185403/flashfry10_i5.fasta --output flashfry10_i5.output --maxMismatch 5"
	User time (seconds): 36.18
	System time (seconds): 0.80
	Percent of CPU this job got: 99%
	Elapsed (wall clock) time (h:mm:ss or m:ss): 0:37.32
	Average shared text size (kbytes): 0
	Average unshared data size (kbytes): 0
	Average stack size (kbytes): 0
	Average total size (kbytes): 0
	Maximum resident set size (kbytes): 195644
	Average resident set size (kbytes): 0
	Major (requiring I/O) page faults: 4
	Minor (reclaiming a frame) page faults: 49477
	Voluntary context switches: 7249
	Involuntary context switches: 6542
	Swaps: 0
	File system inputs: 258248
	File system outputs: 480
	Socket messages sent: 0
	Socket messages received: 0
	Signals delivered: 0
	Page size (bytes): 4096
	Exit status: 0
