	Command being timed: "java -Xmx8g -jar /FlashFry/flashfry.jar --analysis discover --database /genome/hg38 --fasta /var/lib/cwl/stg34d4d8cb-047e-4e62-9ef9-8c3ba0203e53/flashfry10000_i3.fasta --output flashfry10000_i3.output --maxMismatch 3"
	User time (seconds): 80.91
	System time (seconds): 0.83
	Percent of CPU this job got: 99%
	Elapsed (wall clock) time (h:mm:ss or m:ss): 1:21.80
	Average shared text size (kbytes): 0
	Average unshared data size (kbytes): 0
	Average stack size (kbytes): 0
	Average total size (kbytes): 0
	Maximum resident set size (kbytes): 256352
	Average resident set size (kbytes): 0
	Major (requiring I/O) page faults: 1
	Minor (reclaiming a frame) page faults: 66709
	Voluntary context switches: 9403
	Involuntary context switches: 9408
	Swaps: 0
	File system inputs: 6232
	File system outputs: 5280
	Socket messages sent: 0
	Socket messages received: 0
	Signals delivered: 0
	Page size (bytes): 4096
	Exit status: 0
