	Command being timed: "java -Xmx8g -jar /FlashFry/flashfry.jar --analysis discover --database /genome/hg38 --fasta /var/lib/cwl/stga77fb914-e685-4956-bd61-8d0f92c0eeee/flashfry100000_i5.fasta --output flashfry100000_i5.output --maxMismatch 5"
	User time (seconds): 19521.91
	System time (seconds): 7.89
	Percent of CPU this job got: 99%
	Elapsed (wall clock) time (h:mm:ss or m:ss): 5:25:35
	Average shared text size (kbytes): 0
	Average unshared data size (kbytes): 0
	Average stack size (kbytes): 0
	Average total size (kbytes): 0
	Maximum resident set size (kbytes): 8420684
	Average resident set size (kbytes): 0
	Major (requiring I/O) page faults: 191
	Minor (reclaiming a frame) page faults: 2107856
	Voluntary context switches: 425589
	Involuntary context switches: 613985
	Swaps: 0
	File system inputs: 2094480
	File system outputs: 4417400
	Socket messages sent: 0
	Socket messages received: 0
	Signals delivered: 0
	Page size (bytes): 4096
	Exit status: 0
