	Command being timed: "java -Xmx8g -jar /FlashFry/flashfry.jar --analysis discover --database /genome/hg38 --fasta /var/lib/cwl/stgf08763e6-2461-4fad-bce8-6f8ec656e1c2/flashfry10000_i5.fasta --output flashfry10000_i5.output --maxMismatch 5"
	User time (seconds): 596.30
	System time (seconds): 1.83
	Percent of CPU this job got: 99%
	Elapsed (wall clock) time (h:mm:ss or m:ss): 9:58.24
	Average shared text size (kbytes): 0
	Average unshared data size (kbytes): 0
	Average stack size (kbytes): 0
	Average total size (kbytes): 0
	Maximum resident set size (kbytes): 1331224
	Average resident set size (kbytes): 0
	Major (requiring I/O) page faults: 1
	Minor (reclaiming a frame) page faults: 332619
	Voluntary context switches: 19780
	Involuntary context switches: 25520
	Swaps: 0
	File system inputs: 10608
	File system outputs: 441512
	Socket messages sent: 0
	Socket messages received: 0
	Signals delivered: 0
	Page size (bytes): 4096
	Exit status: 0
