[bwa_aln_core] convert to sequence coordinate... 5.32 sec
[bwa_aln_core] refine gapped alignments... 0.52 sec
[bwa_aln_core] print alignments... 0.22 sec
[bwa_aln_core] 1000 sequences have been processed.
[main] Version: 0.7.12-r1039
[main] CMD: bwa samse -n 2000 -f samse1000_i5.sam /genome/hg38.fa /var/lib/cwl/stgc32dbc1b-13c7-4c20-9298-13624d77a812/bwaaln1000_i5.stdout /var/lib/cwl/stg4e16928c-102f-4544-a057-905a15d70c3b/casoff1000_i5.fastq
[main] Real time: 6.086 sec; CPU: 6.065 sec
	Command being timed: "bwa samse -n 2000 -f samse1000_i5.sam /genome/hg38.fa /var/lib/cwl/stgc32dbc1b-13c7-4c20-9298-13624d77a812/bwaaln1000_i5.stdout /var/lib/cwl/stg4e16928c-102f-4544-a057-905a15d70c3b/casoff1000_i5.fastq"
	User time (seconds): 2.70
	System time (seconds): 3.36
	Percent of CPU this job got: 99%
	Elapsed (wall clock) time (h:mm:ss or m:ss): 0:06.08
	Average shared text size (kbytes): 0
	Average unshared data size (kbytes): 0
	Average stack size (kbytes): 0
	Average total size (kbytes): 0
	Maximum resident set size (kbytes): 4715932
	Average resident set size (kbytes): 0
	Major (requiring I/O) page faults: 0
	Minor (reclaiming a frame) page faults: 1374454
	Voluntary context switches: 8
	Involuntary context switches: 78
	Swaps: 0
	File system inputs: 0
	File system outputs: 21664
	Socket messages sent: 0
	Socket messages received: 0
	Signals delivered: 0
	Page size (bytes): 4096
	Exit status: 0
