[bwa_aln_core] convert to sequence coordinate... 3.05 sec
[bwa_aln_core] refine gapped alignments... 0.51 sec
[bwa_aln_core] print alignments... 0.02 sec
[bwa_aln_core] 100 sequences have been processed.
[main] Version: 0.7.12-r1039
[main] CMD: bwa samse -n 2000 -f samse100_i5.sam /genome/hg38.fa /var/lib/cwl/stga1c8b975-8c4f-4dde-b6db-f5a1efdb94c9/bwaaln100_i5.stdout /var/lib/cwl/stgc1744092-e173-43bd-aa0e-8dd08e838eea/casoff100_i5.fastq
[main] Real time: 3.614 sec; CPU: 3.590 sec
	Command being timed: "bwa samse -n 2000 -f samse100_i5.sam /genome/hg38.fa /var/lib/cwl/stga1c8b975-8c4f-4dde-b6db-f5a1efdb94c9/bwaaln100_i5.stdout /var/lib/cwl/stgc1744092-e173-43bd-aa0e-8dd08e838eea/casoff100_i5.fastq"
	User time (seconds): 0.26
	System time (seconds): 3.32
	Percent of CPU this job got: 99%
	Elapsed (wall clock) time (h:mm:ss or m:ss): 0:03.61
	Average shared text size (kbytes): 0
	Average unshared data size (kbytes): 0
	Average stack size (kbytes): 0
	Average total size (kbytes): 0
	Maximum resident set size (kbytes): 4704988
	Average resident set size (kbytes): 0
	Major (requiring I/O) page faults: 0
	Minor (reclaiming a frame) page faults: 1371619
	Voluntary context switches: 19
	Involuntary context switches: 92
	Swaps: 0
	File system inputs: 4304
	File system outputs: 2192
	Socket messages sent: 0
	Socket messages received: 0
	Signals delivered: 0
	Page size (bytes): 4096
	Exit status: 0
