[bwa_aln_core] convert to sequence coordinate... 28.56 sec
[bwa_aln_core] refine gapped alignments... 0.61 sec
[bwa_aln_core] print alignments... 2.36 sec
[bwa_aln_core] 100000 sequences have been processed.
[main] Version: 0.7.12-r1039
[main] CMD: bwa samse -n 2000 -f samse100000_i4.sam /genome/hg38.fa /var/lib/cwl/stg8e0d0a2e-379c-48d7-b642-15be9a909cd3/bwaaln100000_i4.stdout /var/lib/cwl/stg7add62c2-164f-471e-be83-d2cd14424a9c/casoff100000_i4.fastq
[main] Real time: 35.944 sec; CPU: 31.647 sec
	Command being timed: "bwa samse -n 2000 -f samse100000_i4.sam /genome/hg38.fa /var/lib/cwl/stg8e0d0a2e-379c-48d7-b642-15be9a909cd3/bwaaln100000_i4.stdout /var/lib/cwl/stg7add62c2-164f-471e-be83-d2cd14424a9c/casoff100000_i4.fastq"
	User time (seconds): 28.10
	System time (seconds): 3.53
	Percent of CPU this job got: 88%
	Elapsed (wall clock) time (h:mm:ss or m:ss): 0:35.94
	Average shared text size (kbytes): 0
	Average unshared data size (kbytes): 0
	Average stack size (kbytes): 0
	Average total size (kbytes): 0
	Maximum resident set size (kbytes): 4858816
	Average resident set size (kbytes): 0
	Major (requiring I/O) page faults: 0
	Minor (reclaiming a frame) page faults: 1412504
	Voluntary context switches: 491
	Involuntary context switches: 388
	Swaps: 0
	File system inputs: 119600
	File system outputs: 254416
	Socket messages sent: 0
	Socket messages received: 0
	Signals delivered: 0
	Page size (bytes): 4096
	Exit status: 0
