[bwa_aln_core] convert to sequence coordinate... 2.99 sec
[bwa_aln_core] refine gapped alignments... 0.52 sec
[bwa_aln_core] print alignments... 0.03 sec
[bwa_aln_core] 10000 sequences have been processed.
[main] Version: 0.7.12-r1039
[main] CMD: bwa samse -n 2000 -f samse10000_i3.sam /genome/hg38.fa /var/lib/cwl/stgbfd26165-036b-490e-8144-90bd68723e2c/bwaaln10000_i3.stdout /var/lib/cwl/stg055bfb69-5a52-4f81-8fef-904b7776efc8/casoff10000_i3.fastq
[main] Real time: 3.586 sec; CPU: 3.559 sec
	Command being timed: "bwa samse -n 2000 -f samse10000_i3.sam /genome/hg38.fa /var/lib/cwl/stgbfd26165-036b-490e-8144-90bd68723e2c/bwaaln10000_i3.stdout /var/lib/cwl/stg055bfb69-5a52-4f81-8fef-904b7776efc8/casoff10000_i3.fastq"
	User time (seconds): 0.21
	System time (seconds): 3.34
	Percent of CPU this job got: 99%
	Elapsed (wall clock) time (h:mm:ss or m:ss): 0:03.58
	Average shared text size (kbytes): 0
	Average unshared data size (kbytes): 0
	Average stack size (kbytes): 0
	Average total size (kbytes): 0
	Maximum resident set size (kbytes): 4707828
	Average resident set size (kbytes): 0
	Major (requiring I/O) page faults: 0
	Minor (reclaiming a frame) page faults: 1372531
	Voluntary context switches: 21
	Involuntary context switches: 46
	Swaps: 0
	File system inputs: 4640
	File system outputs: 4008
	Socket messages sent: 0
	Socket messages received: 0
	Signals delivered: 0
	Page size (bytes): 4096
	Exit status: 0
