[bwa_aln_core] convert to sequence coordinate... 3.04 sec
[bwa_aln_core] refine gapped alignments... 0.54 sec
[bwa_aln_core] print alignments... 0.00 sec
[bwa_aln_core] 1 sequences have been processed.
[main] Version: 0.7.12-r1039
[main] CMD: bwa samse -n 2000 -f samse1_i4.sam /genome/hg38.fa /var/lib/cwl/stgd7e4b88e-98c5-47fd-b351-973aba030556/bwaaln1_i4.stdout /var/lib/cwl/stged550f4a-27e3-40d4-a822-005faff71d9f/casoff1_i4.fastq
[main] Real time: 16.168 sec; CPU: 3.590 sec
	Command being timed: "bwa samse -n 2000 -f samse1_i4.sam /genome/hg38.fa /var/lib/cwl/stgd7e4b88e-98c5-47fd-b351-973aba030556/bwaaln1_i4.stdout /var/lib/cwl/stged550f4a-27e3-40d4-a822-005faff71d9f/casoff1_i4.fastq"
	User time (seconds): 0.00
	System time (seconds): 3.58
	Percent of CPU this job got: 22%
	Elapsed (wall clock) time (h:mm:ss or m:ss): 0:16.17
	Average shared text size (kbytes): 0
	Average unshared data size (kbytes): 0
	Average stack size (kbytes): 0
	Average total size (kbytes): 0
	Maximum resident set size (kbytes): 4703680
	Average resident set size (kbytes): 0
	Major (requiring I/O) page faults: 4
	Minor (reclaiming a frame) page faults: 1371289
	Voluntary context switches: 6072
	Involuntary context switches: 87
	Swaps: 0
	File system inputs: 1563856
	File system outputs: 40
	Socket messages sent: 0
	Socket messages received: 0
	Signals delivered: 0
	Page size (bytes): 4096
	Exit status: 0
