[bwa_aln_core] convert to sequence coordinate... 2.87 sec
[bwa_aln_core] refine gapped alignments... 0.51 sec
[bwa_aln_core] print alignments... 0.00 sec
[bwa_aln_core] 10 sequences have been processed.
[main] Version: 0.7.12-r1039
[main] CMD: bwa samse -n 2000 -f samse10_i4.sam /genome/hg38.fa /var/lib/cwl/stg5e08426e-8fbd-45fc-a7ac-93465c632f49/bwaaln10_i4.stdout /var/lib/cwl/stg16008e3d-e794-419a-9003-dc4be4fefddb/casoff10_i4.fastq
[main] Real time: 3.500 sec; CPU: 3.384 sec
	Command being timed: "bwa samse -n 2000 -f samse10_i4.sam /genome/hg38.fa /var/lib/cwl/stg5e08426e-8fbd-45fc-a7ac-93465c632f49/bwaaln10_i4.stdout /var/lib/cwl/stg16008e3d-e794-419a-9003-dc4be4fefddb/casoff10_i4.fastq"
	User time (seconds): 0.00
	System time (seconds): 3.38
	Percent of CPU this job got: 96%
	Elapsed (wall clock) time (h:mm:ss or m:ss): 0:03.50
	Average shared text size (kbytes): 0
	Average unshared data size (kbytes): 0
	Average stack size (kbytes): 0
	Average total size (kbytes): 0
	Maximum resident set size (kbytes): 4703552
	Average resident set size (kbytes): 0
	Major (requiring I/O) page faults: 0
	Minor (reclaiming a frame) page faults: 1371298
	Voluntary context switches: 247
	Involuntary context switches: 62
	Swaps: 0
	File system inputs: 52824
	File system outputs: 48
	Socket messages sent: 0
	Socket messages received: 0
	Signals delivered: 0
	Page size (bytes): 4096
	Exit status: 0
