[bwa_aln_core] convert to sequence coordinate... 2.94 sec
[bwa_aln_core] refine gapped alignments... 0.52 sec
[bwa_aln_core] print alignments... 0.00 sec
[bwa_aln_core] 1 sequences have been processed.
[main] Version: 0.7.12-r1039
[main] CMD: bwa samse -n 2000 -f samse1_i5.sam /genome/hg38.fa /var/lib/cwl/stg4e9c0b3d-1102-419b-a55c-ce786c5fb84f/bwaaln1_i5.stdout /var/lib/cwl/stg3a6f3bc1-aa75-4d81-b43c-64f09c8af2c7/casoff1_i5.fastq
[main] Real time: 4.708 sec; CPU: 3.472 sec
	Command being timed: "bwa samse -n 2000 -f samse1_i5.sam /genome/hg38.fa /var/lib/cwl/stg4e9c0b3d-1102-419b-a55c-ce786c5fb84f/bwaaln1_i5.stdout /var/lib/cwl/stg3a6f3bc1-aa75-4d81-b43c-64f09c8af2c7/casoff1_i5.fastq"
	User time (seconds): 0.00
	System time (seconds): 3.46
	Percent of CPU this job got: 73%
	Elapsed (wall clock) time (h:mm:ss or m:ss): 0:04.70
	Average shared text size (kbytes): 0
	Average unshared data size (kbytes): 0
	Average stack size (kbytes): 0
	Average total size (kbytes): 0
	Maximum resident set size (kbytes): 4703588
	Average resident set size (kbytes): 0
	Major (requiring I/O) page faults: 0
	Minor (reclaiming a frame) page faults: 1371293
	Voluntary context switches: 1221
	Involuntary context switches: 76
	Swaps: 0
	File system inputs: 303696
	File system outputs: 48
	Socket messages sent: 0
	Socket messages received: 0
	Signals delivered: 0
	Page size (bytes): 4096
	Exit status: 0
