[bwa_aln_core] convert to sequence coordinate... 27.13 sec
[bwa_aln_core] refine gapped alignments... 0.54 sec
[bwa_aln_core] print alignments... 2.19 sec
[bwa_aln_core] 10000 sequences have been processed.
[main] Version: 0.7.12-r1039
[main] CMD: bwa samse -n 2000 -f samse10000_i5.sam /genome/hg38.fa /var/lib/cwl/stg1456cd0a-efea-432b-82ee-7c8aa9c1546d/bwaaln10000_i5.stdout /var/lib/cwl/stg4070e7a6-bd24-4a66-bf1d-c72dadd8f095/casoff10000_i5.fastq
[main] Real time: 33.011 sec; CPU: 29.922 sec
	Command being timed: "bwa samse -n 2000 -f samse10000_i5.sam /genome/hg38.fa /var/lib/cwl/stg1456cd0a-efea-432b-82ee-7c8aa9c1546d/bwaaln10000_i5.stdout /var/lib/cwl/stg4070e7a6-bd24-4a66-bf1d-c72dadd8f095/casoff10000_i5.fastq"
	User time (seconds): 26.43
	System time (seconds): 3.48
	Percent of CPU this job got: 90%
	Elapsed (wall clock) time (h:mm:ss or m:ss): 0:33.01
	Average shared text size (kbytes): 0
	Average unshared data size (kbytes): 0
	Average stack size (kbytes): 0
	Average total size (kbytes): 0
	Maximum resident set size (kbytes): 4825776
	Average resident set size (kbytes): 0
	Major (requiring I/O) page faults: 0
	Minor (reclaiming a frame) page faults: 1402825
	Voluntary context switches: 232
	Involuntary context switches: 308
	Swaps: 0
	File system inputs: 56624
	File system outputs: 221952
	Socket messages sent: 0
	Socket messages received: 0
	Signals delivered: 0
	Page size (bytes): 4096
	Exit status: 0
