[bwa_aln_core] convert to sequence coordinate... 247.15 sec
[bwa_aln_core] refine gapped alignments... 0.74 sec
[bwa_aln_core] print alignments... 22.05 sec
[bwa_aln_core] 100000 sequences have been processed.
[main] Version: 0.7.12-r1039
[main] CMD: bwa samse -n 2000 -f samse100000_i5.sam /genome/hg38.fa /var/lib/cwl/stg45e5cb35-cb69-4cc3-a8dd-11aab91bed89/bwaaln100000_i5.stdout /var/lib/cwl/stgcf29dc82-42d1-4117-824c-6c4297c155c6/casoff100000_i5.fastq
[main] Real time: 314.069 sec; CPU: 270.313 sec
	Command being timed: "bwa samse -n 2000 -f samse100000_i5.sam /genome/hg38.fa /var/lib/cwl/stg45e5cb35-cb69-4cc3-a8dd-11aab91bed89/bwaaln100000_i5.stdout /var/lib/cwl/stgcf29dc82-42d1-4117-824c-6c4297c155c6/casoff100000_i5.fastq"
	User time (seconds): 265.65
	System time (seconds): 4.65
	Percent of CPU this job got: 86%
	Elapsed (wall clock) time (h:mm:ss or m:ss): 5:14.07
	Average shared text size (kbytes): 0
	Average unshared data size (kbytes): 0
	Average stack size (kbytes): 0
	Average total size (kbytes): 0
	Maximum resident set size (kbytes): 5927544
	Average resident set size (kbytes): 0
	Major (requiring I/O) page faults: 3
	Minor (reclaiming a frame) page faults: 1687085
	Voluntary context switches: 7389
	Involuntary context switches: 2632
	Swaps: 0
	File system inputs: 1873776
	File system outputs: 2228104
	Socket messages sent: 0
	Socket messages received: 0
	Signals delivered: 0
	Page size (bytes): 4096
	Exit status: 0
