[bwa_aln_core] convert to sequence coordinate... 2.83 sec
[bwa_aln_core] refine gapped alignments... 0.51 sec
[bwa_aln_core] print alignments... 0.00 sec
[bwa_aln_core] 100 sequences have been processed.
[main] Version: 0.7.12-r1039
[main] CMD: bwa samse -n 2000 -f samse100_i4.sam /genome/hg38.fa /var/lib/cwl/stgd2287903-8386-49e1-aa27-df79a296f26f/bwaaln100_i4.stdout /var/lib/cwl/stgd23b99b0-3685-47f3-ae7a-edf6947da34d/casoff100_i4.fastq
[main] Real time: 3.374 sec; CPU: 3.356 sec
	Command being timed: "bwa samse -n 2000 -f samse100_i4.sam /genome/hg38.fa /var/lib/cwl/stgd2287903-8386-49e1-aa27-df79a296f26f/bwaaln100_i4.stdout /var/lib/cwl/stgd23b99b0-3685-47f3-ae7a-edf6947da34d/casoff100_i4.fastq"
	User time (seconds): 0.02
	System time (seconds): 3.32
	Percent of CPU this job got: 99%
	Elapsed (wall clock) time (h:mm:ss or m:ss): 0:03.37
	Average shared text size (kbytes): 0
	Average unshared data size (kbytes): 0
	Average stack size (kbytes): 0
	Average total size (kbytes): 0
	Maximum resident set size (kbytes): 4703852
	Average resident set size (kbytes): 0
	Major (requiring I/O) page faults: 0
	Minor (reclaiming a frame) page faults: 1371336
	Voluntary context switches: 21
	Involuntary context switches: 43
	Swaps: 0
	File system inputs: 4072
	File system outputs: 256
	Socket messages sent: 0
	Socket messages received: 0
	Signals delivered: 0
	Page size (bytes): 4096
	Exit status: 0
