[bwa_aln_core] convert to sequence coordinate... 5.53 sec
[bwa_aln_core] refine gapped alignments... 0.52 sec
[bwa_aln_core] print alignments... 0.25 sec
[bwa_aln_core] 10000 sequences have been processed.
[main] Version: 0.7.12-r1039
[main] CMD: bwa samse -n 2000 -f samse10000_i4.sam /genome/hg38.fa /var/lib/cwl/stg775c6804-6797-4b65-8ae1-55c3c8409e07/bwaaln10000_i4.stdout /var/lib/cwl/stgfff79a7f-cb48-4530-a43d-408090ef6d90/casoff10000_i4.fastq
[main] Real time: 6.366 sec; CPU: 6.322 sec
	Command being timed: "bwa samse -n 2000 -f samse10000_i4.sam /genome/hg38.fa /var/lib/cwl/stg775c6804-6797-4b65-8ae1-55c3c8409e07/bwaaln10000_i4.stdout /var/lib/cwl/stgfff79a7f-cb48-4530-a43d-408090ef6d90/casoff10000_i4.fastq"
	User time (seconds): 2.96
	System time (seconds): 3.35
	Percent of CPU this job got: 99%
	Elapsed (wall clock) time (h:mm:ss or m:ss): 0:06.36
	Average shared text size (kbytes): 0
	Average unshared data size (kbytes): 0
	Average stack size (kbytes): 0
	Average total size (kbytes): 0
	Maximum resident set size (kbytes): 4719976
	Average resident set size (kbytes): 0
	Major (requiring I/O) page faults: 0
	Minor (reclaiming a frame) page faults: 1375608
	Voluntary context switches: 25
	Involuntary context switches: 87
	Swaps: 0
	File system inputs: 3696
	File system outputs: 26672
	Socket messages sent: 0
	Socket messages received: 0
	Signals delivered: 0
	Page size (bytes): 4096
	Exit status: 0
