[bwa_aln_core] convert to sequence coordinate... 3.43 sec
[bwa_aln_core] refine gapped alignments... 0.71 sec
[bwa_aln_core] print alignments... 0.00 sec
[bwa_aln_core] 1 sequences have been processed.
[main] Version: 0.7.12-r1039
[main] CMD: bwa samse -n 2000 -f samse1_i3.sam /genome/hg38.fa /var/lib/cwl/stg90ee5922-9841-4daa-a9bd-26bb60044247/bwaaln1_i3.stdout /var/lib/cwl/stg54bed1bf-f8cc-48f5-ae52-a86dd2a7f977/casoff1_i3.fastq
[main] Real time: 57.919 sec; CPU: 4.152 sec
	Command being timed: "bwa samse -n 2000 -f samse1_i3.sam /genome/hg38.fa /var/lib/cwl/stg90ee5922-9841-4daa-a9bd-26bb60044247/bwaaln1_i3.stdout /var/lib/cwl/stg54bed1bf-f8cc-48f5-ae52-a86dd2a7f977/casoff1_i3.fastq"
	User time (seconds): 0.00
	System time (seconds): 4.14
	Percent of CPU this job got: 7%
	Elapsed (wall clock) time (h:mm:ss or m:ss): 0:57.92
	Average shared text size (kbytes): 0
	Average unshared data size (kbytes): 0
	Average stack size (kbytes): 0
	Average total size (kbytes): 0
	Maximum resident set size (kbytes): 4703684
	Average resident set size (kbytes): 0
	Major (requiring I/O) page faults: 5
	Minor (reclaiming a frame) page faults: 1371289
	Voluntary context switches: 23701
	Involuntary context switches: 59
	Swaps: 0
	File system inputs: 6083112
	File system outputs: 40
	Socket messages sent: 0
	Socket messages received: 0
	Signals delivered: 0
	Page size (bytes): 4096
	Exit status: 0
