[bwa_aln_core] convert to sequence coordinate... 4.57 sec
[bwa_aln_core] refine gapped alignments... 0.58 sec
[bwa_aln_core] print alignments... 0.24 sec
[bwa_aln_core] 100000 sequences have been processed.
[main] Version: 0.7.12-r1039
[main] CMD: bwa samse -n 2000 -f samse100000_i3.sam /genome/hg38.fa /var/lib/cwl/stg65e6d50e-3292-4848-b5d6-43a32dc7ea69/bwaaln100000_i3.stdout /var/lib/cwl/stg4fdf878a-32d7-4ab1-aee6-35cbc9c85246/casoff100000_i3.fastq
[main] Real time: 5.748 sec; CPU: 5.469 sec
	Command being timed: "bwa samse -n 2000 -f samse100000_i3.sam /genome/hg38.fa /var/lib/cwl/stg65e6d50e-3292-4848-b5d6-43a32dc7ea69/bwaaln100000_i3.stdout /var/lib/cwl/stg4fdf878a-32d7-4ab1-aee6-35cbc9c85246/casoff100000_i3.fastq"
	User time (seconds): 2.08
	System time (seconds): 3.38
	Percent of CPU this job got: 95%
	Elapsed (wall clock) time (h:mm:ss or m:ss): 0:05.74
	Average shared text size (kbytes): 0
	Average unshared data size (kbytes): 0
	Average stack size (kbytes): 0
	Average total size (kbytes): 0
	Maximum resident set size (kbytes): 4744516
	Average resident set size (kbytes): 0
	Major (requiring I/O) page faults: 0
	Minor (reclaiming a frame) page faults: 1383606
	Voluntary context switches: 337
	Involuntary context switches: 103
	Swaps: 0
	File system inputs: 86064
	File system outputs: 39824
	Socket messages sent: 0
	Socket messages received: 0
	Signals delivered: 0
	Page size (bytes): 4096
	Exit status: 0
