[bwa_aln_core] calculate SA coordinate... 463.13 sec
[bwa_aln_core] write to the disk... 0.01 sec
[bwa_aln_core] 1000 sequences have been processed.
[main] Version: 0.7.12-r1039
[main] CMD: bwa aln -o 0 -m 20000000 -N -l 20 -n 5 -k 5 /genome/hg38.fa /var/lib/cwl/stg0a647dd5-2b7b-4b16-8906-268a95f0a74e/casoff1000_i5.fastq
[main] Real time: 465.178 sec; CPU: 465.109 sec
	Command being timed: "bwa aln -o 0 -m 20000000 -N -l 20 -n 5 -k 5 /genome/hg38.fa /var/lib/cwl/stg0a647dd5-2b7b-4b16-8906-268a95f0a74e/casoff1000_i5.fastq"
	User time (seconds): 463.07
	System time (seconds): 2.03
	Percent of CPU this job got: 99%
	Elapsed (wall clock) time (h:mm:ss or m:ss): 7:45.17
	Average shared text size (kbytes): 0
	Average unshared data size (kbytes): 0
	Average stack size (kbytes): 0
	Average total size (kbytes): 0
	Maximum resident set size (kbytes): 3199524
	Average resident set size (kbytes): 0
	Major (requiring I/O) page faults: 0
	Minor (reclaiming a frame) page faults: 799486
	Voluntary context switches: 119
	Involuntary context switches: 5195
	Swaps: 0
	File system inputs: 0
	File system outputs: 0
	Socket messages sent: 0
	Socket messages received: 0
	Signals delivered: 0
	Page size (bytes): 4096
	Exit status: 0
