[bwa_aln_core] calculate SA coordinate... 4640.01 sec
[bwa_aln_core] write to the disk... 0.08 sec
[bwa_aln_core] 10000 sequences have been processed.
[main] Version: 0.7.12-r1039
[main] CMD: bwa aln -o 0 -m 20000000 -N -l 20 -n 5 -k 5 /genome/hg38.fa /var/lib/cwl/stg2dc10f0a-964d-475b-a373-2d5d3eed5763/casoff10000_i5.fastq
[main] Real time: 4642.810 sec; CPU: 4642.060 sec
	Command being timed: "bwa aln -o 0 -m 20000000 -N -l 20 -n 5 -k 5 /genome/hg38.fa /var/lib/cwl/stg2dc10f0a-964d-475b-a373-2d5d3eed5763/casoff10000_i5.fastq"
	User time (seconds): 4639.78
	System time (seconds): 2.27
	Percent of CPU this job got: 99%
	Elapsed (wall clock) time (h:mm:ss or m:ss): 1:17:22
	Average shared text size (kbytes): 0
	Average unshared data size (kbytes): 0
	Average stack size (kbytes): 0
	Average total size (kbytes): 0
	Maximum resident set size (kbytes): 3374940
	Average resident set size (kbytes): 0
	Major (requiring I/O) page faults: 1
	Minor (reclaiming a frame) page faults: 843474
	Voluntary context switches: 1475
	Involuntary context switches: 51279
	Swaps: 0
	File system inputs: 14688
	File system outputs: 0
	Socket messages sent: 0
	Socket messages received: 0
	Signals delivered: 0
	Page size (bytes): 4096
	Exit status: 0
