[bwa_aln_core] calculate SA coordinate... 0.74 sec
[bwa_aln_core] write to the disk... 0.00 sec
[bwa_aln_core] 100 sequences have been processed.
[main] Version: 0.7.12-r1039
[main] CMD: bwa aln -o 0 -m 20000000 -N -l 20 -n 3 -k 3 /genome/hg38.fa /var/lib/cwl/stg97fb46e0-8d53-4af5-a5d9-58298dc1136f/casoff100_i3.fastq
[main] Real time: 2.813 sec; CPU: 2.705 sec
	Command being timed: "bwa aln -o 0 -m 20000000 -N -l 20 -n 3 -k 3 /genome/hg38.fa /var/lib/cwl/stg97fb46e0-8d53-4af5-a5d9-58298dc1136f/casoff100_i3.fastq"
	User time (seconds): 0.74
	System time (seconds): 1.95
	Percent of CPU this job got: 96%
	Elapsed (wall clock) time (h:mm:ss or m:ss): 0:02.81
	Average shared text size (kbytes): 0
	Average unshared data size (kbytes): 0
	Average stack size (kbytes): 0
	Average total size (kbytes): 0
	Maximum resident set size (kbytes): 3136980
	Average resident set size (kbytes): 0
	Major (requiring I/O) page faults: 1
	Minor (reclaiming a frame) page faults: 783818
	Voluntary context switches: 158
	Involuntary context switches: 41
	Swaps: 0
	File system inputs: 42656
	File system outputs: 0
	Socket messages sent: 0
	Socket messages received: 0
	Signals delivered: 0
	Page size (bytes): 4096
	Exit status: 0
