[bwa_aln_core] calculate SA coordinate... 7.40 sec
[bwa_aln_core] write to the disk... 0.00 sec
[bwa_aln_core] 1000 sequences have been processed.
[main] Version: 0.7.12-r1039
[main] CMD: bwa aln -o 0 -m 20000000 -N -l 20 -n 3 -k 3 /genome/hg38.fa /var/lib/cwl/stg253b465a-d16f-45d2-96d8-3a9f18e18553/casoff1000_i3.fastq
[main] Real time: 9.393 sec; CPU: 9.366 sec
	Command being timed: "bwa aln -o 0 -m 20000000 -N -l 20 -n 3 -k 3 /genome/hg38.fa /var/lib/cwl/stg253b465a-d16f-45d2-96d8-3a9f18e18553/casoff1000_i3.fastq"
	User time (seconds): 7.41
	System time (seconds): 1.95
	Percent of CPU this job got: 99%
	Elapsed (wall clock) time (h:mm:ss or m:ss): 0:09.39
	Average shared text size (kbytes): 0
	Average unshared data size (kbytes): 0
	Average stack size (kbytes): 0
	Average total size (kbytes): 0
	Maximum resident set size (kbytes): 3137248
	Average resident set size (kbytes): 0
	Major (requiring I/O) page faults: 1
	Minor (reclaiming a frame) page faults: 783929
	Voluntary context switches: 21
	Involuntary context switches: 104
	Swaps: 0
	File system inputs: 5512
	File system outputs: 0
	Socket messages sent: 0
	Socket messages received: 0
	Signals delivered: 0
	Page size (bytes): 4096
	Exit status: 0
