[bwa_aln_core] calculate SA coordinate... 629.38 sec
[bwa_aln_core] write to the disk... 0.01 sec
[bwa_aln_core] 10000 sequences have been processed.
[main] Version: 0.7.12-r1039
[main] CMD: bwa aln -o 0 -m 20000000 -N -l 20 -n 4 -k 4 /genome/hg38.fa /var/lib/cwl/stg450d6d44-f260-4151-9579-67aadb9f4d0a/casoff10000_i4.fastq
[main] Real time: 631.454 sec; CPU: 631.362 sec
	Command being timed: "bwa aln -o 0 -m 20000000 -N -l 20 -n 4 -k 4 /genome/hg38.fa /var/lib/cwl/stg450d6d44-f260-4151-9579-67aadb9f4d0a/casoff10000_i4.fastq"
	User time (seconds): 629.35
	System time (seconds): 2.00
	Percent of CPU this job got: 99%
	Elapsed (wall clock) time (h:mm:ss or m:ss): 10:31.45
	Average shared text size (kbytes): 0
	Average unshared data size (kbytes): 0
	Average stack size (kbytes): 0
	Average total size (kbytes): 0
	Maximum resident set size (kbytes): 3160052
	Average resident set size (kbytes): 0
	Major (requiring I/O) page faults: 0
	Minor (reclaiming a frame) page faults: 789794
	Voluntary context switches: 106
	Involuntary context switches: 7117
	Swaps: 0
	File system inputs: 0
	File system outputs: 0
	Socket messages sent: 0
	Socket messages received: 0
	Signals delivered: 0
	Page size (bytes): 4096
	Exit status: 0
