[bwa_aln_core] calculate SA coordinate... 5.01 sec
[bwa_aln_core] write to the disk... 0.00 sec
[bwa_aln_core] 10 sequences have been processed.
[main] Version: 0.7.12-r1039
[main] CMD: bwa aln -o 0 -m 20000000 -N -l 20 -n 5 -k 5 /genome/hg38.fa /var/lib/cwl/stg90abb97a-9d5f-4003-aad0-6fb9d13b0072/casoff10_i5.fastq
[main] Real time: 7.247 sec; CPU: 6.990 sec
	Command being timed: "bwa aln -o 0 -m 20000000 -N -l 20 -n 5 -k 5 /genome/hg38.fa /var/lib/cwl/stg90abb97a-9d5f-4003-aad0-6fb9d13b0072/casoff10_i5.fastq"
	User time (seconds): 5.03
	System time (seconds): 1.95
	Percent of CPU this job got: 96%
	Elapsed (wall clock) time (h:mm:ss or m:ss): 0:07.24
	Average shared text size (kbytes): 0
	Average unshared data size (kbytes): 0
	Average stack size (kbytes): 0
	Average total size (kbytes): 0
	Maximum resident set size (kbytes): 3178584
	Average resident set size (kbytes): 0
	Major (requiring I/O) page faults: 1
	Minor (reclaiming a frame) page faults: 794230
	Voluntary context switches: 402
	Involuntary context switches: 81
	Swaps: 0
	File system inputs: 104160
	File system outputs: 0
	Socket messages sent: 0
	Socket messages received: 0
	Signals delivered: 0
	Page size (bytes): 4096
	Exit status: 0
