[bwa_aln_core] calculate SA coordinate... 46206.25 sec
[bwa_aln_core] write to the disk... 0.74 sec
[bwa_aln_core] 100000 sequences have been processed.
[main] Version: 0.7.12-r1039
[main] CMD: bwa aln -o 0 -m 20000000 -N -l 20 -n 5 -k 5 /genome/hg38.fa /var/lib/cwl/stga2811a5f-24e1-426c-be70-4898d07bf154/casoff100000_i5.fastq
[main] Real time: 46216.234 sec; CPU: 46209.127 sec
	Command being timed: "bwa aln -o 0 -m 20000000 -N -l 20 -n 5 -k 5 /genome/hg38.fa /var/lib/cwl/stga2811a5f-24e1-426c-be70-4898d07bf154/casoff100000_i5.fastq"
	User time (seconds): 46204.15
	System time (seconds): 4.97
	Percent of CPU this job got: 99%
	Elapsed (wall clock) time (h:mm:ss or m:ss): 12:50:16
	Average shared text size (kbytes): 0
	Average unshared data size (kbytes): 0
	Average stack size (kbytes): 0
	Average total size (kbytes): 0
	Maximum resident set size (kbytes): 4870444
	Average resident set size (kbytes): 0
	Major (requiring I/O) page faults: 1
	Minor (reclaiming a frame) page faults: 1218962
	Voluntary context switches: 24570
	Involuntary context switches: 491600
	Swaps: 0
	File system inputs: 142976
	File system outputs: 0
	Socket messages sent: 0
	Socket messages received: 0
	Signals delivered: 0
	Page size (bytes): 4096
	Exit status: 0
