[bwa_aln_core] calculate SA coordinate... 0.63 sec
[bwa_aln_core] write to the disk... 0.00 sec
[bwa_aln_core] 10 sequences have been processed.
[main] Version: 0.7.12-r1039
[main] CMD: bwa aln -o 0 -m 20000000 -N -l 20 -n 4 -k 4 /genome/hg38.fa /var/lib/cwl/stg27cf1afe-d9f5-4e9c-99f8-0b1ca8fe1d25/casoff10_i4.fastq
[main] Real time: 4.051 sec; CPU: 2.665 sec
	Command being timed: "bwa aln -o 0 -m 20000000 -N -l 20 -n 4 -k 4 /genome/hg38.fa /var/lib/cwl/stg27cf1afe-d9f5-4e9c-99f8-0b1ca8fe1d25/casoff10_i4.fastq"
	User time (seconds): 0.66
	System time (seconds): 1.99
	Percent of CPU this job got: 65%
	Elapsed (wall clock) time (h:mm:ss or m:ss): 0:04.05
	Average shared text size (kbytes): 0
	Average unshared data size (kbytes): 0
	Average stack size (kbytes): 0
	Average total size (kbytes): 0
	Maximum resident set size (kbytes): 3141216
	Average resident set size (kbytes): 0
	Major (requiring I/O) page faults: 0
	Minor (reclaiming a frame) page faults: 784900
	Voluntary context switches: 1420
	Involuntary context switches: 36
	Swaps: 0
	File system inputs: 376080
	File system outputs: 0
	Socket messages sent: 0
	Socket messages received: 0
	Signals delivered: 0
	Page size (bytes): 4096
	Exit status: 0
