[bwa_aln_core] calculate SA coordinate... 45.04 sec
[bwa_aln_core] write to the disk... 0.00 sec
[bwa_aln_core] 100 sequences have been processed.
[main] Version: 0.7.12-r1039
[main] CMD: bwa aln -o 0 -m 20000000 -N -l 20 -n 5 -k 5 /genome/hg38.fa /var/lib/cwl/stg59fe0b8b-adb8-403f-935d-da6b6ac30445/casoff100_i5.fastq
[main] Real time: 47.007 sec; CPU: 46.999 sec
	Command being timed: "bwa aln -o 0 -m 20000000 -N -l 20 -n 5 -k 5 /genome/hg38.fa /var/lib/cwl/stg59fe0b8b-adb8-403f-935d-da6b6ac30445/casoff100_i5.fastq"
	User time (seconds): 45.01
	System time (seconds): 1.98
	Percent of CPU this job got: 99%
	Elapsed (wall clock) time (h:mm:ss or m:ss): 0:47.00
	Average shared text size (kbytes): 0
	Average unshared data size (kbytes): 0
	Average stack size (kbytes): 0
	Average total size (kbytes): 0
	Maximum resident set size (kbytes): 3182024
	Average resident set size (kbytes): 0
	Major (requiring I/O) page faults: 0
	Minor (reclaiming a frame) page faults: 795132
	Voluntary context switches: 16
	Involuntary context switches: 546
	Swaps: 0
	File system inputs: 0
	File system outputs: 0
	Socket messages sent: 0
	Socket messages received: 0
	Signals delivered: 0
	Page size (bytes): 4096
	Exit status: 0
