[bwa_aln_core] calculate SA coordinate... 743.52 sec
[bwa_aln_core] write to the disk... 0.02 sec
[bwa_aln_core] 100000 sequences have been processed.
[main] Version: 0.7.12-r1039
[main] CMD: bwa aln -o 0 -m 20000000 -N -l 20 -n 3 -k 3 /genome/hg38.fa /var/lib/cwl/stg048b9c22-350b-4450-b045-35d054d27863/casoff100000_i3.fastq
[main] Real time: 746.062 sec; CPU: 745.582 sec
	Command being timed: "bwa aln -o 0 -m 20000000 -N -l 20 -n 3 -k 3 /genome/hg38.fa /var/lib/cwl/stg048b9c22-350b-4450-b045-35d054d27863/casoff100000_i3.fastq"
	User time (seconds): 743.60
	System time (seconds): 1.97
	Percent of CPU this job got: 99%
	Elapsed (wall clock) time (h:mm:ss or m:ss): 12:26.06
	Average shared text size (kbytes): 0
	Average unshared data size (kbytes): 0
	Average stack size (kbytes): 0
	Average total size (kbytes): 0
	Maximum resident set size (kbytes): 3171556
	Average resident set size (kbytes): 0
	Major (requiring I/O) page faults: 1
	Minor (reclaiming a frame) page faults: 794047
	Voluntary context switches: 473
	Involuntary context switches: 8366
	Swaps: 0
	File system inputs: 123272
	File system outputs: 0
	Socket messages sent: 0
	Socket messages received: 0
	Signals delivered: 0
	Page size (bytes): 4096
	Exit status: 0
