	Command being timed: "java -Xmx8g -jar /FlashFry/flashfry.jar --analysis discover --database /genome/hg38 --fasta /var/lib/cwl/stgee914af1-f816-46ee-a7fd-a7fc8314f2cf/flashfry10_i5.fasta --output flashfry10_i5.output --maxMismatch 5"
	User time (seconds): 36.51
	System time (seconds): 0.89
	Percent of CPU this job got: 97%
	Elapsed (wall clock) time (h:mm:ss or m:ss): 0:38.20
	Average shared text size (kbytes): 0
	Average unshared data size (kbytes): 0
	Average stack size (kbytes): 0
	Average total size (kbytes): 0
	Maximum resident set size (kbytes): 197160
	Average resident set size (kbytes): 0
	Major (requiring I/O) page faults: 1
	Minor (reclaiming a frame) page faults: 51379
	Voluntary context switches: 7555
	Involuntary context switches: 6669
	Swaps: 0
	File system inputs: 327408
	File system outputs: 496
	Socket messages sent: 0
	Socket messages received: 0
	Signals delivered: 0
	Page size (bytes): 4096
	Exit status: 0
