	Command being timed: "java -Xmx8g -jar /FlashFry/flashfry.jar --analysis discover --database /genome/hg38 --fasta /var/lib/cwl/stg948a37ff-f0a2-4318-b898-eab1fac64256/flashfry100000_i4.fasta --output flashfry100000_i4.output --maxMismatch 4"
	User time (seconds): 1883.86
	System time (seconds): 3.04
	Percent of CPU this job got: 99%
	Elapsed (wall clock) time (h:mm:ss or m:ss): 31:27.29
	Average shared text size (kbytes): 0
	Average unshared data size (kbytes): 0
	Average stack size (kbytes): 0
	Average total size (kbytes): 0
	Maximum resident set size (kbytes): 3461944
	Average resident set size (kbytes): 0
	Major (requiring I/O) page faults: 6
	Minor (reclaiming a frame) page faults: 866422
	Voluntary context switches: 50350
	Involuntary context switches: 71606
	Swaps: 0
	File system inputs: 47592
	File system outputs: 508240
	Socket messages sent: 0
	Socket messages received: 0
	Signals delivered: 0
	Page size (bytes): 4096
	Exit status: 0
