	Command being timed: "java -Xmx8g -jar /FlashFry/flashfry.jar --analysis discover --database /genome/hg38 --fasta /var/lib/cwl/stgbd58392f-1ef7-410c-b2ea-94f619b34103/flashfry10_i3.fasta --output flashfry10_i3.output --maxMismatch 3"
	User time (seconds): 19.80
	System time (seconds): 0.67
	Percent of CPU this job got: 93%
	Elapsed (wall clock) time (h:mm:ss or m:ss): 0:21.97
	Average shared text size (kbytes): 0
	Average unshared data size (kbytes): 0
	Average stack size (kbytes): 0
	Average total size (kbytes): 0
	Maximum resident set size (kbytes): 192008
	Average resident set size (kbytes): 0
	Major (requiring I/O) page faults: 0
	Minor (reclaiming a frame) page faults: 48319
	Voluntary context switches: 7229
	Involuntary context switches: 4955
	Swaps: 0
	File system inputs: 789904
	File system outputs: 8
	Socket messages sent: 0
	Socket messages received: 0
	Signals delivered: 0
	Page size (bytes): 4096
	Exit status: 0
