	Command being timed: "java -Xmx8g -jar /FlashFry/flashfry.jar --analysis discover --database /genome/hg38 --fasta /var/lib/cwl/stgdcb3f2ba-8fdf-4317-85cc-6da386e172c9/flashfry100000_i3.fasta --output flashfry100000_i3.output --maxMismatch 3"
	User time (seconds): 491.22
	System time (seconds): 1.56
	Percent of CPU this job got: 99%
	Elapsed (wall clock) time (h:mm:ss or m:ss): 8:13.22
	Average shared text size (kbytes): 0
	Average unshared data size (kbytes): 0
	Average stack size (kbytes): 0
	Average total size (kbytes): 0
	Maximum resident set size (kbytes): 1040828
	Average resident set size (kbytes): 0
	Major (requiring I/O) page faults: 3
	Minor (reclaiming a frame) page faults: 261176
	Voluntary context switches: 20901
	Involuntary context switches: 25682
	Swaps: 0
	File system inputs: 109696
	File system outputs: 52136
	Socket messages sent: 0
	Socket messages received: 0
	Signals delivered: 0
	Page size (bytes): 4096
	Exit status: 0
