	Command being timed: "java -Xmx8g -jar /FlashFry/flashfry.jar --analysis discover --database /genome/hg38 --fasta /var/lib/cwl/stgd228c831-db2a-4481-aa64-559c899223e9/flashfry10000_i5.fasta --output flashfry10000_i5.output --maxMismatch 5"
	User time (seconds): 629.33
	System time (seconds): 1.94
	Percent of CPU this job got: 99%
	Elapsed (wall clock) time (h:mm:ss or m:ss): 10:31.40
	Average shared text size (kbytes): 0
	Average unshared data size (kbytes): 0
	Average stack size (kbytes): 0
	Average total size (kbytes): 0
	Maximum resident set size (kbytes): 1338032
	Average resident set size (kbytes): 0
	Major (requiring I/O) page faults: 2
	Minor (reclaiming a frame) page faults: 335022
	Voluntary context switches: 20483
	Involuntary context switches: 27025
	Swaps: 0
	File system inputs: 13664
	File system outputs: 442200
	Socket messages sent: 0
	Socket messages received: 0
	Signals delivered: 0
	Page size (bytes): 4096
	Exit status: 0
