	Command being timed: "java -Xmx8g -jar /FlashFry/flashfry.jar --analysis discover --database /genome/hg38 --fasta /var/lib/cwl/stg8a92200d-8245-4058-834f-91cd1b92ab6d/flashfry1_i5.fasta --output flashfry1_i5.output --maxMismatch 5"
	User time (seconds): 20.63
	System time (seconds): 0.83
	Percent of CPU this job got: 82%
	Elapsed (wall clock) time (h:mm:ss or m:ss): 0:25.91
	Average shared text size (kbytes): 0
	Average unshared data size (kbytes): 0
	Average stack size (kbytes): 0
	Average total size (kbytes): 0
	Maximum resident set size (kbytes): 183884
	Average resident set size (kbytes): 0
	Major (requiring I/O) page faults: 11
	Minor (reclaiming a frame) page faults: 46821
	Voluntary context switches: 10736
	Involuntary context switches: 5157
	Swaps: 0
	File system inputs: 2424416
	File system outputs: 32
	Socket messages sent: 0
	Socket messages received: 0
	Signals delivered: 0
	Page size (bytes): 4096
	Exit status: 0
