	Command being timed: "java -Xmx8g -jar /FlashFry/flashfry.jar --analysis discover --database /genome/hg38 --fasta /var/lib/cwl/stgfd28cc97-9ff2-4e15-8eb1-54e27db04d7e/flashfry10000_i3.fasta --output flashfry10000_i3.output --maxMismatch 3"
	User time (seconds): 81.68
	System time (seconds): 0.84
	Percent of CPU this job got: 99%
	Elapsed (wall clock) time (h:mm:ss or m:ss): 1:22.59
	Average shared text size (kbytes): 0
	Average unshared data size (kbytes): 0
	Average stack size (kbytes): 0
	Average total size (kbytes): 0
	Maximum resident set size (kbytes): 253004
	Average resident set size (kbytes): 0
	Major (requiring I/O) page faults: 4
	Minor (reclaiming a frame) page faults: 63902
	Voluntary context switches: 9366
	Involuntary context switches: 9607
	Swaps: 0
	File system inputs: 6760
	File system outputs: 5216
	Socket messages sent: 0
	Socket messages received: 0
	Signals delivered: 0
	Page size (bytes): 4096
	Exit status: 0
