[bwa_aln_core] convert to sequence coordinate... 231.09 sec
[bwa_aln_core] refine gapped alignments... 1.02 sec
[bwa_aln_core] print alignments... 21.75 sec
[bwa_aln_core] 100000 sequences have been processed.
[main] Version: 0.7.12-r1039
[main] CMD: bwa samse -n 2000 -f samse100000_i5.sam /genome/hg38.fa /var/lib/cwl/stgb399a2e4-e7c2-46e5-9409-7e7b57b597cd/bwaaln100000_i5.stdout /var/lib/cwl/stgd96e6e2e-0ebc-4dc1-b0d6-8ad89180e10a/casoff100000_i5.fastq
[main] Real time: 362.221 sec; CPU: 254.295 sec
	Command being timed: "bwa samse -n 2000 -f samse100000_i5.sam /genome/hg38.fa /var/lib/cwl/stgb399a2e4-e7c2-46e5-9409-7e7b57b597cd/bwaaln100000_i5.stdout /var/lib/cwl/stgd96e6e2e-0ebc-4dc1-b0d6-8ad89180e10a/casoff100000_i5.fastq"
	User time (seconds): 250.70
	System time (seconds): 3.59
	Percent of CPU this job got: 70%
	Elapsed (wall clock) time (h:mm:ss or m:ss): 6:02.22
	Average shared text size (kbytes): 0
	Average unshared data size (kbytes): 0
	Average stack size (kbytes): 0
	Average total size (kbytes): 0
	Maximum resident set size (kbytes): 5923996
	Average resident set size (kbytes): 0
	Major (requiring I/O) page faults: 9
	Minor (reclaiming a frame) page faults: 1686168
	Voluntary context switches: 39211
	Involuntary context switches: 2735
	Swaps: 0
	File system inputs: 9962112
	File system outputs: 2221536
	Socket messages sent: 0
	Socket messages received: 0
	Signals delivered: 0
	Page size (bytes): 4096
	Exit status: 0
