[bwa_aln_core] convert to sequence coordinate... 3.15 sec
[bwa_aln_core] refine gapped alignments... 0.54 sec
[bwa_aln_core] print alignments... 0.02 sec
[bwa_aln_core] 1000 sequences have been processed.
[main] Version: 0.7.12-r1039
[main] CMD: bwa samse -n 2000 -f samse1000_i4.sam /genome/hg38.fa /var/lib/cwl/stgb18693c4-e0a2-47f3-95ef-0f8d774c4be1/bwaaln1000_i4.stdout /var/lib/cwl/stg85c88ae7-ecd1-4572-8c2b-e5a3fa156c2e/casoff1000_i4.fastq
[main] Real time: 3.721 sec; CPU: 3.715 sec
	Command being timed: "bwa samse -n 2000 -f samse1000_i4.sam /genome/hg38.fa /var/lib/cwl/stgb18693c4-e0a2-47f3-95ef-0f8d774c4be1/bwaaln1000_i4.stdout /var/lib/cwl/stg85c88ae7-ecd1-4572-8c2b-e5a3fa156c2e/casoff1000_i4.fastq"
	User time (seconds): 0.26
	System time (seconds): 3.45
	Percent of CPU this job got: 99%
	Elapsed (wall clock) time (h:mm:ss or m:ss): 0:03.72
	Average shared text size (kbytes): 0
	Average unshared data size (kbytes): 0
	Average stack size (kbytes): 0
	Average total size (kbytes): 0
	Maximum resident set size (kbytes): 4705212
	Average resident set size (kbytes): 0
	Major (requiring I/O) page faults: 0
	Minor (reclaiming a frame) page faults: 1371703
	Voluntary context switches: 3
	Involuntary context switches: 61
	Swaps: 0
	File system inputs: 0
	File system outputs: 2480
	Socket messages sent: 0
	Socket messages received: 0
	Signals delivered: 0
	Page size (bytes): 4096
	Exit status: 0
