[bwa_aln_core] convert to sequence coordinate... 27.22 sec
[bwa_aln_core] refine gapped alignments... 0.64 sec
[bwa_aln_core] print alignments... 2.37 sec
[bwa_aln_core] 100000 sequences have been processed.
[main] Version: 0.7.12-r1039
[main] CMD: bwa samse -n 2000 -f samse100000_i4.sam /genome/hg38.fa /var/lib/cwl/stgcec71467-5ff0-4957-9dd8-ab33d56cac2f/bwaaln100000_i4.stdout /var/lib/cwl/stgd80d3c6f-d0c2-4402-9c0e-56090e6a0eff/casoff100000_i4.fastq
[main] Real time: 35.806 sec; CPU: 30.360 sec
	Command being timed: "bwa samse -n 2000 -f samse100000_i4.sam /genome/hg38.fa /var/lib/cwl/stgcec71467-5ff0-4957-9dd8-ab33d56cac2f/bwaaln100000_i4.stdout /var/lib/cwl/stgd80d3c6f-d0c2-4402-9c0e-56090e6a0eff/casoff100000_i4.fastq"
	User time (seconds): 26.67
	System time (seconds): 3.68
	Percent of CPU this job got: 84%
	Elapsed (wall clock) time (h:mm:ss or m:ss): 0:35.80
	Average shared text size (kbytes): 0
	Average unshared data size (kbytes): 0
	Average stack size (kbytes): 0
	Average total size (kbytes): 0
	Maximum resident set size (kbytes): 4860632
	Average resident set size (kbytes): 0
	Major (requiring I/O) page faults: 0
	Minor (reclaiming a frame) page faults: 1412979
	Voluntary context switches: 461
	Involuntary context switches: 346
	Swaps: 0
	File system inputs: 113512
	File system outputs: 257800
	Socket messages sent: 0
	Socket messages received: 0
	Signals delivered: 0
	Page size (bytes): 4096
	Exit status: 0
