[bwa_aln_core] convert to sequence coordinate... 2.93 sec
[bwa_aln_core] refine gapped alignments... 0.53 sec
[bwa_aln_core] print alignments... 0.01 sec
[bwa_aln_core] 100 sequences have been processed.
[main] Version: 0.7.12-r1039
[main] CMD: bwa samse -n 2000 -f samse100_i4.sam /genome/hg38.fa /var/lib/cwl/stg5b117b6b-f17e-4d6a-abf7-58e3a82e9c15/bwaaln100_i4.stdout /var/lib/cwl/stg730828f7-cd65-487e-b2f7-18d2e56d5a66/casoff100_i4.fastq
[main] Real time: 3.509 sec; CPU: 3.479 sec
	Command being timed: "bwa samse -n 2000 -f samse100_i4.sam /genome/hg38.fa /var/lib/cwl/stg5b117b6b-f17e-4d6a-abf7-58e3a82e9c15/bwaaln100_i4.stdout /var/lib/cwl/stg730828f7-cd65-487e-b2f7-18d2e56d5a66/casoff100_i4.fastq"
	User time (seconds): 0.03
	System time (seconds): 3.44
	Percent of CPU this job got: 99%
	Elapsed (wall clock) time (h:mm:ss or m:ss): 0:03.50
	Average shared text size (kbytes): 0
	Average unshared data size (kbytes): 0
	Average stack size (kbytes): 0
	Average total size (kbytes): 0
	Maximum resident set size (kbytes): 4703776
	Average resident set size (kbytes): 0
	Major (requiring I/O) page faults: 0
	Minor (reclaiming a frame) page faults: 1371335
	Voluntary context switches: 35
	Involuntary context switches: 68
	Swaps: 0
	File system inputs: 8752
	File system outputs: 264
	Socket messages sent: 0
	Socket messages received: 0
	Signals delivered: 0
	Page size (bytes): 4096
	Exit status: 0
