[bwa_aln_core] convert to sequence coordinate... 2.99 sec
[bwa_aln_core] refine gapped alignments... 0.53 sec
[bwa_aln_core] print alignments... 0.00 sec
[bwa_aln_core] 1 sequences have been processed.
[main] Version: 0.7.12-r1039
[main] CMD: bwa samse -n 2000 -f samse1_i5.sam /genome/hg38.fa /var/lib/cwl/stg01dc03a9-c5d7-4a8f-8dfc-941532479ba1/bwaaln1_i5.stdout /var/lib/cwl/stg4426fbea-58a5-48d5-ae1c-7e9b58bf59a4/casoff1_i5.fastq
[main] Real time: 4.696 sec; CPU: 3.532 sec
	Command being timed: "bwa samse -n 2000 -f samse1_i5.sam /genome/hg38.fa /var/lib/cwl/stg01dc03a9-c5d7-4a8f-8dfc-941532479ba1/bwaaln1_i5.stdout /var/lib/cwl/stg4426fbea-58a5-48d5-ae1c-7e9b58bf59a4/casoff1_i5.fastq"
	User time (seconds): 0.00
	System time (seconds): 3.52
	Percent of CPU this job got: 75%
	Elapsed (wall clock) time (h:mm:ss or m:ss): 0:04.69
	Average shared text size (kbytes): 0
	Average unshared data size (kbytes): 0
	Average stack size (kbytes): 0
	Average total size (kbytes): 0
	Maximum resident set size (kbytes): 4703568
	Average resident set size (kbytes): 0
	Major (requiring I/O) page faults: 0
	Minor (reclaiming a frame) page faults: 1371295
	Voluntary context switches: 947
	Involuntary context switches: 71
	Swaps: 0
	File system inputs: 234592
	File system outputs: 48
	Socket messages sent: 0
	Socket messages received: 0
	Signals delivered: 0
	Page size (bytes): 4096
	Exit status: 0
