[bwa_aln_core] convert to sequence coordinate... 3.16 sec
[bwa_aln_core] refine gapped alignments... 0.56 sec
[bwa_aln_core] print alignments... 0.00 sec
[bwa_aln_core] 1 sequences have been processed.
[main] Version: 0.7.12-r1039
[main] CMD: bwa samse -n 2000 -f samse1_i4.sam /genome/hg38.fa /var/lib/cwl/stgb2102f67-59b6-4742-b50a-0552d283574c/bwaaln1_i4.stdout /var/lib/cwl/stge37d9881-e742-4371-99cb-4458a430d818/casoff1_i4.fastq
[main] Real time: 15.706 sec; CPU: 3.725 sec
	Command being timed: "bwa samse -n 2000 -f samse1_i4.sam /genome/hg38.fa /var/lib/cwl/stgb2102f67-59b6-4742-b50a-0552d283574c/bwaaln1_i4.stdout /var/lib/cwl/stge37d9881-e742-4371-99cb-4458a430d818/casoff1_i4.fastq"
	User time (seconds): 0.00
	System time (seconds): 3.72
	Percent of CPU this job got: 23%
	Elapsed (wall clock) time (h:mm:ss or m:ss): 0:15.70
	Average shared text size (kbytes): 0
	Average unshared data size (kbytes): 0
	Average stack size (kbytes): 0
	Average total size (kbytes): 0
	Maximum resident set size (kbytes): 4703588
	Average resident set size (kbytes): 0
	Major (requiring I/O) page faults: 0
	Minor (reclaiming a frame) page faults: 1371290
	Voluntary context switches: 5691
	Involuntary context switches: 104
	Swaps: 0
	File system inputs: 1474320
	File system outputs: 40
	Socket messages sent: 0
	Socket messages received: 0
	Signals delivered: 0
	Page size (bytes): 4096
	Exit status: 0
