[bwa_aln_core] convert to sequence coordinate... 3.10 sec
[bwa_aln_core] refine gapped alignments... 0.54 sec
[bwa_aln_core] print alignments... 0.02 sec
[bwa_aln_core] 10000 sequences have been processed.
[main] Version: 0.7.12-r1039
[main] CMD: bwa samse -n 2000 -f samse10000_i3.sam /genome/hg38.fa /var/lib/cwl/stgd1d2847a-6be4-48b3-a089-d395f96c29cb/bwaaln10000_i3.stdout /var/lib/cwl/stgea7ec1bd-61db-440e-af73-9ef66b96d656/casoff10000_i3.fastq
[main] Real time: 3.706 sec; CPU: 3.674 sec
	Command being timed: "bwa samse -n 2000 -f samse10000_i3.sam /genome/hg38.fa /var/lib/cwl/stgd1d2847a-6be4-48b3-a089-d395f96c29cb/bwaaln10000_i3.stdout /var/lib/cwl/stgea7ec1bd-61db-440e-af73-9ef66b96d656/casoff10000_i3.fastq"
	User time (seconds): 0.21
	System time (seconds): 3.45
	Percent of CPU this job got: 99%
	Elapsed (wall clock) time (h:mm:ss or m:ss): 0:03.70
	Average shared text size (kbytes): 0
	Average unshared data size (kbytes): 0
	Average stack size (kbytes): 0
	Average total size (kbytes): 0
	Maximum resident set size (kbytes): 4707724
	Average resident set size (kbytes): 0
	Major (requiring I/O) page faults: 0
	Minor (reclaiming a frame) page faults: 1372522
	Voluntary context switches: 28
	Involuntary context switches: 52
	Swaps: 0
	File system inputs: 5544
	File system outputs: 3944
	Socket messages sent: 0
	Socket messages received: 0
	Signals delivered: 0
	Page size (bytes): 4096
	Exit status: 0
