[bwa_aln_core] convert to sequence coordinate... 3.62 sec
[bwa_aln_core] refine gapped alignments... 0.75 sec
[bwa_aln_core] print alignments... 0.00 sec
[bwa_aln_core] 1 sequences have been processed.
[main] Version: 0.7.12-r1039
[main] CMD: bwa samse -n 2000 -f samse1_i3.sam /genome/hg38.fa /var/lib/cwl/stg202de7aa-0dce-4b51-8f8a-7097c535c5e4/bwaaln1_i3.stdout /var/lib/cwl/stg9f8a50e2-86d7-42af-abd0-7d743fb667f5/casoff1_i3.fastq
[main] Real time: 58.091 sec; CPU: 4.381 sec
	Command being timed: "bwa samse -n 2000 -f samse1_i3.sam /genome/hg38.fa /var/lib/cwl/stg202de7aa-0dce-4b51-8f8a-7097c535c5e4/bwaaln1_i3.stdout /var/lib/cwl/stg9f8a50e2-86d7-42af-abd0-7d743fb667f5/casoff1_i3.fastq"
	User time (seconds): 0.00
	System time (seconds): 4.37
	Percent of CPU this job got: 7%
	Elapsed (wall clock) time (h:mm:ss or m:ss): 0:58.09
	Average shared text size (kbytes): 0
	Average unshared data size (kbytes): 0
	Average stack size (kbytes): 0
	Average total size (kbytes): 0
	Maximum resident set size (kbytes): 4703660
	Average resident set size (kbytes): 0
	Major (requiring I/O) page faults: 5
	Minor (reclaiming a frame) page faults: 1371286
	Voluntary context switches: 23728
	Involuntary context switches: 92
	Swaps: 0
	File system inputs: 6094384
	File system outputs: 40
	Socket messages sent: 0
	Socket messages received: 0
	Signals delivered: 0
	Page size (bytes): 4096
	Exit status: 0
