[bwa_aln_core] convert to sequence coordinate... 2.93 sec
[bwa_aln_core] refine gapped alignments... 0.54 sec
[bwa_aln_core] print alignments... 0.00 sec
[bwa_aln_core] 100 sequences have been processed.
[main] Version: 0.7.12-r1039
[main] CMD: bwa samse -n 2000 -f samse100_i3.sam /genome/hg38.fa /var/lib/cwl/stg438dffd4-4b8b-4ebd-945e-818ac1906a8a/bwaaln100_i3.stdout /var/lib/cwl/stg9e325487-89bf-44be-bf85-9587cde95e8e/casoff100_i3.fastq
[main] Real time: 3.582 sec; CPU: 3.473 sec
	Command being timed: "bwa samse -n 2000 -f samse100_i3.sam /genome/hg38.fa /var/lib/cwl/stg438dffd4-4b8b-4ebd-945e-818ac1906a8a/bwaaln100_i3.stdout /var/lib/cwl/stg9e325487-89bf-44be-bf85-9587cde95e8e/casoff100_i3.fastq"
	User time (seconds): 0.00
	System time (seconds): 3.47
	Percent of CPU this job got: 96%
	Elapsed (wall clock) time (h:mm:ss or m:ss): 0:03.58
	Average shared text size (kbytes): 0
	Average unshared data size (kbytes): 0
	Average stack size (kbytes): 0
	Average total size (kbytes): 0
	Maximum resident set size (kbytes): 4703696
	Average resident set size (kbytes): 0
	Major (requiring I/O) page faults: 0
	Minor (reclaiming a frame) page faults: 1371309
	Voluntary context switches: 167
	Involuntary context switches: 61
	Swaps: 0
	File system inputs: 41544
	File system outputs: 72
	Socket messages sent: 0
	Socket messages received: 0
	Signals delivered: 0
	Page size (bytes): 4096
	Exit status: 0
