[bwa_aln_core] convert to sequence coordinate... 5.29 sec
[bwa_aln_core] refine gapped alignments... 0.54 sec
[bwa_aln_core] print alignments... 0.22 sec
[bwa_aln_core] 1000 sequences have been processed.
[main] Version: 0.7.12-r1039
[main] CMD: bwa samse -n 2000 -f samse1000_i5.sam /genome/hg38.fa /var/lib/cwl/stg507378d2-14ca-4e73-9a0f-0b0d3524d94d/bwaaln1000_i5.stdout /var/lib/cwl/stg65556761-92e8-4fb7-a999-8ce8d4abfe5f/casoff1000_i5.fastq
[main] Real time: 6.077 sec; CPU: 6.061 sec
	Command being timed: "bwa samse -n 2000 -f samse1000_i5.sam /genome/hg38.fa /var/lib/cwl/stg507378d2-14ca-4e73-9a0f-0b0d3524d94d/bwaaln1000_i5.stdout /var/lib/cwl/stg65556761-92e8-4fb7-a999-8ce8d4abfe5f/casoff1000_i5.fastq"
	User time (seconds): 2.60
	System time (seconds): 3.45
	Percent of CPU this job got: 99%
	Elapsed (wall clock) time (h:mm:ss or m:ss): 0:06.07
	Average shared text size (kbytes): 0
	Average unshared data size (kbytes): 0
	Average stack size (kbytes): 0
	Average total size (kbytes): 0
	Maximum resident set size (kbytes): 4716072
	Average resident set size (kbytes): 0
	Major (requiring I/O) page faults: 0
	Minor (reclaiming a frame) page faults: 1374471
	Voluntary context switches: 98
	Involuntary context switches: 90
	Swaps: 0
	File system inputs: 0
	File system outputs: 22392
	Socket messages sent: 0
	Socket messages received: 0
	Signals delivered: 0
	Page size (bytes): 4096
	Exit status: 0
