[bwa_aln_core] convert to sequence coordinate... 2.97 sec
[bwa_aln_core] refine gapped alignments... 0.54 sec
[bwa_aln_core] print alignments... 0.00 sec
[bwa_aln_core] 10 sequences have been processed.
[main] Version: 0.7.12-r1039
[main] CMD: bwa samse -n 2000 -f samse10_i4.sam /genome/hg38.fa /var/lib/cwl/stg06791802-8caa-47ee-ade1-3e3716334221/bwaaln10_i4.stdout /var/lib/cwl/stg705f49ca-d19e-4b23-b4e7-939a242103ad/casoff10_i4.fastq
[main] Real time: 3.694 sec; CPU: 3.522 sec
	Command being timed: "bwa samse -n 2000 -f samse10_i4.sam /genome/hg38.fa /var/lib/cwl/stg06791802-8caa-47ee-ade1-3e3716334221/bwaaln10_i4.stdout /var/lib/cwl/stg705f49ca-d19e-4b23-b4e7-939a242103ad/casoff10_i4.fastq"
	User time (seconds): 0.00
	System time (seconds): 3.51
	Percent of CPU this job got: 95%
	Elapsed (wall clock) time (h:mm:ss or m:ss): 0:03.69
	Average shared text size (kbytes): 0
	Average unshared data size (kbytes): 0
	Average stack size (kbytes): 0
	Average total size (kbytes): 0
	Maximum resident set size (kbytes): 4703560
	Average resident set size (kbytes): 0
	Major (requiring I/O) page faults: 0
	Minor (reclaiming a frame) page faults: 1371299
	Voluntary context switches: 312
	Involuntary context switches: 77
	Swaps: 0
	File system inputs: 74120
	File system outputs: 56
	Socket messages sent: 0
	Socket messages received: 0
	Signals delivered: 0
	Page size (bytes): 4096
	Exit status: 0
