[bwa_aln_core] convert to sequence coordinate... 26.39 sec
[bwa_aln_core] refine gapped alignments... 0.55 sec
[bwa_aln_core] print alignments... 2.18 sec
[bwa_aln_core] 10000 sequences have been processed.
[main] Version: 0.7.12-r1039
[main] CMD: bwa samse -n 2000 -f samse10000_i5.sam /genome/hg38.fa /var/lib/cwl/stg934f2fe8-ec09-4cce-bc13-01a031e13af3/bwaaln10000_i5.stdout /var/lib/cwl/stga90266fb-8782-4cf2-a051-83fb7741b1b4/casoff10000_i5.fastq
[main] Real time: 33.461 sec; CPU: 29.177 sec
	Command being timed: "bwa samse -n 2000 -f samse10000_i5.sam /genome/hg38.fa /var/lib/cwl/stg934f2fe8-ec09-4cce-bc13-01a031e13af3/bwaaln10000_i5.stdout /var/lib/cwl/stga90266fb-8782-4cf2-a051-83fb7741b1b4/casoff10000_i5.fastq"
	User time (seconds): 25.49
	System time (seconds): 3.68
	Percent of CPU this job got: 87%
	Elapsed (wall clock) time (h:mm:ss or m:ss): 0:33.46
	Average shared text size (kbytes): 0
	Average unshared data size (kbytes): 0
	Average stack size (kbytes): 0
	Average total size (kbytes): 0
	Maximum resident set size (kbytes): 4826556
	Average resident set size (kbytes): 0
	Major (requiring I/O) page faults: 0
	Minor (reclaiming a frame) page faults: 1403053
	Voluntary context switches: 207
	Involuntary context switches: 357
	Swaps: 0
	File system inputs: 48120
	File system outputs: 222584
	Socket messages sent: 0
	Socket messages received: 0
	Signals delivered: 0
	Page size (bytes): 4096
	Exit status: 0
