[bwa_aln_core] convert to sequence coordinate... 3.01 sec
[bwa_aln_core] refine gapped alignments... 0.54 sec
[bwa_aln_core] print alignments... 0.00 sec
[bwa_aln_core] 10 sequences have been processed.
[main] Version: 0.7.12-r1039
[main] CMD: bwa samse -n 2000 -f samse10_i3.sam /genome/hg38.fa /var/lib/cwl/stg91bb6162-9c15-4538-97fa-27d5160fa4a4/bwaaln10_i3.stdout /var/lib/cwl/stgf68e120a-1e56-4f02-8449-4cbc1165d37e/casoff10_i3.fastq
[main] Real time: 3.659 sec; CPU: 3.556 sec
	Command being timed: "bwa samse -n 2000 -f samse10_i3.sam /genome/hg38.fa /var/lib/cwl/stg91bb6162-9c15-4538-97fa-27d5160fa4a4/bwaaln10_i3.stdout /var/lib/cwl/stgf68e120a-1e56-4f02-8449-4cbc1165d37e/casoff10_i3.fastq"
	User time (seconds): 0.00
	System time (seconds): 3.55
	Percent of CPU this job got: 97%
	Elapsed (wall clock) time (h:mm:ss or m:ss): 0:03.66
	Average shared text size (kbytes): 0
	Average unshared data size (kbytes): 0
	Average stack size (kbytes): 0
	Average total size (kbytes): 0
	Maximum resident set size (kbytes): 4703616
	Average resident set size (kbytes): 0
	Major (requiring I/O) page faults: 5
	Minor (reclaiming a frame) page faults: 1371290
	Voluntary context switches: 214
	Involuntary context switches: 74
	Swaps: 0
	File system inputs: 39912
	File system outputs: 40
	Socket messages sent: 0
	Socket messages received: 0
	Signals delivered: 0
	Page size (bytes): 4096
	Exit status: 0
