[bwa_aln_core] calculate SA coordinate... 80.10 sec
[bwa_aln_core] write to the disk... 0.00 sec
[bwa_aln_core] 1000 sequences have been processed.
[main] Version: 0.7.12-r1039
[main] CMD: bwa aln -o 0 -m 20000000 -N -l 20 -n 4 -k 4 /genome/hg38.fa /var/lib/cwl/stg3ebb270a-d7e7-434d-9b67-ab8efdab10a9/casoff1000_i4.fastq
[main] Real time: 82.271 sec; CPU: 82.259 sec
	Command being timed: "bwa aln -o 0 -m 20000000 -N -l 20 -n 4 -k 4 /genome/hg38.fa /var/lib/cwl/stg3ebb270a-d7e7-434d-9b67-ab8efdab10a9/casoff1000_i4.fastq"
	User time (seconds): 80.09
	System time (seconds): 2.16
	Percent of CPU this job got: 99%
	Elapsed (wall clock) time (h:mm:ss or m:ss): 1:22.27
	Average shared text size (kbytes): 0
	Average unshared data size (kbytes): 0
	Average stack size (kbytes): 0
	Average total size (kbytes): 0
	Maximum resident set size (kbytes): 3144948
	Average resident set size (kbytes): 0
	Major (requiring I/O) page faults: 0
	Minor (reclaiming a frame) page faults: 785843
	Voluntary context switches: 10
	Involuntary context switches: 892
	Swaps: 0
	File system inputs: 0
	File system outputs: 0
	Socket messages sent: 0
	Socket messages received: 0
	Signals delivered: 0
	Page size (bytes): 4096
	Exit status: 0
