[bwa_aln_core] calculate SA coordinate... 6.15 sec
[bwa_aln_core] write to the disk... 0.00 sec
[bwa_aln_core] 10 sequences have been processed.
[main] Version: 0.7.12-r1039
[main] CMD: bwa aln -o 0 -m 20000000 -N -l 20 -n 5 -k 5 /genome/hg38.fa /var/lib/cwl/stgc7b45557-a5d8-49c9-858d-1ddeaf75f8c9/casoff10_i5.fastq
[main] Real time: 8.368 sec; CPU: 8.316 sec
	Command being timed: "bwa aln -o 0 -m 20000000 -N -l 20 -n 5 -k 5 /genome/hg38.fa /var/lib/cwl/stgc7b45557-a5d8-49c9-858d-1ddeaf75f8c9/casoff10_i5.fastq"
	User time (seconds): 6.11
	System time (seconds): 2.20
	Percent of CPU this job got: 99%
	Elapsed (wall clock) time (h:mm:ss or m:ss): 0:08.36
	Average shared text size (kbytes): 0
	Average unshared data size (kbytes): 0
	Average stack size (kbytes): 0
	Average total size (kbytes): 0
	Maximum resident set size (kbytes): 3178892
	Average resident set size (kbytes): 0
	Major (requiring I/O) page faults: 1
	Minor (reclaiming a frame) page faults: 794311
	Voluntary context switches: 107
	Involuntary context switches: 111
	Swaps: 0
	File system inputs: 27880
	File system outputs: 0
	Socket messages sent: 0
	Socket messages received: 0
	Signals delivered: 0
	Page size (bytes): 4096
	Exit status: 0
