[bwa_aln_core] calculate SA coordinate... 7992.88 sec
[bwa_aln_core] write to the disk... 0.11 sec
[bwa_aln_core] 100000 sequences have been processed.
[main] Version: 0.7.12-r1039
[main] CMD: bwa aln -o 0 -m 20000000 -N -l 20 -n 4 -k 4 /genome/hg38.fa /var/lib/cwl/stgfb28e831-b044-4f77-abbd-2cf9836488b5/casoff100000_i4.fastq
[main] Real time: 7996.170 sec; CPU: 7995.224 sec
	Command being timed: "bwa aln -o 0 -m 20000000 -N -l 20 -n 4 -k 4 /genome/hg38.fa /var/lib/cwl/stgfb28e831-b044-4f77-abbd-2cf9836488b5/casoff100000_i4.fastq"
	User time (seconds): 7992.66
	System time (seconds): 2.56
	Percent of CPU this job got: 99%
	Elapsed (wall clock) time (h:mm:ss or m:ss): 2:13:16
	Average shared text size (kbytes): 0
	Average unshared data size (kbytes): 0
	Average stack size (kbytes): 0
	Average total size (kbytes): 0
	Maximum resident set size (kbytes): 3304628
	Average resident set size (kbytes): 0
	Major (requiring I/O) page faults: 1
	Minor (reclaiming a frame) page faults: 827321
	Voluntary context switches: 943
	Involuntary context switches: 79949
	Swaps: 0
	File system inputs: 23840
	File system outputs: 0
	Socket messages sent: 0
	Socket messages received: 0
	Signals delivered: 0
	Page size (bytes): 4096
	Exit status: 0
