[bwa_aln_core] calculate SA coordinate... 0.93 sec
[bwa_aln_core] write to the disk... 0.00 sec
[bwa_aln_core] 100 sequences have been processed.
[main] Version: 0.7.12-r1039
[main] CMD: bwa aln -o 0 -m 20000000 -N -l 20 -n 3 -k 3 /genome/hg38.fa /var/lib/cwl/stg09b4929b-c4f0-498a-83b4-874d21310bee/casoff100_i3.fastq
[main] Real time: 3.090 sec; CPU: 3.087 sec
	Command being timed: "bwa aln -o 0 -m 20000000 -N -l 20 -n 3 -k 3 /genome/hg38.fa /var/lib/cwl/stg09b4929b-c4f0-498a-83b4-874d21310bee/casoff100_i3.fastq"
	User time (seconds): 0.93
	System time (seconds): 2.15
	Percent of CPU this job got: 99%
	Elapsed (wall clock) time (h:mm:ss or m:ss): 0:03.09
	Average shared text size (kbytes): 0
	Average unshared data size (kbytes): 0
	Average stack size (kbytes): 0
	Average total size (kbytes): 0
	Maximum resident set size (kbytes): 3137016
	Average resident set size (kbytes): 0
	Major (requiring I/O) page faults: 0
	Minor (reclaiming a frame) page faults: 783820
	Voluntary context switches: 1
	Involuntary context switches: 40
	Swaps: 0
	File system inputs: 0
	File system outputs: 0
	Socket messages sent: 0
	Socket messages received: 0
	Signals delivered: 0
	Page size (bytes): 4096
	Exit status: 0
