[bwa_aln_core] calculate SA coordinate... 0.00 sec
[bwa_aln_core] write to the disk... 0.00 sec
[bwa_aln_core] 1 sequences have been processed.
[main] Version: 0.7.12-r1039
[main] CMD: bwa aln -o 0 -m 20000000 -N -l 20 -n 3 -k 3 /genome/hg38.fa /var/lib/cwl/stgc28767c0-ef8b-4c2d-99a6-c086512df3d0/casoff1_i3.fastq
[main] Real time: 59.555 sec; CPU: 3.082 sec
	Command being timed: "bwa aln -o 0 -m 20000000 -N -l 20 -n 3 -k 3 /genome/hg38.fa /var/lib/cwl/stgc28767c0-ef8b-4c2d-99a6-c086512df3d0/casoff1_i3.fastq"
	User time (seconds): 0.03
	System time (seconds): 3.05
	Percent of CPU this job got: 5%
	Elapsed (wall clock) time (h:mm:ss or m:ss): 0:59.55
	Average shared text size (kbytes): 0
	Average unshared data size (kbytes): 0
	Average stack size (kbytes): 0
	Average total size (kbytes): 0
	Maximum resident set size (kbytes): 3136624
	Average resident set size (kbytes): 0
	Major (requiring I/O) page faults: 3
	Minor (reclaiming a frame) page faults: 783724
	Voluntary context switches: 24398
	Involuntary context switches: 69
	Swaps: 0
	File system inputs: 6268896
	File system outputs: 0
	Socket messages sent: 0
	Socket messages received: 0
	Signals delivered: 0
	Page size (bytes): 4096
	Exit status: 0
