[bwa_aln_core] calculate SA coordinate... 60935.80 sec
[bwa_aln_core] write to the disk... 0.80 sec
[bwa_aln_core] 100000 sequences have been processed.
[main] Version: 0.7.12-r1039
[main] CMD: bwa aln -o 0 -m 20000000 -N -l 20 -n 5 -k 5 /genome/hg38.fa /var/lib/cwl/stg064fe816-316c-4352-aaab-a46f4fe7feb6/casoff100000_i5.fastq
[main] Real time: 60970.051 sec; CPU: 60939.320 sec
	Command being timed: "bwa aln -o 0 -m 20000000 -N -l 20 -n 5 -k 5 /genome/hg38.fa /var/lib/cwl/stg064fe816-316c-4352-aaab-a46f4fe7feb6/casoff100000_i5.fastq"
	User time (seconds): 60934.50
	System time (seconds): 4.81
	Percent of CPU this job got: 99%
	Elapsed (wall clock) time (h:mm:ss or m:ss): 16:56:10
	Average shared text size (kbytes): 0
	Average unshared data size (kbytes): 0
	Average stack size (kbytes): 0
	Average total size (kbytes): 0
	Maximum resident set size (kbytes): 4876292
	Average resident set size (kbytes): 0
	Major (requiring I/O) page faults: 3
	Minor (reclaiming a frame) page faults: 1220336
	Voluntary context switches: 44309
	Involuntary context switches: 577419
	Swaps: 0
	File system inputs: 2833472
	File system outputs: 0
	Socket messages sent: 0
	Socket messages received: 0
	Signals delivered: 0
	Page size (bytes): 4096
	Exit status: 0
