[bwa_aln_core] calculate SA coordinate... 5984.75 sec
[bwa_aln_core] write to the disk... 0.07 sec
[bwa_aln_core] 10000 sequences have been processed.
[main] Version: 0.7.12-r1039
[main] CMD: bwa aln -o 0 -m 20000000 -N -l 20 -n 5 -k 5 /genome/hg38.fa /var/lib/cwl/stg58d1d4eb-f8c1-416c-ab4c-966635b60f65/casoff10000_i5.fastq
[main] Real time: 5987.646 sec; CPU: 5987.001 sec
	Command being timed: "bwa aln -o 0 -m 20000000 -N -l 20 -n 5 -k 5 /genome/hg38.fa /var/lib/cwl/stg58d1d4eb-f8c1-416c-ab4c-966635b60f65/casoff10000_i5.fastq"
	User time (seconds): 5984.45
	System time (seconds): 2.54
	Percent of CPU this job got: 99%
	Elapsed (wall clock) time (h:mm:ss or m:ss): 1:39:47
	Average shared text size (kbytes): 0
	Average unshared data size (kbytes): 0
	Average stack size (kbytes): 0
	Average total size (kbytes): 0
	Maximum resident set size (kbytes): 3362480
	Average resident set size (kbytes): 0
	Major (requiring I/O) page faults: 0
	Minor (reclaiming a frame) page faults: 840357
	Voluntary context switches: 2821
	Involuntary context switches: 56922
	Swaps: 0
	File system inputs: 0
	File system outputs: 0
	Socket messages sent: 0
	Socket messages received: 0
	Signals delivered: 0
	Page size (bytes): 4096
	Exit status: 0
