[bwa_aln_core] calculate SA coordinate... 790.15 sec
[bwa_aln_core] write to the disk... 0.01 sec
[bwa_aln_core] 10000 sequences have been processed.
[main] Version: 0.7.12-r1039
[main] CMD: bwa aln -o 0 -m 20000000 -N -l 20 -n 4 -k 4 /genome/hg38.fa /var/lib/cwl/stgc1068bf7-530a-4dc9-8584-4d9c03ef142f/casoff10000_i4.fastq
[main] Real time: 792.406 sec; CPU: 792.319 sec
	Command being timed: "bwa aln -o 0 -m 20000000 -N -l 20 -n 4 -k 4 /genome/hg38.fa /var/lib/cwl/stgc1068bf7-530a-4dc9-8584-4d9c03ef142f/casoff10000_i4.fastq"
	User time (seconds): 790.12
	System time (seconds): 2.19
	Percent of CPU this job got: 99%
	Elapsed (wall clock) time (h:mm:ss or m:ss): 13:12.40
	Average shared text size (kbytes): 0
	Average unshared data size (kbytes): 0
	Average stack size (kbytes): 0
	Average total size (kbytes): 0
	Maximum resident set size (kbytes): 3160108
	Average resident set size (kbytes): 0
	Major (requiring I/O) page faults: 0
	Minor (reclaiming a frame) page faults: 789755
	Voluntary context switches: 71
	Involuntary context switches: 7662
	Swaps: 0
	File system inputs: 0
	File system outputs: 0
	Socket messages sent: 0
	Socket messages received: 0
	Signals delivered: 0
	Page size (bytes): 4096
	Exit status: 0
