	Command being timed: "java -Xmx8g -jar /FlashFry/flashfry.jar --analysis discover --database /genome/hg38 --fasta /var/lib/cwl/stg00f1573a-f9d3-441d-b334-4aedcea88db4/flashfry100000_i3.fasta --output flashfry100000_i3.output --maxMismatch 3"
	User time (seconds): 513.00
	System time (seconds): 1.71
	Percent of CPU this job got: 99%
	Elapsed (wall clock) time (h:mm:ss or m:ss): 8:34.87
	Average shared text size (kbytes): 0
	Average unshared data size (kbytes): 0
	Average stack size (kbytes): 0
	Average total size (kbytes): 0
	Maximum resident set size (kbytes): 1056660
	Average resident set size (kbytes): 0
	Major (requiring I/O) page faults: 1
	Minor (reclaiming a frame) page faults: 265026
	Voluntary context switches: 21219
	Involuntary context switches: 28602
	Swaps: 0
	File system inputs: 15896
	File system outputs: 52112
	Socket messages sent: 0
	Socket messages received: 0
	Signals delivered: 0
	Page size (bytes): 4096
	Exit status: 0
