	Command being timed: "java -Xmx8g -jar /FlashFry/flashfry.jar --analysis discover --database /genome/hg38 --fasta /var/lib/cwl/stgf01f69e0-7972-4e36-ae4c-4922707d67ae/flashfry1_i5.fasta --output flashfry1_i5.output --maxMismatch 5"
	User time (seconds): 21.04
	System time (seconds): 0.84
	Percent of CPU this job got: 82%
	Elapsed (wall clock) time (h:mm:ss or m:ss): 0:26.67
	Average shared text size (kbytes): 0
	Average unshared data size (kbytes): 0
	Average stack size (kbytes): 0
	Average total size (kbytes): 0
	Maximum resident set size (kbytes): 177268
	Average resident set size (kbytes): 0
	Major (requiring I/O) page faults: 0
	Minor (reclaiming a frame) page faults: 44645
	Voluntary context switches: 11263
	Involuntary context switches: 5313
	Swaps: 0
	File system inputs: 2215920
	File system outputs: 32
	Socket messages sent: 0
	Socket messages received: 0
	Signals delivered: 0
	Page size (bytes): 4096
	Exit status: 0
