	Command being timed: "java -Xmx8g -jar /FlashFry/flashfry.jar --analysis discover --database /genome/hg38 --fasta /var/lib/cwl/stg58fab48c-09d4-41f5-bd07-1e4fd09029f5/flashfry1000_i4.fasta --output flashfry1000_i4.output --maxMismatch 4"
	User time (seconds): 60.98
	System time (seconds): 0.94
	Percent of CPU this job got: 99%
	Elapsed (wall clock) time (h:mm:ss or m:ss): 1:01.94
	Average shared text size (kbytes): 0
	Average unshared data size (kbytes): 0
	Average stack size (kbytes): 0
	Average total size (kbytes): 0
	Maximum resident set size (kbytes): 217788
	Average resident set size (kbytes): 0
	Major (requiring I/O) page faults: 0
	Minor (reclaiming a frame) page faults: 55025
	Voluntary context switches: 8545
	Involuntary context switches: 8495
	Swaps: 0
	File system inputs: 0
	File system outputs: 5176
	Socket messages sent: 0
	Socket messages received: 0
	Signals delivered: 0
	Page size (bytes): 4096
	Exit status: 0
