	Command being timed: "java -Xmx8g -jar /FlashFry/flashfry.jar --analysis discover --database /genome/hg38 --fasta /var/lib/cwl/stg1652e2b8-f402-4622-951b-d29359c3a3e2/flashfry100000_i5.fasta --output flashfry100000_i5.output --maxMismatch 5"
	User time (seconds): 21441.93
	System time (seconds): 8.83
	Percent of CPU this job got: 99%
	Elapsed (wall clock) time (h:mm:ss or m:ss): 5:57:37
	Average shared text size (kbytes): 0
	Average unshared data size (kbytes): 0
	Average stack size (kbytes): 0
	Average total size (kbytes): 0
	Maximum resident set size (kbytes): 8419148
	Average resident set size (kbytes): 0
	Major (requiring I/O) page faults: 9
	Minor (reclaiming a frame) page faults: 2106312
	Voluntary context switches: 465336
	Involuntary context switches: 661003
	Swaps: 0
	File system inputs: 2161904
	File system outputs: 4423240
	Socket messages sent: 0
	Socket messages received: 0
	Signals delivered: 0
	Page size (bytes): 4096
	Exit status: 0
