	Command being timed: "java -Xmx8g -jar /FlashFry/flashfry.jar --analysis discover --database /genome/hg38 --fasta /var/lib/cwl/stgf857d9c2-0385-4cfe-8c68-4790a3355e00/flashfry10000_i5.fasta --output flashfry10000_i5.output --maxMismatch 5"
	User time (seconds): 637.33
	System time (seconds): 1.79
	Percent of CPU this job got: 99%
	Elapsed (wall clock) time (h:mm:ss or m:ss): 10:39.18
	Average shared text size (kbytes): 0
	Average unshared data size (kbytes): 0
	Average stack size (kbytes): 0
	Average total size (kbytes): 0
	Maximum resident set size (kbytes): 1312200
	Average resident set size (kbytes): 0
	Major (requiring I/O) page faults: 0
	Minor (reclaiming a frame) page faults: 330941
	Voluntary context switches: 20597
	Involuntary context switches: 26593
	Swaps: 0
	File system inputs: 0
	File system outputs: 445024
	Socket messages sent: 0
	Socket messages received: 0
	Signals delivered: 0
	Page size (bytes): 4096
	Exit status: 0
