	Command being timed: "java -Xmx8g -jar /FlashFry/flashfry.jar --analysis discover --database /genome/hg38 --fasta /var/lib/cwl/stg4725780f-b384-474c-87fa-1c7189bb4710/flashfry100_i4.fasta --output flashfry100_i4.output --maxMismatch 4"
	User time (seconds): 41.50
	System time (seconds): 0.90
	Percent of CPU this job got: 99%
	Elapsed (wall clock) time (h:mm:ss or m:ss): 0:42.42
	Average shared text size (kbytes): 0
	Average unshared data size (kbytes): 0
	Average stack size (kbytes): 0
	Average total size (kbytes): 0
	Maximum resident set size (kbytes): 200060
	Average resident set size (kbytes): 0
	Major (requiring I/O) page faults: 0
	Minor (reclaiming a frame) page faults: 50507
	Voluntary context switches: 7173
	Involuntary context switches: 7017
	Swaps: 0
	File system inputs: 0
	File system outputs: 480
	Socket messages sent: 0
	Socket messages received: 0
	Signals delivered: 0
	Page size (bytes): 4096
	Exit status: 0
