	Command being timed: "java -Xmx8g -jar /FlashFry/flashfry.jar --analysis discover --database /genome/hg38 --fasta /var/lib/cwl/stg780c9fdd-71d7-40ac-b9ba-c874449da81f/flashfry100000_i4.fasta --output flashfry100000_i4.output --maxMismatch 4"
	User time (seconds): 1898.93
	System time (seconds): 3.67
	Percent of CPU this job got: 99%
	Elapsed (wall clock) time (h:mm:ss or m:ss): 31:43.46
	Average shared text size (kbytes): 0
	Average unshared data size (kbytes): 0
	Average stack size (kbytes): 0
	Average total size (kbytes): 0
	Maximum resident set size (kbytes): 3479068
	Average resident set size (kbytes): 0
	Major (requiring I/O) page faults: 1
	Minor (reclaiming a frame) page faults: 870631
	Voluntary context switches: 50927
	Involuntary context switches: 80188
	Swaps: 0
	File system inputs: 22760
	File system outputs: 507792
	Socket messages sent: 0
	Socket messages received: 0
	Signals delivered: 0
	Page size (bytes): 4096
	Exit status: 0
