	Command being timed: "java -Xmx8g -jar /FlashFry/flashfry.jar --analysis discover --database /genome/hg38 --fasta /var/lib/cwl/stg08e1ed0e-2886-4f9e-b2aa-8a626d211b6d/flashfry10_i3.fasta --output flashfry10_i3.output --maxMismatch 3"
	User time (seconds): 19.91
	System time (seconds): 0.68
	Percent of CPU this job got: 92%
	Elapsed (wall clock) time (h:mm:ss or m:ss): 0:22.30
	Average shared text size (kbytes): 0
	Average unshared data size (kbytes): 0
	Average stack size (kbytes): 0
	Average total size (kbytes): 0
	Maximum resident set size (kbytes): 175536
	Average resident set size (kbytes): 0
	Major (requiring I/O) page faults: 0
	Minor (reclaiming a frame) page faults: 44172
	Voluntary context switches: 7874
	Involuntary context switches: 4964
	Swaps: 0
	File system inputs: 1067016
	File system outputs: 8
	Socket messages sent: 0
	Socket messages received: 0
	Signals delivered: 0
	Page size (bytes): 4096
	Exit status: 0
