[bwa_aln_core] convert to sequence coordinate... 3.23 sec
[bwa_aln_core] refine gapped alignments... 0.59 sec
[bwa_aln_core] print alignments... 0.00 sec
[bwa_aln_core] 10 sequences have been processed.
[main] Version: 0.7.12-r1039
[main] CMD: bwa samse -n 2000 -f samse10_i5.sam /genome/hg38.fa /var/lib/cwl/stg7a7daf10-e6b1-4fa8-b188-18cf635cccb6/bwaaln10_i5.stdout /var/lib/cwl/stg733c8ae9-5202-416d-897a-8db861876239/casoff10_i5.fastq
[main] Real time: 3.867 sec; CPU: 3.837 sec
	Command being timed: "bwa samse -n 2000 -f samse10_i5.sam /genome/hg38.fa /var/lib/cwl/stg7a7daf10-e6b1-4fa8-b188-18cf635cccb6/bwaaln10_i5.stdout /var/lib/cwl/stg733c8ae9-5202-416d-897a-8db861876239/casoff10_i5.fastq"
	User time (seconds): 0.03
	System time (seconds): 3.79
	Percent of CPU this job got: 99%
	Elapsed (wall clock) time (h:mm:ss or m:ss): 0:03.86
	Average shared text size (kbytes): 0
	Average unshared data size (kbytes): 0
	Average stack size (kbytes): 0
	Average total size (kbytes): 0
	Maximum resident set size (kbytes): 4703860
	Average resident set size (kbytes): 0
	Major (requiring I/O) page faults: 0
	Minor (reclaiming a frame) page faults: 1371348
	Voluntary context switches: 70
	Involuntary context switches: 81
	Swaps: 0
	File system inputs: 16648
	File system outputs: 264
	Socket messages sent: 0
	Socket messages received: 0
	Signals delivered: 0
	Page size (bytes): 4096
	Exit status: 0
