[bwa_aln_core] convert to sequence coordinate... 6.37 sec
[bwa_aln_core] refine gapped alignments... 0.59 sec
[bwa_aln_core] print alignments... 0.22 sec
[bwa_aln_core] 1000 sequences have been processed.
[main] Version: 0.7.12-r1039
[main] CMD: bwa samse -n 2000 -f samse1000_i5.sam /genome/hg38.fa /var/lib/cwl/stgd515c0d7-3788-44ed-81ea-f20de4dd369d/bwaaln1000_i5.stdout /var/lib/cwl/stgfafa0e5e-9ab8-4cd4-9790-1d74461d4445/casoff1000_i5.fastq
[main] Real time: 7.222 sec; CPU: 7.195 sec
	Command being timed: "bwa samse -n 2000 -f samse1000_i5.sam /genome/hg38.fa /var/lib/cwl/stgd515c0d7-3788-44ed-81ea-f20de4dd369d/bwaaln1000_i5.stdout /var/lib/cwl/stgfafa0e5e-9ab8-4cd4-9790-1d74461d4445/casoff1000_i5.fastq"
	User time (seconds): 3.37
	System time (seconds): 3.82
	Percent of CPU this job got: 99%
	Elapsed (wall clock) time (h:mm:ss or m:ss): 0:07.22
	Average shared text size (kbytes): 0
	Average unshared data size (kbytes): 0
	Average stack size (kbytes): 0
	Average total size (kbytes): 0
	Maximum resident set size (kbytes): 4715984
	Average resident set size (kbytes): 0
	Major (requiring I/O) page faults: 0
	Minor (reclaiming a frame) page faults: 1374458
	Voluntary context switches: 101
	Involuntary context switches: 80
	Swaps: 0
	File system inputs: 0
	File system outputs: 22128
	Socket messages sent: 0
	Socket messages received: 0
	Signals delivered: 0
	Page size (bytes): 4096
	Exit status: 0
