[bwa_aln_core] convert to sequence coordinate... 325.02 sec
[bwa_aln_core] refine gapped alignments... 1.04 sec
[bwa_aln_core] print alignments... 22.29 sec
[bwa_aln_core] 100000 sequences have been processed.
[main] Version: 0.7.12-r1039
[main] CMD: bwa samse -n 2000 -f samse100000_i5.sam /genome/hg38.fa /var/lib/cwl/stg556adc32-f5a2-4dd7-94a4-83fd0e0f2077/bwaaln100000_i5.stdout /var/lib/cwl/stg73322f6e-5d50-4208-be91-d24c596ca002/casoff100000_i5.fastq
[main] Real time: 399.225 sec; CPU: 348.768 sec
	Command being timed: "bwa samse -n 2000 -f samse100000_i5.sam /genome/hg38.fa /var/lib/cwl/stg556adc32-f5a2-4dd7-94a4-83fd0e0f2077/bwaaln100000_i5.stdout /var/lib/cwl/stg73322f6e-5d50-4208-be91-d24c596ca002/casoff100000_i5.fastq"
	User time (seconds): 343.77
	System time (seconds): 4.99
	Percent of CPU this job got: 87%
	Elapsed (wall clock) time (h:mm:ss or m:ss): 6:39.22
	Average shared text size (kbytes): 0
	Average unshared data size (kbytes): 0
	Average stack size (kbytes): 0
	Average total size (kbytes): 0
	Maximum resident set size (kbytes): 5927880
	Average resident set size (kbytes): 0
	Major (requiring I/O) page faults: 0
	Minor (reclaiming a frame) page faults: 1687034
	Voluntary context switches: 16395
	Involuntary context switches: 3381
	Swaps: 0
	File system inputs: 2712832
	File system outputs: 2228416
	Socket messages sent: 0
	Socket messages received: 0
	Signals delivered: 0
	Page size (bytes): 4096
	Exit status: 0
