[bwa_aln_core] convert to sequence coordinate... 3.96 sec
[bwa_aln_core] refine gapped alignments... 0.79 sec
[bwa_aln_core] print alignments... 0.00 sec
[bwa_aln_core] 1 sequences have been processed.
[main] Version: 0.7.12-r1039
[main] CMD: bwa samse -n 2000 -f samse1_i3.sam /genome/hg38.fa /var/lib/cwl/stg918c12ec-4623-4d24-80a7-41f596757dab/bwaaln1_i3.stdout /var/lib/cwl/stg89d744a1-5fdd-4e5c-8adb-a83c38cc7014/casoff1_i3.fastq
[main] Real time: 55.260 sec; CPU: 4.757 sec
	Command being timed: "bwa samse -n 2000 -f samse1_i3.sam /genome/hg38.fa /var/lib/cwl/stg918c12ec-4623-4d24-80a7-41f596757dab/bwaaln1_i3.stdout /var/lib/cwl/stg89d744a1-5fdd-4e5c-8adb-a83c38cc7014/casoff1_i3.fastq"
	User time (seconds): 0.00
	System time (seconds): 4.75
	Percent of CPU this job got: 8%
	Elapsed (wall clock) time (h:mm:ss or m:ss): 0:55.26
	Average shared text size (kbytes): 0
	Average unshared data size (kbytes): 0
	Average stack size (kbytes): 0
	Average total size (kbytes): 0
	Maximum resident set size (kbytes): 4703772
	Average resident set size (kbytes): 0
	Major (requiring I/O) page faults: 2
	Minor (reclaiming a frame) page faults: 1371292
	Voluntary context switches: 22406
	Involuntary context switches: 126
	Swaps: 0
	File system inputs: 5753496
	File system outputs: 40
	Socket messages sent: 0
	Socket messages received: 0
	Signals delivered: 0
	Page size (bytes): 4096
	Exit status: 0
