[bwa_aln_core] convert to sequence coordinate... 3.48 sec
[bwa_aln_core] refine gapped alignments... 0.60 sec
[bwa_aln_core] print alignments... 0.02 sec
[bwa_aln_core] 100 sequences have been processed.
[main] Version: 0.7.12-r1039
[main] CMD: bwa samse -n 2000 -f samse100_i5.sam /genome/hg38.fa /var/lib/cwl/stg306de6db-9233-4ad0-97c2-93ed5ff34790/bwaaln100_i5.stdout /var/lib/cwl/stg9eb1ce38-16eb-4b75-83d4-f50ceaa91534/casoff100_i5.fastq
[main] Real time: 4.117 sec; CPU: 4.109 sec
	Command being timed: "bwa samse -n 2000 -f samse100_i5.sam /genome/hg38.fa /var/lib/cwl/stg306de6db-9233-4ad0-97c2-93ed5ff34790/bwaaln100_i5.stdout /var/lib/cwl/stg9eb1ce38-16eb-4b75-83d4-f50ceaa91534/casoff100_i5.fastq"
	User time (seconds): 0.31
	System time (seconds): 3.79
	Percent of CPU this job got: 99%
	Elapsed (wall clock) time (h:mm:ss or m:ss): 0:04.11
	Average shared text size (kbytes): 0
	Average unshared data size (kbytes): 0
	Average stack size (kbytes): 0
	Average total size (kbytes): 0
	Maximum resident set size (kbytes): 4704964
	Average resident set size (kbytes): 0
	Major (requiring I/O) page faults: 0
	Minor (reclaiming a frame) page faults: 1371599
	Voluntary context switches: 11
	Involuntary context switches: 77
	Swaps: 0
	File system inputs: 0
	File system outputs: 2072
	Socket messages sent: 0
	Socket messages received: 0
	Signals delivered: 0
	Page size (bytes): 4096
	Exit status: 0
