[bwa_aln_core] convert to sequence coordinate... 33.30 sec
[bwa_aln_core] refine gapped alignments... 0.61 sec
[bwa_aln_core] print alignments... 2.21 sec
[bwa_aln_core] 10000 sequences have been processed.
[main] Version: 0.7.12-r1039
[main] CMD: bwa samse -n 2000 -f samse10000_i5.sam /genome/hg38.fa /var/lib/cwl/stg46b71025-8960-4275-880a-f0e0995c3b05/bwaaln10000_i5.stdout /var/lib/cwl/stg3b634dc7-f93a-487f-aebf-d3a3ecf117f8/casoff10000_i5.fastq
[main] Real time: 37.326 sec; CPU: 36.176 sec
	Command being timed: "bwa samse -n 2000 -f samse10000_i5.sam /genome/hg38.fa /var/lib/cwl/stg46b71025-8960-4275-880a-f0e0995c3b05/bwaaln10000_i5.stdout /var/lib/cwl/stg3b634dc7-f93a-487f-aebf-d3a3ecf117f8/casoff10000_i5.fastq"
	User time (seconds): 32.20
	System time (seconds): 3.96
	Percent of CPU this job got: 96%
	Elapsed (wall clock) time (h:mm:ss or m:ss): 0:37.32
	Average shared text size (kbytes): 0
	Average unshared data size (kbytes): 0
	Average stack size (kbytes): 0
	Average total size (kbytes): 0
	Maximum resident set size (kbytes): 4827152
	Average resident set size (kbytes): 0
	Major (requiring I/O) page faults: 0
	Minor (reclaiming a frame) page faults: 1403102
	Voluntary context switches: 149
	Involuntary context switches: 346
	Swaps: 0
	File system inputs: 0
	File system outputs: 224296
	Socket messages sent: 0
	Socket messages received: 0
	Signals delivered: 0
	Page size (bytes): 4096
	Exit status: 0
