[bwa_aln_core] convert to sequence coordinate... 3.21 sec
[bwa_aln_core] refine gapped alignments... 0.59 sec
[bwa_aln_core] print alignments... 0.00 sec
[bwa_aln_core] 100 sequences have been processed.
[main] Version: 0.7.12-r1039
[main] CMD: bwa samse -n 2000 -f samse100_i3.sam /genome/hg38.fa /var/lib/cwl/stgdb546902-5819-40fd-9de3-96cee685e9de/bwaaln100_i3.stdout /var/lib/cwl/stg38403fe1-51f8-4cdf-8f5e-fec784e51627/casoff100_i3.fastq
[main] Real time: 3.815 sec; CPU: 3.809 sec
	Command being timed: "bwa samse -n 2000 -f samse100_i3.sam /genome/hg38.fa /var/lib/cwl/stgdb546902-5819-40fd-9de3-96cee685e9de/bwaaln100_i3.stdout /var/lib/cwl/stg38403fe1-51f8-4cdf-8f5e-fec784e51627/casoff100_i3.fastq"
	User time (seconds): 0.00
	System time (seconds): 3.80
	Percent of CPU this job got: 99%
	Elapsed (wall clock) time (h:mm:ss or m:ss): 0:03.81
	Average shared text size (kbytes): 0
	Average unshared data size (kbytes): 0
	Average stack size (kbytes): 0
	Average total size (kbytes): 0
	Maximum resident set size (kbytes): 4703768
	Average resident set size (kbytes): 0
	Major (requiring I/O) page faults: 0
	Minor (reclaiming a frame) page faults: 1371310
	Voluntary context switches: 3
	Involuntary context switches: 62
	Swaps: 0
	File system inputs: 0
	File system outputs: 80
	Socket messages sent: 0
	Socket messages received: 0
	Signals delivered: 0
	Page size (bytes): 4096
	Exit status: 0
