[bwa_aln_core] convert to sequence coordinate... 3.22 sec
[bwa_aln_core] refine gapped alignments... 0.60 sec
[bwa_aln_core] print alignments... 0.00 sec
[bwa_aln_core] 10 sequences have been processed.
[main] Version: 0.7.12-r1039
[main] CMD: bwa samse -n 2000 -f samse10_i3.sam /genome/hg38.fa /var/lib/cwl/stg3e97e90f-0790-4727-ac58-fa35d090bd7e/bwaaln10_i3.stdout /var/lib/cwl/stg665bb8b1-155d-451c-a51b-ea199306e6e0/casoff10_i3.fastq
[main] Real time: 3.913 sec; CPU: 3.828 sec
	Command being timed: "bwa samse -n 2000 -f samse10_i3.sam /genome/hg38.fa /var/lib/cwl/stg3e97e90f-0790-4727-ac58-fa35d090bd7e/bwaaln10_i3.stdout /var/lib/cwl/stg665bb8b1-155d-451c-a51b-ea199306e6e0/casoff10_i3.fastq"
	User time (seconds): 0.00
	System time (seconds): 3.82
	Percent of CPU this job got: 97%
	Elapsed (wall clock) time (h:mm:ss or m:ss): 0:03.91
	Average shared text size (kbytes): 0
	Average unshared data size (kbytes): 0
	Average stack size (kbytes): 0
	Average total size (kbytes): 0
	Maximum resident set size (kbytes): 4703704
	Average resident set size (kbytes): 0
	Major (requiring I/O) page faults: 0
	Minor (reclaiming a frame) page faults: 1371296
	Voluntary context switches: 208
	Involuntary context switches: 73
	Swaps: 0
	File system inputs: 44776
	File system outputs: 40
	Socket messages sent: 0
	Socket messages received: 0
	Signals delivered: 0
	Page size (bytes): 4096
	Exit status: 0
