[bwa_aln_core] convert to sequence coordinate... 3.24 sec
[bwa_aln_core] refine gapped alignments... 0.60 sec
[bwa_aln_core] print alignments... 0.00 sec
[bwa_aln_core] 10 sequences have been processed.
[main] Version: 0.7.12-r1039
[main] CMD: bwa samse -n 2000 -f samse10_i4.sam /genome/hg38.fa /var/lib/cwl/stgc4f722c7-268d-4f48-be51-d394f7b71f66/bwaaln10_i4.stdout /var/lib/cwl/stg11218fb5-a19f-4670-ac4b-4a7b99ceee1c/casoff10_i4.fastq
[main] Real time: 3.946 sec; CPU: 3.851 sec
	Command being timed: "bwa samse -n 2000 -f samse10_i4.sam /genome/hg38.fa /var/lib/cwl/stgc4f722c7-268d-4f48-be51-d394f7b71f66/bwaaln10_i4.stdout /var/lib/cwl/stg11218fb5-a19f-4670-ac4b-4a7b99ceee1c/casoff10_i4.fastq"
	User time (seconds): 0.00
	System time (seconds): 3.84
	Percent of CPU this job got: 97%
	Elapsed (wall clock) time (h:mm:ss or m:ss): 0:03.94
	Average shared text size (kbytes): 0
	Average unshared data size (kbytes): 0
	Average stack size (kbytes): 0
	Average total size (kbytes): 0
	Maximum resident set size (kbytes): 4703712
	Average resident set size (kbytes): 0
	Major (requiring I/O) page faults: 0
	Minor (reclaiming a frame) page faults: 1371301
	Voluntary context switches: 266
	Involuntary context switches: 53
	Swaps: 0
	File system inputs: 60352
	File system outputs: 56
	Socket messages sent: 0
	Socket messages received: 0
	Signals delivered: 0
	Page size (bytes): 4096
	Exit status: 0
