[bwa_aln_core] convert to sequence coordinate... 3.29 sec
[bwa_aln_core] refine gapped alignments... 0.61 sec
[bwa_aln_core] print alignments... 0.00 sec
[bwa_aln_core] 1 sequences have been processed.
[main] Version: 0.7.12-r1039
[main] CMD: bwa samse -n 2000 -f samse1_i5.sam /genome/hg38.fa /var/lib/cwl/stgb818227c-9138-47fb-84cd-32d8bc2d4e38/bwaaln1_i5.stdout /var/lib/cwl/stg7c6a40d8-e7e8-42e4-8337-6a415164645c/casoff1_i5.fastq
[main] Real time: 4.282 sec; CPU: 3.905 sec
	Command being timed: "bwa samse -n 2000 -f samse1_i5.sam /genome/hg38.fa /var/lib/cwl/stgb818227c-9138-47fb-84cd-32d8bc2d4e38/bwaaln1_i5.stdout /var/lib/cwl/stg7c6a40d8-e7e8-42e4-8337-6a415164645c/casoff1_i5.fastq"
	User time (seconds): 0.00
	System time (seconds): 3.90
	Percent of CPU this job got: 91%
	Elapsed (wall clock) time (h:mm:ss or m:ss): 0:04.28
	Average shared text size (kbytes): 0
	Average unshared data size (kbytes): 0
	Average stack size (kbytes): 0
	Average total size (kbytes): 0
	Maximum resident set size (kbytes): 4703784
	Average resident set size (kbytes): 0
	Major (requiring I/O) page faults: 0
	Minor (reclaiming a frame) page faults: 1371298
	Voluntary context switches: 836
	Involuntary context switches: 58
	Swaps: 0
	File system inputs: 206184
	File system outputs: 56
	Socket messages sent: 0
	Socket messages received: 0
	Signals delivered: 0
	Page size (bytes): 4096
	Exit status: 0
