[bwa_aln_core] convert to sequence coordinate... 3.40 sec
[bwa_aln_core] refine gapped alignments... 0.62 sec
[bwa_aln_core] print alignments... 0.00 sec
[bwa_aln_core] 1 sequences have been processed.
[main] Version: 0.7.12-r1039
[main] CMD: bwa samse -n 2000 -f samse1_i4.sam /genome/hg38.fa /var/lib/cwl/stg5361d251-9d1d-4870-82b5-2bcfdc44679c/bwaaln1_i4.stdout /var/lib/cwl/stg6c2dab86-7399-4574-a67c-bf28216fcefc/casoff1_i4.fastq
[main] Real time: 11.406 sec; CPU: 4.025 sec
	Command being timed: "bwa samse -n 2000 -f samse1_i4.sam /genome/hg38.fa /var/lib/cwl/stg5361d251-9d1d-4870-82b5-2bcfdc44679c/bwaaln1_i4.stdout /var/lib/cwl/stg6c2dab86-7399-4574-a67c-bf28216fcefc/casoff1_i4.fastq"
	User time (seconds): 0.00
	System time (seconds): 4.02
	Percent of CPU this job got: 35%
	Elapsed (wall clock) time (h:mm:ss or m:ss): 0:11.40
	Average shared text size (kbytes): 0
	Average unshared data size (kbytes): 0
	Average stack size (kbytes): 0
	Average total size (kbytes): 0
	Maximum resident set size (kbytes): 4703632
	Average resident set size (kbytes): 0
	Major (requiring I/O) page faults: 2
	Minor (reclaiming a frame) page faults: 1371289
	Voluntary context switches: 4040
	Involuntary context switches: 94
	Swaps: 0
	File system inputs: 1033640
	File system outputs: 40
	Socket messages sent: 0
	Socket messages received: 0
	Signals delivered: 0
	Page size (bytes): 4096
	Exit status: 0
