[bwa_aln_core] convert to sequence coordinate... 6.39 sec
[bwa_aln_core] refine gapped alignments... 0.59 sec
[bwa_aln_core] print alignments... 0.24 sec
[bwa_aln_core] 10000 sequences have been processed.
[main] Version: 0.7.12-r1039
[main] CMD: bwa samse -n 2000 -f samse10000_i4.sam /genome/hg38.fa /var/lib/cwl/stg809fdf6a-9071-4b03-84dc-5c57d4d959a7/bwaaln10000_i4.stdout /var/lib/cwl/stgdf9ace2c-d445-426a-9b9a-892ef7e81e11/casoff10000_i4.fastq
[main] Real time: 7.269 sec; CPU: 7.237 sec
	Command being timed: "bwa samse -n 2000 -f samse10000_i4.sam /genome/hg38.fa /var/lib/cwl/stg809fdf6a-9071-4b03-84dc-5c57d4d959a7/bwaaln10000_i4.stdout /var/lib/cwl/stgdf9ace2c-d445-426a-9b9a-892ef7e81e11/casoff10000_i4.fastq"
	User time (seconds): 3.44
	System time (seconds): 3.78
	Percent of CPU this job got: 99%
	Elapsed (wall clock) time (h:mm:ss or m:ss): 0:07.26
	Average shared text size (kbytes): 0
	Average unshared data size (kbytes): 0
	Average stack size (kbytes): 0
	Average total size (kbytes): 0
	Maximum resident set size (kbytes): 4719216
	Average resident set size (kbytes): 0
	Major (requiring I/O) page faults: 0
	Minor (reclaiming a frame) page faults: 1375408
	Voluntary context switches: 108
	Involuntary context switches: 85
	Swaps: 0
	File system inputs: 0
	File system outputs: 25344
	Socket messages sent: 0
	Socket messages received: 0
	Signals delivered: 0
	Page size (bytes): 4096
	Exit status: 0
