[bwa_aln_core] convert to sequence coordinate... 3.22 sec
[bwa_aln_core] refine gapped alignments... 0.59 sec
[bwa_aln_core] print alignments... 0.00 sec
[bwa_aln_core] 100 sequences have been processed.
[main] Version: 0.7.12-r1039
[main] CMD: bwa samse -n 2000 -f samse100_i4.sam /genome/hg38.fa /var/lib/cwl/stgd2be9135-c323-4998-a0b2-dde8cffab1fe/bwaaln100_i4.stdout /var/lib/cwl/stgdaf70855-4214-40c9-89aa-26c838f0c509/casoff100_i4.fastq
[main] Real time: 3.826 sec; CPU: 3.822 sec
	Command being timed: "bwa samse -n 2000 -f samse100_i4.sam /genome/hg38.fa /var/lib/cwl/stgd2be9135-c323-4998-a0b2-dde8cffab1fe/bwaaln100_i4.stdout /var/lib/cwl/stgdaf70855-4214-40c9-89aa-26c838f0c509/casoff100_i4.fastq"
	User time (seconds): 0.03
	System time (seconds): 3.78
	Percent of CPU this job got: 99%
	Elapsed (wall clock) time (h:mm:ss or m:ss): 0:03.82
	Average shared text size (kbytes): 0
	Average unshared data size (kbytes): 0
	Average stack size (kbytes): 0
	Average total size (kbytes): 0
	Maximum resident set size (kbytes): 4703796
	Average resident set size (kbytes): 0
	Major (requiring I/O) page faults: 0
	Minor (reclaiming a frame) page faults: 1371332
	Voluntary context switches: 3
	Involuntary context switches: 61
	Swaps: 0
	File system inputs: 0
	File system outputs: 248
	Socket messages sent: 0
	Socket messages received: 0
	Signals delivered: 0
	Page size (bytes): 4096
	Exit status: 0
