[bwa_aln_core] convert to sequence coordinate... 3.41 sec
[bwa_aln_core] refine gapped alignments... 0.58 sec
[bwa_aln_core] print alignments... 0.03 sec
[bwa_aln_core] 10000 sequences have been processed.
[main] Version: 0.7.12-r1039
[main] CMD: bwa samse -n 2000 -f samse10000_i3.sam /genome/hg38.fa /var/lib/cwl/stgcc7137ea-2927-49c8-a35f-d4a26b2796cc/bwaaln10000_i3.stdout /var/lib/cwl/stg5bc28786-d666-4e01-926c-69121d1ba4d7/casoff10000_i3.fastq
[main] Real time: 4.047 sec; CPU: 4.036 sec
	Command being timed: "bwa samse -n 2000 -f samse10000_i3.sam /genome/hg38.fa /var/lib/cwl/stgcc7137ea-2927-49c8-a35f-d4a26b2796cc/bwaaln10000_i3.stdout /var/lib/cwl/stg5bc28786-d666-4e01-926c-69121d1ba4d7/casoff10000_i3.fastq"
	User time (seconds): 0.26
	System time (seconds): 3.76
	Percent of CPU this job got: 99%
	Elapsed (wall clock) time (h:mm:ss or m:ss): 0:04.04
	Average shared text size (kbytes): 0
	Average unshared data size (kbytes): 0
	Average stack size (kbytes): 0
	Average total size (kbytes): 0
	Maximum resident set size (kbytes): 4707792
	Average resident set size (kbytes): 0
	Major (requiring I/O) page faults: 0
	Minor (reclaiming a frame) page faults: 1372529
	Voluntary context switches: 3
	Involuntary context switches: 46
	Swaps: 0
	File system inputs: 0
	File system outputs: 3992
	Socket messages sent: 0
	Socket messages received: 0
	Signals delivered: 0
	Page size (bytes): 4096
	Exit status: 0
