[bwa_aln_core] calculate SA coordinate... 0.73 sec
[bwa_aln_core] write to the disk... 0.00 sec
[bwa_aln_core] 100 sequences have been processed.
[main] Version: 0.7.12-r1039
[main] CMD: bwa aln -o 0 -m 20000000 -N -l 20 -n 3 -k 3 /genome/hg38.fa /var/lib/cwl/stg5a11eb2c-2acd-4c2a-bc02-7635b2f332ef/casoff100_i3.fastq
[main] Real time: 7.281 sec; CPU: 2.792 sec
	Command being timed: "bwa aln -o 0 -m 20000000 -N -l 20 -n 3 -k 3 /genome/hg38.fa /var/lib/cwl/stg5a11eb2c-2acd-4c2a-bc02-7635b2f332ef/casoff100_i3.fastq"
	User time (seconds): 0.80
	System time (seconds): 1.98
	Percent of CPU this job got: 38%
	Elapsed (wall clock) time (h:mm:ss or m:ss): 0:07.28
	Average shared text size (kbytes): 0
	Average unshared data size (kbytes): 0
	Average stack size (kbytes): 0
	Average total size (kbytes): 0
	Maximum resident set size (kbytes): 3136928
	Average resident set size (kbytes): 0
	Major (requiring I/O) page faults: 1
	Minor (reclaiming a frame) page faults: 783831
	Voluntary context switches: 2876
	Involuntary context switches: 104
	Swaps: 0
	File system inputs: 755712
	File system outputs: 0
	Socket messages sent: 0
	Socket messages received: 0
	Signals delivered: 0
	Page size (bytes): 4096
	Exit status: 0
