[bwa_aln_core] calculate SA coordinate... 484.70 sec
[bwa_aln_core] write to the disk... 0.00 sec
[bwa_aln_core] 1000 sequences have been processed.
[main] Version: 0.7.12-r1039
[main] CMD: bwa aln -o 0 -m 20000000 -N -l 20 -n 5 -k 5 /genome/hg38.fa /var/lib/cwl/stgea37202f-a45f-4222-aaa4-44b98389dd08/casoff1000_i5.fastq
[main] Real time: 514.175 sec; CPU: 487.058 sec
	Command being timed: "bwa aln -o 0 -m 20000000 -N -l 20 -n 5 -k 5 /genome/hg38.fa /var/lib/cwl/stgea37202f-a45f-4222-aaa4-44b98389dd08/casoff1000_i5.fastq"
	User time (seconds): 484.85
	System time (seconds): 2.20
	Percent of CPU this job got: 94%
	Elapsed (wall clock) time (h:mm:ss or m:ss): 8:34.17
	Average shared text size (kbytes): 0
	Average unshared data size (kbytes): 0
	Average stack size (kbytes): 0
	Average total size (kbytes): 0
	Maximum resident set size (kbytes): 3203780
	Average resident set size (kbytes): 0
	Major (requiring I/O) page faults: 1
	Minor (reclaiming a frame) page faults: 800533
	Voluntary context switches: 12332
	Involuntary context switches: 5204
	Swaps: 0
	File system inputs: 3138208
	File system outputs: 0
	Socket messages sent: 0
	Socket messages received: 0
	Signals delivered: 0
	Page size (bytes): 4096
	Exit status: 0
