[bwa_aln_core] calculate SA coordinate... 0.38 sec
[bwa_aln_core] write to the disk... 0.00 sec
[bwa_aln_core] 1 sequences have been processed.
[main] Version: 0.7.12-r1039
[main] CMD: bwa aln -o 0 -m 20000000 -N -l 20 -n 5 -k 5 /genome/hg38.fa /var/lib/cwl/stga6caa5e3-b432-44d9-bc8f-ea2c884639fb/casoff1_i5.fastq
[main] Real time: 3.533 sec; CPU: 2.434 sec
	Command being timed: "bwa aln -o 0 -m 20000000 -N -l 20 -n 5 -k 5 /genome/hg38.fa /var/lib/cwl/stga6caa5e3-b432-44d9-bc8f-ea2c884639fb/casoff1_i5.fastq"
	User time (seconds): 0.39
	System time (seconds): 2.04
	Percent of CPU this job got: 68%
	Elapsed (wall clock) time (h:mm:ss or m:ss): 0:03.53
	Average shared text size (kbytes): 0
	Average unshared data size (kbytes): 0
	Average stack size (kbytes): 0
	Average total size (kbytes): 0
	Maximum resident set size (kbytes): 3161284
	Average resident set size (kbytes): 0
	Major (requiring I/O) page faults: 1
	Minor (reclaiming a frame) page faults: 789902
	Voluntary context switches: 1143
	Involuntary context switches: 69
	Swaps: 0
	File system inputs: 306624
	File system outputs: 0
	Socket messages sent: 0
	Socket messages received: 0
	Signals delivered: 0
	Page size (bytes): 4096
	Exit status: 0
