[bwa_aln_core] calculate SA coordinate... 50.68 sec
[bwa_aln_core] write to the disk... 0.00 sec
[bwa_aln_core] 100 sequences have been processed.
[main] Version: 0.7.12-r1039
[main] CMD: bwa aln -o 0 -m 20000000 -N -l 20 -n 5 -k 5 /genome/hg38.fa /var/lib/cwl/stg466a9116-886b-4655-b88c-48ff778c63f3/casoff100_i5.fastq
[main] Real time: 55.907 sec; CPU: 52.737 sec
	Command being timed: "bwa aln -o 0 -m 20000000 -N -l 20 -n 5 -k 5 /genome/hg38.fa /var/lib/cwl/stg466a9116-886b-4655-b88c-48ff778c63f3/casoff100_i5.fastq"
	User time (seconds): 50.82
	System time (seconds): 1.91
	Percent of CPU this job got: 94%
	Elapsed (wall clock) time (h:mm:ss or m:ss): 0:55.90
	Average shared text size (kbytes): 0
	Average unshared data size (kbytes): 0
	Average stack size (kbytes): 0
	Average total size (kbytes): 0
	Maximum resident set size (kbytes): 3185572
	Average resident set size (kbytes): 0
	Major (requiring I/O) page faults: 1
	Minor (reclaiming a frame) page faults: 795988
	Voluntary context switches: 2341
	Involuntary context switches: 599
	Swaps: 0
	File system inputs: 617592
	File system outputs: 0
	Socket messages sent: 0
	Socket messages received: 0
	Signals delivered: 0
	Page size (bytes): 4096
	Exit status: 0
