[bwa_aln_core] calculate SA coordinate... 7.40 sec
[bwa_aln_core] write to the disk... 0.00 sec
[bwa_aln_core] 1000 sequences have been processed.
[main] Version: 0.7.12-r1039
[main] CMD: bwa aln -o 0 -m 20000000 -N -l 20 -n 3 -k 3 /genome/hg38.fa /var/lib/cwl/stg092c1e01-be18-486a-923d-c0ef1d860f2d/casoff1000_i3.fastq
[main] Real time: 15.266 sec; CPU: 9.508 sec
	Command being timed: "bwa aln -o 0 -m 20000000 -N -l 20 -n 3 -k 3 /genome/hg38.fa /var/lib/cwl/stg092c1e01-be18-486a-923d-c0ef1d860f2d/casoff1000_i3.fastq"
	User time (seconds): 7.54
	System time (seconds): 1.96
	Percent of CPU this job got: 62%
	Elapsed (wall clock) time (h:mm:ss or m:ss): 0:15.26
	Average shared text size (kbytes): 0
	Average unshared data size (kbytes): 0
	Average stack size (kbytes): 0
	Average total size (kbytes): 0
	Maximum resident set size (kbytes): 3137252
	Average resident set size (kbytes): 0
	Major (requiring I/O) page faults: 1
	Minor (reclaiming a frame) page faults: 783916
	Voluntary context switches: 3420
	Involuntary context switches: 130
	Swaps: 0
	File system inputs: 893848
	File system outputs: 0
	Socket messages sent: 0
	Socket messages received: 0
	Signals delivered: 0
	Page size (bytes): 4096
	Exit status: 0
