[bwa_aln_core] calculate SA coordinate... 4.07 sec
[bwa_aln_core] write to the disk... 0.00 sec
[bwa_aln_core] 10 sequences have been processed.
[main] Version: 0.7.12-r1039
[main] CMD: bwa aln -o 0 -m 20000000 -N -l 20 -n 5 -k 5 /genome/hg38.fa /var/lib/cwl/stgd5f25309-4a17-45bd-9f49-490384e9e077/casoff10_i5.fastq
[main] Real time: 6.887 sec; CPU: 6.075 sec
	Command being timed: "bwa aln -o 0 -m 20000000 -N -l 20 -n 5 -k 5 /genome/hg38.fa /var/lib/cwl/stgd5f25309-4a17-45bd-9f49-490384e9e077/casoff10_i5.fastq"
	User time (seconds): 4.12
	System time (seconds): 1.94
	Percent of CPU this job got: 88%
	Elapsed (wall clock) time (h:mm:ss or m:ss): 0:06.88
	Average shared text size (kbytes): 0
	Average unshared data size (kbytes): 0
	Average stack size (kbytes): 0
	Average total size (kbytes): 0
	Maximum resident set size (kbytes): 3174388
	Average resident set size (kbytes): 0
	Major (requiring I/O) page faults: 1
	Minor (reclaiming a frame) page faults: 793183
	Voluntary context switches: 1222
	Involuntary context switches: 105
	Swaps: 0
	File system inputs: 323424
	File system outputs: 0
	Socket messages sent: 0
	Socket messages received: 0
	Signals delivered: 0
	Page size (bytes): 4096
	Exit status: 0
