[bwa_aln_core] calculate SA coordinate... 0.07 sec
[bwa_aln_core] write to the disk... 0.00 sec
[bwa_aln_core] 10 sequences have been processed.
[main] Version: 0.7.12-r1039
[main] CMD: bwa aln -o 0 -m 20000000 -N -l 20 -n 3 -k 3 /genome/hg38.fa /var/lib/cwl/stg4b724ded-5ecc-4cad-b282-9f2f41711330/casoff10_i3.fastq
[main] Real time: 3.077 sec; CPU: 2.097 sec
	Command being timed: "bwa aln -o 0 -m 20000000 -N -l 20 -n 3 -k 3 /genome/hg38.fa /var/lib/cwl/stg4b724ded-5ecc-4cad-b282-9f2f41711330/casoff10_i3.fastq"
	User time (seconds): 0.07
	System time (seconds): 2.02
	Percent of CPU this job got: 68%
	Elapsed (wall clock) time (h:mm:ss or m:ss): 0:03.07
	Average shared text size (kbytes): 0
	Average unshared data size (kbytes): 0
	Average stack size (kbytes): 0
	Average total size (kbytes): 0
	Maximum resident set size (kbytes): 3136880
	Average resident set size (kbytes): 0
	Major (requiring I/O) page faults: 1
	Minor (reclaiming a frame) page faults: 783797
	Voluntary context switches: 1150
	Involuntary context switches: 55
	Swaps: 0
	File system inputs: 305040
	File system outputs: 0
	Socket messages sent: 0
	Socket messages received: 0
	Signals delivered: 0
	Page size (bytes): 4096
	Exit status: 0
