	Command being timed: "java -Xmx8g -jar /FlashFry/flashfry.jar --analysis discover --database /genome/hg38 --fasta /var/lib/cwl/stgd3d6f58a-8e0d-42ab-bba0-09d4f08980b3/flashfry1000_i4.fasta --output flashfry1000_i4.output --maxMismatch 4"
	User time (seconds): 59.44
	System time (seconds): 1.11
	Percent of CPU this job got: 97%
	Elapsed (wall clock) time (h:mm:ss or m:ss): 1:02.38
	Average shared text size (kbytes): 0
	Average unshared data size (kbytes): 0
	Average stack size (kbytes): 0
	Average total size (kbytes): 0
	Maximum resident set size (kbytes): 212708
	Average resident set size (kbytes): 0
	Major (requiring I/O) page faults: 4
	Minor (reclaiming a frame) page faults: 53767
	Voluntary context switches: 10769
	Involuntary context switches: 8578
	Swaps: 0
	File system inputs: 1074392
	File system outputs: 4952
	Socket messages sent: 0
	Socket messages received: 0
	Signals delivered: 0
	Page size (bytes): 4096
	Exit status: 0
