	Command being timed: "java -Xmx8g -jar /FlashFry/flashfry.jar --analysis discover --database /genome/hg38 --fasta /var/lib/cwl/stgb4d937a7-7dd7-4fba-b548-086037b50a68/flashfry10_i3.fasta --output flashfry10_i3.output --maxMismatch 3"
	User time (seconds): 19.43
	System time (seconds): 0.76
	Percent of CPU this job got: 83%
	Elapsed (wall clock) time (h:mm:ss or m:ss): 0:24.25
	Average shared text size (kbytes): 0
	Average unshared data size (kbytes): 0
	Average stack size (kbytes): 0
	Average total size (kbytes): 0
	Maximum resident set size (kbytes): 169260
	Average resident set size (kbytes): 0
	Major (requiring I/O) page faults: 0
	Minor (reclaiming a frame) page faults: 42684
	Voluntary context switches: 9807
	Involuntary context switches: 4984
	Swaps: 0
	File system inputs: 1557672
	File system outputs: 8
	Socket messages sent: 0
	Socket messages received: 0
	Signals delivered: 0
	Page size (bytes): 4096
	Exit status: 0
