[bwa_aln_core] convert to sequence coordinate... 3.04 sec
[bwa_aln_core] refine gapped alignments... 0.55 sec
[bwa_aln_core] print alignments... 0.00 sec
[bwa_aln_core] 10 sequences have been processed.
[main] Version: 0.7.12-r1039
[main] CMD: bwa samse -n 2000 -f samse10_i4.sam /genome/hg38.fa /var/lib/cwl/stgc338ce8f-a9a2-43c8-9111-69393391a0b1/bwaaln10_i4.stdout /var/lib/cwl/stgca1baba5-c726-46f7-a502-563b6953b9dd/casoff10_i4.fastq
[main] Real time: 8.315 sec; CPU: 3.600 sec
	Command being timed: "bwa samse -n 2000 -f samse10_i4.sam /genome/hg38.fa /var/lib/cwl/stgc338ce8f-a9a2-43c8-9111-69393391a0b1/bwaaln10_i4.stdout /var/lib/cwl/stgca1baba5-c726-46f7-a502-563b6953b9dd/casoff10_i4.fastq"
	User time (seconds): 0.00
	System time (seconds): 3.59
	Percent of CPU this job got: 43%
	Elapsed (wall clock) time (h:mm:ss or m:ss): 0:08.31
	Average shared text size (kbytes): 0
	Average unshared data size (kbytes): 0
	Average stack size (kbytes): 0
	Average total size (kbytes): 0
	Maximum resident set size (kbytes): 4703656
	Average resident set size (kbytes): 0
	Major (requiring I/O) page faults: 0
	Minor (reclaiming a frame) page faults: 1371302
	Voluntary context switches: 2526
	Involuntary context switches: 90
	Swaps: 0
	File system inputs: 660784
	File system outputs: 64
	Socket messages sent: 0
	Socket messages received: 0
	Signals delivered: 0
	Page size (bytes): 4096
	Exit status: 0
