[bwa_aln_core] convert to sequence coordinate... 3.03 sec
[bwa_aln_core] refine gapped alignments... 0.53 sec
[bwa_aln_core] print alignments... 0.00 sec
[bwa_aln_core] 1 sequences have been processed.
[main] Version: 0.7.12-r1039
[main] CMD: bwa samse -n 2000 -f samse1_i4.sam /genome/hg38.fa /var/lib/cwl/stg5f9aea23-4b3a-4ccc-955e-ca728dbce726/bwaaln1_i4.stdout /var/lib/cwl/stgb329b703-f4ce-41dc-8257-f0321fac88ba/casoff1_i4.fastq
[main] Real time: 3.948 sec; CPU: 3.572 sec
	Command being timed: "bwa samse -n 2000 -f samse1_i4.sam /genome/hg38.fa /var/lib/cwl/stg5f9aea23-4b3a-4ccc-955e-ca728dbce726/bwaaln1_i4.stdout /var/lib/cwl/stgb329b703-f4ce-41dc-8257-f0321fac88ba/casoff1_i4.fastq"
	User time (seconds): 0.00
	System time (seconds): 3.57
	Percent of CPU this job got: 90%
	Elapsed (wall clock) time (h:mm:ss or m:ss): 0:03.95
	Average shared text size (kbytes): 0
	Average unshared data size (kbytes): 0
	Average stack size (kbytes): 0
	Average total size (kbytes): 0
	Maximum resident set size (kbytes): 4703588
	Average resident set size (kbytes): 0
	Major (requiring I/O) page faults: 5
	Minor (reclaiming a frame) page faults: 1371289
	Voluntary context switches: 577
	Involuntary context switches: 60
	Swaps: 0
	File system inputs: 152072
	File system outputs: 40
	Socket messages sent: 0
	Socket messages received: 0
	Signals delivered: 0
	Page size (bytes): 4096
	Exit status: 0
