[bwa_aln_core] convert to sequence coordinate... 3.09 sec
[bwa_aln_core] refine gapped alignments... 0.54 sec
[bwa_aln_core] print alignments... 0.00 sec
[bwa_aln_core] 10 sequences have been processed.
[main] Version: 0.7.12-r1039
[main] CMD: bwa samse -n 2000 -f samse10_i3.sam /genome/hg38.fa /var/lib/cwl/stg8148cc23-cdd2-4353-af5d-a0040772b37d/bwaaln10_i3.stdout /var/lib/cwl/stg21362bda-02fe-4c1b-aa34-9d4ecc20ae39/casoff10_i3.fastq
[main] Real time: 3.995 sec; CPU: 3.634 sec
	Command being timed: "bwa samse -n 2000 -f samse10_i3.sam /genome/hg38.fa /var/lib/cwl/stg8148cc23-cdd2-4353-af5d-a0040772b37d/bwaaln10_i3.stdout /var/lib/cwl/stg21362bda-02fe-4c1b-aa34-9d4ecc20ae39/casoff10_i3.fastq"
	User time (seconds): 0.00
	System time (seconds): 3.63
	Percent of CPU this job got: 90%
	Elapsed (wall clock) time (h:mm:ss or m:ss): 0:04.00
	Average shared text size (kbytes): 0
	Average unshared data size (kbytes): 0
	Average stack size (kbytes): 0
	Average total size (kbytes): 0
	Maximum resident set size (kbytes): 4703664
	Average resident set size (kbytes): 0
	Major (requiring I/O) page faults: 5
	Minor (reclaiming a frame) page faults: 1371292
	Voluntary context switches: 489
	Involuntary context switches: 60
	Swaps: 0
	File system inputs: 125864
	File system outputs: 40
	Socket messages sent: 0
	Socket messages received: 0
	Signals delivered: 0
	Page size (bytes): 4096
	Exit status: 0
