[bwa_aln_core] convert to sequence coordinate... 5.55 sec
[bwa_aln_core] refine gapped alignments... 0.56 sec
[bwa_aln_core] print alignments... 0.22 sec
[bwa_aln_core] 1000 sequences have been processed.
[main] Version: 0.7.12-r1039
[main] CMD: bwa samse -n 2000 -f samse1000_i5.sam /genome/hg38.fa /var/lib/cwl/stg5d5511e7-47a1-45f6-b6f9-dee21817cfb8/bwaaln1000_i5.stdout /var/lib/cwl/stg1f433c94-5d94-4ce7-9253-a3d863d66602/casoff1000_i5.fastq
[main] Real time: 16.777 sec; CPU: 6.338 sec
	Command being timed: "bwa samse -n 2000 -f samse1000_i5.sam /genome/hg38.fa /var/lib/cwl/stg5d5511e7-47a1-45f6-b6f9-dee21817cfb8/bwaaln1000_i5.stdout /var/lib/cwl/stg1f433c94-5d94-4ce7-9253-a3d863d66602/casoff1000_i5.fastq"
	User time (seconds): 2.86
	System time (seconds): 3.47
	Percent of CPU this job got: 37%
	Elapsed (wall clock) time (h:mm:ss or m:ss): 0:16.77
	Average shared text size (kbytes): 0
	Average unshared data size (kbytes): 0
	Average stack size (kbytes): 0
	Average total size (kbytes): 0
	Maximum resident set size (kbytes): 4715560
	Average resident set size (kbytes): 0
	Major (requiring I/O) page faults: 0
	Minor (reclaiming a frame) page faults: 1374357
	Voluntary context switches: 5391
	Involuntary context switches: 134
	Swaps: 0
	File system inputs: 1404848
	File system outputs: 21504
	Socket messages sent: 0
	Socket messages received: 0
	Signals delivered: 0
	Page size (bytes): 4096
	Exit status: 0
