[bwa_aln_core] convert to sequence coordinate... 3.34 sec
[bwa_aln_core] refine gapped alignments... 0.59 sec
[bwa_aln_core] print alignments... 0.02 sec
[bwa_aln_core] 1000 sequences have been processed.
[main] Version: 0.7.12-r1039
[main] CMD: bwa samse -n 2000 -f samse1000_i4.sam /genome/hg38.fa /var/lib/cwl/stgbf7b61af-3daf-4ab3-b9c3-402b4444f863/bwaaln1000_i4.stdout /var/lib/cwl/stg05d92dd7-816c-4572-966d-e50e4e8a6cfe/casoff1000_i4.fastq
[main] Real time: 11.017 sec; CPU: 3.961 sec
	Command being timed: "bwa samse -n 2000 -f samse1000_i4.sam /genome/hg38.fa /var/lib/cwl/stgbf7b61af-3daf-4ab3-b9c3-402b4444f863/bwaaln1000_i4.stdout /var/lib/cwl/stg05d92dd7-816c-4572-966d-e50e4e8a6cfe/casoff1000_i4.fastq"
	User time (seconds): 0.27
	System time (seconds): 3.68
	Percent of CPU this job got: 35%
	Elapsed (wall clock) time (h:mm:ss or m:ss): 0:11.01
	Average shared text size (kbytes): 0
	Average unshared data size (kbytes): 0
	Average stack size (kbytes): 0
	Average total size (kbytes): 0
	Maximum resident set size (kbytes): 4705232
	Average resident set size (kbytes): 0
	Major (requiring I/O) page faults: 0
	Minor (reclaiming a frame) page faults: 1371700
	Voluntary context switches: 4044
	Involuntary context switches: 82
	Swaps: 0
	File system inputs: 1046840
	File system outputs: 2512
	Socket messages sent: 0
	Socket messages received: 0
	Signals delivered: 0
	Page size (bytes): 4096
	Exit status: 0
