[bwa_aln_core] convert to sequence coordinate... 3.13 sec
[bwa_aln_core] refine gapped alignments... 0.56 sec
[bwa_aln_core] print alignments... 0.00 sec
[bwa_aln_core] 100 sequences have been processed.
[main] Version: 0.7.12-r1039
[main] CMD: bwa samse -n 2000 -f samse100_i4.sam /genome/hg38.fa /var/lib/cwl/stgf3e56536-2779-4284-9161-1ddae306ecf9/bwaaln100_i4.stdout /var/lib/cwl/stgbe17be58-9592-4c81-abbd-df15a0b8ad97/casoff100_i4.fastq
[main] Real time: 9.058 sec; CPU: 3.701 sec
	Command being timed: "bwa samse -n 2000 -f samse100_i4.sam /genome/hg38.fa /var/lib/cwl/stgf3e56536-2779-4284-9161-1ddae306ecf9/bwaaln100_i4.stdout /var/lib/cwl/stgbe17be58-9592-4c81-abbd-df15a0b8ad97/casoff100_i4.fastq"
	User time (seconds): 0.03
	System time (seconds): 3.66
	Percent of CPU this job got: 40%
	Elapsed (wall clock) time (h:mm:ss or m:ss): 0:09.06
	Average shared text size (kbytes): 0
	Average unshared data size (kbytes): 0
	Average stack size (kbytes): 0
	Average total size (kbytes): 0
	Maximum resident set size (kbytes): 4703956
	Average resident set size (kbytes): 0
	Major (requiring I/O) page faults: 5
	Minor (reclaiming a frame) page faults: 1371342
	Voluntary context switches: 3363
	Involuntary context switches: 89
	Swaps: 0
	File system inputs: 877840
	File system outputs: 328
	Socket messages sent: 0
	Socket messages received: 0
	Signals delivered: 0
	Page size (bytes): 4096
	Exit status: 0
