[bwa_aln_core] convert to sequence coordinate... 3.34 sec
[bwa_aln_core] refine gapped alignments... 0.55 sec
[bwa_aln_core] print alignments... 0.02 sec
[bwa_aln_core] 100 sequences have been processed.
[main] Version: 0.7.12-r1039
[main] CMD: bwa samse -n 2000 -f samse100_i5.sam /genome/hg38.fa /var/lib/cwl/stg26daf36c-1e4b-4bfb-aa9b-6975ed575c67/bwaaln100_i5.stdout /var/lib/cwl/stge9ba7287-e1ed-4791-8003-bf882724fdfc/casoff100_i5.fastq
[main] Real time: 6.871 sec; CPU: 3.917 sec
	Command being timed: "bwa samse -n 2000 -f samse100_i5.sam /genome/hg38.fa /var/lib/cwl/stg26daf36c-1e4b-4bfb-aa9b-6975ed575c67/bwaaln100_i5.stdout /var/lib/cwl/stge9ba7287-e1ed-4791-8003-bf882724fdfc/casoff100_i5.fastq"
	User time (seconds): 0.30
	System time (seconds): 3.61
	Percent of CPU this job got: 56%
	Elapsed (wall clock) time (h:mm:ss or m:ss): 0:06.87
	Average shared text size (kbytes): 0
	Average unshared data size (kbytes): 0
	Average stack size (kbytes): 0
	Average total size (kbytes): 0
	Maximum resident set size (kbytes): 4705032
	Average resident set size (kbytes): 0
	Major (requiring I/O) page faults: 5
	Minor (reclaiming a frame) page faults: 1371629
	Voluntary context switches: 2604
	Involuntary context switches: 85
	Swaps: 0
	File system inputs: 690216
	File system outputs: 2280
	Socket messages sent: 0
	Socket messages received: 0
	Signals delivered: 0
	Page size (bytes): 4096
	Exit status: 0
