[bwa_aln_core] convert to sequence coordinate... 3.03 sec
[bwa_aln_core] refine gapped alignments... 0.54 sec
[bwa_aln_core] print alignments... 0.00 sec
[bwa_aln_core] 1 sequences have been processed.
[main] Version: 0.7.12-r1039
[main] CMD: bwa samse -n 2000 -f samse1_i3.sam /genome/hg38.fa /var/lib/cwl/stg988fca4a-c85b-4933-accd-ed003ad29ec2/bwaaln1_i3.stdout /var/lib/cwl/stg1531d246-d4d3-4000-9119-1925d6234b48/casoff1_i3.fastq
[main] Real time: 4.013 sec; CPU: 3.578 sec
	Command being timed: "bwa samse -n 2000 -f samse1_i3.sam /genome/hg38.fa /var/lib/cwl/stg988fca4a-c85b-4933-accd-ed003ad29ec2/bwaaln1_i3.stdout /var/lib/cwl/stg1531d246-d4d3-4000-9119-1925d6234b48/casoff1_i3.fastq"
	User time (seconds): 0.00
	System time (seconds): 3.57
	Percent of CPU this job got: 89%
	Elapsed (wall clock) time (h:mm:ss or m:ss): 0:04.01
	Average shared text size (kbytes): 0
	Average unshared data size (kbytes): 0
	Average stack size (kbytes): 0
	Average total size (kbytes): 0
	Maximum resident set size (kbytes): 4703620
	Average resident set size (kbytes): 0
	Major (requiring I/O) page faults: 4
	Minor (reclaiming a frame) page faults: 1371287
	Voluntary context switches: 648
	Involuntary context switches: 51
	Swaps: 0
	File system inputs: 166544
	File system outputs: 40
	Socket messages sent: 0
	Socket messages received: 0
	Signals delivered: 0
	Page size (bytes): 4096
	Exit status: 0
