[bwa_aln_core] convert to sequence coordinate... 3.04 sec
[bwa_aln_core] refine gapped alignments... 0.54 sec
[bwa_aln_core] print alignments... 0.00 sec
[bwa_aln_core] 1 sequences have been processed.
[main] Version: 0.7.12-r1039
[main] CMD: bwa samse -n 2000 -f samse1_i5.sam /genome/hg38.fa /var/lib/cwl/stg42024a8c-61c0-4788-b6a6-7a1ebd0b44a6/bwaaln1_i5.stdout /var/lib/cwl/stg966e6398-dab6-40b1-9aa7-d9188b05ba72/casoff1_i5.fastq
[main] Real time: 4.012 sec; CPU: 3.593 sec
	Command being timed: "bwa samse -n 2000 -f samse1_i5.sam /genome/hg38.fa /var/lib/cwl/stg42024a8c-61c0-4788-b6a6-7a1ebd0b44a6/bwaaln1_i5.stdout /var/lib/cwl/stg966e6398-dab6-40b1-9aa7-d9188b05ba72/casoff1_i5.fastq"
	User time (seconds): 0.00
	System time (seconds): 3.58
	Percent of CPU this job got: 89%
	Elapsed (wall clock) time (h:mm:ss or m:ss): 0:04.01
	Average shared text size (kbytes): 0
	Average unshared data size (kbytes): 0
	Average stack size (kbytes): 0
	Average total size (kbytes): 0
	Maximum resident set size (kbytes): 4703756
	Average resident set size (kbytes): 0
	Major (requiring I/O) page faults: 5
	Minor (reclaiming a frame) page faults: 1371292
	Voluntary context switches: 610
	Involuntary context switches: 55
	Swaps: 0
	File system inputs: 158864
	File system outputs: 48
	Socket messages sent: 0
	Socket messages received: 0
	Signals delivered: 0
	Page size (bytes): 4096
	Exit status: 0
