[bwa_aln_core] convert to sequence coordinate... 3.09 sec
[bwa_aln_core] refine gapped alignments... 0.57 sec
[bwa_aln_core] print alignments... 0.00 sec
[bwa_aln_core] 10 sequences have been processed.
[main] Version: 0.7.12-r1039
[main] CMD: bwa samse -n 2000 -f samse10_i5.sam /genome/hg38.fa /var/lib/cwl/stg5269df03-95ce-41d0-97c2-f0042bc01ca8/bwaaln10_i5.stdout /var/lib/cwl/stg96bd0076-a97b-421c-8a95-f7291e4f2dac/casoff10_i5.fastq
[main] Real time: 8.493 sec; CPU: 3.674 sec
	Command being timed: "bwa samse -n 2000 -f samse10_i5.sam /genome/hg38.fa /var/lib/cwl/stg5269df03-95ce-41d0-97c2-f0042bc01ca8/bwaaln10_i5.stdout /var/lib/cwl/stg96bd0076-a97b-421c-8a95-f7291e4f2dac/casoff10_i5.fastq"
	User time (seconds): 0.02
	System time (seconds): 3.64
	Percent of CPU this job got: 43%
	Elapsed (wall clock) time (h:mm:ss or m:ss): 0:08.49
	Average shared text size (kbytes): 0
	Average unshared data size (kbytes): 0
	Average stack size (kbytes): 0
	Average total size (kbytes): 0
	Maximum resident set size (kbytes): 4703908
	Average resident set size (kbytes): 0
	Major (requiring I/O) page faults: 5
	Minor (reclaiming a frame) page faults: 1371330
	Voluntary context switches: 3145
	Involuntary context switches: 62
	Swaps: 0
	File system inputs: 815656
	File system outputs: 232
	Socket messages sent: 0
	Socket messages received: 0
	Signals delivered: 0
	Page size (bytes): 4096
	Exit status: 0
