[bwa_aln_core] convert to sequence coordinate... 3.06 sec
[bwa_aln_core] refine gapped alignments... 0.54 sec
[bwa_aln_core] print alignments... 0.00 sec
[bwa_aln_core] 100 sequences have been processed.
[main] Version: 0.7.12-r1039
[main] CMD: bwa samse -n 2000 -f samse100_i3.sam /genome/hg38.fa /var/lib/cwl/stg91bc82e3-4882-4ab9-ba53-44ff42647d02/bwaaln100_i3.stdout /var/lib/cwl/stgd9b7a5c0-af3a-4241-b8ab-c84c7705ff14/casoff100_i3.fastq
[main] Real time: 5.251 sec; CPU: 3.612 sec
	Command being timed: "bwa samse -n 2000 -f samse100_i3.sam /genome/hg38.fa /var/lib/cwl/stg91bc82e3-4882-4ab9-ba53-44ff42647d02/bwaaln100_i3.stdout /var/lib/cwl/stgd9b7a5c0-af3a-4241-b8ab-c84c7705ff14/casoff100_i3.fastq"
	User time (seconds): 0.00
	System time (seconds): 3.60
	Percent of CPU this job got: 68%
	Elapsed (wall clock) time (h:mm:ss or m:ss): 0:05.25
	Average shared text size (kbytes): 0
	Average unshared data size (kbytes): 0
	Average stack size (kbytes): 0
	Average total size (kbytes): 0
	Maximum resident set size (kbytes): 4703680
	Average resident set size (kbytes): 0
	Major (requiring I/O) page faults: 0
	Minor (reclaiming a frame) page faults: 1371311
	Voluntary context switches: 1301
	Involuntary context switches: 95
	Swaps: 0
	File system inputs: 340896
	File system outputs: 88
	Socket messages sent: 0
	Socket messages received: 0
	Signals delivered: 0
	Page size (bytes): 4096
	Exit status: 0
