[bwa_aln_core] calculate SA coordinate... 717.67 sec
[bwa_aln_core] write to the disk... 0.02 sec
[bwa_aln_core] 100000 sequences have been processed.
[main] Version: 0.7.12-r1039
[main] CMD: bwa aln -o 0 -m 20000000 -N -l 20 -n 3 -k 3 /genome/hg38.fa /var/lib/cwl/stge18b5018-f3f4-417b-a0b8-62ff1e25ec7f/casoff100000_i3.fastq
[main] Real time: 720.038 sec; CPU: 719.639 sec
	Command being timed: "bwa aln -o 0 -m 20000000 -N -l 20 -n 3 -k 3 /genome/hg38.fa /var/lib/cwl/stge18b5018-f3f4-417b-a0b8-62ff1e25ec7f/casoff100000_i3.fastq"
	User time (seconds): 717.76
	System time (seconds): 1.87
	Percent of CPU this job got: 99%
	Elapsed (wall clock) time (h:mm:ss or m:ss): 12:00.03
	Average shared text size (kbytes): 0
	Average unshared data size (kbytes): 0
	Average stack size (kbytes): 0
	Average total size (kbytes): 0
	Maximum resident set size (kbytes): 3171524
	Average resident set size (kbytes): 0
	Major (requiring I/O) page faults: 1
	Minor (reclaiming a frame) page faults: 794027
	Voluntary context switches: 285
	Involuntary context switches: 7699
	Swaps: 0
	File system inputs: 75544
	File system outputs: 0
	Socket messages sent: 0
	Socket messages received: 0
	Signals delivered: 0
	Page size (bytes): 4096
	Exit status: 0
