[bwa_aln_core] calculate SA coordinate... 6191.54 sec
[bwa_aln_core] write to the disk... 0.09 sec
[bwa_aln_core] 100000 sequences have been processed.
[main] Version: 0.7.12-r1039
[main] CMD: bwa aln -o 0 -m 20000000 -N -l 20 -n 4 -k 4 /genome/hg38.fa /var/lib/cwl/stg1b53fdf0-587b-4168-960a-ffcc63952a44/casoff100000_i4.fastq
[main] Real time: 6194.410 sec; CPU: 6193.589 sec
	Command being timed: "bwa aln -o 0 -m 20000000 -N -l 20 -n 4 -k 4 /genome/hg38.fa /var/lib/cwl/stg1b53fdf0-587b-4168-960a-ffcc63952a44/casoff100000_i4.fastq"
	User time (seconds): 6191.37
	System time (seconds): 2.21
	Percent of CPU this job got: 99%
	Elapsed (wall clock) time (h:mm:ss or m:ss): 1:43:14
	Average shared text size (kbytes): 0
	Average unshared data size (kbytes): 0
	Average stack size (kbytes): 0
	Average total size (kbytes): 0
	Maximum resident set size (kbytes): 3306112
	Average resident set size (kbytes): 0
	Major (requiring I/O) page faults: 1
	Minor (reclaiming a frame) page faults: 827675
	Voluntary context switches: 1329
	Involuntary context switches: 61430
	Swaps: 0
	File system inputs: 38232
	File system outputs: 0
	Socket messages sent: 0
	Socket messages received: 0
	Signals delivered: 0
	Page size (bytes): 4096
	Exit status: 0
