[bwa_aln_core] calculate SA coordinate... 45304.26 sec
[bwa_aln_core] write to the disk... 0.72 sec
[bwa_aln_core] 100000 sequences have been processed.
[main] Version: 0.7.12-r1039
[main] CMD: bwa aln -o 0 -m 20000000 -N -l 20 -n 5 -k 5 /genome/hg38.fa /var/lib/cwl/stgb606d731-dae7-48b6-96eb-093080cab2e7/casoff100000_i5.fastq
[main] Real time: 45341.241 sec; CPU: 45307.435 sec
	Command being timed: "bwa aln -o 0 -m 20000000 -N -l 20 -n 5 -k 5 /genome/hg38.fa /var/lib/cwl/stgb606d731-dae7-48b6-96eb-093080cab2e7/casoff100000_i5.fastq"
	User time (seconds): 45303.34
	System time (seconds): 4.08
	Percent of CPU this job got: 99%
	Elapsed (wall clock) time (h:mm:ss or m:ss): 12:35:41
	Average shared text size (kbytes): 0
	Average unshared data size (kbytes): 0
	Average stack size (kbytes): 0
	Average total size (kbytes): 0
	Maximum resident set size (kbytes): 4866316
	Average resident set size (kbytes): 0
	Major (requiring I/O) page faults: 3
	Minor (reclaiming a frame) page faults: 1217906
	Voluntary context switches: 44643
	Involuntary context switches: 439854
	Swaps: 0
	File system inputs: 3222616
	File system outputs: 0
	Socket messages sent: 0
	Socket messages received: 0
	Signals delivered: 0
	Page size (bytes): 4096
	Exit status: 0
