[bwa_aln_core] calculate SA coordinate... 0.06 sec
[bwa_aln_core] write to the disk... 0.00 sec
[bwa_aln_core] 10 sequences have been processed.
[main] Version: 0.7.12-r1039
[main] CMD: bwa aln -o 0 -m 20000000 -N -l 20 -n 3 -k 3 /genome/hg38.fa /var/lib/cwl/stg283fa574-89c3-4733-9aab-ffcf615e43d8/casoff10_i3.fastq
[main] Real time: 2.680 sec; CPU: 1.998 sec
	Command being timed: "bwa aln -o 0 -m 20000000 -N -l 20 -n 3 -k 3 /genome/hg38.fa /var/lib/cwl/stg283fa574-89c3-4733-9aab-ffcf615e43d8/casoff10_i3.fastq"
	User time (seconds): 0.07
	System time (seconds): 1.92
	Percent of CPU this job got: 74%
	Elapsed (wall clock) time (h:mm:ss or m:ss): 0:02.68
	Average shared text size (kbytes): 0
	Average unshared data size (kbytes): 0
	Average stack size (kbytes): 0
	Average total size (kbytes): 0
	Maximum resident set size (kbytes): 3137032
	Average resident set size (kbytes): 0
	Major (requiring I/O) page faults: 1
	Minor (reclaiming a frame) page faults: 783805
	Voluntary context switches: 1089
	Involuntary context switches: 30
	Swaps: 0
	File system inputs: 287376
	File system outputs: 0
	Socket messages sent: 0
	Socket messages received: 0
	Signals delivered: 0
	Page size (bytes): 4096
	Exit status: 0
