[bwa_aln_core] calculate SA coordinate... 0.75 sec
[bwa_aln_core] write to the disk... 0.00 sec
[bwa_aln_core] 10 sequences have been processed.
[main] Version: 0.7.12-r1039
[main] CMD: bwa aln -o 0 -m 20000000 -N -l 20 -n 4 -k 4 /genome/hg38.fa /var/lib/cwl/stg8af09d79-d6a5-4b3f-8740-95490c20850d/casoff10_i4.fastq
[main] Real time: 2.626 sec; CPU: 2.610 sec
	Command being timed: "bwa aln -o 0 -m 20000000 -N -l 20 -n 4 -k 4 /genome/hg38.fa /var/lib/cwl/stg8af09d79-d6a5-4b3f-8740-95490c20850d/casoff10_i4.fastq"
	User time (seconds): 0.73
	System time (seconds): 1.87
	Percent of CPU this job got: 99%
	Elapsed (wall clock) time (h:mm:ss or m:ss): 0:02.62
	Average shared text size (kbytes): 0
	Average unshared data size (kbytes): 0
	Average stack size (kbytes): 0
	Average total size (kbytes): 0
	Maximum resident set size (kbytes): 3142644
	Average resident set size (kbytes): 0
	Major (requiring I/O) page faults: 1
	Minor (reclaiming a frame) page faults: 785250
	Voluntary context switches: 28
	Involuntary context switches: 30
	Swaps: 0
	File system inputs: 7216
	File system outputs: 0
	Socket messages sent: 0
	Socket messages received: 0
	Signals delivered: 0
	Page size (bytes): 4096
	Exit status: 0
