[bwa_aln_core] calculate SA coordinate... 71.61 sec
[bwa_aln_core] write to the disk... 0.00 sec
[bwa_aln_core] 10000 sequences have been processed.
[main] Version: 0.7.12-r1039
[main] CMD: bwa aln -o 0 -m 20000000 -N -l 20 -n 3 -k 3 /genome/hg38.fa /var/lib/cwl/stge19666bc-621d-43b9-a5e8-1eb3be75a066/casoff10000_i3.fastq
[main] Real time: 73.522 sec; CPU: 73.487 sec
	Command being timed: "bwa aln -o 0 -m 20000000 -N -l 20 -n 3 -k 3 /genome/hg38.fa /var/lib/cwl/stge19666bc-621d-43b9-a5e8-1eb3be75a066/casoff10000_i3.fastq"
	User time (seconds): 71.61
	System time (seconds): 1.86
	Percent of CPU this job got: 99%
	Elapsed (wall clock) time (h:mm:ss or m:ss): 1:13.52
	Average shared text size (kbytes): 0
	Average unshared data size (kbytes): 0
	Average stack size (kbytes): 0
	Average total size (kbytes): 0
	Maximum resident set size (kbytes): 3140396
	Average resident set size (kbytes): 0
	Major (requiring I/O) page faults: 1
	Minor (reclaiming a frame) page faults: 784853
	Voluntary context switches: 29
	Involuntary context switches: 704
	Swaps: 0
	File system inputs: 6832
	File system outputs: 0
	Socket messages sent: 0
	Socket messages received: 0
	Signals delivered: 0
	Page size (bytes): 4096
	Exit status: 0
