[bwa_aln_core] calculate SA coordinate... 0.35 sec
[bwa_aln_core] write to the disk... 0.00 sec
[bwa_aln_core] 1 sequences have been processed.
[main] Version: 0.7.12-r1039
[main] CMD: bwa aln -o 0 -m 20000000 -N -l 20 -n 5 -k 5 /genome/hg38.fa /var/lib/cwl/stgdbd8469a-a81a-42ec-8f51-4234d8ed4121/casoff1_i5.fastq
[main] Real time: 4.481 sec; CPU: 2.283 sec
	Command being timed: "bwa aln -o 0 -m 20000000 -N -l 20 -n 5 -k 5 /genome/hg38.fa /var/lib/cwl/stgdbd8469a-a81a-42ec-8f51-4234d8ed4121/casoff1_i5.fastq"
	User time (seconds): 0.35
	System time (seconds): 1.92
	Percent of CPU this job got: 50%
	Elapsed (wall clock) time (h:mm:ss or m:ss): 0:04.48
	Average shared text size (kbytes): 0
	Average unshared data size (kbytes): 0
	Average stack size (kbytes): 0
	Average total size (kbytes): 0
	Maximum resident set size (kbytes): 3160404
	Average resident set size (kbytes): 0
	Major (requiring I/O) page faults: 1
	Minor (reclaiming a frame) page faults: 789706
	Voluntary context switches: 1599
	Involuntary context switches: 40
	Swaps: 0
	File system inputs: 418976
	File system outputs: 0
	Socket messages sent: 0
	Socket messages received: 0
	Signals delivered: 0
	Page size (bytes): 4096
	Exit status: 0
