	Command being timed: "java -Xmx8g -jar /FlashFry/flashfry.jar --analysis discover --database /genome/hg38 --fasta /var/lib/cwl/stg855090da-30c7-49e4-9b45-c11c5f750ddd/flashfry1_i3.fasta --output flashfry1_i3.output --maxMismatch 3"
	User time (seconds): 4.73
	System time (seconds): 0.27
	Percent of CPU this job got: 73%
	Elapsed (wall clock) time (h:mm:ss or m:ss): 0:06.80
	Average shared text size (kbytes): 0
	Average unshared data size (kbytes): 0
	Average stack size (kbytes): 0
	Average total size (kbytes): 0
	Maximum resident set size (kbytes): 170500
	Average resident set size (kbytes): 0
	Major (requiring I/O) page faults: 98
	Minor (reclaiming a frame) page faults: 42966
	Voluntary context switches: 5966
	Involuntary context switches: 3206
	Swaps: 0
	File system inputs: 560544
	File system outputs: 8
	Socket messages sent: 0
	Socket messages received: 0
	Signals delivered: 0
	Page size (bytes): 4096
	Exit status: 0
