	Command being timed: "java -Xmx8g -jar /FlashFry/flashfry.jar --analysis discover --database /genome/hg38 --fasta /var/lib/cwl/stg805f41bd-5b63-4006-acf8-ff0b99ad0ec1/flashfry10_i5.fasta --output flashfry10_i5.output --maxMismatch 5"
	User time (seconds): 36.27
	System time (seconds): 0.75
	Percent of CPU this job got: 97%
	Elapsed (wall clock) time (h:mm:ss or m:ss): 0:37.80
	Average shared text size (kbytes): 0
	Average unshared data size (kbytes): 0
	Average stack size (kbytes): 0
	Average total size (kbytes): 0
	Maximum resident set size (kbytes): 195556
	Average resident set size (kbytes): 0
	Major (requiring I/O) page faults: 2
	Minor (reclaiming a frame) page faults: 49440
	Voluntary context switches: 7756
	Involuntary context switches: 6640
	Swaps: 0
	File system inputs: 383360
	File system outputs: 504
	Socket messages sent: 0
	Socket messages received: 0
	Signals delivered: 0
	Page size (bytes): 4096
	Exit status: 0
