	Command being timed: "java -Xmx8g -jar /FlashFry/flashfry.jar --analysis discover --database /genome/hg38 --fasta /var/lib/cwl/stg9fdb066a-b3f1-4d88-a560-81f81cd98470/flashfry100000_i4.fasta --output flashfry100000_i4.output --maxMismatch 4"
	User time (seconds): 1866.45
	System time (seconds): 2.82
	Percent of CPU this job got: 99%
	Elapsed (wall clock) time (h:mm:ss or m:ss): 31:09.59
	Average shared text size (kbytes): 0
	Average unshared data size (kbytes): 0
	Average stack size (kbytes): 0
	Average total size (kbytes): 0
	Maximum resident set size (kbytes): 3491056
	Average resident set size (kbytes): 0
	Major (requiring I/O) page faults: 3
	Minor (reclaiming a frame) page faults: 873706
	Voluntary context switches: 50166
	Involuntary context switches: 68338
	Swaps: 0
	File system inputs: 40376
	File system outputs: 508472
	Socket messages sent: 0
	Socket messages received: 0
	Signals delivered: 0
	Page size (bytes): 4096
	Exit status: 0
