	Command being timed: "java -Xmx8g -jar /FlashFry/flashfry.jar --analysis discover --database /genome/hg38 --fasta /var/lib/cwl/stg6a8d96e8-a1cf-431a-ba8f-5e0244819928/flashfry1_i5.fasta --output flashfry1_i5.output --maxMismatch 5"
	User time (seconds): 21.47
	System time (seconds): 0.73
	Percent of CPU this job got: 86%
	Elapsed (wall clock) time (h:mm:ss or m:ss): 0:25.63
	Average shared text size (kbytes): 0
	Average unshared data size (kbytes): 0
	Average stack size (kbytes): 0
	Average total size (kbytes): 0
	Maximum resident set size (kbytes): 180520
	Average resident set size (kbytes): 0
	Major (requiring I/O) page faults: 0
	Minor (reclaiming a frame) page faults: 47502
	Voluntary context switches: 10518
	Involuntary context switches: 5321
	Swaps: 0
	File system inputs: 2340592
	File system outputs: 24
	Socket messages sent: 0
	Socket messages received: 0
	Signals delivered: 0
	Page size (bytes): 4096
	Exit status: 0
