	Command being timed: "java -Xmx8g -jar /FlashFry/flashfry.jar --analysis discover --database /genome/hg38 --fasta /var/lib/cwl/stg8971e9a0-25a0-475e-b3c4-6f48b20ff801/flashfry1000_i4.fasta --output flashfry1000_i4.output --maxMismatch 4"
	User time (seconds): 58.77
	System time (seconds): 0.84
	Percent of CPU this job got: 99%
	Elapsed (wall clock) time (h:mm:ss or m:ss): 0:59.63
	Average shared text size (kbytes): 0
	Average unshared data size (kbytes): 0
	Average stack size (kbytes): 0
	Average total size (kbytes): 0
	Maximum resident set size (kbytes): 208736
	Average resident set size (kbytes): 0
	Major (requiring I/O) page faults: 0
	Minor (reclaiming a frame) page faults: 52840
	Voluntary context switches: 8489
	Involuntary context switches: 8289
	Swaps: 0
	File system inputs: 0
	File system outputs: 4728
	Socket messages sent: 0
	Socket messages received: 0
	Signals delivered: 0
	Page size (bytes): 4096
	Exit status: 0
