	Command being timed: "java -Xmx8g -jar /FlashFry/flashfry.jar --analysis discover --database /genome/hg38 --fasta /var/lib/cwl/stgabb17da6-0f67-4d6f-94cf-67145feb7143/flashfry1_i4.fasta --output flashfry1_i4.output --maxMismatch 4"
	User time (seconds): 10.17
	System time (seconds): 0.45
	Percent of CPU this job got: 64%
	Elapsed (wall clock) time (h:mm:ss or m:ss): 0:16.41
	Average shared text size (kbytes): 0
	Average unshared data size (kbytes): 0
	Average stack size (kbytes): 0
	Average total size (kbytes): 0
	Maximum resident set size (kbytes): 172524
	Average resident set size (kbytes): 0
	Major (requiring I/O) page faults: 0
	Minor (reclaiming a frame) page faults: 43404
	Voluntary context switches: 9554
	Involuntary context switches: 4037
	Swaps: 0
	File system inputs: 1566816
	File system outputs: 8
	Socket messages sent: 0
	Socket messages received: 0
	Signals delivered: 0
	Page size (bytes): 4096
	Exit status: 0
