	Command being timed: "java -Xmx8g -jar /FlashFry/flashfry.jar --analysis discover --database /genome/hg38 --fasta /var/lib/cwl/stg4aae6e8c-5e1a-4f8a-89d7-56ee4b9d541e/flashfry100000_i5.fasta --output flashfry100000_i5.output --maxMismatch 5"
	User time (seconds): 19424.65
	System time (seconds): 7.43
	Percent of CPU this job got: 99%
	Elapsed (wall clock) time (h:mm:ss or m:ss): 5:23:58
	Average shared text size (kbytes): 0
	Average unshared data size (kbytes): 0
	Average stack size (kbytes): 0
	Average total size (kbytes): 0
	Maximum resident set size (kbytes): 8434028
	Average resident set size (kbytes): 0
	Major (requiring I/O) page faults: 7
	Minor (reclaiming a frame) page faults: 2110158
	Voluntary context switches: 423574
	Involuntary context switches: 602813
	Swaps: 0
	File system inputs: 1950312
	File system outputs: 4420368
	Socket messages sent: 0
	Socket messages received: 0
	Signals delivered: 0
	Page size (bytes): 4096
	Exit status: 0
