	Command being timed: "java -Xmx8g -jar /FlashFry/flashfry.jar --analysis discover --database /genome/hg38 --fasta /var/lib/cwl/stg76b9e955-7a2f-4b2d-9084-4250bcb2272b/flashfry10000_i5.fasta --output flashfry10000_i5.output --maxMismatch 5"
	User time (seconds): 628.58
	System time (seconds): 1.54
	Percent of CPU this job got: 99%
	Elapsed (wall clock) time (h:mm:ss or m:ss): 10:30.26
	Average shared text size (kbytes): 0
	Average unshared data size (kbytes): 0
	Average stack size (kbytes): 0
	Average total size (kbytes): 0
	Maximum resident set size (kbytes): 1334504
	Average resident set size (kbytes): 0
	Major (requiring I/O) page faults: 1
	Minor (reclaiming a frame) page faults: 335862
	Voluntary context switches: 20248
	Involuntary context switches: 26117
	Swaps: 0
	File system inputs: 7568
	File system outputs: 440040
	Socket messages sent: 0
	Socket messages received: 0
	Signals delivered: 0
	Page size (bytes): 4096
	Exit status: 0
