[bwa_aln_core] convert to sequence coordinate... 3.00 sec
[bwa_aln_core] refine gapped alignments... 0.51 sec
[bwa_aln_core] print alignments... 0.02 sec
[bwa_aln_core] 100 sequences have been processed.
[main] Version: 0.7.12-r1039
[main] CMD: bwa samse -n 2000 -f samse100_i5.sam /genome/hg38.fa /var/lib/cwl/stg098c31be-7ef7-4767-b3a0-77af2e4672f0/bwaaln100_i5.stdout /var/lib/cwl/stgddc95387-2a5d-4206-911d-a4d95a3490a5/casoff100_i5.fastq
[main] Real time: 3.551 sec; CPU: 3.544 sec
	Command being timed: "bwa samse -n 2000 -f samse100_i5.sam /genome/hg38.fa /var/lib/cwl/stg098c31be-7ef7-4767-b3a0-77af2e4672f0/bwaaln100_i5.stdout /var/lib/cwl/stgddc95387-2a5d-4206-911d-a4d95a3490a5/casoff100_i5.fastq"
	User time (seconds): 0.24
	System time (seconds): 3.29
	Percent of CPU this job got: 99%
	Elapsed (wall clock) time (h:mm:ss or m:ss): 0:03.55
	Average shared text size (kbytes): 0
	Average unshared data size (kbytes): 0
	Average stack size (kbytes): 0
	Average total size (kbytes): 0
	Maximum resident set size (kbytes): 4704928
	Average resident set size (kbytes): 0
	Major (requiring I/O) page faults: 0
	Minor (reclaiming a frame) page faults: 1371623
	Voluntary context switches: 13
	Involuntary context switches: 49
	Swaps: 0
	File system inputs: 0
	File system outputs: 2184
	Socket messages sent: 0
	Socket messages received: 0
	Signals delivered: 0
	Page size (bytes): 4096
	Exit status: 0
