[bwa_aln_core] convert to sequence coordinate... 2.81 sec
[bwa_aln_core] refine gapped alignments... 0.51 sec
[bwa_aln_core] print alignments... 0.00 sec
[bwa_aln_core] 100 sequences have been processed.
[main] Version: 0.7.12-r1039
[main] CMD: bwa samse -n 2000 -f samse100_i3.sam /genome/hg38.fa /var/lib/cwl/stg15bdf800-4244-440a-ae19-2a8b1c63a9f4/bwaaln100_i3.stdout /var/lib/cwl/stg144a0bd0-990d-4710-9306-520e3fb823bc/casoff100_i3.fastq
[main] Real time: 3.413 sec; CPU: 3.327 sec
	Command being timed: "bwa samse -n 2000 -f samse100_i3.sam /genome/hg38.fa /var/lib/cwl/stg15bdf800-4244-440a-ae19-2a8b1c63a9f4/bwaaln100_i3.stdout /var/lib/cwl/stg144a0bd0-990d-4710-9306-520e3fb823bc/casoff100_i3.fastq"
	User time (seconds): 0.00
	System time (seconds): 3.32
	Percent of CPU this job got: 97%
	Elapsed (wall clock) time (h:mm:ss or m:ss): 0:03.41
	Average shared text size (kbytes): 0
	Average unshared data size (kbytes): 0
	Average stack size (kbytes): 0
	Average total size (kbytes): 0
	Maximum resident set size (kbytes): 4703732
	Average resident set size (kbytes): 0
	Major (requiring I/O) page faults: 0
	Minor (reclaiming a frame) page faults: 1371307
	Voluntary context switches: 141
	Involuntary context switches: 53
	Swaps: 0
	File system inputs: 37512
	File system outputs: 72
	Socket messages sent: 0
	Socket messages received: 0
	Signals delivered: 0
	Page size (bytes): 4096
	Exit status: 0
