[bwa_aln_core] convert to sequence coordinate... 2.85 sec
[bwa_aln_core] refine gapped alignments... 0.51 sec
[bwa_aln_core] print alignments... 0.01 sec
[bwa_aln_core] 10 sequences have been processed.
[main] Version: 0.7.12-r1039
[main] CMD: bwa samse -n 2000 -f samse10_i5.sam /genome/hg38.fa /var/lib/cwl/stg34e2d31a-1346-406e-a4fc-84b500c86e4c/bwaaln10_i5.stdout /var/lib/cwl/stgd501a8a8-205f-4675-8b1a-e37df83f6e10/casoff10_i5.fastq
[main] Real time: 3.575 sec; CPU: 3.375 sec
	Command being timed: "bwa samse -n 2000 -f samse10_i5.sam /genome/hg38.fa /var/lib/cwl/stg34e2d31a-1346-406e-a4fc-84b500c86e4c/bwaaln10_i5.stdout /var/lib/cwl/stgd501a8a8-205f-4675-8b1a-e37df83f6e10/casoff10_i5.fastq"
	User time (seconds): 0.03
	System time (seconds): 3.34
	Percent of CPU this job got: 94%
	Elapsed (wall clock) time (h:mm:ss or m:ss): 0:03.57
	Average shared text size (kbytes): 0
	Average unshared data size (kbytes): 0
	Average stack size (kbytes): 0
	Average total size (kbytes): 0
	Maximum resident set size (kbytes): 4703932
	Average resident set size (kbytes): 0
	Major (requiring I/O) page faults: 0
	Minor (reclaiming a frame) page faults: 1371337
	Voluntary context switches: 320
	Involuntary context switches: 81
	Swaps: 0
	File system inputs: 82912
	File system outputs: 240
	Socket messages sent: 0
	Socket messages received: 0
	Signals delivered: 0
	Page size (bytes): 4096
	Exit status: 0
