[bwa_aln_core] convert to sequence coordinate... 24.93 sec
[bwa_aln_core] refine gapped alignments... 0.55 sec
[bwa_aln_core] print alignments... 2.16 sec
[bwa_aln_core] 10000 sequences have been processed.
[main] Version: 0.7.12-r1039
[main] CMD: bwa samse -n 2000 -f samse10000_i5.sam /genome/hg38.fa /var/lib/cwl/stgc52d1414-7f35-4046-b140-f1491aec3ba3/bwaaln10000_i5.stdout /var/lib/cwl/stgb5015a27-3830-44df-a8ad-42d8a24dca08/casoff10000_i5.fastq
[main] Real time: 29.815 sec; CPU: 27.686 sec
	Command being timed: "bwa samse -n 2000 -f samse10000_i5.sam /genome/hg38.fa /var/lib/cwl/stgc52d1414-7f35-4046-b140-f1491aec3ba3/bwaaln10000_i5.stdout /var/lib/cwl/stgb5015a27-3830-44df-a8ad-42d8a24dca08/casoff10000_i5.fastq"
	User time (seconds): 24.12
	System time (seconds): 3.55
	Percent of CPU this job got: 92%
	Elapsed (wall clock) time (h:mm:ss or m:ss): 0:29.81
	Average shared text size (kbytes): 0
	Average unshared data size (kbytes): 0
	Average stack size (kbytes): 0
	Average total size (kbytes): 0
	Maximum resident set size (kbytes): 4825572
	Average resident set size (kbytes): 0
	Major (requiring I/O) page faults: 0
	Minor (reclaiming a frame) page faults: 1402708
	Voluntary context switches: 174
	Involuntary context switches: 300
	Swaps: 0
	File system inputs: 37656
	File system outputs: 221128
	Socket messages sent: 0
	Socket messages received: 0
	Signals delivered: 0
	Page size (bytes): 4096
	Exit status: 0
