[bwa_aln_core] convert to sequence coordinate... 3.59 sec
[bwa_aln_core] refine gapped alignments... 0.79 sec
[bwa_aln_core] print alignments... 0.00 sec
[bwa_aln_core] 1 sequences have been processed.
[main] Version: 0.7.12-r1039
[main] CMD: bwa samse -n 2000 -f samse1_i3.sam /genome/hg38.fa /var/lib/cwl/stg71150dd8-5b64-4a13-95e0-f2d76a7f899d/bwaaln1_i3.stdout /var/lib/cwl/stg8df5a21f-94b7-4648-920a-70782b1fbc4e/casoff1_i3.fastq
[main] Real time: 58.047 sec; CPU: 4.387 sec
	Command being timed: "bwa samse -n 2000 -f samse1_i3.sam /genome/hg38.fa /var/lib/cwl/stg71150dd8-5b64-4a13-95e0-f2d76a7f899d/bwaaln1_i3.stdout /var/lib/cwl/stg8df5a21f-94b7-4648-920a-70782b1fbc4e/casoff1_i3.fastq"
	User time (seconds): 0.00
	System time (seconds): 4.38
	Percent of CPU this job got: 7%
	Elapsed (wall clock) time (h:mm:ss or m:ss): 0:58.05
	Average shared text size (kbytes): 0
	Average unshared data size (kbytes): 0
	Average stack size (kbytes): 0
	Average total size (kbytes): 0
	Maximum resident set size (kbytes): 4702412
	Average resident set size (kbytes): 0
	Major (requiring I/O) page faults: 25
	Minor (reclaiming a frame) page faults: 1371296
	Voluntary context switches: 23758
	Involuntary context switches: 93
	Swaps: 0
	File system inputs: 6101048
	File system outputs: 40
	Socket messages sent: 0
	Socket messages received: 0
	Signals delivered: 0
	Page size (bytes): 4096
	Exit status: 0
