[bwa_aln_core] convert to sequence coordinate... 26.43 sec
[bwa_aln_core] refine gapped alignments... 0.61 sec
[bwa_aln_core] print alignments... 2.36 sec
[bwa_aln_core] 100000 sequences have been processed.
[main] Version: 0.7.12-r1039
[main] CMD: bwa samse -n 2000 -f samse100000_i4.sam /genome/hg38.fa /var/lib/cwl/stg57d04cc1-c467-408f-a51c-5adb0d340129/bwaaln100000_i4.stdout /var/lib/cwl/stgad9e0afc-1143-4956-8d66-af252d3fe7b2/casoff100000_i4.fastq
[main] Real time: 31.218 sec; CPU: 29.516 sec
	Command being timed: "bwa samse -n 2000 -f samse100000_i4.sam /genome/hg38.fa /var/lib/cwl/stg57d04cc1-c467-408f-a51c-5adb0d340129/bwaaln100000_i4.stdout /var/lib/cwl/stgad9e0afc-1143-4956-8d66-af252d3fe7b2/casoff100000_i4.fastq"
	User time (seconds): 25.99
	System time (seconds): 3.51
	Percent of CPU this job got: 94%
	Elapsed (wall clock) time (h:mm:ss or m:ss): 0:31.21
	Average shared text size (kbytes): 0
	Average unshared data size (kbytes): 0
	Average stack size (kbytes): 0
	Average total size (kbytes): 0
	Maximum resident set size (kbytes): 4859572
	Average resident set size (kbytes): 0
	Major (requiring I/O) page faults: 0
	Minor (reclaiming a frame) page faults: 1412667
	Voluntary context switches: 523
	Involuntary context switches: 292
	Swaps: 0
	File system inputs: 90216
	File system outputs: 255288
	Socket messages sent: 0
	Socket messages received: 0
	Signals delivered: 0
	Page size (bytes): 4096
	Exit status: 0
