[bwa_aln_core] convert to sequence coordinate... 2.81 sec
[bwa_aln_core] refine gapped alignments... 0.51 sec
[bwa_aln_core] print alignments... 0.00 sec
[bwa_aln_core] 100 sequences have been processed.
[main] Version: 0.7.12-r1039
[main] CMD: bwa samse -n 2000 -f samse100_i4.sam /genome/hg38.fa /var/lib/cwl/stg33c35c8c-1579-4280-82e8-0f01dd54a035/bwaaln100_i4.stdout /var/lib/cwl/stg1c3d4a3f-d5b9-4dca-823c-77b568ebb26d/casoff100_i4.fastq
[main] Real time: 3.371 sec; CPU: 3.337 sec
	Command being timed: "bwa samse -n 2000 -f samse100_i4.sam /genome/hg38.fa /var/lib/cwl/stg33c35c8c-1579-4280-82e8-0f01dd54a035/bwaaln100_i4.stdout /var/lib/cwl/stg1c3d4a3f-d5b9-4dca-823c-77b568ebb26d/casoff100_i4.fastq"
	User time (seconds): 0.02
	System time (seconds): 3.30
	Percent of CPU this job got: 98%
	Elapsed (wall clock) time (h:mm:ss or m:ss): 0:03.37
	Average shared text size (kbytes): 0
	Average unshared data size (kbytes): 0
	Average stack size (kbytes): 0
	Average total size (kbytes): 0
	Maximum resident set size (kbytes): 4703996
	Average resident set size (kbytes): 0
	Major (requiring I/O) page faults: 0
	Minor (reclaiming a frame) page faults: 1371343
	Voluntary context switches: 33
	Involuntary context switches: 43
	Swaps: 0
	File system inputs: 4536
	File system outputs: 296
	Socket messages sent: 0
	Socket messages received: 0
	Signals delivered: 0
	Page size (bytes): 4096
	Exit status: 0
