[bwa_aln_core] convert to sequence coordinate... 2.81 sec
[bwa_aln_core] refine gapped alignments... 0.51 sec
[bwa_aln_core] print alignments... 0.00 sec
[bwa_aln_core] 1000 sequences have been processed.
[main] Version: 0.7.12-r1039
[main] CMD: bwa samse -n 2000 -f samse1000_i3.sam /genome/hg38.fa /var/lib/cwl/stgd51dbcae-bb61-45af-822d-85f5f03faba8/bwaaln1000_i3.stdout /var/lib/cwl/stgc49c5ea1-fe6d-4853-b34c-616ef16073af/casoff1000_i3.fastq
[main] Real time: 3.333 sec; CPU: 3.327 sec
	Command being timed: "bwa samse -n 2000 -f samse1000_i3.sam /genome/hg38.fa /var/lib/cwl/stgd51dbcae-bb61-45af-822d-85f5f03faba8/bwaaln1000_i3.stdout /var/lib/cwl/stgc49c5ea1-fe6d-4853-b34c-616ef16073af/casoff1000_i3.fastq"
	User time (seconds): 0.02
	System time (seconds): 3.30
	Percent of CPU this job got: 99%
	Elapsed (wall clock) time (h:mm:ss or m:ss): 0:03.33
	Average shared text size (kbytes): 0
	Average unshared data size (kbytes): 0
	Average stack size (kbytes): 0
	Average total size (kbytes): 0
	Maximum resident set size (kbytes): 4704104
	Average resident set size (kbytes): 0
	Major (requiring I/O) page faults: 0
	Minor (reclaiming a frame) page faults: 1371420
	Voluntary context switches: 5
	Involuntary context switches: 83
	Swaps: 0
	File system inputs: 0
	File system outputs: 424
	Socket messages sent: 0
	Socket messages received: 0
	Signals delivered: 0
	Page size (bytes): 4096
	Exit status: 0
