[bwa_aln_core] convert to sequence coordinate... 4.47 sec
[bwa_aln_core] refine gapped alignments... 0.57 sec
[bwa_aln_core] print alignments... 0.23 sec
[bwa_aln_core] 100000 sequences have been processed.
[main] Version: 0.7.12-r1039
[main] CMD: bwa samse -n 2000 -f samse100000_i3.sam /genome/hg38.fa /var/lib/cwl/stg8eab5b9e-1c43-46e9-9eb7-9f8454602d92/bwaaln100000_i3.stdout /var/lib/cwl/stg1e4d4c4b-a11a-49c1-a922-4db243e3d920/casoff100000_i3.fastq
[main] Real time: 5.657 sec; CPU: 5.355 sec
	Command being timed: "bwa samse -n 2000 -f samse100000_i3.sam /genome/hg38.fa /var/lib/cwl/stg8eab5b9e-1c43-46e9-9eb7-9f8454602d92/bwaaln100000_i3.stdout /var/lib/cwl/stg1e4d4c4b-a11a-49c1-a922-4db243e3d920/casoff100000_i3.fastq"
	User time (seconds): 1.97
	System time (seconds): 3.38
	Percent of CPU this job got: 94%
	Elapsed (wall clock) time (h:mm:ss or m:ss): 0:05.65
	Average shared text size (kbytes): 0
	Average unshared data size (kbytes): 0
	Average stack size (kbytes): 0
	Average total size (kbytes): 0
	Maximum resident set size (kbytes): 4744468
	Average resident set size (kbytes): 0
	Major (requiring I/O) page faults: 0
	Minor (reclaiming a frame) page faults: 1383569
	Voluntary context switches: 470
	Involuntary context switches: 72
	Swaps: 0
	File system inputs: 74592
	File system outputs: 39528
	Socket messages sent: 0
	Socket messages received: 0
	Signals delivered: 0
	Page size (bytes): 4096
	Exit status: 0
