[bwa_aln_core] convert to sequence coordinate... 2.89 sec
[bwa_aln_core] refine gapped alignments... 0.51 sec
[bwa_aln_core] print alignments... 0.00 sec
[bwa_aln_core] 1 sequences have been processed.
[main] Version: 0.7.12-r1039
[main] CMD: bwa samse -n 2000 -f samse1_i5.sam /genome/hg38.fa /var/lib/cwl/stg3c69b5b0-7a49-4f77-8d30-e793b037197f/bwaaln1_i5.stdout /var/lib/cwl/stgf829736b-9353-41f7-af4e-82442f6e856e/casoff1_i5.fastq
[main] Real time: 3.639 sec; CPU: 3.407 sec
	Command being timed: "bwa samse -n 2000 -f samse1_i5.sam /genome/hg38.fa /var/lib/cwl/stg3c69b5b0-7a49-4f77-8d30-e793b037197f/bwaaln1_i5.stdout /var/lib/cwl/stgf829736b-9353-41f7-af4e-82442f6e856e/casoff1_i5.fastq"
	User time (seconds): 0.00
	System time (seconds): 3.40
	Percent of CPU this job got: 93%
	Elapsed (wall clock) time (h:mm:ss or m:ss): 0:03.63
	Average shared text size (kbytes): 0
	Average unshared data size (kbytes): 0
	Average stack size (kbytes): 0
	Average total size (kbytes): 0
	Maximum resident set size (kbytes): 4703748
	Average resident set size (kbytes): 0
	Major (requiring I/O) page faults: 0
	Minor (reclaiming a frame) page faults: 1371295
	Voluntary context switches: 596
	Involuntary context switches: 56
	Swaps: 0
	File system inputs: 149472
	File system outputs: 40
	Socket messages sent: 0
	Socket messages received: 0
	Signals delivered: 0
	Page size (bytes): 4096
	Exit status: 0
