[bwa_aln_core] convert to sequence coordinate... 2.82 sec
[bwa_aln_core] refine gapped alignments... 0.52 sec
[bwa_aln_core] print alignments... 0.00 sec
[bwa_aln_core] 10 sequences have been processed.
[main] Version: 0.7.12-r1039
[main] CMD: bwa samse -n 2000 -f samse10_i3.sam /genome/hg38.fa /var/lib/cwl/stg766ff8ca-e186-423e-8df6-63b43bde433c/bwaaln10_i3.stdout /var/lib/cwl/stg4b862d7c-5456-4fa3-b888-1adf5721323c/casoff10_i3.fastq
[main] Real time: 3.400 sec; CPU: 3.348 sec
	Command being timed: "bwa samse -n 2000 -f samse10_i3.sam /genome/hg38.fa /var/lib/cwl/stg766ff8ca-e186-423e-8df6-63b43bde433c/bwaaln10_i3.stdout /var/lib/cwl/stg4b862d7c-5456-4fa3-b888-1adf5721323c/casoff10_i3.fastq"
	User time (seconds): 0.00
	System time (seconds): 3.34
	Percent of CPU this job got: 98%
	Elapsed (wall clock) time (h:mm:ss or m:ss): 0:03.40
	Average shared text size (kbytes): 0
	Average unshared data size (kbytes): 0
	Average stack size (kbytes): 0
	Average total size (kbytes): 0
	Maximum resident set size (kbytes): 4703832
	Average resident set size (kbytes): 0
	Major (requiring I/O) page faults: 0
	Minor (reclaiming a frame) page faults: 1371299
	Voluntary context switches: 150
	Involuntary context switches: 57
	Swaps: 0
	File system inputs: 29160
	File system outputs: 40
	Socket messages sent: 0
	Socket messages received: 0
	Signals delivered: 0
	Page size (bytes): 4096
	Exit status: 0
