[bwa_aln_core] convert to sequence coordinate... 5.12 sec
[bwa_aln_core] refine gapped alignments... 0.51 sec
[bwa_aln_core] print alignments... 0.24 sec
[bwa_aln_core] 10000 sequences have been processed.
[main] Version: 0.7.12-r1039
[main] CMD: bwa samse -n 2000 -f samse10000_i4.sam /genome/hg38.fa /var/lib/cwl/stg5c908246-fe4e-4727-b12a-ffe4eeacc9e9/bwaaln10000_i4.stdout /var/lib/cwl/stg7b083ab0-ee60-4e82-b423-eb54398b2609/casoff10000_i4.fastq
[main] Real time: 5.917 sec; CPU: 5.888 sec
	Command being timed: "bwa samse -n 2000 -f samse10000_i4.sam /genome/hg38.fa /var/lib/cwl/stg5c908246-fe4e-4727-b12a-ffe4eeacc9e9/bwaaln10000_i4.stdout /var/lib/cwl/stg7b083ab0-ee60-4e82-b423-eb54398b2609/casoff10000_i4.fastq"
	User time (seconds): 2.56
	System time (seconds): 3.32
	Percent of CPU this job got: 99%
	Elapsed (wall clock) time (h:mm:ss or m:ss): 0:05.91
	Average shared text size (kbytes): 0
	Average unshared data size (kbytes): 0
	Average stack size (kbytes): 0
	Average total size (kbytes): 0
	Maximum resident set size (kbytes): 4719148
	Average resident set size (kbytes): 0
	Major (requiring I/O) page faults: 0
	Minor (reclaiming a frame) page faults: 1375405
	Voluntary context switches: 15
	Involuntary context switches: 69
	Swaps: 0
	File system inputs: 1616
	File system outputs: 25192
	Socket messages sent: 0
	Socket messages received: 0
	Signals delivered: 0
	Page size (bytes): 4096
	Exit status: 0
