[bwa_aln_core] convert to sequence coordinate... 2.99 sec
[bwa_aln_core] refine gapped alignments... 0.51 sec
[bwa_aln_core] print alignments... 0.02 sec
[bwa_aln_core] 10000 sequences have been processed.
[main] Version: 0.7.12-r1039
[main] CMD: bwa samse -n 2000 -f samse10000_i3.sam /genome/hg38.fa /var/lib/cwl/stga4279456-627f-416f-81ea-dcacd5470df1/bwaaln10000_i3.stdout /var/lib/cwl/stgfbf59b9b-c452-48ff-a043-325152c9d747/casoff10000_i3.fastq
[main] Real time: 3.574 sec; CPU: 3.537 sec
	Command being timed: "bwa samse -n 2000 -f samse10000_i3.sam /genome/hg38.fa /var/lib/cwl/stga4279456-627f-416f-81ea-dcacd5470df1/bwaaln10000_i3.stdout /var/lib/cwl/stgfbf59b9b-c452-48ff-a043-325152c9d747/casoff10000_i3.fastq"
	User time (seconds): 0.21
	System time (seconds): 3.31
	Percent of CPU this job got: 98%
	Elapsed (wall clock) time (h:mm:ss or m:ss): 0:03.57
	Average shared text size (kbytes): 0
	Average unshared data size (kbytes): 0
	Average stack size (kbytes): 0
	Average total size (kbytes): 0
	Maximum resident set size (kbytes): 4707748
	Average resident set size (kbytes): 0
	Major (requiring I/O) page faults: 0
	Minor (reclaiming a frame) page faults: 1372532
	Voluntary context switches: 47
	Involuntary context switches: 51
	Swaps: 0
	File system inputs: 5152
	File system outputs: 4008
	Socket messages sent: 0
	Socket messages received: 0
	Signals delivered: 0
	Page size (bytes): 4096
	Exit status: 0
