[bwa_aln_core] calculate SA coordinate... 6196.74 sec
[bwa_aln_core] write to the disk... 0.08 sec
[bwa_aln_core] 100000 sequences have been processed.
[main] Version: 0.7.12-r1039
[main] CMD: bwa aln -o 0 -m 20000000 -N -l 20 -n 4 -k 4 /genome/hg38.fa /var/lib/cwl/stgcc998baf-c734-412b-94b7-2abe8921e962/casoff100000_i4.fastq
[main] Real time: 6199.611 sec; CPU: 6198.850 sec
	Command being timed: "bwa aln -o 0 -m 20000000 -N -l 20 -n 4 -k 4 /genome/hg38.fa /var/lib/cwl/stgcc998baf-c734-412b-94b7-2abe8921e962/casoff100000_i4.fastq"
	User time (seconds): 6196.61
	System time (seconds): 2.23
	Percent of CPU this job got: 99%
	Elapsed (wall clock) time (h:mm:ss or m:ss): 1:43:19
	Average shared text size (kbytes): 0
	Average unshared data size (kbytes): 0
	Average stack size (kbytes): 0
	Average total size (kbytes): 0
	Maximum resident set size (kbytes): 3304944
	Average resident set size (kbytes): 0
	Major (requiring I/O) page faults: 1
	Minor (reclaiming a frame) page faults: 827394
	Voluntary context switches: 1308
	Involuntary context switches: 61756
	Swaps: 0
	File system inputs: 65584
	File system outputs: 0
	Socket messages sent: 0
	Socket messages received: 0
	Signals delivered: 0
	Page size (bytes): 4096
	Exit status: 0
