[bwa_aln_core] calculate SA coordinate... 6.09 sec
[bwa_aln_core] write to the disk... 0.00 sec
[bwa_aln_core] 100 sequences have been processed.
[main] Version: 0.7.12-r1039
[main] CMD: bwa aln -o 0 -m 20000000 -N -l 20 -n 4 -k 4 /genome/hg38.fa /var/lib/cwl/stgb636bd30-0cab-4e9d-a919-8e69102030f2/casoff100_i4.fastq
[main] Real time: 8.049 sec; CPU: 8.034 sec
	Command being timed: "bwa aln -o 0 -m 20000000 -N -l 20 -n 4 -k 4 /genome/hg38.fa /var/lib/cwl/stgb636bd30-0cab-4e9d-a919-8e69102030f2/casoff100_i4.fastq"
	User time (seconds): 6.09
	System time (seconds): 1.93
	Percent of CPU this job got: 99%
	Elapsed (wall clock) time (h:mm:ss or m:ss): 0:08.05
	Average shared text size (kbytes): 0
	Average unshared data size (kbytes): 0
	Average stack size (kbytes): 0
	Average total size (kbytes): 0
	Maximum resident set size (kbytes): 3142452
	Average resident set size (kbytes): 0
	Major (requiring I/O) page faults: 1
	Minor (reclaiming a frame) page faults: 785206
	Voluntary context switches: 19
	Involuntary context switches: 81
	Swaps: 0
	File system inputs: 4640
	File system outputs: 0
	Socket messages sent: 0
	Socket messages received: 0
	Signals delivered: 0
	Page size (bytes): 4096
	Exit status: 0
