[bwa_aln_core] calculate SA coordinate... 0.76 sec
[bwa_aln_core] write to the disk... 0.00 sec
[bwa_aln_core] 100 sequences have been processed.
[main] Version: 0.7.12-r1039
[main] CMD: bwa aln -o 0 -m 20000000 -N -l 20 -n 3 -k 3 /genome/hg38.fa /var/lib/cwl/stgf12dc347-476f-475f-af9e-a78cc62f28db/casoff100_i3.fastq
[main] Real time: 2.769 sec; CPU: 2.705 sec
	Command being timed: "bwa aln -o 0 -m 20000000 -N -l 20 -n 3 -k 3 /genome/hg38.fa /var/lib/cwl/stgf12dc347-476f-475f-af9e-a78cc62f28db/casoff100_i3.fastq"
	User time (seconds): 0.76
	System time (seconds): 1.94
	Percent of CPU this job got: 97%
	Elapsed (wall clock) time (h:mm:ss or m:ss): 0:02.77
	Average shared text size (kbytes): 0
	Average unshared data size (kbytes): 0
	Average stack size (kbytes): 0
	Average total size (kbytes): 0
	Maximum resident set size (kbytes): 3136964
	Average resident set size (kbytes): 0
	Major (requiring I/O) page faults: 1
	Minor (reclaiming a frame) page faults: 783819
	Voluntary context switches: 125
	Involuntary context switches: 31
	Swaps: 0
	File system inputs: 33088
	File system outputs: 0
	Socket messages sent: 0
	Socket messages received: 0
	Signals delivered: 0
	Page size (bytes): 4096
	Exit status: 0
