[bwa_aln_core] calculate SA coordinate... 4514.76 sec
[bwa_aln_core] write to the disk... 0.07 sec
[bwa_aln_core] 10000 sequences have been processed.
[main] Version: 0.7.12-r1039
[main] CMD: bwa aln -o 0 -m 20000000 -N -l 20 -n 5 -k 5 /genome/hg38.fa /var/lib/cwl/stg00e235f4-fc17-4057-8187-d370ccdc6575/casoff10000_i5.fastq
[main] Real time: 4517.252 sec; CPU: 4516.783 sec
	Command being timed: "bwa aln -o 0 -m 20000000 -N -l 20 -n 5 -k 5 /genome/hg38.fa /var/lib/cwl/stg00e235f4-fc17-4057-8187-d370ccdc6575/casoff10000_i5.fastq"
	User time (seconds): 4514.54
	System time (seconds): 2.23
	Percent of CPU this job got: 99%
	Elapsed (wall clock) time (h:mm:ss or m:ss): 1:15:17
	Average shared text size (kbytes): 0
	Average unshared data size (kbytes): 0
	Average stack size (kbytes): 0
	Average total size (kbytes): 0
	Maximum resident set size (kbytes): 3366680
	Average resident set size (kbytes): 0
	Major (requiring I/O) page faults: 1
	Minor (reclaiming a frame) page faults: 841409
	Voluntary context switches: 2601
	Involuntary context switches: 44039
	Swaps: 0
	File system inputs: 6720
	File system outputs: 0
	Socket messages sent: 0
	Socket messages received: 0
	Signals delivered: 0
	Page size (bytes): 4096
	Exit status: 0
