[bwa_aln_core] calculate SA coordinate... 458.70 sec
[bwa_aln_core] write to the disk... 0.01 sec
[bwa_aln_core] 1000 sequences have been processed.
[main] Version: 0.7.12-r1039
[main] CMD: bwa aln -o 0 -m 20000000 -N -l 20 -n 5 -k 5 /genome/hg38.fa /var/lib/cwl/stg6a27a63f-e104-43ea-a4b9-7ff1b5750722/casoff1000_i5.fastq
[main] Real time: 460.706 sec; CPU: 460.650 sec
	Command being timed: "bwa aln -o 0 -m 20000000 -N -l 20 -n 5 -k 5 /genome/hg38.fa /var/lib/cwl/stg6a27a63f-e104-43ea-a4b9-7ff1b5750722/casoff1000_i5.fastq"
	User time (seconds): 458.64
	System time (seconds): 2.00
	Percent of CPU this job got: 99%
	Elapsed (wall clock) time (h:mm:ss or m:ss): 7:40.70
	Average shared text size (kbytes): 0
	Average unshared data size (kbytes): 0
	Average stack size (kbytes): 0
	Average total size (kbytes): 0
	Maximum resident set size (kbytes): 3209020
	Average resident set size (kbytes): 0
	Major (requiring I/O) page faults: 0
	Minor (reclaiming a frame) page faults: 801864
	Voluntary context switches: 145
	Involuntary context switches: 4672
	Swaps: 0
	File system inputs: 0
	File system outputs: 0
	Socket messages sent: 0
	Socket messages received: 0
	Signals delivered: 0
	Page size (bytes): 4096
	Exit status: 0
