	Command being timed: "java -Xmx8g -jar /FlashFry/flashfry.jar --analysis discover --database /genome/hg38 --fasta /var/lib/cwl/stg557aa3fe-d303-4a79-b3b2-f3556850218c/flashfry10000_i3.fasta --output flashfry10000_i3.output --maxMismatch 3"
	User time (seconds): 79.17
	System time (seconds): 1.01
	Percent of CPU this job got: 99%
	Elapsed (wall clock) time (h:mm:ss or m:ss): 1:20.25
	Average shared text size (kbytes): 0
	Average unshared data size (kbytes): 0
	Average stack size (kbytes): 0
	Average total size (kbytes): 0
	Maximum resident set size (kbytes): 247308
	Average resident set size (kbytes): 0
	Major (requiring I/O) page faults: 2
	Minor (reclaiming a frame) page faults: 62610
	Voluntary context switches: 9511
	Involuntary context switches: 9591
	Swaps: 0
	File system inputs: 12000
	File system outputs: 5192
	Socket messages sent: 0
	Socket messages received: 0
	Signals delivered: 0
	Page size (bytes): 4096
	Exit status: 0
