	Command being timed: "java -Xmx8g -jar /FlashFry/flashfry.jar --analysis discover --database /genome/hg38 --fasta /var/lib/cwl/stgc88a4b77-33cc-4dfb-8f34-179b34546742/flashfry10_i4.fasta --output flashfry10_i4.output --maxMismatch 4"
	User time (seconds): 32.49
	System time (seconds): 0.96
	Percent of CPU this job got: 97%
	Elapsed (wall clock) time (h:mm:ss or m:ss): 0:34.19
	Average shared text size (kbytes): 0
	Average unshared data size (kbytes): 0
	Average stack size (kbytes): 0
	Average total size (kbytes): 0
	Maximum resident set size (kbytes): 199792
	Average resident set size (kbytes): 0
	Major (requiring I/O) page faults: 4
	Minor (reclaiming a frame) page faults: 51050
	Voluntary context switches: 7619
	Involuntary context switches: 6322
	Swaps: 0
	File system inputs: 960664
	File system outputs: 64
	Socket messages sent: 0
	Socket messages received: 0
	Signals delivered: 0
	Page size (bytes): 4096
	Exit status: 0
