	Command being timed: "java -Xmx8g -jar /FlashFry/flashfry.jar --analysis discover --database /genome/hg38 --fasta /var/lib/cwl/stgbbb78480-32c7-4cf8-a828-439f6875edd8/flashfry1000_i5.fasta --output flashfry1000_i5.output --maxMismatch 5"
	User time (seconds): 105.15
	System time (seconds): 0.86
	Percent of CPU this job got: 99%
	Elapsed (wall clock) time (h:mm:ss or m:ss): 1:46.03
	Average shared text size (kbytes): 0
	Average unshared data size (kbytes): 0
	Average stack size (kbytes): 0
	Average total size (kbytes): 0
	Maximum resident set size (kbytes): 274144
	Average resident set size (kbytes): 0
	Major (requiring I/O) page faults: 0
	Minor (reclaiming a frame) page faults: 69251
	Voluntary context switches: 9944
	Involuntary context switches: 9472
	Swaps: 0
	File system inputs: 0
	File system outputs: 44272
	Socket messages sent: 0
	Socket messages received: 0
	Signals delivered: 0
	Page size (bytes): 4096
	Exit status: 0
