	Command being timed: "java -Xmx8g -jar /FlashFry/flashfry.jar --analysis discover --database /genome/hg38 --fasta /var/lib/cwl/stg439c1a36-7e6e-4a41-8558-76843a3b3b06/flashfry100_i5.fasta --output flashfry100_i5.output --maxMismatch 5"
	User time (seconds): 48.67
	System time (seconds): 0.77
	Percent of CPU this job got: 99%
	Elapsed (wall clock) time (h:mm:ss or m:ss): 0:49.48
	Average shared text size (kbytes): 0
	Average unshared data size (kbytes): 0
	Average stack size (kbytes): 0
	Average total size (kbytes): 0
	Maximum resident set size (kbytes): 201660
	Average resident set size (kbytes): 0
	Major (requiring I/O) page faults: 4
	Minor (reclaiming a frame) page faults: 51032
	Voluntary context switches: 7839
	Involuntary context switches: 7578
	Swaps: 0
	File system inputs: 5384
	File system outputs: 4312
	Socket messages sent: 0
	Socket messages received: 0
	Signals delivered: 0
	Page size (bytes): 4096
	Exit status: 0
