	Command being timed: "java -Xmx8g -jar /FlashFry/flashfry.jar --analysis discover --database /genome/hg38 --fasta /var/lib/cwl/stgce97cb2f-d83a-439c-aac0-b0295cb92738/flashfry100000_i4.fasta --output flashfry100000_i4.output --maxMismatch 4"
	User time (seconds): 1803.83
	System time (seconds): 2.91
	Percent of CPU this job got: 99%
	Elapsed (wall clock) time (h:mm:ss or m:ss): 30:07.05
	Average shared text size (kbytes): 0
	Average unshared data size (kbytes): 0
	Average stack size (kbytes): 0
	Average total size (kbytes): 0
	Maximum resident set size (kbytes): 3479848
	Average resident set size (kbytes): 0
	Major (requiring I/O) page faults: 2
	Minor (reclaiming a frame) page faults: 870854
	Voluntary context switches: 48926
	Involuntary context switches: 67444
	Swaps: 0
	File system inputs: 53000
	File system outputs: 507112
	Socket messages sent: 0
	Socket messages received: 0
	Signals delivered: 0
	Page size (bytes): 4096
	Exit status: 0
