	Command being timed: "java -Xmx8g -jar /FlashFry/flashfry.jar --analysis discover --database /genome/hg38 --fasta /var/lib/cwl/stg8ef19a51-d1a0-42e3-914a-1de8e19b1561/flashfry100000_i5.fasta --output flashfry100000_i5.output --maxMismatch 5"
	User time (seconds): 19037.22
	System time (seconds): 7.64
	Percent of CPU this job got: 99%
	Elapsed (wall clock) time (h:mm:ss or m:ss): 5:17:35
	Average shared text size (kbytes): 0
	Average unshared data size (kbytes): 0
	Average stack size (kbytes): 0
	Average total size (kbytes): 0
	Maximum resident set size (kbytes): 8417160
	Average resident set size (kbytes): 0
	Major (requiring I/O) page faults: 117
	Minor (reclaiming a frame) page faults: 2106307
	Voluntary context switches: 416672
	Involuntary context switches: 609057
	Swaps: 0
	File system inputs: 2388280
	File system outputs: 4415048
	Socket messages sent: 0
	Socket messages received: 0
	Signals delivered: 0
	Page size (bytes): 4096
	Exit status: 0
