	Command being timed: "java -Xmx8g -jar /FlashFry/flashfry.jar --analysis discover --database /genome/hg38 --fasta /var/lib/cwl/stg5b62774d-d06f-44af-ae22-8defd6ad96db/flashfry10000_i5.fasta --output flashfry10000_i5.output --maxMismatch 5"
	User time (seconds): 621.69
	System time (seconds): 1.61
	Percent of CPU this job got: 99%
	Elapsed (wall clock) time (h:mm:ss or m:ss): 10:23.35
	Average shared text size (kbytes): 0
	Average unshared data size (kbytes): 0
	Average stack size (kbytes): 0
	Average total size (kbytes): 0
	Maximum resident set size (kbytes): 1335580
	Average resident set size (kbytes): 0
	Major (requiring I/O) page faults: 0
	Minor (reclaiming a frame) page faults: 334537
	Voluntary context switches: 20227
	Involuntary context switches: 26027
	Swaps: 0
	File system inputs: 0
	File system outputs: 438816
	Socket messages sent: 0
	Socket messages received: 0
	Signals delivered: 0
	Page size (bytes): 4096
	Exit status: 0
