[bwa_aln_core] convert to sequence coordinate... 2.90 sec
[bwa_aln_core] refine gapped alignments... 0.52 sec
[bwa_aln_core] print alignments... 0.00 sec
[bwa_aln_core] 100 sequences have been processed.
[main] Version: 0.7.12-r1039
[main] CMD: bwa samse -n 2000 -f samse100_i3.sam /genome/hg38.fa /var/lib/cwl/stg45e90b20-5a9c-4e05-a647-98b14346f811/bwaaln100_i3.stdout /var/lib/cwl/stg0473f9d6-6c87-444d-b748-9595606048a9/casoff100_i3.fastq
[main] Real time: 3.490 sec; CPU: 3.435 sec
	Command being timed: "bwa samse -n 2000 -f samse100_i3.sam /genome/hg38.fa /var/lib/cwl/stg45e90b20-5a9c-4e05-a647-98b14346f811/bwaaln100_i3.stdout /var/lib/cwl/stg0473f9d6-6c87-444d-b748-9595606048a9/casoff100_i3.fastq"
	User time (seconds): 0.00
	System time (seconds): 3.42
	Percent of CPU this job got: 98%
	Elapsed (wall clock) time (h:mm:ss or m:ss): 0:03.49
	Average shared text size (kbytes): 0
	Average unshared data size (kbytes): 0
	Average stack size (kbytes): 0
	Average total size (kbytes): 0
	Maximum resident set size (kbytes): 4703460
	Average resident set size (kbytes): 0
	Major (requiring I/O) page faults: 0
	Minor (reclaiming a frame) page faults: 1371308
	Voluntary context switches: 112
	Involuntary context switches: 60
	Swaps: 0
	File system inputs: 27632
	File system outputs: 72
	Socket messages sent: 0
	Socket messages received: 0
	Signals delivered: 0
	Page size (bytes): 4096
	Exit status: 0
