[bwa_aln_core] convert to sequence coordinate... 2.94 sec
[bwa_aln_core] refine gapped alignments... 0.53 sec
[bwa_aln_core] print alignments... 0.00 sec
[bwa_aln_core] 10 sequences have been processed.
[main] Version: 0.7.12-r1039
[main] CMD: bwa samse -n 2000 -f samse10_i4.sam /genome/hg38.fa /var/lib/cwl/stgab3eb9cc-56d2-4ce1-bb17-2af1fc983033/bwaaln10_i4.stdout /var/lib/cwl/stg3b63ddb7-b1d2-494b-a036-88b9c5b8f0f7/casoff10_i4.fastq
[main] Real time: 3.577 sec; CPU: 3.478 sec
	Command being timed: "bwa samse -n 2000 -f samse10_i4.sam /genome/hg38.fa /var/lib/cwl/stgab3eb9cc-56d2-4ce1-bb17-2af1fc983033/bwaaln10_i4.stdout /var/lib/cwl/stg3b63ddb7-b1d2-494b-a036-88b9c5b8f0f7/casoff10_i4.fastq"
	User time (seconds): 0.00
	System time (seconds): 3.47
	Percent of CPU this job got: 97%
	Elapsed (wall clock) time (h:mm:ss or m:ss): 0:03.57
	Average shared text size (kbytes): 0
	Average unshared data size (kbytes): 0
	Average stack size (kbytes): 0
	Average total size (kbytes): 0
	Maximum resident set size (kbytes): 4703652
	Average resident set size (kbytes): 0
	Major (requiring I/O) page faults: 0
	Minor (reclaiming a frame) page faults: 1371300
	Voluntary context switches: 249
	Involuntary context switches: 46
	Swaps: 0
	File system inputs: 50536
	File system outputs: 64
	Socket messages sent: 0
	Socket messages received: 0
	Signals delivered: 0
	Page size (bytes): 4096
	Exit status: 0
