[bwa_aln_core] convert to sequence coordinate... 5.21 sec
[bwa_aln_core] refine gapped alignments... 0.53 sec
[bwa_aln_core] print alignments... 0.24 sec
[bwa_aln_core] 10000 sequences have been processed.
[main] Version: 0.7.12-r1039
[main] CMD: bwa samse -n 2000 -f samse10000_i4.sam /genome/hg38.fa /var/lib/cwl/stgd5bf0841-ef7a-4b33-9f00-043a08c58754/bwaaln10000_i4.stdout /var/lib/cwl/stg7305030e-9072-42a5-a719-82c0d146e53b/casoff10000_i4.fastq
[main] Real time: 6.035 sec; CPU: 5.992 sec
	Command being timed: "bwa samse -n 2000 -f samse10000_i4.sam /genome/hg38.fa /var/lib/cwl/stgd5bf0841-ef7a-4b33-9f00-043a08c58754/bwaaln10000_i4.stdout /var/lib/cwl/stg7305030e-9072-42a5-a719-82c0d146e53b/casoff10000_i4.fastq"
	User time (seconds): 2.53
	System time (seconds): 3.45
	Percent of CPU this job got: 99%
	Elapsed (wall clock) time (h:mm:ss or m:ss): 0:06.03
	Average shared text size (kbytes): 0
	Average unshared data size (kbytes): 0
	Average stack size (kbytes): 0
	Average total size (kbytes): 0
	Maximum resident set size (kbytes): 4719248
	Average resident set size (kbytes): 0
	Major (requiring I/O) page faults: 0
	Minor (reclaiming a frame) page faults: 1375440
	Voluntary context switches: 29
	Involuntary context switches: 97
	Swaps: 0
	File system inputs: 4792
	File system outputs: 25608
	Socket messages sent: 0
	Socket messages received: 0
	Signals delivered: 0
	Page size (bytes): 4096
	Exit status: 0
