[bwa_aln_core] convert to sequence coordinate... 234.74 sec
[bwa_aln_core] refine gapped alignments... 0.99 sec
[bwa_aln_core] print alignments... 22.00 sec
[bwa_aln_core] 100000 sequences have been processed.
[main] Version: 0.7.12-r1039
[main] CMD: bwa samse -n 2000 -f samse100000_i5.sam /genome/hg38.fa /var/lib/cwl/stg8cc98da3-a235-4bae-9866-4c4c88e8edd9/bwaaln100000_i5.stdout /var/lib/cwl/stg20659a63-38ae-43d1-a3e2-bba7ee239393/casoff100000_i5.fastq
[main] Real time: 364.290 sec; CPU: 258.175 sec
	Command being timed: "bwa samse -n 2000 -f samse100000_i5.sam /genome/hg38.fa /var/lib/cwl/stg8cc98da3-a235-4bae-9866-4c4c88e8edd9/bwaaln100000_i5.stdout /var/lib/cwl/stg20659a63-38ae-43d1-a3e2-bba7ee239393/casoff100000_i5.fastq"
	User time (seconds): 254.92
	System time (seconds): 3.25
	Percent of CPU this job got: 70%
	Elapsed (wall clock) time (h:mm:ss or m:ss): 6:04.29
	Average shared text size (kbytes): 0
	Average unshared data size (kbytes): 0
	Average stack size (kbytes): 0
	Average total size (kbytes): 0
	Maximum resident set size (kbytes): 5927544
	Average resident set size (kbytes): 0
	Major (requiring I/O) page faults: 26
	Minor (reclaiming a frame) page faults: 1687424
	Voluntary context switches: 39685
	Involuntary context switches: 2680
	Swaps: 0
	File system inputs: 9739952
	File system outputs: 2229912
	Socket messages sent: 0
	Socket messages received: 0
	Signals delivered: 0
	Page size (bytes): 4096
	Exit status: 0
