[bwa_aln_core] convert to sequence coordinate... 26.04 sec
[bwa_aln_core] refine gapped alignments... 0.63 sec
[bwa_aln_core] print alignments... 2.37 sec
[bwa_aln_core] 100000 sequences have been processed.
[main] Version: 0.7.12-r1039
[main] CMD: bwa samse -n 2000 -f samse100000_i4.sam /genome/hg38.fa /var/lib/cwl/stg02d86ffe-1d17-4722-8a04-69f103229a80/bwaaln100000_i4.stdout /var/lib/cwl/stg2f44992f-a23e-4ab7-a69f-474790a0e90d/casoff100000_i4.fastq
[main] Real time: 30.881 sec; CPU: 29.166 sec
	Command being timed: "bwa samse -n 2000 -f samse100000_i4.sam /genome/hg38.fa /var/lib/cwl/stg02d86ffe-1d17-4722-8a04-69f103229a80/bwaaln100000_i4.stdout /var/lib/cwl/stg2f44992f-a23e-4ab7-a69f-474790a0e90d/casoff100000_i4.fastq"
	User time (seconds): 25.56
	System time (seconds): 3.60
	Percent of CPU this job got: 94%
	Elapsed (wall clock) time (h:mm:ss or m:ss): 0:30.88
	Average shared text size (kbytes): 0
	Average unshared data size (kbytes): 0
	Average stack size (kbytes): 0
	Average total size (kbytes): 0
	Maximum resident set size (kbytes): 4859220
	Average resident set size (kbytes): 0
	Major (requiring I/O) page faults: 0
	Minor (reclaiming a frame) page faults: 1412583
	Voluntary context switches: 574
	Involuntary context switches: 283
	Swaps: 0
	File system inputs: 109192
	File system outputs: 254960
	Socket messages sent: 0
	Socket messages received: 0
	Signals delivered: 0
	Page size (bytes): 4096
	Exit status: 0
