[bwa_aln_core] convert to sequence coordinate... 2.95 sec
[bwa_aln_core] refine gapped alignments... 0.53 sec
[bwa_aln_core] print alignments... 0.01 sec
[bwa_aln_core] 10 sequences have been processed.
[main] Version: 0.7.12-r1039
[main] CMD: bwa samse -n 2000 -f samse10_i5.sam /genome/hg38.fa /var/lib/cwl/stg35f699bc-50d6-4aba-87d8-88d8bc319498/bwaaln10_i5.stdout /var/lib/cwl/stge7e30379-844b-42bf-bc86-0e1ba280572e/casoff10_i5.fastq
[main] Real time: 3.677 sec; CPU: 3.492 sec
	Command being timed: "bwa samse -n 2000 -f samse10_i5.sam /genome/hg38.fa /var/lib/cwl/stg35f699bc-50d6-4aba-87d8-88d8bc319498/bwaaln10_i5.stdout /var/lib/cwl/stge7e30379-844b-42bf-bc86-0e1ba280572e/casoff10_i5.fastq"
	User time (seconds): 0.03
	System time (seconds): 3.46
	Percent of CPU this job got: 94%
	Elapsed (wall clock) time (h:mm:ss or m:ss): 0:03.67
	Average shared text size (kbytes): 0
	Average unshared data size (kbytes): 0
	Average stack size (kbytes): 0
	Average total size (kbytes): 0
	Maximum resident set size (kbytes): 4703764
	Average resident set size (kbytes): 0
	Major (requiring I/O) page faults: 0
	Minor (reclaiming a frame) page faults: 1371340
	Voluntary context switches: 303
	Involuntary context switches: 60
	Swaps: 0
	File system inputs: 72928
	File system outputs: 248
	Socket messages sent: 0
	Socket messages received: 0
	Signals delivered: 0
	Page size (bytes): 4096
	Exit status: 0
