[bwa_aln_core] convert to sequence coordinate... 2.92 sec
[bwa_aln_core] refine gapped alignments... 0.52 sec
[bwa_aln_core] print alignments... 0.01 sec
[bwa_aln_core] 100 sequences have been processed.
[main] Version: 0.7.12-r1039
[main] CMD: bwa samse -n 2000 -f samse100_i4.sam /genome/hg38.fa /var/lib/cwl/stg7f873218-979c-449a-ab48-56b2c71bc2dc/bwaaln100_i4.stdout /var/lib/cwl/stg4dc24397-929c-4110-aa30-f4a137163fdc/casoff100_i4.fastq
[main] Real time: 3.471 sec; CPU: 3.455 sec
	Command being timed: "bwa samse -n 2000 -f samse100_i4.sam /genome/hg38.fa /var/lib/cwl/stg7f873218-979c-449a-ab48-56b2c71bc2dc/bwaaln100_i4.stdout /var/lib/cwl/stg4dc24397-929c-4110-aa30-f4a137163fdc/casoff100_i4.fastq"
	User time (seconds): 0.02
	System time (seconds): 3.43
	Percent of CPU this job got: 99%
	Elapsed (wall clock) time (h:mm:ss or m:ss): 0:03.47
	Average shared text size (kbytes): 0
	Average unshared data size (kbytes): 0
	Average stack size (kbytes): 0
	Average total size (kbytes): 0
	Maximum resident set size (kbytes): 4703800
	Average resident set size (kbytes): 0
	Major (requiring I/O) page faults: 0
	Minor (reclaiming a frame) page faults: 1371339
	Voluntary context switches: 20
	Involuntary context switches: 46
	Swaps: 0
	File system inputs: 3848
	File system outputs: 272
	Socket messages sent: 0
	Socket messages received: 0
	Signals delivered: 0
	Page size (bytes): 4096
	Exit status: 0
