[bwa_aln_core] convert to sequence coordinate... 2.90 sec
[bwa_aln_core] refine gapped alignments... 0.52 sec
[bwa_aln_core] print alignments... 0.00 sec
[bwa_aln_core] 1000 sequences have been processed.
[main] Version: 0.7.12-r1039
[main] CMD: bwa samse -n 2000 -f samse1000_i3.sam /genome/hg38.fa /var/lib/cwl/stg21a0f973-cbc5-44a8-9b32-14c1c9413483/bwaaln1000_i3.stdout /var/lib/cwl/stg843640e7-14d2-4422-9bf7-b4bdfe00a24b/casoff1000_i3.fastq
[main] Real time: 3.441 sec; CPU: 3.434 sec
	Command being timed: "bwa samse -n 2000 -f samse1000_i3.sam /genome/hg38.fa /var/lib/cwl/stg21a0f973-cbc5-44a8-9b32-14c1c9413483/bwaaln1000_i3.stdout /var/lib/cwl/stg843640e7-14d2-4422-9bf7-b4bdfe00a24b/casoff1000_i3.fastq"
	User time (seconds): 0.02
	System time (seconds): 3.41
	Percent of CPU this job got: 99%
	Elapsed (wall clock) time (h:mm:ss or m:ss): 0:03.44
	Average shared text size (kbytes): 0
	Average unshared data size (kbytes): 0
	Average stack size (kbytes): 0
	Average total size (kbytes): 0
	Maximum resident set size (kbytes): 4704016
	Average resident set size (kbytes): 0
	Major (requiring I/O) page faults: 0
	Minor (reclaiming a frame) page faults: 1371420
	Voluntary context switches: 4
	Involuntary context switches: 78
	Swaps: 0
	File system inputs: 0
	File system outputs: 432
	Socket messages sent: 0
	Socket messages received: 0
	Signals delivered: 0
	Page size (bytes): 4096
	Exit status: 0
