[bwa_aln_core] convert to sequence coordinate... 3.64 sec
[bwa_aln_core] refine gapped alignments... 0.75 sec
[bwa_aln_core] print alignments... 0.00 sec
[bwa_aln_core] 1 sequences have been processed.
[main] Version: 0.7.12-r1039
[main] CMD: bwa samse -n 2000 -f samse1_i3.sam /genome/hg38.fa /var/lib/cwl/stg018fff5b-d3d1-4c2a-ae96-4967105c6bb7/bwaaln1_i3.stdout /var/lib/cwl/stgf23957a3-9c87-4110-9f59-03de439f99e7/casoff1_i3.fastq
[main] Real time: 58.103 sec; CPU: 4.397 sec
	Command being timed: "bwa samse -n 2000 -f samse1_i3.sam /genome/hg38.fa /var/lib/cwl/stg018fff5b-d3d1-4c2a-ae96-4967105c6bb7/bwaaln1_i3.stdout /var/lib/cwl/stgf23957a3-9c87-4110-9f59-03de439f99e7/casoff1_i3.fastq"
	User time (seconds): 0.00
	System time (seconds): 4.39
	Percent of CPU this job got: 7%
	Elapsed (wall clock) time (h:mm:ss or m:ss): 0:58.10
	Average shared text size (kbytes): 0
	Average unshared data size (kbytes): 0
	Average stack size (kbytes): 0
	Average total size (kbytes): 0
	Maximum resident set size (kbytes): 4702260
	Average resident set size (kbytes): 0
	Major (requiring I/O) page faults: 24
	Minor (reclaiming a frame) page faults: 1371298
	Voluntary context switches: 23787
	Involuntary context switches: 51
	Swaps: 0
	File system inputs: 6098552
	File system outputs: 40
	Socket messages sent: 0
	Socket messages received: 0
	Signals delivered: 0
	Page size (bytes): 4096
	Exit status: 0
