[bwa_aln_core] convert to sequence coordinate... 4.56 sec
[bwa_aln_core] refine gapped alignments... 0.57 sec
[bwa_aln_core] print alignments... 0.25 sec
[bwa_aln_core] 100000 sequences have been processed.
[main] Version: 0.7.12-r1039
[main] CMD: bwa samse -n 2000 -f samse100000_i3.sam /genome/hg38.fa /var/lib/cwl/stg722812cd-ac55-4e6c-9aa1-57e2f078c276/bwaaln100000_i3.stdout /var/lib/cwl/stgbe1a6662-3790-4106-a7f6-ba3d4676d331/casoff100000_i3.fastq
[main] Real time: 5.756 sec; CPU: 5.444 sec
	Command being timed: "bwa samse -n 2000 -f samse100000_i3.sam /genome/hg38.fa /var/lib/cwl/stg722812cd-ac55-4e6c-9aa1-57e2f078c276/bwaaln100000_i3.stdout /var/lib/cwl/stgbe1a6662-3790-4106-a7f6-ba3d4676d331/casoff100000_i3.fastq"
	User time (seconds): 1.96
	System time (seconds): 3.47
	Percent of CPU this job got: 94%
	Elapsed (wall clock) time (h:mm:ss or m:ss): 0:05.75
	Average shared text size (kbytes): 0
	Average unshared data size (kbytes): 0
	Average stack size (kbytes): 0
	Average total size (kbytes): 0
	Maximum resident set size (kbytes): 4744584
	Average resident set size (kbytes): 0
	Major (requiring I/O) page faults: 0
	Minor (reclaiming a frame) page faults: 1383614
	Voluntary context switches: 352
	Involuntary context switches: 91
	Swaps: 0
	File system inputs: 90480
	File system outputs: 39872
	Socket messages sent: 0
	Socket messages received: 0
	Signals delivered: 0
	Page size (bytes): 4096
	Exit status: 0
