[bwa_aln_core] convert to sequence coordinate... 3.02 sec
[bwa_aln_core] refine gapped alignments... 0.53 sec
[bwa_aln_core] print alignments... 0.00 sec
[bwa_aln_core] 1 sequences have been processed.
[main] Version: 0.7.12-r1039
[main] CMD: bwa samse -n 2000 -f samse1_i5.sam /genome/hg38.fa /var/lib/cwl/stga9728a71-0d17-4198-872d-a1202a6ecf42/bwaaln1_i5.stdout /var/lib/cwl/stgc35fed8e-3c0a-4804-8f2d-25a925aa5726/casoff1_i5.fastq
[main] Real time: 4.924 sec; CPU: 3.553 sec
	Command being timed: "bwa samse -n 2000 -f samse1_i5.sam /genome/hg38.fa /var/lib/cwl/stga9728a71-0d17-4198-872d-a1202a6ecf42/bwaaln1_i5.stdout /var/lib/cwl/stgc35fed8e-3c0a-4804-8f2d-25a925aa5726/casoff1_i5.fastq"
	User time (seconds): 0.00
	System time (seconds): 3.55
	Percent of CPU this job got: 72%
	Elapsed (wall clock) time (h:mm:ss or m:ss): 0:04.92
	Average shared text size (kbytes): 0
	Average unshared data size (kbytes): 0
	Average stack size (kbytes): 0
	Average total size (kbytes): 0
	Maximum resident set size (kbytes): 4703588
	Average resident set size (kbytes): 0
	Major (requiring I/O) page faults: 0
	Minor (reclaiming a frame) page faults: 1371296
	Voluntary context switches: 1285
	Involuntary context switches: 75
	Swaps: 0
	File system inputs: 317952
	File system outputs: 48
	Socket messages sent: 0
	Socket messages received: 0
	Signals delivered: 0
	Page size (bytes): 4096
	Exit status: 0
