[bwa_aln_core] convert to sequence coordinate... 2.95 sec
[bwa_aln_core] refine gapped alignments... 0.53 sec
[bwa_aln_core] print alignments... 0.00 sec
[bwa_aln_core] 10 sequences have been processed.
[main] Version: 0.7.12-r1039
[main] CMD: bwa samse -n 2000 -f samse10_i3.sam /genome/hg38.fa /var/lib/cwl/stge2c910ff-39b0-4abf-a537-b3f5546c5955/bwaaln10_i3.stdout /var/lib/cwl/stg1d143c4d-2b51-4264-90e2-b209d5664635/casoff10_i3.fastq
[main] Real time: 3.597 sec; CPU: 3.489 sec
	Command being timed: "bwa samse -n 2000 -f samse10_i3.sam /genome/hg38.fa /var/lib/cwl/stge2c910ff-39b0-4abf-a537-b3f5546c5955/bwaaln10_i3.stdout /var/lib/cwl/stg1d143c4d-2b51-4264-90e2-b209d5664635/casoff10_i3.fastq"
	User time (seconds): 0.00
	System time (seconds): 3.48
	Percent of CPU this job got: 96%
	Elapsed (wall clock) time (h:mm:ss or m:ss): 0:03.59
	Average shared text size (kbytes): 0
	Average unshared data size (kbytes): 0
	Average stack size (kbytes): 0
	Average total size (kbytes): 0
	Maximum resident set size (kbytes): 4703604
	Average resident set size (kbytes): 0
	Major (requiring I/O) page faults: 0
	Minor (reclaiming a frame) page faults: 1371296
	Voluntary context switches: 347
	Involuntary context switches: 50
	Swaps: 0
	File system inputs: 71760
	File system outputs: 40
	Socket messages sent: 0
	Socket messages received: 0
	Signals delivered: 0
	Page size (bytes): 4096
	Exit status: 0
