[bwa_aln_core] convert to sequence coordinate... 3.06 sec
[bwa_aln_core] refine gapped alignments... 0.53 sec
[bwa_aln_core] print alignments... 0.03 sec
[bwa_aln_core] 10000 sequences have been processed.
[main] Version: 0.7.12-r1039
[main] CMD: bwa samse -n 2000 -f samse10000_i3.sam /genome/hg38.fa /var/lib/cwl/stg5de83575-9b2b-44f7-9e93-7093a2bf6a55/bwaaln10000_i3.stdout /var/lib/cwl/stg9840feed-94f8-4268-8c2a-7dd19063cfd6/casoff10000_i3.fastq
[main] Real time: 3.667 sec; CPU: 3.629 sec
	Command being timed: "bwa samse -n 2000 -f samse10000_i3.sam /genome/hg38.fa /var/lib/cwl/stg5de83575-9b2b-44f7-9e93-7093a2bf6a55/bwaaln10000_i3.stdout /var/lib/cwl/stg9840feed-94f8-4268-8c2a-7dd19063cfd6/casoff10000_i3.fastq"
	User time (seconds): 0.19
	System time (seconds): 3.43
	Percent of CPU this job got: 98%
	Elapsed (wall clock) time (h:mm:ss or m:ss): 0:03.66
	Average shared text size (kbytes): 0
	Average unshared data size (kbytes): 0
	Average stack size (kbytes): 0
	Average total size (kbytes): 0
	Maximum resident set size (kbytes): 4707696
	Average resident set size (kbytes): 0
	Major (requiring I/O) page faults: 0
	Minor (reclaiming a frame) page faults: 1372523
	Voluntary context switches: 39
	Involuntary context switches: 50
	Swaps: 0
	File system inputs: 9352
	File system outputs: 3952
	Socket messages sent: 0
	Socket messages received: 0
	Signals delivered: 0
	Page size (bytes): 4096
	Exit status: 0
