[bwa_aln_core] calculate SA coordinate... 452.85 sec
[bwa_aln_core] write to the disk... 0.00 sec
[bwa_aln_core] 1000 sequences have been processed.
[main] Version: 0.7.12-r1039
[main] CMD: bwa aln -o 0 -m 20000000 -N -l 20 -n 5 -k 5 /genome/hg38.fa /var/lib/cwl/stg797783f0-1863-443d-898a-0dd800fe4e20/casoff1000_i5.fastq
[main] Real time: 459.104 sec; CPU: 454.864 sec
	Command being timed: "bwa aln -o 0 -m 20000000 -N -l 20 -n 5 -k 5 /genome/hg38.fa /var/lib/cwl/stg797783f0-1863-443d-898a-0dd800fe4e20/casoff1000_i5.fastq"
	User time (seconds): 453.00
	System time (seconds): 1.86
	Percent of CPU this job got: 99%
	Elapsed (wall clock) time (h:mm:ss or m:ss): 7:39.10
	Average shared text size (kbytes): 0
	Average unshared data size (kbytes): 0
	Average stack size (kbytes): 0
	Average total size (kbytes): 0
	Maximum resident set size (kbytes): 3207844
	Average resident set size (kbytes): 0
	Major (requiring I/O) page faults: 1
	Minor (reclaiming a frame) page faults: 801566
	Voluntary context switches: 2899
	Involuntary context switches: 4577
	Swaps: 0
	File system inputs: 729872
	File system outputs: 0
	Socket messages sent: 0
	Socket messages received: 0
	Signals delivered: 0
	Page size (bytes): 4096
	Exit status: 0
