[bwa_aln_core] calculate SA coordinate... 46.40 sec
[bwa_aln_core] write to the disk... 0.00 sec
[bwa_aln_core] 100 sequences have been processed.
[main] Version: 0.7.12-r1039
[main] CMD: bwa aln -o 0 -m 20000000 -N -l 20 -n 5 -k 5 /genome/hg38.fa /var/lib/cwl/stgee4f6298-b85c-4780-91f8-f0a9a284b337/casoff100_i5.fastq
[main] Real time: 54.217 sec; CPU: 48.434 sec
	Command being timed: "bwa aln -o 0 -m 20000000 -N -l 20 -n 5 -k 5 /genome/hg38.fa /var/lib/cwl/stgee4f6298-b85c-4780-91f8-f0a9a284b337/casoff100_i5.fastq"
	User time (seconds): 46.54
	System time (seconds): 1.88
	Percent of CPU this job got: 89%
	Elapsed (wall clock) time (h:mm:ss or m:ss): 0:54.21
	Average shared text size (kbytes): 0
	Average unshared data size (kbytes): 0
	Average stack size (kbytes): 0
	Average total size (kbytes): 0
	Maximum resident set size (kbytes): 3181384
	Average resident set size (kbytes): 0
	Major (requiring I/O) page faults: 1
	Minor (reclaiming a frame) page faults: 794909
	Voluntary context switches: 3307
	Involuntary context switches: 506
	Swaps: 0
	File system inputs: 889712
	File system outputs: 0
	Socket messages sent: 0
	Socket messages received: 0
	Signals delivered: 0
	Page size (bytes): 4096
	Exit status: 0
