[bwa_aln_core] calculate SA coordinate... 7.30 sec
[bwa_aln_core] write to the disk... 0.00 sec
[bwa_aln_core] 1000 sequences have been processed.
[main] Version: 0.7.12-r1039
[main] CMD: bwa aln -o 0 -m 20000000 -N -l 20 -n 3 -k 3 /genome/hg38.fa /var/lib/cwl/stg671b634e-70b5-4279-92fe-092856cf30c1/casoff1000_i3.fastq
[main] Real time: 13.548 sec; CPU: 9.306 sec
	Command being timed: "bwa aln -o 0 -m 20000000 -N -l 20 -n 3 -k 3 /genome/hg38.fa /var/lib/cwl/stg671b634e-70b5-4279-92fe-092856cf30c1/casoff1000_i3.fastq"
	User time (seconds): 7.44
	System time (seconds): 1.86
	Percent of CPU this job got: 68%
	Elapsed (wall clock) time (h:mm:ss or m:ss): 0:13.54
	Average shared text size (kbytes): 0
	Average unshared data size (kbytes): 0
	Average stack size (kbytes): 0
	Average total size (kbytes): 0
	Maximum resident set size (kbytes): 3137496
	Average resident set size (kbytes): 0
	Major (requiring I/O) page faults: 1
	Minor (reclaiming a frame) page faults: 783979
	Voluntary context switches: 2728
	Involuntary context switches: 107
	Swaps: 0
	File system inputs: 728808
	File system outputs: 0
	Socket messages sent: 0
	Socket messages received: 0
	Signals delivered: 0
	Page size (bytes): 4096
	Exit status: 0
