[bwa_aln_core] calculate SA coordinate... 5.14 sec
[bwa_aln_core] write to the disk... 0.00 sec
[bwa_aln_core] 10 sequences have been processed.
[main] Version: 0.7.12-r1039
[main] CMD: bwa aln -o 0 -m 20000000 -N -l 20 -n 5 -k 5 /genome/hg38.fa /var/lib/cwl/stgdb14de27-37d6-4207-8908-ecbe0c026447/casoff10_i5.fastq
[main] Real time: 14.666 sec; CPU: 7.216 sec
	Command being timed: "bwa aln -o 0 -m 20000000 -N -l 20 -n 5 -k 5 /genome/hg38.fa /var/lib/cwl/stgdb14de27-37d6-4207-8908-ecbe0c026447/casoff10_i5.fastq"
	User time (seconds): 5.27
	System time (seconds): 1.93
	Percent of CPU this job got: 49%
	Elapsed (wall clock) time (h:mm:ss or m:ss): 0:14.66
	Average shared text size (kbytes): 0
	Average unshared data size (kbytes): 0
	Average stack size (kbytes): 0
	Average total size (kbytes): 0
	Maximum resident set size (kbytes): 3176228
	Average resident set size (kbytes): 0
	Major (requiring I/O) page faults: 1
	Minor (reclaiming a frame) page faults: 793614
	Voluntary context switches: 4101
	Involuntary context switches: 122
	Swaps: 0
	File system inputs: 1077168
	File system outputs: 0
	Socket messages sent: 0
	Socket messages received: 0
	Signals delivered: 0
	Page size (bytes): 4096
	Exit status: 0
