[bwa_aln_core] calculate SA coordinate... 0.74 sec
[bwa_aln_core] write to the disk... 0.00 sec
[bwa_aln_core] 100 sequences have been processed.
[main] Version: 0.7.12-r1039
[main] CMD: bwa aln -o 0 -m 20000000 -N -l 20 -n 3 -k 3 /genome/hg38.fa /var/lib/cwl/stg46b6e1a8-fe83-4147-9164-d6b0b7107391/casoff100_i3.fastq
[main] Real time: 7.788 sec; CPU: 2.766 sec
	Command being timed: "bwa aln -o 0 -m 20000000 -N -l 20 -n 3 -k 3 /genome/hg38.fa /var/lib/cwl/stg46b6e1a8-fe83-4147-9164-d6b0b7107391/casoff100_i3.fastq"
	User time (seconds): 0.85
	System time (seconds): 1.91
	Percent of CPU this job got: 35%
	Elapsed (wall clock) time (h:mm:ss or m:ss): 0:07.78
	Average shared text size (kbytes): 0
	Average unshared data size (kbytes): 0
	Average stack size (kbytes): 0
	Average total size (kbytes): 0
	Maximum resident set size (kbytes): 3136992
	Average resident set size (kbytes): 0
	Major (requiring I/O) page faults: 1
	Minor (reclaiming a frame) page faults: 783855
	Voluntary context switches: 3079
	Involuntary context switches: 40
	Swaps: 0
	File system inputs: 817400
	File system outputs: 0
	Socket messages sent: 0
	Socket messages received: 0
	Signals delivered: 0
	Page size (bytes): 4096
	Exit status: 0
