[bwa_aln_core] calculate SA coordinate... 0.04 sec
[bwa_aln_core] write to the disk... 0.00 sec
[bwa_aln_core] 1 sequences have been processed.
[main] Version: 0.7.12-r1039
[main] CMD: bwa aln -o 0 -m 20000000 -N -l 20 -n 4 -k 4 /genome/hg38.fa /var/lib/cwl/stg5241a778-0f2c-4793-9ac6-988745ab77b2/casoff1_i4.fastq
[main] Real time: 8.991 sec; CPU: 2.078 sec
	Command being timed: "bwa aln -o 0 -m 20000000 -N -l 20 -n 4 -k 4 /genome/hg38.fa /var/lib/cwl/stg5241a778-0f2c-4793-9ac6-988745ab77b2/casoff1_i4.fastq"
	User time (seconds): 0.04
	System time (seconds): 2.03
	Percent of CPU this job got: 23%
	Elapsed (wall clock) time (h:mm:ss or m:ss): 0:08.99
	Average shared text size (kbytes): 0
	Average unshared data size (kbytes): 0
	Average stack size (kbytes): 0
	Average total size (kbytes): 0
	Maximum resident set size (kbytes): 3139052
	Average resident set size (kbytes): 0
	Major (requiring I/O) page faults: 1
	Minor (reclaiming a frame) page faults: 784349
	Voluntary context switches: 3593
	Involuntary context switches: 48
	Swaps: 0
	File system inputs: 955664
	File system outputs: 0
	Socket messages sent: 0
	Socket messages received: 0
	Signals delivered: 0
	Page size (bytes): 4096
	Exit status: 0
