[bwa_aln_core] calculate SA coordinate... 6.14 sec
[bwa_aln_core] write to the disk... 0.00 sec
[bwa_aln_core] 100 sequences have been processed.
[main] Version: 0.7.12-r1039
[main] CMD: bwa aln -o 0 -m 20000000 -N -l 20 -n 4 -k 4 /genome/hg38.fa /var/lib/cwl/stg26d0ed3d-2bb5-4845-9f8f-fc8ddaa4cf68/casoff100_i4.fastq
[main] Real time: 9.714 sec; CPU: 8.126 sec
	Command being timed: "bwa aln -o 0 -m 20000000 -N -l 20 -n 4 -k 4 /genome/hg38.fa /var/lib/cwl/stg26d0ed3d-2bb5-4845-9f8f-fc8ddaa4cf68/casoff100_i4.fastq"
	User time (seconds): 6.25
	System time (seconds): 1.86
	Percent of CPU this job got: 83%
	Elapsed (wall clock) time (h:mm:ss or m:ss): 0:09.71
	Average shared text size (kbytes): 0
	Average unshared data size (kbytes): 0
	Average stack size (kbytes): 0
	Average total size (kbytes): 0
	Maximum resident set size (kbytes): 3142216
	Average resident set size (kbytes): 0
	Major (requiring I/O) page faults: 1
	Minor (reclaiming a frame) page faults: 785181
	Voluntary context switches: 1686
	Involuntary context switches: 97
	Swaps: 0
	File system inputs: 459808
	File system outputs: 0
	Socket messages sent: 0
	Socket messages received: 0
	Signals delivered: 0
	Page size (bytes): 4096
	Exit status: 0
