	Command being timed: "java -Xmx8g -jar /FlashFry/flashfry.jar --analysis discover --database /genome/hg38 --fasta /var/lib/cwl/stgeca8b33c-35cd-47b5-ab0a-03939ae1ebf4/flashfry10_i4.fasta --output flashfry10_i4.output --maxMismatch 4"
	User time (seconds): 33.23
	System time (seconds): 1.00
	Percent of CPU this job got: 91%
	Elapsed (wall clock) time (h:mm:ss or m:ss): 0:37.32
	Average shared text size (kbytes): 0
	Average unshared data size (kbytes): 0
	Average stack size (kbytes): 0
	Average total size (kbytes): 0
	Maximum resident set size (kbytes): 171284
	Average resident set size (kbytes): 0
	Major (requiring I/O) page faults: 18
	Minor (reclaiming a frame) page faults: 42285
	Voluntary context switches: 10869
	Involuntary context switches: 6354
	Swaps: 0
	File system inputs: 1899040
	File system outputs: 40
	Socket messages sent: 0
	Socket messages received: 0
	Signals delivered: 0
	Page size (bytes): 4096
	Exit status: 0
