	Command being timed: "java -Xmx8g -jar /FlashFry/flashfry.jar --analysis discover --database /genome/hg38 --fasta /var/lib/cwl/stg61378b44-8a7c-462c-84e2-aa52cebfd12d/flashfry1_i3.fasta --output flashfry1_i3.output --maxMismatch 3"
	User time (seconds): 5.21
	System time (seconds): 0.23
	Percent of CPU this job got: 86%
	Elapsed (wall clock) time (h:mm:ss or m:ss): 0:06.32
	Average shared text size (kbytes): 0
	Average unshared data size (kbytes): 0
	Average stack size (kbytes): 0
	Average total size (kbytes): 0
	Maximum resident set size (kbytes): 173920
	Average resident set size (kbytes): 0
	Major (requiring I/O) page faults: 0
	Minor (reclaiming a frame) page faults: 43718
	Voluntary context switches: 4902
	Involuntary context switches: 3307
	Swaps: 0
	File system inputs: 294928
	File system outputs: 8
	Socket messages sent: 0
	Socket messages received: 0
	Signals delivered: 0
	Page size (bytes): 4096
	Exit status: 0
