	Command being timed: "java -Xmx8g -jar /FlashFry/flashfry.jar --analysis discover --database /genome/hg38 --fasta /var/lib/cwl/stg653ed4a8-a1e7-40e2-a4ba-500b4a929370/flashfry100_i3.fasta --output flashfry100_i3.output --maxMismatch 3"
	User time (seconds): 34.64
	System time (seconds): 0.96
	Percent of CPU this job got: 91%
	Elapsed (wall clock) time (h:mm:ss or m:ss): 0:38.78
	Average shared text size (kbytes): 0
	Average unshared data size (kbytes): 0
	Average stack size (kbytes): 0
	Average total size (kbytes): 0
	Maximum resident set size (kbytes): 200824
	Average resident set size (kbytes): 0
	Major (requiring I/O) page faults: 0
	Minor (reclaiming a frame) page faults: 52330
	Voluntary context switches: 10458
	Involuntary context switches: 6615
	Swaps: 0
	File system inputs: 1529856
	File system outputs: 96
	Socket messages sent: 0
	Socket messages received: 0
	Signals delivered: 0
	Page size (bytes): 4096
	Exit status: 0
