	Command being timed: "java -Xmx8g -jar /FlashFry/flashfry.jar --analysis discover --database /genome/hg38 --fasta /var/lib/cwl/stg1fe2d68b-2fd4-4629-b428-cf7ea456de9b/flashfry10_i3.fasta --output flashfry10_i3.output --maxMismatch 3"
	User time (seconds): 20.89
	System time (seconds): 0.81
	Percent of CPU this job got: 82%
	Elapsed (wall clock) time (h:mm:ss or m:ss): 0:26.43
	Average shared text size (kbytes): 0
	Average unshared data size (kbytes): 0
	Average stack size (kbytes): 0
	Average total size (kbytes): 0
	Maximum resident set size (kbytes): 179864
	Average resident set size (kbytes): 0
	Major (requiring I/O) page faults: 0
	Minor (reclaiming a frame) page faults: 45334
	Voluntary context switches: 10736
	Involuntary context switches: 5148
	Swaps: 0
	File system inputs: 2013448
	File system outputs: 16
	Socket messages sent: 0
	Socket messages received: 0
	Signals delivered: 0
	Page size (bytes): 4096
	Exit status: 0
