	Command being timed: "java -Xmx8g -jar /FlashFry/flashfry.jar --analysis discover --database /genome/hg38 --fasta /var/lib/cwl/stg171c94ab-5860-4223-a8fb-bd7fa8b4c724/flashfry1000_i5.fasta --output flashfry1000_i5.output --maxMismatch 5"
	User time (seconds): 104.51
	System time (seconds): 1.08
	Percent of CPU this job got: 98%
	Elapsed (wall clock) time (h:mm:ss or m:ss): 1:47.43
	Average shared text size (kbytes): 0
	Average unshared data size (kbytes): 0
	Average stack size (kbytes): 0
	Average total size (kbytes): 0
	Maximum resident set size (kbytes): 280840
	Average resident set size (kbytes): 0
	Major (requiring I/O) page faults: 5
	Minor (reclaiming a frame) page faults: 70870
	Voluntary context switches: 12095
	Involuntary context switches: 9477
	Swaps: 0
	File system inputs: 1150912
	File system outputs: 44336
	Socket messages sent: 0
	Socket messages received: 0
	Signals delivered: 0
	Page size (bytes): 4096
	Exit status: 0
