	Command being timed: "java -Xmx8g -jar /FlashFry/flashfry.jar --analysis discover --database /genome/hg38 --fasta /var/lib/cwl/stg14a8c0ac-1c58-46c2-ba5b-ea4acf65f5ad/flashfry1000_i3.fasta --output flashfry1000_i3.output --maxMismatch 3"
	User time (seconds): 43.21
	System time (seconds): 0.89
	Percent of CPU this job got: 96%
	Elapsed (wall clock) time (h:mm:ss or m:ss): 0:45.50
	Average shared text size (kbytes): 0
	Average unshared data size (kbytes): 0
	Average stack size (kbytes): 0
	Average total size (kbytes): 0
	Maximum resident set size (kbytes): 196204
	Average resident set size (kbytes): 0
	Major (requiring I/O) page faults: 8
	Minor (reclaiming a frame) page faults: 49665
	Voluntary context switches: 9882
	Involuntary context switches: 7551
	Swaps: 0
	File system inputs: 1109344
	File system outputs: 544
	Socket messages sent: 0
	Socket messages received: 0
	Signals delivered: 0
	Page size (bytes): 4096
	Exit status: 0
