[bwa_aln_core] convert to sequence coordinate... 3.24 sec
[bwa_aln_core] refine gapped alignments... 0.55 sec
[bwa_aln_core] print alignments... 0.03 sec
[bwa_aln_core] 1000 sequences have been processed.
[main] Version: 0.7.12-r1039
[main] CMD: bwa samse -n 2000 -f samse1000_i4.sam /genome/hg38.fa /var/lib/cwl/stg293b76a0-57d0-4f97-a106-e98c7055e8a3/bwaaln1000_i4.stdout /var/lib/cwl/stga22d483a-47f6-481e-9413-8d64ec067708/casoff1000_i4.fastq
[main] Real time: 12.771 sec; CPU: 3.828 sec
	Command being timed: "bwa samse -n 2000 -f samse1000_i4.sam /genome/hg38.fa /var/lib/cwl/stg293b76a0-57d0-4f97-a106-e98c7055e8a3/bwaaln1000_i4.stdout /var/lib/cwl/stga22d483a-47f6-481e-9413-8d64ec067708/casoff1000_i4.fastq"
	User time (seconds): 0.28
	System time (seconds): 3.54
	Percent of CPU this job got: 29%
	Elapsed (wall clock) time (h:mm:ss or m:ss): 0:12.77
	Average shared text size (kbytes): 0
	Average unshared data size (kbytes): 0
	Average stack size (kbytes): 0
	Average total size (kbytes): 0
	Maximum resident set size (kbytes): 4705224
	Average resident set size (kbytes): 0
	Major (requiring I/O) page faults: 5
	Minor (reclaiming a frame) page faults: 1371686
	Voluntary context switches: 5169
	Involuntary context switches: 98
	Swaps: 0
	File system inputs: 1372376
	File system outputs: 2416
	Socket messages sent: 0
	Socket messages received: 0
	Signals delivered: 0
	Page size (bytes): 4096
	Exit status: 0
