[bwa_aln_core] convert to sequence coordinate... 3.10 sec
[bwa_aln_core] refine gapped alignments... 0.53 sec
[bwa_aln_core] print alignments... 0.00 sec
[bwa_aln_core] 1 sequences have been processed.
[main] Version: 0.7.12-r1039
[main] CMD: bwa samse -n 2000 -f samse1_i4.sam /genome/hg38.fa /var/lib/cwl/stg149cc0af-396a-48eb-9c7a-a90597a61105/bwaaln1_i4.stdout /var/lib/cwl/stgbb0cf496-56a6-4f3a-a59d-23ff6f614cdc/casoff1_i4.fastq
[main] Real time: 9.602 sec; CPU: 3.641 sec
	Command being timed: "bwa samse -n 2000 -f samse1_i4.sam /genome/hg38.fa /var/lib/cwl/stg149cc0af-396a-48eb-9c7a-a90597a61105/bwaaln1_i4.stdout /var/lib/cwl/stgbb0cf496-56a6-4f3a-a59d-23ff6f614cdc/casoff1_i4.fastq"
	User time (seconds): 0.00
	System time (seconds): 3.63
	Percent of CPU this job got: 37%
	Elapsed (wall clock) time (h:mm:ss or m:ss): 0:09.60
	Average shared text size (kbytes): 0
	Average unshared data size (kbytes): 0
	Average stack size (kbytes): 0
	Average total size (kbytes): 0
	Maximum resident set size (kbytes): 4703616
	Average resident set size (kbytes): 0
	Major (requiring I/O) page faults: 0
	Minor (reclaiming a frame) page faults: 1371290
	Voluntary context switches: 3439
	Involuntary context switches: 92
	Swaps: 0
	File system inputs: 906360
	File system outputs: 40
	Socket messages sent: 0
	Socket messages received: 0
	Signals delivered: 0
	Page size (bytes): 4096
	Exit status: 0
