[bwa_aln_core] convert to sequence coordinate... 3.08 sec
[bwa_aln_core] refine gapped alignments... 0.55 sec
[bwa_aln_core] print alignments... 0.00 sec
[bwa_aln_core] 10 sequences have been processed.
[main] Version: 0.7.12-r1039
[main] CMD: bwa samse -n 2000 -f samse10_i5.sam /genome/hg38.fa /var/lib/cwl/stgdaa249ec-5ee0-4b8b-b998-00f852ca0f33/bwaaln10_i5.stdout /var/lib/cwl/stgb7140994-4606-4f99-8287-2e50de0c6776/casoff10_i5.fastq
[main] Real time: 12.386 sec; CPU: 3.641 sec
	Command being timed: "bwa samse -n 2000 -f samse10_i5.sam /genome/hg38.fa /var/lib/cwl/stgdaa249ec-5ee0-4b8b-b998-00f852ca0f33/bwaaln10_i5.stdout /var/lib/cwl/stgb7140994-4606-4f99-8287-2e50de0c6776/casoff10_i5.fastq"
	User time (seconds): 0.04
	System time (seconds): 3.59
	Percent of CPU this job got: 29%
	Elapsed (wall clock) time (h:mm:ss or m:ss): 0:12.39
	Average shared text size (kbytes): 0
	Average unshared data size (kbytes): 0
	Average stack size (kbytes): 0
	Average total size (kbytes): 0
	Maximum resident set size (kbytes): 4703924
	Average resident set size (kbytes): 0
	Major (requiring I/O) page faults: 5
	Minor (reclaiming a frame) page faults: 1371342
	Voluntary context switches: 5212
	Involuntary context switches: 78
	Swaps: 0
	File system inputs: 1378736
	File system outputs: 352
	Socket messages sent: 0
	Socket messages received: 0
	Signals delivered: 0
	Page size (bytes): 4096
	Exit status: 0
