[bwa_aln_core] convert to sequence coordinate... 2.97 sec
[bwa_aln_core] refine gapped alignments... 0.54 sec
[bwa_aln_core] print alignments... 0.01 sec
[bwa_aln_core] 100 sequences have been processed.
[main] Version: 0.7.12-r1039
[main] CMD: bwa samse -n 2000 -f samse100_i3.sam /genome/hg38.fa /var/lib/cwl/stg8695b20f-b25b-47d8-a082-76410448c793/bwaaln100_i3.stdout /var/lib/cwl/stg8bbcf392-d0d6-4136-a946-b68c79e136c8/casoff100_i3.fastq
[main] Real time: 5.916 sec; CPU: 3.523 sec
	Command being timed: "bwa samse -n 2000 -f samse100_i3.sam /genome/hg38.fa /var/lib/cwl/stg8695b20f-b25b-47d8-a082-76410448c793/bwaaln100_i3.stdout /var/lib/cwl/stg8bbcf392-d0d6-4136-a946-b68c79e136c8/casoff100_i3.fastq"
	User time (seconds): 0.01
	System time (seconds): 3.51
	Percent of CPU this job got: 59%
	Elapsed (wall clock) time (h:mm:ss or m:ss): 0:05.91
	Average shared text size (kbytes): 0
	Average unshared data size (kbytes): 0
	Average stack size (kbytes): 0
	Average total size (kbytes): 0
	Maximum resident set size (kbytes): 4703844
	Average resident set size (kbytes): 0
	Major (requiring I/O) page faults: 0
	Minor (reclaiming a frame) page faults: 1371317
	Voluntary context switches: 1896
	Involuntary context switches: 84
	Swaps: 0
	File system inputs: 508800
	File system outputs: 104
	Socket messages sent: 0
	Socket messages received: 0
	Signals delivered: 0
	Page size (bytes): 4096
	Exit status: 0
