[bwa_aln_core] convert to sequence coordinate... 3.06 sec
[bwa_aln_core] refine gapped alignments... 0.55 sec
[bwa_aln_core] print alignments... 0.00 sec
[bwa_aln_core] 100 sequences have been processed.
[main] Version: 0.7.12-r1039
[main] CMD: bwa samse -n 2000 -f samse100_i4.sam /genome/hg38.fa /var/lib/cwl/stg6a510f36-0b7a-474a-aa31-66c4f9ef88a6/bwaaln100_i4.stdout /var/lib/cwl/stg0f481d10-5392-43fe-b154-b8f422d4d291/casoff100_i4.fastq
[main] Real time: 10.552 sec; CPU: 3.622 sec
	Command being timed: "bwa samse -n 2000 -f samse100_i4.sam /genome/hg38.fa /var/lib/cwl/stg6a510f36-0b7a-474a-aa31-66c4f9ef88a6/bwaaln100_i4.stdout /var/lib/cwl/stg0f481d10-5392-43fe-b154-b8f422d4d291/casoff100_i4.fastq"
	User time (seconds): 0.02
	System time (seconds): 3.59
	Percent of CPU this job got: 34%
	Elapsed (wall clock) time (h:mm:ss or m:ss): 0:10.55
	Average shared text size (kbytes): 0
	Average unshared data size (kbytes): 0
	Average stack size (kbytes): 0
	Average total size (kbytes): 0
	Maximum resident set size (kbytes): 4703776
	Average resident set size (kbytes): 0
	Major (requiring I/O) page faults: 1
	Minor (reclaiming a frame) page faults: 1371334
	Voluntary context switches: 4076
	Involuntary context switches: 76
	Swaps: 0
	File system inputs: 1084768
	File system outputs: 256
	Socket messages sent: 0
	Socket messages received: 0
	Signals delivered: 0
	Page size (bytes): 4096
	Exit status: 0
