[bwa_aln_core] convert to sequence coordinate... 2.94 sec
[bwa_aln_core] refine gapped alignments... 0.55 sec
[bwa_aln_core] print alignments... 0.00 sec
[bwa_aln_core] 10 sequences have been processed.
[main] Version: 0.7.12-r1039
[main] CMD: bwa samse -n 2000 -f samse10_i3.sam /genome/hg38.fa /var/lib/cwl/stg1b646dfc-d6b1-4de4-8afc-4ea93db63516/bwaaln10_i3.stdout /var/lib/cwl/stg01d8761c-fd11-496d-86a0-2e5f5036988c/casoff10_i3.fastq
[main] Real time: 5.696 sec; CPU: 3.497 sec
	Command being timed: "bwa samse -n 2000 -f samse10_i3.sam /genome/hg38.fa /var/lib/cwl/stg1b646dfc-d6b1-4de4-8afc-4ea93db63516/bwaaln10_i3.stdout /var/lib/cwl/stg01d8761c-fd11-496d-86a0-2e5f5036988c/casoff10_i3.fastq"
	User time (seconds): 0.00
	System time (seconds): 3.49
	Percent of CPU this job got: 61%
	Elapsed (wall clock) time (h:mm:ss or m:ss): 0:05.69
	Average shared text size (kbytes): 0
	Average unshared data size (kbytes): 0
	Average stack size (kbytes): 0
	Average total size (kbytes): 0
	Maximum resident set size (kbytes): 4703384
	Average resident set size (kbytes): 0
	Major (requiring I/O) page faults: 3
	Minor (reclaiming a frame) page faults: 1371293
	Voluntary context switches: 1977
	Involuntary context switches: 79
	Swaps: 0
	File system inputs: 536360
	File system outputs: 40
	Socket messages sent: 0
	Socket messages received: 0
	Signals delivered: 0
	Page size (bytes): 4096
	Exit status: 0
