[bwa_aln_core] convert to sequence coordinate... 3.05 sec
[bwa_aln_core] refine gapped alignments... 0.55 sec
[bwa_aln_core] print alignments... 0.00 sec
[bwa_aln_core] 1 sequences have been processed.
[main] Version: 0.7.12-r1039
[main] CMD: bwa samse -n 2000 -f samse1_i5.sam /genome/hg38.fa /var/lib/cwl/stg1ba50a9e-2f26-436a-b82d-5ee099fc7075/bwaaln1_i5.stdout /var/lib/cwl/stg92ab5b17-ee4c-4d05-a255-34c2e12725f0/casoff1_i5.fastq
[main] Real time: 10.310 sec; CPU: 3.609 sec
	Command being timed: "bwa samse -n 2000 -f samse1_i5.sam /genome/hg38.fa /var/lib/cwl/stg1ba50a9e-2f26-436a-b82d-5ee099fc7075/bwaaln1_i5.stdout /var/lib/cwl/stg92ab5b17-ee4c-4d05-a255-34c2e12725f0/casoff1_i5.fastq"
	User time (seconds): 0.00
	System time (seconds): 3.60
	Percent of CPU this job got: 34%
	Elapsed (wall clock) time (h:mm:ss or m:ss): 0:10.31
	Average shared text size (kbytes): 0
	Average unshared data size (kbytes): 0
	Average stack size (kbytes): 0
	Average total size (kbytes): 0
	Maximum resident set size (kbytes): 4703744
	Average resident set size (kbytes): 0
	Major (requiring I/O) page faults: 5
	Minor (reclaiming a frame) page faults: 1371293
	Voluntary context switches: 4254
	Involuntary context switches: 95
	Swaps: 0
	File system inputs: 1128312
	File system outputs: 48
	Socket messages sent: 0
	Socket messages received: 0
	Signals delivered: 0
	Page size (bytes): 4096
	Exit status: 0
