[bwa_aln_core] convert to sequence coordinate... 3.04 sec
[bwa_aln_core] refine gapped alignments... 0.55 sec
[bwa_aln_core] print alignments... 0.00 sec
[bwa_aln_core] 1000 sequences have been processed.
[main] Version: 0.7.12-r1039
[main] CMD: bwa samse -n 2000 -f samse1000_i3.sam /genome/hg38.fa /var/lib/cwl/stgef302b81-9225-4905-ba74-859ce9dd4c8a/bwaaln1000_i3.stdout /var/lib/cwl/stg24471217-dc4b-4eda-aae7-df274302f0c2/casoff1000_i3.fastq
[main] Real time: 10.246 sec; CPU: 3.598 sec
	Command being timed: "bwa samse -n 2000 -f samse1000_i3.sam /genome/hg38.fa /var/lib/cwl/stgef302b81-9225-4905-ba74-859ce9dd4c8a/bwaaln1000_i3.stdout /var/lib/cwl/stg24471217-dc4b-4eda-aae7-df274302f0c2/casoff1000_i3.fastq"
	User time (seconds): 0.03
	System time (seconds): 3.56
	Percent of CPU this job got: 35%
	Elapsed (wall clock) time (h:mm:ss or m:ss): 0:10.24
	Average shared text size (kbytes): 0
	Average unshared data size (kbytes): 0
	Average stack size (kbytes): 0
	Average total size (kbytes): 0
	Maximum resident set size (kbytes): 4704080
	Average resident set size (kbytes): 0
	Major (requiring I/O) page faults: 0
	Minor (reclaiming a frame) page faults: 1371427
	Voluntary context switches: 3685
	Involuntary context switches: 92
	Swaps: 0
	File system inputs: 986760
	File system outputs: 456
	Socket messages sent: 0
	Socket messages received: 0
	Signals delivered: 0
	Page size (bytes): 4096
	Exit status: 0
