[bwa_aln_core] convert to sequence coordinate... 3.12 sec
[bwa_aln_core] refine gapped alignments... 0.56 sec
[bwa_aln_core] print alignments... 0.00 sec
[bwa_aln_core] 1 sequences have been processed.
[main] Version: 0.7.12-r1039
[main] CMD: bwa samse -n 2000 -f samse1_i3.sam /genome/hg38.fa /var/lib/cwl/stg18836c2e-e496-46c5-b47e-78637c41c327/bwaaln1_i3.stdout /var/lib/cwl/stg6315700a-fbc0-48c4-b589-4a9c15fb6473/casoff1_i3.fastq
[main] Real time: 11.714 sec; CPU: 3.686 sec
	Command being timed: "bwa samse -n 2000 -f samse1_i3.sam /genome/hg38.fa /var/lib/cwl/stg18836c2e-e496-46c5-b47e-78637c41c327/bwaaln1_i3.stdout /var/lib/cwl/stg6315700a-fbc0-48c4-b589-4a9c15fb6473/casoff1_i3.fastq"
	User time (seconds): 0.00
	System time (seconds): 3.68
	Percent of CPU this job got: 31%
	Elapsed (wall clock) time (h:mm:ss or m:ss): 0:11.72
	Average shared text size (kbytes): 0
	Average unshared data size (kbytes): 0
	Average stack size (kbytes): 0
	Average total size (kbytes): 0
	Maximum resident set size (kbytes): 4703716
	Average resident set size (kbytes): 0
	Major (requiring I/O) page faults: 5
	Minor (reclaiming a frame) page faults: 1371288
	Voluntary context switches: 4546
	Involuntary context switches: 94
	Swaps: 0
	File system inputs: 1184392
	File system outputs: 40
	Socket messages sent: 0
	Socket messages received: 0
	Signals delivered: 0
	Page size (bytes): 4096
	Exit status: 0
